{"type":"operationStart","subtype":"profile","data":{"_id":"433rCRGmIeV8sGHf","timestamp":"2024-02-19T10:45:43.434Z","state":"queued","mode":"standard","creationDate":"2024-02-19T10:45:43.437Z","modificationDate":"2024-02-19T10:45:43.437Z","shortid":"35lxhUP","$entitySet":"profiles"},"doDiffs":false,"timestamp":1708339543436,"id":"il81r2j234n91ya","previousOperationId":null,"operationId":"7iecoxpw5i4hzhs"}
{"type":"log","level":"info","message":"Render request 4 queued for execution and waiting for available worker","previousOperationId":"7iecoxpw5i4hzhs","timestamp":1708339543436,"id":"guas7u1zv98p9z0"}
{"type":"operationStart","subtype":"render","name":"report","previousOperationId":"7iecoxpw5i4hzhs","timestamp":1708339543449,"id":"wgyhs2auu3ej7vv","previousEventId":"il81r2j234n91ya","operationId":"gpqameu4x1qz3lm"}
{"type":"log","timestamp":1708339543449,"level":"info","message":"Starting rendering request 4","meta":{"rootId":"a0j9w80f6eki4dv","id":"a0j9w80f6eki4dv"},"id":"wfz7s8rwk6slyy3","previousOperationId":"gpqameu4x1qz3lm"}
{"type":"log","timestamp":1708339543449,"level":"info","message":"Rendering template { name: report, recipe: chrome-pdf, engine: handlebars, preview: false }","meta":{"rootId":"a0j9w80f6eki4dv","id":"a0j9w80f6eki4dv"},"id":"s8kdpugjam0p01t","previousOperationId":"gpqameu4x1qz3lm"}
{"type":"log","timestamp":1708339543451,"level":"debug","message":"Inline data specified.","meta":{"rootId":"a0j9w80f6eki4dv","id":"a0j9w80f6eki4dv"},"id":"dy7ekcd4qhdqspo","previousOperationId":"gpqameu4x1qz3lm"}
{"type":"log","timestamp":1708339543455,"level":"debug","message":"Base url not specified, skipping its injection.","meta":{"rootId":"a0j9w80f6eki4dv","id":"a0j9w80f6eki4dv"},"id":"88q3xvq5tg0la80","previousOperationId":"gpqameu4x1qz3lm"}
{"type":"operationStart","subtype":"engine","name":"handlebars","timestamp":1708339543455,"id":"uxaf0947xg3de3a","previousEventId":"wgyhs2auu3ej7vv","operationId":"ebw46xzycespwnb","previousOperationId":"gpqameu4x1qz3lm"}
{"type":"log","timestamp":1708339543456,"level":"debug","message":"Rendering engine handlebars","meta":{"rootId":"a0j9w80f6eki4dv","id":"a0j9w80f6eki4dv"},"id":"ue29cvvlmu1tsho","previousOperationId":"ebw46xzycespwnb"}
{"type":"log","timestamp":1708339543506,"level":"debug","message":"(console:log) Calculating item undefined; you should see this message in debug run","meta":{"userLevel":true,"rootId":"a0j9w80f6eki4dv","id":"a0j9w80f6eki4dv"},"id":"0my04jfy0yv3vwk","previousOperationId":"ebw46xzycespwnb"}
{"type":"log","timestamp":1708339543506,"level":"debug","message":"(console:log) Calculating item undefined; you should see this message in debug run","meta":{"userLevel":true,"rootId":"a0j9w80f6eki4dv","id":"a0j9w80f6eki4dv"},"id":"v1mp6kq6k84pa8x","previousOperationId":"ebw46xzycespwnb"}
{"type":"log","timestamp":1708339543506,"level":"debug","message":"(console:log) Calculating item undefined; you should see this message in debug run","meta":{"userLevel":true,"rootId":"a0j9w80f6eki4dv","id":"a0j9w80f6eki4dv"},"id":"gr5ypqy54h9twwx","previousOperationId":"ebw46xzycespwnb"}
{"type":"log","timestamp":1708339543506,"level":"debug","message":"(console:log) Calculating item undefined; you should see this message in debug run","meta":{"userLevel":true,"rootId":"a0j9w80f6eki4dv","id":"a0j9w80f6eki4dv"},"id":"iyon0wtfbkphfzz","previousOperationId":"ebw46xzycespwnb"}
{"type":"operationEnd","operationId":"ebw46xzycespwnb","timestamp":1708339543517,"id":"5ypavadph2aezxk","previousEventId":"uxaf0947xg3de3a","previousOperationId":"ebw46xzycespwnb"}
{"type":"operationStart","subtype":"recipe","name":"chrome-pdf","timestamp":1708339543518,"id":"o2bs0nba3aw4kky","previousEventId":"5ypavadph2aezxk","operationId":"219wtl6ok9dp8yh","previousOperationId":"ebw46xzycespwnb"}
{"type":"log","timestamp":1708339543518,"level":"debug","message":"Executing recipe chrome-pdf","meta":{"rootId":"a0j9w80f6eki4dv","id":"a0j9w80f6eki4dv"},"id":"kyx3zooyq0ftg7c","previousOperationId":"219wtl6ok9dp8yh"}
{"type":"log","timestamp":1708339543523,"level":"debug","message":"Converting with chrome HeadlessChrome/117.0.5938.149 using chrome-pool strategy","meta":{"rootId":"a0j9w80f6eki4dv","id":"a0j9w80f6eki4dv"},"id":"6j2qe6tomcux0ne","previousOperationId":"219wtl6ok9dp8yh"}
{"type":"log","timestamp":1708339543655,"level":"debug","message":"Page request: GET (document) file:///C:/Users/USER/AppData/Local/Temp/jsreport/autocleanup/11bb31ac-e178-4f0f-a59d-3c903ac47827-chrome-pdf.html","meta":{"rootId":"a0j9w80f6eki4dv","id":"a0j9w80f6eki4dv"},"id":"oag8g8h2tt1tf8x","previousOperationId":"219wtl6ok9dp8yh"}
{"type":"log","timestamp":1708339543665,"level":"debug","message":"Page request finished: GET (document) 200 file:///C:/Users/USER/AppData/Local/Temp/jsreport/autocleanup/11bb31ac-e178-4f0f-a59d-3c903ac47827-chrome-pdf.html","meta":{"rootId":"a0j9w80f6eki4dv","id":"a0j9w80f6eki4dv"},"id":"od5g23dnmnn8kn2","previousOperationId":"219wtl6ok9dp8yh"}
{"type":"log","timestamp":1708339543690,"level":"debug","message":"Running chrome with params {\"printBackground\":true,\"marginTop\":\"1cm\",\"marginRight\":\"1cm\",\"marginBottom\":\"1cm\",\"marginLeft\":\"1cm\",\"timeout\":59913,\"margin\":{\"top\":\"1cm\",\"right\":\"1cm\",\"bottom\":\"1cm\",\"left\":\"1cm\"}}","meta":{"rootId":"a0j9w80f6eki4dv","id":"a0j9w80f6eki4dv"},"id":"uc4xu4sfuu59r8j","previousOperationId":"219wtl6ok9dp8yh"}
{"type":"operationEnd","operationId":"219wtl6ok9dp8yh","timestamp":1708339543882,"id":"0jlzdxbeelov0z5","previousEventId":"o2bs0nba3aw4kky","previousOperationId":"219wtl6ok9dp8yh"}
{"type":"log","timestamp":1708339543882,"level":"debug","message":"Skipping storing report.","meta":{"rootId":"a0j9w80f6eki4dv","id":"a0j9w80f6eki4dv"},"id":"5ynyhd1dwdh8jjj","previousOperationId":"219wtl6ok9dp8yh"}
{"type":"log","timestamp":1708339543883,"level":"info","message":"Rendering request 4 finished in 449 ms","meta":{"rootId":"a0j9w80f6eki4dv","id":"a0j9w80f6eki4dv"},"id":"wyoom2e86357sbg","previousOperationId":"219wtl6ok9dp8yh"}
{"type":"operationEnd","subtype":"render","operationId":"gpqameu4x1qz3lm","timestamp":1708339543883,"id":"2nsji7fnwodihs0","previousEventId":"0jlzdxbeelov0z5","previousOperationId":"219wtl6ok9dp8yh"}
{"type":"operationEnd","doDiffs":false,"previousEventId":"il81r2j234n91ya","previousOperationId":"7iecoxpw5i4hzhs","operationId":"7iecoxpw5i4hzhs","timestamp":1708339543885,"id":"gdnrjxg4qmtv1cr"}
