{"type":"operationStart","subtype":"profile","data":{"_id":"xBrrUpldw4B8RXmb","timestamp":"2024-02-19T10:40:54.007Z","state":"queued","mode":"standard","creationDate":"2024-02-19T10:40:54.011Z","modificationDate":"2024-02-19T10:40:54.011Z","shortid":"rrviz69","$entitySet":"profiles"},"doDiffs":false,"timestamp":1708339254009,"id":"ek7ugehemsqxzcy","previousOperationId":null,"operationId":"9yaa2ustsym9fbd"}
{"type":"log","level":"info","message":"Render request 2 queued for execution and waiting for available worker","previousOperationId":"9yaa2ustsym9fbd","timestamp":1708339254009,"id":"te84thkxrt2bx7u"}
{"type":"operationStart","subtype":"render","name":"report","previousOperationId":"9yaa2ustsym9fbd","timestamp":1708339254026,"id":"3q5xiv6e4tidf18","previousEventId":"ek7ugehemsqxzcy","operationId":"t11o7r5grbl2nx5"}
{"type":"log","timestamp":1708339254028,"level":"info","message":"Starting rendering request 2","meta":{"rootId":"d954wlax0kgff7h","id":"d954wlax0kgff7h"},"id":"7k98ekpawnbynbd","previousOperationId":"t11o7r5grbl2nx5"}
{"type":"log","timestamp":1708339254030,"level":"info","message":"Rendering template { name: report, recipe: chrome-pdf, engine: handlebars, preview: false }","meta":{"rootId":"d954wlax0kgff7h","id":"d954wlax0kgff7h"},"id":"hwbuafktdhocy79","previousOperationId":"t11o7r5grbl2nx5"}
{"type":"log","timestamp":1708339254034,"level":"debug","message":"Inline data specified.","meta":{"rootId":"d954wlax0kgff7h","id":"d954wlax0kgff7h"},"id":"sjwqta3xvssne8h","previousOperationId":"t11o7r5grbl2nx5"}
{"type":"log","timestamp":1708339254039,"level":"debug","message":"Base url not specified, skipping its injection.","meta":{"rootId":"d954wlax0kgff7h","id":"d954wlax0kgff7h"},"id":"m0d79qsx5kx8io5","previousOperationId":"t11o7r5grbl2nx5"}
{"type":"operationStart","subtype":"engine","name":"handlebars","timestamp":1708339254045,"id":"lnkmy9yyupgrnti","previousEventId":"3q5xiv6e4tidf18","operationId":"vayx3lqtzgr9wws","previousOperationId":"t11o7r5grbl2nx5"}
{"type":"log","timestamp":1708339254045,"level":"debug","message":"Rendering engine handlebars","meta":{"rootId":"d954wlax0kgff7h","id":"d954wlax0kgff7h"},"id":"gy0tz3huov7g7d5","previousOperationId":"vayx3lqtzgr9wws"}
{"type":"log","timestamp":1708339255366,"level":"debug","message":"(console:log) Calculating item undefined; you should see this message in debug run","meta":{"userLevel":true,"rootId":"d954wlax0kgff7h","id":"d954wlax0kgff7h"},"id":"35knl11iibenlev","previousOperationId":"vayx3lqtzgr9wws"}
{"type":"log","timestamp":1708339255367,"level":"debug","message":"(console:log) Calculating item undefined; you should see this message in debug run","meta":{"userLevel":true,"rootId":"d954wlax0kgff7h","id":"d954wlax0kgff7h"},"id":"eqtxrods7o7rt8y","previousOperationId":"vayx3lqtzgr9wws"}
{"type":"log","timestamp":1708339255367,"level":"debug","message":"(console:log) Calculating item undefined; you should see this message in debug run","meta":{"userLevel":true,"rootId":"d954wlax0kgff7h","id":"d954wlax0kgff7h"},"id":"ydpwm9awyb3567v","previousOperationId":"vayx3lqtzgr9wws"}
{"type":"log","timestamp":1708339255367,"level":"debug","message":"(console:log) Calculating item undefined; you should see this message in debug run","meta":{"userLevel":true,"rootId":"d954wlax0kgff7h","id":"d954wlax0kgff7h"},"id":"n3get8j59462c8p","previousOperationId":"vayx3lqtzgr9wws"}
{"type":"operationEnd","operationId":"vayx3lqtzgr9wws","timestamp":1708339255378,"id":"ymkf6w5yuhwtx1t","previousEventId":"lnkmy9yyupgrnti","previousOperationId":"vayx3lqtzgr9wws"}
{"type":"operationStart","subtype":"recipe","name":"chrome-pdf","timestamp":1708339255380,"id":"74zkq2vth1otuon","previousEventId":"ymkf6w5yuhwtx1t","operationId":"bkagjma8xr1ib0y","previousOperationId":"vayx3lqtzgr9wws"}
{"type":"log","timestamp":1708339255380,"level":"debug","message":"Executing recipe chrome-pdf","meta":{"rootId":"d954wlax0kgff7h","id":"d954wlax0kgff7h"},"id":"w8biqhyioc34ws1","previousOperationId":"bkagjma8xr1ib0y"}
{"type":"log","timestamp":1708339256002,"level":"debug","message":"Converting with chrome HeadlessChrome/117.0.5938.149 using chrome-pool strategy","meta":{"rootId":"d954wlax0kgff7h","id":"d954wlax0kgff7h"},"id":"eydo6nimb7con9n","previousOperationId":"bkagjma8xr1ib0y"}
{"type":"log","timestamp":1708339256551,"level":"debug","message":"Page request: GET (document) file:///C:/Users/USER/AppData/Local/Temp/jsreport/autocleanup/c239934b-b49b-443f-8f46-e08e71b08f79-chrome-pdf.html","meta":{"rootId":"d954wlax0kgff7h","id":"d954wlax0kgff7h"},"id":"x50qeua82adokjm","previousOperationId":"bkagjma8xr1ib0y"}
{"type":"log","timestamp":1708339256603,"level":"debug","message":"Page request finished: GET (document) 200 file:///C:/Users/USER/AppData/Local/Temp/jsreport/autocleanup/c239934b-b49b-443f-8f46-e08e71b08f79-chrome-pdf.html","meta":{"rootId":"d954wlax0kgff7h","id":"d954wlax0kgff7h"},"id":"7yv8aduf0d8he9t","previousOperationId":"bkagjma8xr1ib0y"}
{"type":"log","timestamp":1708339256748,"level":"debug","message":"Running chrome with params {\"printBackground\":true,\"marginTop\":\"1cm\",\"marginRight\":\"1cm\",\"marginBottom\":\"1cm\",\"marginLeft\":\"1cm\",\"timeout\":58609,\"margin\":{\"top\":\"1cm\",\"right\":\"1cm\",\"bottom\":\"1cm\",\"left\":\"1cm\"}}","meta":{"rootId":"d954wlax0kgff7h","id":"d954wlax0kgff7h"},"id":"qw95tf3lc769sn9","previousOperationId":"bkagjma8xr1ib0y"}
{"type":"operationEnd","operationId":"bkagjma8xr1ib0y","timestamp":1708339257334,"id":"0zp8kewqawluhf9","previousEventId":"74zkq2vth1otuon","previousOperationId":"bkagjma8xr1ib0y"}
{"type":"log","timestamp":1708339257337,"level":"debug","message":"Skipping storing report.","meta":{"rootId":"d954wlax0kgff7h","id":"d954wlax0kgff7h"},"id":"0haxmvkju8d7pbs","previousOperationId":"bkagjma8xr1ib0y"}
{"type":"log","timestamp":1708339257337,"level":"info","message":"Rendering request 2 finished in 3331 ms","meta":{"rootId":"d954wlax0kgff7h","id":"d954wlax0kgff7h"},"id":"o7d115n41etidwy","previousOperationId":"bkagjma8xr1ib0y"}
{"type":"operationEnd","subtype":"render","operationId":"t11o7r5grbl2nx5","timestamp":1708339257338,"id":"qra2bfgb5cv4718","previousEventId":"0zp8kewqawluhf9","previousOperationId":"bkagjma8xr1ib0y"}
{"type":"operationEnd","doDiffs":false,"previousEventId":"ek7ugehemsqxzcy","previousOperationId":"9yaa2ustsym9fbd","operationId":"9yaa2ustsym9fbd","timestamp":1708339257344,"id":"5xc2o7gs892m5jn"}
