{"type":"operationStart","subtype":"profile","data":{"_id":"ftx7IUwOhsdxaV9E","timestamp":"2024-02-19T10:44:49.578Z","state":"queued","mode":"standard","creationDate":"2024-02-19T10:44:49.581Z","modificationDate":"2024-02-19T10:44:49.581Z","shortid":"tRIXz8I","$entitySet":"profiles"},"doDiffs":false,"timestamp":1708339489580,"id":"8pzqi7m9kub5ku4","previousOperationId":null,"operationId":"0am5faebr2i1txw"}
{"type":"log","level":"info","message":"Render request 3 queued for execution and waiting for available worker","previousOperationId":"0am5faebr2i1txw","timestamp":1708339489580,"id":"38q1h3h3ctx1x7z"}
{"type":"operationStart","subtype":"render","name":"report","previousOperationId":"0am5faebr2i1txw","timestamp":1708339489595,"id":"49t2uctl2qz5tva","previousEventId":"8pzqi7m9kub5ku4","operationId":"bwvczflk1pjdt30"}
{"type":"log","timestamp":1708339489595,"level":"info","message":"Starting rendering request 3","meta":{"rootId":"f0mzc98phptvfzk","id":"f0mzc98phptvfzk"},"id":"q9zzvqgxtxhhqwo","previousOperationId":"bwvczflk1pjdt30"}
{"type":"log","timestamp":1708339489596,"level":"info","message":"Rendering template { name: report, recipe: chrome-pdf, engine: handlebars, preview: false }","meta":{"rootId":"f0mzc98phptvfzk","id":"f0mzc98phptvfzk"},"id":"2r0mvz3vme3j80b","previousOperationId":"bwvczflk1pjdt30"}
{"type":"log","timestamp":1708339489597,"level":"debug","message":"Inline data specified.","meta":{"rootId":"f0mzc98phptvfzk","id":"f0mzc98phptvfzk"},"id":"2415lf5s9y05258","previousOperationId":"bwvczflk1pjdt30"}
{"type":"log","timestamp":1708339489602,"level":"debug","message":"Base url not specified, skipping its injection.","meta":{"rootId":"f0mzc98phptvfzk","id":"f0mzc98phptvfzk"},"id":"bna210gt7abeyj3","previousOperationId":"bwvczflk1pjdt30"}
{"type":"operationStart","subtype":"engine","name":"handlebars","timestamp":1708339489603,"id":"hbn1cppbo6r5v7q","previousEventId":"49t2uctl2qz5tva","operationId":"c521579tuncqhm1","previousOperationId":"bwvczflk1pjdt30"}
{"type":"log","timestamp":1708339489603,"level":"debug","message":"Rendering engine handlebars","meta":{"rootId":"f0mzc98phptvfzk","id":"f0mzc98phptvfzk"},"id":"9op6jkdsui4cr2i","previousOperationId":"c521579tuncqhm1"}
{"type":"log","timestamp":1708339489658,"level":"debug","message":"(console:log) Calculating item undefined; you should see this message in debug run","meta":{"userLevel":true,"rootId":"f0mzc98phptvfzk","id":"f0mzc98phptvfzk"},"id":"sqovzeu121cfn1j","previousOperationId":"c521579tuncqhm1"}
{"type":"log","timestamp":1708339489659,"level":"debug","message":"(console:log) Calculating item undefined; you should see this message in debug run","meta":{"userLevel":true,"rootId":"f0mzc98phptvfzk","id":"f0mzc98phptvfzk"},"id":"8z7jxzif9fkwrt9","previousOperationId":"c521579tuncqhm1"}
{"type":"log","timestamp":1708339489659,"level":"debug","message":"(console:log) Calculating item undefined; you should see this message in debug run","meta":{"userLevel":true,"rootId":"f0mzc98phptvfzk","id":"f0mzc98phptvfzk"},"id":"k5o0jy078pnnkxj","previousOperationId":"c521579tuncqhm1"}
{"type":"log","timestamp":1708339489659,"level":"debug","message":"(console:log) Calculating item undefined; you should see this message in debug run","meta":{"userLevel":true,"rootId":"f0mzc98phptvfzk","id":"f0mzc98phptvfzk"},"id":"jpxcfya1cp4j5r4","previousOperationId":"c521579tuncqhm1"}
{"type":"operationEnd","operationId":"c521579tuncqhm1","timestamp":1708339489662,"id":"hgr1s6zytw4eyte","previousEventId":"hbn1cppbo6r5v7q","previousOperationId":"c521579tuncqhm1"}
{"type":"operationStart","subtype":"recipe","name":"chrome-pdf","timestamp":1708339489664,"id":"jj46v22d0911xu1","previousEventId":"hgr1s6zytw4eyte","operationId":"f6rdwvuhifj2h1t","previousOperationId":"c521579tuncqhm1"}
{"type":"log","timestamp":1708339489664,"level":"debug","message":"Executing recipe chrome-pdf","meta":{"rootId":"f0mzc98phptvfzk","id":"f0mzc98phptvfzk"},"id":"3i0zy6k5sn0e2ia","previousOperationId":"f6rdwvuhifj2h1t"}
{"type":"log","timestamp":1708339489670,"level":"debug","message":"Converting with chrome HeadlessChrome/117.0.5938.149 using chrome-pool strategy","meta":{"rootId":"f0mzc98phptvfzk","id":"f0mzc98phptvfzk"},"id":"vja333569fw7fzu","previousOperationId":"f6rdwvuhifj2h1t"}
{"type":"log","timestamp":1708339490036,"level":"debug","message":"Page request: GET (document) file:///C:/Users/USER/AppData/Local/Temp/jsreport/autocleanup/e181b55e-ce0f-482f-885d-c2a7658040d1-chrome-pdf.html","meta":{"rootId":"f0mzc98phptvfzk","id":"f0mzc98phptvfzk"},"id":"z159ve57u2tijj8","previousOperationId":"f6rdwvuhifj2h1t"}
{"type":"log","timestamp":1708339490047,"level":"debug","message":"Page request finished: GET (document) 200 file:///C:/Users/USER/AppData/Local/Temp/jsreport/autocleanup/e181b55e-ce0f-482f-885d-c2a7658040d1-chrome-pdf.html","meta":{"rootId":"f0mzc98phptvfzk","id":"f0mzc98phptvfzk"},"id":"2l1c8afp5bfryqt","previousOperationId":"f6rdwvuhifj2h1t"}
{"type":"log","timestamp":1708339490072,"level":"debug","message":"Running chrome with params {\"printBackground\":true,\"marginTop\":\"1cm\",\"marginRight\":\"1cm\",\"marginBottom\":\"1cm\",\"marginLeft\":\"1cm\",\"timeout\":59910,\"margin\":{\"top\":\"1cm\",\"right\":\"1cm\",\"bottom\":\"1cm\",\"left\":\"1cm\"}}","meta":{"rootId":"f0mzc98phptvfzk","id":"f0mzc98phptvfzk"},"id":"7rs5f970raz1oyl","previousOperationId":"f6rdwvuhifj2h1t"}
{"type":"operationEnd","operationId":"f6rdwvuhifj2h1t","timestamp":1708339490303,"id":"vxdze5k96o2wtv9","previousEventId":"jj46v22d0911xu1","previousOperationId":"f6rdwvuhifj2h1t"}
{"type":"log","timestamp":1708339490304,"level":"debug","message":"Skipping storing report.","meta":{"rootId":"f0mzc98phptvfzk","id":"f0mzc98phptvfzk"},"id":"jqlzqd1yrtbk37x","previousOperationId":"f6rdwvuhifj2h1t"}
{"type":"log","timestamp":1708339490304,"level":"info","message":"Rendering request 3 finished in 726 ms","meta":{"rootId":"f0mzc98phptvfzk","id":"f0mzc98phptvfzk"},"id":"qpaem8o7vvc9gk1","previousOperationId":"f6rdwvuhifj2h1t"}
{"type":"operationEnd","subtype":"render","operationId":"bwvczflk1pjdt30","timestamp":1708339490304,"id":"xh7ybu1b2klbkbd","previousEventId":"vxdze5k96o2wtv9","previousOperationId":"f6rdwvuhifj2h1t"}
{"type":"operationEnd","doDiffs":false,"previousEventId":"8pzqi7m9kub5ku4","previousOperationId":"0am5faebr2i1txw","operationId":"0am5faebr2i1txw","timestamp":1708339490307,"id":"1pokpwi1k5ow1yt"}
