{"type":"operationStart","subtype":"profile","data":{"_id":"bKDV8im8FTrrb1mg","timestamp":"2024-02-19T10:48:50.443Z","state":"queued","mode":"standard","creationDate":"2024-02-19T10:48:50.446Z","modificationDate":"2024-02-19T10:48:50.446Z","shortid":"oX7BmF9","$entitySet":"profiles"},"doDiffs":false,"timestamp":1708339730444,"id":"7hd7vmxiiihn5tc","previousOperationId":null,"operationId":"18itgfk99ajpk7y"}
{"type":"log","level":"info","message":"Render request 7 queued for execution and waiting for available worker","previousOperationId":"18itgfk99ajpk7y","timestamp":1708339730444,"id":"qkmkfx3m8ldg7l3"}
{"type":"operationStart","subtype":"render","name":"report","previousOperationId":"18itgfk99ajpk7y","timestamp":1708339730456,"id":"hf5nipeiohi0dhe","previousEventId":"7hd7vmxiiihn5tc","operationId":"uu0l2a88tpnzmdw"}
{"type":"log","timestamp":1708339730456,"level":"info","message":"Starting rendering request 7","meta":{"rootId":"qdn5ycez0ntcd0w","id":"qdn5ycez0ntcd0w"},"id":"s2rthagh4jzetk8","previousOperationId":"uu0l2a88tpnzmdw"}
{"type":"log","timestamp":1708339730456,"level":"info","message":"Rendering template { name: report, recipe: chrome-pdf, engine: handlebars, preview: false }","meta":{"rootId":"qdn5ycez0ntcd0w","id":"qdn5ycez0ntcd0w"},"id":"mi6yms13qakbep2","previousOperationId":"uu0l2a88tpnzmdw"}
{"type":"log","timestamp":1708339730457,"level":"debug","message":"Inline data specified.","meta":{"rootId":"qdn5ycez0ntcd0w","id":"qdn5ycez0ntcd0w"},"id":"t7i0wmcmjmkhzhn","previousOperationId":"uu0l2a88tpnzmdw"}
{"type":"log","timestamp":1708339730462,"level":"debug","message":"Base url not specified, skipping its injection.","meta":{"rootId":"qdn5ycez0ntcd0w","id":"qdn5ycez0ntcd0w"},"id":"qxsj4qvz6ea3m81","previousOperationId":"uu0l2a88tpnzmdw"}
{"type":"operationStart","subtype":"engine","name":"handlebars","timestamp":1708339730463,"id":"ugo1icho7h9zm46","previousEventId":"hf5nipeiohi0dhe","operationId":"yugbkopj30nwgqy","previousOperationId":"uu0l2a88tpnzmdw"}
{"type":"log","timestamp":1708339730463,"level":"debug","message":"Rendering engine handlebars","meta":{"rootId":"qdn5ycez0ntcd0w","id":"qdn5ycez0ntcd0w"},"id":"u8ntcyuqpxdwv3j","previousOperationId":"yugbkopj30nwgqy"}
{"type":"log","timestamp":1708339730502,"level":"debug","message":"(console:log) Calculating item undefined; you should see this message in debug run","meta":{"userLevel":true,"rootId":"qdn5ycez0ntcd0w","id":"qdn5ycez0ntcd0w"},"id":"d4r0gbpysz4udtw","previousOperationId":"yugbkopj30nwgqy"}
{"type":"log","timestamp":1708339730502,"level":"debug","message":"(console:log) Calculating item undefined; you should see this message in debug run","meta":{"userLevel":true,"rootId":"qdn5ycez0ntcd0w","id":"qdn5ycez0ntcd0w"},"id":"9st3yp351mxz8ll","previousOperationId":"yugbkopj30nwgqy"}
{"type":"log","timestamp":1708339730502,"level":"debug","message":"(console:log) Calculating item undefined; you should see this message in debug run","meta":{"userLevel":true,"rootId":"qdn5ycez0ntcd0w","id":"qdn5ycez0ntcd0w"},"id":"3aihe4rwrt80a25","previousOperationId":"yugbkopj30nwgqy"}
{"type":"log","timestamp":1708339730502,"level":"debug","message":"(console:log) Calculating item undefined; you should see this message in debug run","meta":{"userLevel":true,"rootId":"qdn5ycez0ntcd0w","id":"qdn5ycez0ntcd0w"},"id":"4bxozppx0aq84pw","previousOperationId":"yugbkopj30nwgqy"}
{"type":"operationEnd","operationId":"yugbkopj30nwgqy","timestamp":1708339730509,"id":"0xccipnv0zhs92a","previousEventId":"ugo1icho7h9zm46","previousOperationId":"yugbkopj30nwgqy"}
{"type":"operationStart","subtype":"recipe","name":"chrome-pdf","timestamp":1708339730509,"id":"w8ndxuvogdufm81","previousEventId":"0xccipnv0zhs92a","operationId":"0x895n6odow70dc","previousOperationId":"yugbkopj30nwgqy"}
{"type":"log","timestamp":1708339730510,"level":"debug","message":"Executing recipe chrome-pdf","meta":{"rootId":"qdn5ycez0ntcd0w","id":"qdn5ycez0ntcd0w"},"id":"x7wveuyzrzln07p","previousOperationId":"0x895n6odow70dc"}
{"type":"log","timestamp":1708339730512,"level":"debug","message":"Converting with chrome HeadlessChrome/117.0.5938.149 using chrome-pool strategy","meta":{"rootId":"qdn5ycez0ntcd0w","id":"qdn5ycez0ntcd0w"},"id":"eciv46czag0n4rf","previousOperationId":"0x895n6odow70dc"}
{"type":"log","timestamp":1708339730672,"level":"debug","message":"Page request: GET (document) file:///C:/Users/USER/AppData/Local/Temp/jsreport/autocleanup/74c1f383-a49a-4caf-a190-4781d8e6d6b0-chrome-pdf.html","meta":{"rootId":"qdn5ycez0ntcd0w","id":"qdn5ycez0ntcd0w"},"id":"m9bj4n8j9lbaci3","previousOperationId":"0x895n6odow70dc"}
{"type":"log","timestamp":1708339730686,"level":"debug","message":"Page request finished: GET (document) 200 file:///C:/Users/USER/AppData/Local/Temp/jsreport/autocleanup/74c1f383-a49a-4caf-a190-4781d8e6d6b0-chrome-pdf.html","meta":{"rootId":"qdn5ycez0ntcd0w","id":"qdn5ycez0ntcd0w"},"id":"4ouuvtze3wxmrl1","previousOperationId":"0x895n6odow70dc"}
{"type":"log","timestamp":1708339730719,"level":"debug","message":"Running chrome with params {\"printBackground\":true,\"marginTop\":\"1cm\",\"marginRight\":\"1cm\",\"marginBottom\":\"1cm\",\"marginLeft\":\"1cm\",\"timeout\":59931,\"margin\":{\"top\":\"1cm\",\"right\":\"1cm\",\"bottom\":\"1cm\",\"left\":\"1cm\"}}","meta":{"rootId":"qdn5ycez0ntcd0w","id":"qdn5ycez0ntcd0w"},"id":"1kc92ywmanpffm3","previousOperationId":"0x895n6odow70dc"}
{"type":"operationEnd","operationId":"0x895n6odow70dc","timestamp":1708339730985,"id":"vxi2vjpz2ibofen","previousEventId":"w8ndxuvogdufm81","previousOperationId":"0x895n6odow70dc"}
{"type":"log","timestamp":1708339730985,"level":"debug","message":"Skipping storing report.","meta":{"rootId":"qdn5ycez0ntcd0w","id":"qdn5ycez0ntcd0w"},"id":"nvlv0f5g9lcrg88","previousOperationId":"0x895n6odow70dc"}
{"type":"log","timestamp":1708339730985,"level":"info","message":"Rendering request 7 finished in 543 ms","meta":{"rootId":"qdn5ycez0ntcd0w","id":"qdn5ycez0ntcd0w"},"id":"xdlmjuqulgp9fs3","previousOperationId":"0x895n6odow70dc"}
{"type":"operationEnd","subtype":"render","operationId":"uu0l2a88tpnzmdw","timestamp":1708339730985,"id":"szjn4a6pnmmxrqi","previousEventId":"vxi2vjpz2ibofen","previousOperationId":"0x895n6odow70dc"}
{"type":"operationEnd","doDiffs":false,"previousEventId":"7hd7vmxiiihn5tc","previousOperationId":"18itgfk99ajpk7y","operationId":"18itgfk99ajpk7y","timestamp":1708339730990,"id":"u2we3yj062h4v0t"}
