{"type":"operationStart","subtype":"profile","data":{"_id":"rvWY9Chn3BYu17un","timestamp":"2024-02-19T10:47:40.319Z","state":"queued","mode":"standard","creationDate":"2024-02-19T10:47:40.321Z","modificationDate":"2024-02-19T10:47:40.321Z","shortid":"FNoPaxA","$entitySet":"profiles"},"doDiffs":false,"timestamp":1708339660320,"id":"4tvcc6fx11ocz89","previousOperationId":null,"operationId":"u76pvtl05yqckv5"}
{"type":"log","level":"info","message":"Render request 6 queued for execution and waiting for available worker","previousOperationId":"u76pvtl05yqckv5","timestamp":1708339660320,"id":"q7hziw536farvq7"}
{"type":"operationStart","subtype":"render","name":"report","previousOperationId":"u76pvtl05yqckv5","timestamp":1708339660330,"id":"kvfey5icfpr2nzp","previousEventId":"4tvcc6fx11ocz89","operationId":"elfkotpku8ce34n"}
{"type":"log","timestamp":1708339660330,"level":"info","message":"Starting rendering request 6","meta":{"rootId":"vgxglgunwjlrz5p","id":"vgxglgunwjlrz5p"},"id":"rkf8j3fud8vntss","previousOperationId":"elfkotpku8ce34n"}
{"type":"log","timestamp":1708339660331,"level":"info","message":"Rendering template { name: report, recipe: chrome-pdf, engine: handlebars, preview: false }","meta":{"rootId":"vgxglgunwjlrz5p","id":"vgxglgunwjlrz5p"},"id":"nb8fohurbod2cld","previousOperationId":"elfkotpku8ce34n"}
{"type":"log","timestamp":1708339660332,"level":"debug","message":"Inline data specified.","meta":{"rootId":"vgxglgunwjlrz5p","id":"vgxglgunwjlrz5p"},"id":"ykr952u0jb3f6ja","previousOperationId":"elfkotpku8ce34n"}
{"type":"log","timestamp":1708339660335,"level":"debug","message":"Base url not specified, skipping its injection.","meta":{"rootId":"vgxglgunwjlrz5p","id":"vgxglgunwjlrz5p"},"id":"jp7gpdhte06eooa","previousOperationId":"elfkotpku8ce34n"}
{"type":"operationStart","subtype":"engine","name":"handlebars","timestamp":1708339660335,"id":"mvy7j2lrgum981f","previousEventId":"kvfey5icfpr2nzp","operationId":"u63d4wxuu7cbcsq","previousOperationId":"elfkotpku8ce34n"}
{"type":"log","timestamp":1708339660335,"level":"debug","message":"Rendering engine handlebars","meta":{"rootId":"vgxglgunwjlrz5p","id":"vgxglgunwjlrz5p"},"id":"krzx6u8nkxv7w2u","previousOperationId":"u63d4wxuu7cbcsq"}
{"type":"log","timestamp":1708339660360,"level":"debug","message":"(console:log) Calculating item undefined; you should see this message in debug run","meta":{"userLevel":true,"rootId":"vgxglgunwjlrz5p","id":"vgxglgunwjlrz5p"},"id":"q6s7hrq2lyp1a8x","previousOperationId":"u63d4wxuu7cbcsq"}
{"type":"log","timestamp":1708339660360,"level":"debug","message":"(console:log) Calculating item undefined; you should see this message in debug run","meta":{"userLevel":true,"rootId":"vgxglgunwjlrz5p","id":"vgxglgunwjlrz5p"},"id":"oje5sqxy1fvpx02","previousOperationId":"u63d4wxuu7cbcsq"}
{"type":"log","timestamp":1708339660360,"level":"debug","message":"(console:log) Calculating item undefined; you should see this message in debug run","meta":{"userLevel":true,"rootId":"vgxglgunwjlrz5p","id":"vgxglgunwjlrz5p"},"id":"a4yk4g0655ih4rk","previousOperationId":"u63d4wxuu7cbcsq"}
{"type":"log","timestamp":1708339660360,"level":"debug","message":"(console:log) Calculating item undefined; you should see this message in debug run","meta":{"userLevel":true,"rootId":"vgxglgunwjlrz5p","id":"vgxglgunwjlrz5p"},"id":"473n2iecagn0l0n","previousOperationId":"u63d4wxuu7cbcsq"}
{"type":"operationEnd","operationId":"u63d4wxuu7cbcsq","timestamp":1708339660362,"id":"3n12j5su5h2tmru","previousEventId":"mvy7j2lrgum981f","previousOperationId":"u63d4wxuu7cbcsq"}
{"type":"operationStart","subtype":"recipe","name":"chrome-pdf","timestamp":1708339660363,"id":"p4doqrl0jt6ie90","previousEventId":"3n12j5su5h2tmru","operationId":"rtcy2u80qep4o9s","previousOperationId":"u63d4wxuu7cbcsq"}
{"type":"log","timestamp":1708339660363,"level":"debug","message":"Executing recipe chrome-pdf","meta":{"rootId":"vgxglgunwjlrz5p","id":"vgxglgunwjlrz5p"},"id":"ioqzczs4zm9od3d","previousOperationId":"rtcy2u80qep4o9s"}
{"type":"log","timestamp":1708339660369,"level":"debug","message":"Converting with chrome HeadlessChrome/117.0.5938.149 using chrome-pool strategy","meta":{"rootId":"vgxglgunwjlrz5p","id":"vgxglgunwjlrz5p"},"id":"uj8g884u6u22y0d","previousOperationId":"rtcy2u80qep4o9s"}
{"type":"log","timestamp":1708339660511,"level":"debug","message":"Page request: GET (document) file:///C:/Users/USER/AppData/Local/Temp/jsreport/autocleanup/87f440dd-c898-476e-bd94-8d9b1594a8ae-chrome-pdf.html","meta":{"rootId":"vgxglgunwjlrz5p","id":"vgxglgunwjlrz5p"},"id":"6w99v5i8s4nqu76","previousOperationId":"rtcy2u80qep4o9s"}
{"type":"log","timestamp":1708339660524,"level":"debug","message":"Page request finished: GET (document) 200 file:///C:/Users/USER/AppData/Local/Temp/jsreport/autocleanup/87f440dd-c898-476e-bd94-8d9b1594a8ae-chrome-pdf.html","meta":{"rootId":"vgxglgunwjlrz5p","id":"vgxglgunwjlrz5p"},"id":"7dw5mtez2a6st8k","previousOperationId":"rtcy2u80qep4o9s"}
{"type":"log","timestamp":1708339660555,"level":"debug","message":"Running chrome with params {\"printBackground\":true,\"marginTop\":\"1cm\",\"marginRight\":\"1cm\",\"marginBottom\":\"1cm\",\"marginLeft\":\"1cm\",\"timeout\":59953,\"margin\":{\"top\":\"1cm\",\"right\":\"1cm\",\"bottom\":\"1cm\",\"left\":\"1cm\"}}","meta":{"rootId":"vgxglgunwjlrz5p","id":"vgxglgunwjlrz5p"},"id":"acx94rfz42py2p8","previousOperationId":"rtcy2u80qep4o9s"}
{"type":"operationEnd","operationId":"rtcy2u80qep4o9s","timestamp":1708339660768,"id":"dajsx0sti9ca5h1","previousEventId":"p4doqrl0jt6ie90","previousOperationId":"rtcy2u80qep4o9s"}
{"type":"log","timestamp":1708339660768,"level":"debug","message":"Skipping storing report.","meta":{"rootId":"vgxglgunwjlrz5p","id":"vgxglgunwjlrz5p"},"id":"v9xwmtbz1ksyj34","previousOperationId":"rtcy2u80qep4o9s"}
{"type":"log","timestamp":1708339660768,"level":"info","message":"Rendering request 6 finished in 450 ms","meta":{"rootId":"vgxglgunwjlrz5p","id":"vgxglgunwjlrz5p"},"id":"93n6c7homjc9yzx","previousOperationId":"rtcy2u80qep4o9s"}
{"type":"operationEnd","subtype":"render","operationId":"elfkotpku8ce34n","timestamp":1708339660769,"id":"4egsqmckqnb45z4","previousEventId":"dajsx0sti9ca5h1","previousOperationId":"rtcy2u80qep4o9s"}
{"type":"operationEnd","doDiffs":false,"previousEventId":"4tvcc6fx11ocz89","previousOperationId":"u76pvtl05yqckv5","operationId":"u76pvtl05yqckv5","timestamp":1708339660771,"id":"ira7ps65iiwmsme"}
