{"type":"operationStart","subtype":"profile","data":{"_id":"jtPUB8sRkfB0Ni33","timestamp":"2024-02-19T10:40:25.849Z","state":"queued","mode":"standard","creationDate":"2024-02-19T10:40:25.854Z","modificationDate":"2024-02-19T10:40:25.854Z","shortid":"gcPtB21","$entitySet":"profiles"},"doDiffs":false,"timestamp":1708339225851,"id":"cifxf9bqm1vbpe1","previousOperationId":null,"operationId":"9xe3qkerhh5juth"}
{"type":"log","level":"info","message":"Render request 1 queued for execution and waiting for available worker","previousOperationId":"9xe3qkerhh5juth","timestamp":1708339225852,"id":"1akyrq7mwklkz92"}
{"type":"operationStart","subtype":"render","name":"report","previousOperationId":"9xe3qkerhh5juth","timestamp":1708339225884,"id":"5cqwi2gp3jspe14","previousEventId":"cifxf9bqm1vbpe1","operationId":"aay7x663xdtzfac"}
{"type":"log","timestamp":1708339225886,"level":"info","message":"Starting rendering request 1","meta":{"rootId":"w9tdm3mf76o1jtg","id":"w9tdm3mf76o1jtg"},"id":"mtre76vmxqsyone","previousOperationId":"aay7x663xdtzfac"}
{"type":"log","timestamp":1708339225887,"level":"info","message":"Rendering template { name: report, recipe: chrome-pdf, engine: handlebars, preview: true }","meta":{"rootId":"w9tdm3mf76o1jtg","id":"w9tdm3mf76o1jtg"},"id":"osiygxk491zteq4","previousOperationId":"aay7x663xdtzfac"}
{"type":"log","timestamp":1708339225893,"level":"debug","message":"Adding sample data bIueE80","meta":{"rootId":"w9tdm3mf76o1jtg","id":"w9tdm3mf76o1jtg"},"id":"h8wrtkauve7qwzk","previousOperationId":"aay7x663xdtzfac"}
{"type":"log","timestamp":1708339225901,"level":"debug","message":"Base url not specified, skipping its injection.","meta":{"rootId":"w9tdm3mf76o1jtg","id":"w9tdm3mf76o1jtg"},"id":"5qvjkdm3ayv3ah9","previousOperationId":"aay7x663xdtzfac"}
{"type":"operationStart","subtype":"engine","name":"handlebars","timestamp":1708339225904,"id":"4tt762nt8tw6a88","previousEventId":"5cqwi2gp3jspe14","operationId":"6msxodjnrn1zadd","previousOperationId":"aay7x663xdtzfac"}
{"type":"log","timestamp":1708339225905,"level":"debug","message":"Rendering engine handlebars","meta":{"rootId":"w9tdm3mf76o1jtg","id":"w9tdm3mf76o1jtg"},"id":"h15wvl0kfi2d3lv","previousOperationId":"6msxodjnrn1zadd"}
{"type":"log","timestamp":1708339227261,"level":"debug","message":"(console:log) Calculating item undefined; you should see this message in debug run","meta":{"userLevel":true,"rootId":"w9tdm3mf76o1jtg","id":"w9tdm3mf76o1jtg"},"id":"qkcp3nlgwn9epzz","previousOperationId":"6msxodjnrn1zadd"}
{"type":"log","timestamp":1708339227261,"level":"debug","message":"(console:log) Calculating item undefined; you should see this message in debug run","meta":{"userLevel":true,"rootId":"w9tdm3mf76o1jtg","id":"w9tdm3mf76o1jtg"},"id":"21gc96kd36165bf","previousOperationId":"6msxodjnrn1zadd"}
{"type":"log","timestamp":1708339227261,"level":"debug","message":"(console:log) Calculating item undefined; you should see this message in debug run","meta":{"userLevel":true,"rootId":"w9tdm3mf76o1jtg","id":"w9tdm3mf76o1jtg"},"id":"poxafyigmnynmpz","previousOperationId":"6msxodjnrn1zadd"}
{"type":"log","timestamp":1708339227261,"level":"debug","message":"(console:log) Calculating item undefined; you should see this message in debug run","meta":{"userLevel":true,"rootId":"w9tdm3mf76o1jtg","id":"w9tdm3mf76o1jtg"},"id":"t2olvbbj8z7zes1","previousOperationId":"6msxodjnrn1zadd"}
{"type":"log","timestamp":1708339227261,"level":"debug","message":"(console:log) Calculating item undefined; you should see this message in debug run","meta":{"userLevel":true,"rootId":"w9tdm3mf76o1jtg","id":"w9tdm3mf76o1jtg"},"id":"f1ch28hw5hxumi7","previousOperationId":"6msxodjnrn1zadd"}
{"type":"log","timestamp":1708339227261,"level":"debug","message":"(console:log) Calculating item undefined; you should see this message in debug run","meta":{"userLevel":true,"rootId":"w9tdm3mf76o1jtg","id":"w9tdm3mf76o1jtg"},"id":"tmft1gcw5j2mtbc","previousOperationId":"6msxodjnrn1zadd"}
{"type":"log","timestamp":1708339227261,"level":"debug","message":"(console:log) Calculating item undefined; you should see this message in debug run","meta":{"userLevel":true,"rootId":"w9tdm3mf76o1jtg","id":"w9tdm3mf76o1jtg"},"id":"4c7i65cd9jaofjh","previousOperationId":"6msxodjnrn1zadd"}
{"type":"log","timestamp":1708339227261,"level":"debug","message":"(console:log) Calculating item undefined; you should see this message in debug run","meta":{"userLevel":true,"rootId":"w9tdm3mf76o1jtg","id":"w9tdm3mf76o1jtg"},"id":"wckmxhaezxjjpkd","previousOperationId":"6msxodjnrn1zadd"}
{"type":"log","timestamp":1708339227262,"level":"debug","message":"(console:log) Calculating item undefined; you should see this message in debug run","meta":{"userLevel":true,"rootId":"w9tdm3mf76o1jtg","id":"w9tdm3mf76o1jtg"},"id":"aidbuii77qny84d","previousOperationId":"6msxodjnrn1zadd"}
{"type":"log","timestamp":1708339227262,"level":"debug","message":"(console:log) Calculating item undefined; you should see this message in debug run","meta":{"userLevel":true,"rootId":"w9tdm3mf76o1jtg","id":"w9tdm3mf76o1jtg"},"id":"2e20dg4zywmx1om","previousOperationId":"6msxodjnrn1zadd"}
{"type":"log","timestamp":1708339227262,"level":"debug","message":"(console:log) Calculating item undefined; you should see this message in debug run","meta":{"userLevel":true,"rootId":"w9tdm3mf76o1jtg","id":"w9tdm3mf76o1jtg"},"id":"3p1fxcbt4u77vx9","previousOperationId":"6msxodjnrn1zadd"}
{"type":"log","timestamp":1708339227262,"level":"debug","message":"(console:log) Calculating item undefined; you should see this message in debug run","meta":{"userLevel":true,"rootId":"w9tdm3mf76o1jtg","id":"w9tdm3mf76o1jtg"},"id":"4aq4ync0cmghn0i","previousOperationId":"6msxodjnrn1zadd"}
{"type":"log","timestamp":1708339227262,"level":"debug","message":"(console:log) Calculating item undefined; you should see this message in debug run","meta":{"userLevel":true,"rootId":"w9tdm3mf76o1jtg","id":"w9tdm3mf76o1jtg"},"id":"olybw3fwtnoet68","previousOperationId":"6msxodjnrn1zadd"}
{"type":"log","timestamp":1708339227262,"level":"debug","message":"(console:log) Calculating item undefined; you should see this message in debug run","meta":{"userLevel":true,"rootId":"w9tdm3mf76o1jtg","id":"w9tdm3mf76o1jtg"},"id":"pjfuriyduw1q0wf","previousOperationId":"6msxodjnrn1zadd"}
{"type":"log","timestamp":1708339227262,"level":"debug","message":"(console:log) Calculating item undefined; you should see this message in debug run","meta":{"userLevel":true,"rootId":"w9tdm3mf76o1jtg","id":"w9tdm3mf76o1jtg"},"id":"uegwmrjnpqki2tx","previousOperationId":"6msxodjnrn1zadd"}
{"type":"log","timestamp":1708339227262,"level":"debug","message":"(console:log) Calculating item undefined; you should see this message in debug run","meta":{"userLevel":true,"rootId":"w9tdm3mf76o1jtg","id":"w9tdm3mf76o1jtg"},"id":"nhbfdzspfhliuex","previousOperationId":"6msxodjnrn1zadd"}
{"type":"log","timestamp":1708339227262,"level":"debug","message":"(console:log) Calculating item undefined; you should see this message in debug run","meta":{"userLevel":true,"rootId":"w9tdm3mf76o1jtg","id":"w9tdm3mf76o1jtg"},"id":"p8s239ql2fjptru","previousOperationId":"6msxodjnrn1zadd"}
{"type":"log","timestamp":1708339227262,"level":"debug","message":"(console:log) Calculating item undefined; you should see this message in debug run","meta":{"userLevel":true,"rootId":"w9tdm3mf76o1jtg","id":"w9tdm3mf76o1jtg"},"id":"l170zr7jfbgmkss","previousOperationId":"6msxodjnrn1zadd"}
{"type":"log","timestamp":1708339227262,"level":"debug","message":"(console:log) Calculating item undefined; you should see this message in debug run","meta":{"userLevel":true,"rootId":"w9tdm3mf76o1jtg","id":"w9tdm3mf76o1jtg"},"id":"zoykjeg1guwbi2i","previousOperationId":"6msxodjnrn1zadd"}
{"type":"operationEnd","operationId":"6msxodjnrn1zadd","timestamp":1708339227308,"id":"szfi5uwczqd86xn","previousEventId":"4tt762nt8tw6a88","previousOperationId":"6msxodjnrn1zadd"}
{"type":"operationStart","subtype":"recipe","name":"chrome-pdf","timestamp":1708339227310,"id":"fz3lu7rex1ocf3m","previousEventId":"szfi5uwczqd86xn","operationId":"0yk2wd813ynatia","previousOperationId":"6msxodjnrn1zadd"}
{"type":"log","timestamp":1708339227310,"level":"debug","message":"Executing recipe chrome-pdf","meta":{"rootId":"w9tdm3mf76o1jtg","id":"w9tdm3mf76o1jtg"},"id":"lnxskvn7gxrazcp","previousOperationId":"0yk2wd813ynatia"}
{"type":"log","timestamp":1708339227982,"level":"debug","message":"Converting with chrome HeadlessChrome/117.0.5938.149 using chrome-pool strategy","meta":{"rootId":"w9tdm3mf76o1jtg","id":"w9tdm3mf76o1jtg"},"id":"vvnni8q9yrvs8ks","previousOperationId":"0yk2wd813ynatia"}
{"type":"log","timestamp":1708339228248,"level":"debug","message":"Page request: GET (document) file:///C:/Users/USER/AppData/Local/Temp/jsreport/autocleanup/58301d7e-9d38-40e6-bf84-79fc728713ea-chrome-pdf.html","meta":{"rootId":"w9tdm3mf76o1jtg","id":"w9tdm3mf76o1jtg"},"id":"p4mkk6hiyi8gicr","previousOperationId":"0yk2wd813ynatia"}
{"type":"log","timestamp":1708339228261,"level":"debug","message":"Page request finished: GET (document) 200 file:///C:/Users/USER/AppData/Local/Temp/jsreport/autocleanup/58301d7e-9d38-40e6-bf84-79fc728713ea-chrome-pdf.html","meta":{"rootId":"w9tdm3mf76o1jtg","id":"w9tdm3mf76o1jtg"},"id":"895hnxa7n1gl7h9","previousOperationId":"0yk2wd813ynatia"}
{"type":"log","timestamp":1708339228290,"level":"debug","message":"Running chrome with params {\"printBackground\":true,\"marginTop\":\"1cm\",\"marginRight\":\"1cm\",\"marginBottom\":\"1cm\",\"marginLeft\":\"1cm\",\"timeout\":58528,\"margin\":{\"top\":\"1cm\",\"right\":\"1cm\",\"bottom\":\"1cm\",\"left\":\"1cm\"}}","meta":{"rootId":"w9tdm3mf76o1jtg","id":"w9tdm3mf76o1jtg"},"id":"mxy0vgvqe163k85","previousOperationId":"0yk2wd813ynatia"}
{"type":"operationEnd","operationId":"0yk2wd813ynatia","timestamp":1708339228635,"id":"vbog7at2vhxy8ef","previousEventId":"fz3lu7rex1ocf3m","previousOperationId":"0yk2wd813ynatia"}
{"type":"log","timestamp":1708339228637,"level":"debug","message":"Skipping storing report.","meta":{"rootId":"w9tdm3mf76o1jtg","id":"w9tdm3mf76o1jtg"},"id":"g7b7f8737z139hd","previousOperationId":"0yk2wd813ynatia"}
{"type":"log","timestamp":1708339228637,"level":"info","message":"Rendering request 1 finished in 2788 ms","meta":{"rootId":"w9tdm3mf76o1jtg","id":"w9tdm3mf76o1jtg"},"id":"yf4x0nbxsqds2o8","previousOperationId":"0yk2wd813ynatia"}
{"type":"operationEnd","subtype":"render","operationId":"aay7x663xdtzfac","timestamp":1708339228637,"id":"zal0ijfjd7b3hck","previousEventId":"vbog7at2vhxy8ef","previousOperationId":"0yk2wd813ynatia"}
{"type":"operationEnd","doDiffs":false,"previousEventId":"cifxf9bqm1vbpe1","previousOperationId":"9xe3qkerhh5juth","operationId":"9xe3qkerhh5juth","timestamp":1708339228647,"id":"fucq6aocgjkgk5c"}
