{"type":"operationStart","subtype":"profile","data":{"_id":"lLujy6H1QAsgya9W","timestamp":"2024-02-19T10:47:25.461Z","state":"queued","mode":"standard","creationDate":"2024-02-19T10:47:25.465Z","modificationDate":"2024-02-19T10:47:25.465Z","shortid":"njR0BdG","$entitySet":"profiles"},"doDiffs":false,"timestamp":1708339645463,"id":"3l0zeksxbt5npo1","previousOperationId":null,"operationId":"cao6lk7rsuonrka"}
{"type":"log","level":"info","message":"Render request 5 queued for execution and waiting for available worker","previousOperationId":"cao6lk7rsuonrka","timestamp":1708339645464,"id":"tt4qb9by2gt1emi"}
{"type":"operationStart","subtype":"render","name":"report","previousOperationId":"cao6lk7rsuonrka","timestamp":1708339645474,"id":"zmppcpjwkqmjw3z","previousEventId":"3l0zeksxbt5npo1","operationId":"4e500ux6msto15u"}
{"type":"log","timestamp":1708339645474,"level":"info","message":"Starting rendering request 5","meta":{"rootId":"ypq1ukgbnn22d0q","id":"ypq1ukgbnn22d0q"},"id":"ij3azk8t71tmj9h","previousOperationId":"4e500ux6msto15u"}
{"type":"log","timestamp":1708339645475,"level":"info","message":"Rendering template { name: report, recipe: chrome-pdf, engine: handlebars, preview: false }","meta":{"rootId":"ypq1ukgbnn22d0q","id":"ypq1ukgbnn22d0q"},"id":"3c8rpuk5y7yx5g5","previousOperationId":"4e500ux6msto15u"}
{"type":"log","timestamp":1708339645476,"level":"debug","message":"Inline data specified.","meta":{"rootId":"ypq1ukgbnn22d0q","id":"ypq1ukgbnn22d0q"},"id":"mq28c9jdfj01gnm","previousOperationId":"4e500ux6msto15u"}
{"type":"log","timestamp":1708339645480,"level":"debug","message":"Base url not specified, skipping its injection.","meta":{"rootId":"ypq1ukgbnn22d0q","id":"ypq1ukgbnn22d0q"},"id":"bsupmvdert2vyml","previousOperationId":"4e500ux6msto15u"}
{"type":"operationStart","subtype":"engine","name":"handlebars","timestamp":1708339645482,"id":"dv3vyuvasbsgx2n","previousEventId":"zmppcpjwkqmjw3z","operationId":"zzbmrffbly49efb","previousOperationId":"4e500ux6msto15u"}
{"type":"log","timestamp":1708339645482,"level":"debug","message":"Rendering engine handlebars","meta":{"rootId":"ypq1ukgbnn22d0q","id":"ypq1ukgbnn22d0q"},"id":"87xdrynfrcoxzel","previousOperationId":"zzbmrffbly49efb"}
{"type":"log","timestamp":1708339645506,"level":"debug","message":"(console:log) Calculating item undefined; you should see this message in debug run","meta":{"userLevel":true,"rootId":"ypq1ukgbnn22d0q","id":"ypq1ukgbnn22d0q"},"id":"3roxbida58fn3sq","previousOperationId":"zzbmrffbly49efb"}
{"type":"log","timestamp":1708339645506,"level":"debug","message":"(console:log) Calculating item undefined; you should see this message in debug run","meta":{"userLevel":true,"rootId":"ypq1ukgbnn22d0q","id":"ypq1ukgbnn22d0q"},"id":"vppmk2oy2m2t0ds","previousOperationId":"zzbmrffbly49efb"}
{"type":"log","timestamp":1708339645506,"level":"debug","message":"(console:log) Calculating item undefined; you should see this message in debug run","meta":{"userLevel":true,"rootId":"ypq1ukgbnn22d0q","id":"ypq1ukgbnn22d0q"},"id":"gerh42d2uees3zz","previousOperationId":"zzbmrffbly49efb"}
{"type":"log","timestamp":1708339645507,"level":"debug","message":"(console:log) Calculating item undefined; you should see this message in debug run","meta":{"userLevel":true,"rootId":"ypq1ukgbnn22d0q","id":"ypq1ukgbnn22d0q"},"id":"b6ppgs382ecye69","previousOperationId":"zzbmrffbly49efb"}
{"type":"operationEnd","operationId":"zzbmrffbly49efb","timestamp":1708339645509,"id":"yk85yv5a2kg6ymi","previousEventId":"dv3vyuvasbsgx2n","previousOperationId":"zzbmrffbly49efb"}
{"type":"operationStart","subtype":"recipe","name":"chrome-pdf","timestamp":1708339645509,"id":"fslobht7hevpis7","previousEventId":"yk85yv5a2kg6ymi","operationId":"raowoohq14rq7wx","previousOperationId":"zzbmrffbly49efb"}
{"type":"log","timestamp":1708339645509,"level":"debug","message":"Executing recipe chrome-pdf","meta":{"rootId":"ypq1ukgbnn22d0q","id":"ypq1ukgbnn22d0q"},"id":"xw1xpo2fz82ykfh","previousOperationId":"raowoohq14rq7wx"}
{"type":"log","timestamp":1708339645512,"level":"debug","message":"Converting with chrome HeadlessChrome/117.0.5938.149 using chrome-pool strategy","meta":{"rootId":"ypq1ukgbnn22d0q","id":"ypq1ukgbnn22d0q"},"id":"ehw9c46pzxgy7sl","previousOperationId":"raowoohq14rq7wx"}
{"type":"log","timestamp":1708339645634,"level":"debug","message":"Page request: GET (document) file:///C:/Users/USER/AppData/Local/Temp/jsreport/autocleanup/95a70c2d-9410-4013-af14-e88ff5eaae01-chrome-pdf.html","meta":{"rootId":"ypq1ukgbnn22d0q","id":"ypq1ukgbnn22d0q"},"id":"wbb95cx6oz9e1vf","previousOperationId":"raowoohq14rq7wx"}
{"type":"log","timestamp":1708339645643,"level":"debug","message":"Page request finished: GET (document) 200 file:///C:/Users/USER/AppData/Local/Temp/jsreport/autocleanup/95a70c2d-9410-4013-af14-e88ff5eaae01-chrome-pdf.html","meta":{"rootId":"ypq1ukgbnn22d0q","id":"ypq1ukgbnn22d0q"},"id":"kpm7z72340twmi3","previousOperationId":"raowoohq14rq7wx"}
{"type":"log","timestamp":1708339645668,"level":"debug","message":"Running chrome with params {\"printBackground\":true,\"marginTop\":\"1cm\",\"marginRight\":\"1cm\",\"marginBottom\":\"1cm\",\"marginLeft\":\"1cm\",\"timeout\":59949,\"margin\":{\"top\":\"1cm\",\"right\":\"1cm\",\"bottom\":\"1cm\",\"left\":\"1cm\"}}","meta":{"rootId":"ypq1ukgbnn22d0q","id":"ypq1ukgbnn22d0q"},"id":"l1epfugqpvd20us","previousOperationId":"raowoohq14rq7wx"}
{"type":"operationEnd","operationId":"raowoohq14rq7wx","timestamp":1708339645870,"id":"k92bbirmq5arurn","previousEventId":"fslobht7hevpis7","previousOperationId":"raowoohq14rq7wx"}
{"type":"log","timestamp":1708339645870,"level":"debug","message":"Skipping storing report.","meta":{"rootId":"ypq1ukgbnn22d0q","id":"ypq1ukgbnn22d0q"},"id":"pblzfesfnpjsydg","previousOperationId":"raowoohq14rq7wx"}
{"type":"log","timestamp":1708339645870,"level":"info","message":"Rendering request 5 finished in 410 ms","meta":{"rootId":"ypq1ukgbnn22d0q","id":"ypq1ukgbnn22d0q"},"id":"nzsx6k62vsofs2w","previousOperationId":"raowoohq14rq7wx"}
{"type":"operationEnd","subtype":"render","operationId":"4e500ux6msto15u","timestamp":1708339645870,"id":"0ekfblrm49socol","previousEventId":"k92bbirmq5arurn","previousOperationId":"raowoohq14rq7wx"}
{"type":"operationEnd","doDiffs":false,"previousEventId":"3l0zeksxbt5npo1","previousOperationId":"cao6lk7rsuonrka","operationId":"cao6lk7rsuonrka","timestamp":1708339645873,"id":"rcek9fdioi5yt5q"}
