{"type":"operationStart","subtype":"profile","data":{"_id":"s9oD2QcGc3EVmNRu","timestamp":"2024-02-15T07:38:30.135Z","state":"queued","mode":"standard","creationDate":"2024-02-15T07:38:30.137Z","modificationDate":"2024-02-15T07:38:30.137Z","shortid":"Qgk8OUP","$entitySet":"profiles"},"doDiffs":false,"timestamp":1707982710136,"id":"cv8eyy4erf5pfcy","previousOperationId":null,"operationId":"vl2fzxk5tnnttqh"}
{"type":"log","level":"info","message":"Render request 43 queued for execution and waiting for available worker","previousOperationId":"vl2fzxk5tnnttqh","timestamp":1707982710136,"id":"f26koiiizr34es8"}
{"type":"operationStart","subtype":"render","name":"invoice-main","previousOperationId":"vl2fzxk5tnnttqh","timestamp":1707982710146,"id":"wbsspvjjq9pf1lq","previousEventId":"cv8eyy4erf5pfcy","operationId":"agaasej1hdaa7ml"}
{"type":"log","timestamp":1707982710147,"level":"info","message":"Starting rendering request 43","meta":{"rootId":"02t5emlzycknb0p","id":"02t5emlzycknb0p"},"id":"ao0p2ayjgnvn2j3","previousOperationId":"agaasej1hdaa7ml"}
{"type":"log","timestamp":1707982710147,"level":"info","message":"Rendering template { name: invoice-main, recipe: chrome-pdf, engine: handlebars, preview: true }","meta":{"rootId":"02t5emlzycknb0p","id":"02t5emlzycknb0p"},"id":"n1nljsfaqjp12os","previousOperationId":"agaasej1hdaa7ml"}
{"type":"log","timestamp":1707982710147,"level":"debug","message":"Inline data specified.","meta":{"rootId":"02t5emlzycknb0p","id":"02t5emlzycknb0p"},"id":"sowhj9c5yq8wyiy","previousOperationId":"agaasej1hdaa7ml"}
{"type":"log","timestamp":1707982710152,"level":"debug","message":"Base url not specified, skipping its injection.","meta":{"rootId":"02t5emlzycknb0p","id":"02t5emlzycknb0p"},"id":"sgst2h3lbmo3zbr","previousOperationId":"agaasej1hdaa7ml"}
{"type":"operationStart","subtype":"engine","name":"handlebars","timestamp":1707982710153,"id":"b6cimn1s01v65f5","previousEventId":"wbsspvjjq9pf1lq","operationId":"hzuh2hkivw0zraf","previousOperationId":"agaasej1hdaa7ml"}
{"type":"log","timestamp":1707982710153,"level":"debug","message":"Rendering engine handlebars","meta":{"rootId":"02t5emlzycknb0p","id":"02t5emlzycknb0p"},"id":"wp0r28ixqbg67tf","previousOperationId":"hzuh2hkivw0zraf"}
{"type":"log","timestamp":1707982710172,"level":"debug","message":"(console:log) Calculating item undefined; you should see this message in debug run","meta":{"userLevel":true,"rootId":"02t5emlzycknb0p","id":"02t5emlzycknb0p"},"id":"0myzig12ypdwh7s","previousOperationId":"hzuh2hkivw0zraf"}
{"type":"operationEnd","operationId":"hzuh2hkivw0zraf","timestamp":1707982710176,"id":"jz40ak9dn5kv0dm","previousEventId":"b6cimn1s01v65f5","previousOperationId":"hzuh2hkivw0zraf"}
{"type":"operationStart","subtype":"recipe","name":"chrome-pdf","timestamp":1707982710176,"id":"ewdfh8q6j3k3n8l","previousEventId":"jz40ak9dn5kv0dm","operationId":"oecyqko1zhj5qad","previousOperationId":"hzuh2hkivw0zraf"}
{"type":"log","timestamp":1707982710176,"level":"debug","message":"Executing recipe chrome-pdf","meta":{"rootId":"02t5emlzycknb0p","id":"02t5emlzycknb0p"},"id":"x8vps9x06pkwhmp","previousOperationId":"oecyqko1zhj5qad"}
{"type":"log","timestamp":1707982710179,"level":"debug","message":"Converting with chrome HeadlessChrome/117.0.5938.149 using chrome-pool strategy","meta":{"rootId":"02t5emlzycknb0p","id":"02t5emlzycknb0p"},"id":"suxvr4p87g3yns9","previousOperationId":"oecyqko1zhj5qad"}
{"type":"log","timestamp":1707982710345,"level":"debug","message":"Page request: GET (document) file:///C:/Users/USER/AppData/Local/Temp/jsreport/autocleanup/d6923025-2b46-4c17-b662-2974262cec64-chrome-pdf.html","meta":{"rootId":"02t5emlzycknb0p","id":"02t5emlzycknb0p"},"id":"hed93ndt71yrlf5","previousOperationId":"oecyqko1zhj5qad"}
{"type":"log","timestamp":1707982710354,"level":"debug","message":"Page request finished: GET (document) 200 file:///C:/Users/USER/AppData/Local/Temp/jsreport/autocleanup/d6923025-2b46-4c17-b662-2974262cec64-chrome-pdf.html","meta":{"rootId":"02t5emlzycknb0p","id":"02t5emlzycknb0p"},"id":"u7nac4pdkc54amt","previousOperationId":"oecyqko1zhj5qad"}
{"type":"log","timestamp":1707982710377,"level":"debug","message":"Running chrome with params {\"printBackground\":true,\"marginTop\":\"1cm\",\"marginRight\":\"1cm\",\"marginBottom\":\"1cm\",\"marginLeft\":\"1cm\",\"timeout\":59957,\"margin\":{\"top\":\"1cm\",\"right\":\"1cm\",\"bottom\":\"1cm\",\"left\":\"1cm\"}}","meta":{"rootId":"02t5emlzycknb0p","id":"02t5emlzycknb0p"},"id":"jk8gvjr30p1xxxn","previousOperationId":"oecyqko1zhj5qad"}
{"type":"operationEnd","operationId":"oecyqko1zhj5qad","timestamp":1707982710532,"id":"60jpyq0a2xjbsps","previousEventId":"ewdfh8q6j3k3n8l","previousOperationId":"oecyqko1zhj5qad"}
{"type":"log","timestamp":1707982710532,"level":"debug","message":"Skipping storing report.","meta":{"rootId":"02t5emlzycknb0p","id":"02t5emlzycknb0p"},"id":"nv3c9carz549ch9","previousOperationId":"oecyqko1zhj5qad"}
{"type":"log","timestamp":1707982710532,"level":"info","message":"Rendering request 43 finished in 397 ms","meta":{"rootId":"02t5emlzycknb0p","id":"02t5emlzycknb0p"},"id":"ktsxkcyja8qib0j","previousOperationId":"oecyqko1zhj5qad"}
{"type":"operationEnd","subtype":"render","operationId":"agaasej1hdaa7ml","timestamp":1707982710532,"id":"jqknxc23vubm301","previousEventId":"60jpyq0a2xjbsps","previousOperationId":"oecyqko1zhj5qad"}
{"type":"operationEnd","doDiffs":false,"previousEventId":"cv8eyy4erf5pfcy","previousOperationId":"vl2fzxk5tnnttqh","operationId":"vl2fzxk5tnnttqh","timestamp":1707982710535,"id":"zu7wi6jrwf174mo"}
