{"type":"operationStart","subtype":"profile","data":{"_id":"51buX1CLf0YO6QSw","timestamp":"2024-02-15T07:36:28.787Z","state":"queued","mode":"standard","creationDate":"2024-02-15T07:36:28.789Z","modificationDate":"2024-02-15T07:36:28.789Z","shortid":"u3ZYvTO","$entitySet":"profiles"},"doDiffs":false,"timestamp":1707982588789,"id":"bem5zenbjdv6eq8","previousOperationId":null,"operationId":"m7dj78ezosmu0ja"}
{"type":"log","level":"info","message":"Render request 36 queued for execution and waiting for available worker","previousOperationId":"m7dj78ezosmu0ja","timestamp":1707982588789,"id":"nlobeyxveroizff"}
{"type":"operationStart","subtype":"render","name":"invoice-main","previousOperationId":"m7dj78ezosmu0ja","timestamp":1707982588800,"id":"euftbcjez3p0yjz","previousEventId":"bem5zenbjdv6eq8","operationId":"hc85al3jue1v25k"}
{"type":"log","timestamp":1707982588800,"level":"info","message":"Starting rendering request 36","meta":{"rootId":"093ydnjw4ghhssi","id":"093ydnjw4ghhssi"},"id":"7dtisuslf9lfrr6","previousOperationId":"hc85al3jue1v25k"}
{"type":"log","timestamp":1707982588800,"level":"info","message":"Rendering template { name: invoice-main, recipe: chrome-pdf, engine: handlebars, preview: true }","meta":{"rootId":"093ydnjw4ghhssi","id":"093ydnjw4ghhssi"},"id":"kwl5d3otvdcu274","previousOperationId":"hc85al3jue1v25k"}
{"type":"log","timestamp":1707982588801,"level":"debug","message":"Inline data specified.","meta":{"rootId":"093ydnjw4ghhssi","id":"093ydnjw4ghhssi"},"id":"ohfdci97186pbw5","previousOperationId":"hc85al3jue1v25k"}
{"type":"log","timestamp":1707982588803,"level":"debug","message":"Base url not specified, skipping its injection.","meta":{"rootId":"093ydnjw4ghhssi","id":"093ydnjw4ghhssi"},"id":"i6d4bz4tho65sng","previousOperationId":"hc85al3jue1v25k"}
{"type":"operationStart","subtype":"engine","name":"handlebars","timestamp":1707982588803,"id":"8eexi9s24mxt4ys","previousEventId":"euftbcjez3p0yjz","operationId":"be24rypxe6sfdh3","previousOperationId":"hc85al3jue1v25k"}
{"type":"log","timestamp":1707982588803,"level":"debug","message":"Rendering engine handlebars","meta":{"rootId":"093ydnjw4ghhssi","id":"093ydnjw4ghhssi"},"id":"nsdxeuteam9qrvt","previousOperationId":"be24rypxe6sfdh3"}
{"type":"log","timestamp":1707982588841,"level":"debug","message":"(console:log) Calculating item undefined; you should see this message in debug run","meta":{"userLevel":true,"rootId":"093ydnjw4ghhssi","id":"093ydnjw4ghhssi"},"id":"njqzqfuld9mf6di","previousOperationId":"be24rypxe6sfdh3"}
{"type":"operationEnd","operationId":"be24rypxe6sfdh3","timestamp":1707982588846,"id":"dhnm8zo0n5ddq10","previousEventId":"8eexi9s24mxt4ys","previousOperationId":"be24rypxe6sfdh3"}
{"type":"operationStart","subtype":"recipe","name":"chrome-pdf","timestamp":1707982588846,"id":"w36p40pv46d96tp","previousEventId":"dhnm8zo0n5ddq10","operationId":"u4wupkq0tg4oj7d","previousOperationId":"be24rypxe6sfdh3"}
{"type":"log","timestamp":1707982588846,"level":"debug","message":"Executing recipe chrome-pdf","meta":{"rootId":"093ydnjw4ghhssi","id":"093ydnjw4ghhssi"},"id":"paa0imx4z75o69l","previousOperationId":"u4wupkq0tg4oj7d"}
{"type":"log","timestamp":1707982588850,"level":"debug","message":"Converting with chrome HeadlessChrome/117.0.5938.149 using chrome-pool strategy","meta":{"rootId":"093ydnjw4ghhssi","id":"093ydnjw4ghhssi"},"id":"c5wwniebht2hxmy","previousOperationId":"u4wupkq0tg4oj7d"}
{"type":"log","timestamp":1707982588961,"level":"debug","message":"Page request: GET (document) file:///C:/Users/USER/AppData/Local/Temp/jsreport/autocleanup/2bc503ca-e04e-4679-aaa9-8674f0504191-chrome-pdf.html","meta":{"rootId":"093ydnjw4ghhssi","id":"093ydnjw4ghhssi"},"id":"a36cjz0mmrxesvy","previousOperationId":"u4wupkq0tg4oj7d"}
{"type":"log","timestamp":1707982588983,"level":"debug","message":"Page request finished: GET (document) 200 file:///C:/Users/USER/AppData/Local/Temp/jsreport/autocleanup/2bc503ca-e04e-4679-aaa9-8674f0504191-chrome-pdf.html","meta":{"rootId":"093ydnjw4ghhssi","id":"093ydnjw4ghhssi"},"id":"6ye99ix9cif7ru0","previousOperationId":"u4wupkq0tg4oj7d"}
{"type":"log","timestamp":1707982589013,"level":"debug","message":"Running chrome with params {\"printBackground\":true,\"marginTop\":\"1cm\",\"marginRight\":\"1cm\",\"marginBottom\":\"1cm\",\"marginLeft\":\"1cm\",\"timeout\":59938,\"margin\":{\"top\":\"1cm\",\"right\":\"1cm\",\"bottom\":\"1cm\",\"left\":\"1cm\"}}","meta":{"rootId":"093ydnjw4ghhssi","id":"093ydnjw4ghhssi"},"id":"gwxe203h4m3ugae","previousOperationId":"u4wupkq0tg4oj7d"}
{"type":"operationEnd","operationId":"u4wupkq0tg4oj7d","timestamp":1707982589184,"id":"so59huz8e3ndpdm","previousEventId":"w36p40pv46d96tp","previousOperationId":"u4wupkq0tg4oj7d"}
{"type":"log","timestamp":1707982589184,"level":"debug","message":"Skipping storing report.","meta":{"rootId":"093ydnjw4ghhssi","id":"093ydnjw4ghhssi"},"id":"10up9d35jh3a786","previousOperationId":"u4wupkq0tg4oj7d"}
{"type":"log","timestamp":1707982589184,"level":"info","message":"Rendering request 36 finished in 397 ms","meta":{"rootId":"093ydnjw4ghhssi","id":"093ydnjw4ghhssi"},"id":"lfjkdnapprxbjdq","previousOperationId":"u4wupkq0tg4oj7d"}
{"type":"operationEnd","subtype":"render","operationId":"hc85al3jue1v25k","timestamp":1707982589184,"id":"qopbo67ofz9qp00","previousEventId":"so59huz8e3ndpdm","previousOperationId":"u4wupkq0tg4oj7d"}
{"type":"operationEnd","doDiffs":false,"previousEventId":"bem5zenbjdv6eq8","previousOperationId":"m7dj78ezosmu0ja","operationId":"m7dj78ezosmu0ja","timestamp":1707982589188,"id":"iwerfu0h0a2ihou"}
