{"type":"operationStart","subtype":"profile","data":{"_id":"03umnDtzeQNsHLTK","timestamp":"2024-02-15T06:39:25.072Z","state":"queued","mode":"standard","creationDate":"2024-02-15T06:39:25.073Z","modificationDate":"2024-02-15T06:39:25.073Z","shortid":"vxi1ycm","$entitySet":"profiles"},"doDiffs":false,"timestamp":1707979165073,"id":"v19npnlooqi0amw","previousOperationId":null,"operationId":"12k70zwyptb8ctu"}
{"type":"log","level":"info","message":"Render request 19 queued for execution and waiting for available worker","previousOperationId":"12k70zwyptb8ctu","timestamp":1707979165073,"id":"9d6iqlah4feb8j2"}
{"type":"operationStart","subtype":"render","name":"invoice-main","previousOperationId":"12k70zwyptb8ctu","timestamp":1707979165081,"id":"ttvyryl109facrw","previousEventId":"v19npnlooqi0amw","operationId":"95q443h9ekyu7w1"}
{"type":"log","timestamp":1707979165082,"level":"info","message":"Starting rendering request 19","meta":{"rootId":"0bca00e8qmnd7qc","id":"0bca00e8qmnd7qc"},"id":"88rp1aeigkddk1a","previousOperationId":"95q443h9ekyu7w1"}
{"type":"log","timestamp":1707979165082,"level":"info","message":"Rendering template { name: invoice-main, recipe: chrome-pdf, engine: handlebars, preview: true }","meta":{"rootId":"0bca00e8qmnd7qc","id":"0bca00e8qmnd7qc"},"id":"nqy0ypcmo1f0mrl","previousOperationId":"95q443h9ekyu7w1"}
{"type":"log","timestamp":1707979165083,"level":"debug","message":"Inline data specified.","meta":{"rootId":"0bca00e8qmnd7qc","id":"0bca00e8qmnd7qc"},"id":"shmx80652h5gijj","previousOperationId":"95q443h9ekyu7w1"}
{"type":"log","timestamp":1707979165088,"level":"debug","message":"Base url not specified, skipping its injection.","meta":{"rootId":"0bca00e8qmnd7qc","id":"0bca00e8qmnd7qc"},"id":"q66fs37wghge8wz","previousOperationId":"95q443h9ekyu7w1"}
{"type":"operationStart","subtype":"engine","name":"handlebars","timestamp":1707979165088,"id":"1s1xozvs7pjtygs","previousEventId":"ttvyryl109facrw","operationId":"ix48fn3cmq23i44","previousOperationId":"95q443h9ekyu7w1"}
{"type":"log","timestamp":1707979165088,"level":"debug","message":"Rendering engine handlebars","meta":{"rootId":"0bca00e8qmnd7qc","id":"0bca00e8qmnd7qc"},"id":"onixv8cm9l9vvlj","previousOperationId":"ix48fn3cmq23i44"}
{"type":"log","timestamp":1707979165108,"level":"debug","message":"(console:log) Calculating item Website design; you should see this message in debug run","meta":{"userLevel":true,"rootId":"0bca00e8qmnd7qc","id":"0bca00e8qmnd7qc"},"id":"vcw11dh95ym3672","previousOperationId":"ix48fn3cmq23i44"}
{"type":"operationEnd","operationId":"ix48fn3cmq23i44","timestamp":1707979165110,"id":"4zksbmoq94k9x1a","previousEventId":"1s1xozvs7pjtygs","previousOperationId":"ix48fn3cmq23i44"}
{"type":"operationStart","subtype":"recipe","name":"chrome-pdf","timestamp":1707979165111,"id":"ac05w39xrvow09p","previousEventId":"4zksbmoq94k9x1a","operationId":"rvhkopg8m2sqv3c","previousOperationId":"ix48fn3cmq23i44"}
{"type":"log","timestamp":1707979165111,"level":"debug","message":"Executing recipe chrome-pdf","meta":{"rootId":"0bca00e8qmnd7qc","id":"0bca00e8qmnd7qc"},"id":"rpncru21q2o24ve","previousOperationId":"rvhkopg8m2sqv3c"}
{"type":"log","timestamp":1707979165115,"level":"debug","message":"Converting with chrome HeadlessChrome/117.0.5938.149 using chrome-pool strategy","meta":{"rootId":"0bca00e8qmnd7qc","id":"0bca00e8qmnd7qc"},"id":"nuewpb8stgdenhu","previousOperationId":"rvhkopg8m2sqv3c"}
{"type":"log","timestamp":1707979165217,"level":"debug","message":"Page request: GET (document) file:///C:/Users/USER/AppData/Local/Temp/jsreport/autocleanup/86e56629-3a5a-4e9d-914b-c325888c92cd-chrome-pdf.html","meta":{"rootId":"0bca00e8qmnd7qc","id":"0bca00e8qmnd7qc"},"id":"gviwf6s49ofksv3","previousOperationId":"rvhkopg8m2sqv3c"}
{"type":"log","timestamp":1707979165225,"level":"debug","message":"Page request finished: GET (document) 200 file:///C:/Users/USER/AppData/Local/Temp/jsreport/autocleanup/86e56629-3a5a-4e9d-914b-c325888c92cd-chrome-pdf.html","meta":{"rootId":"0bca00e8qmnd7qc","id":"0bca00e8qmnd7qc"},"id":"rvhw6wqi69prn66","previousOperationId":"rvhkopg8m2sqv3c"}
{"type":"log","timestamp":1707979165242,"level":"debug","message":"Running chrome with params {\"printBackground\":true,\"marginTop\":\"1cm\",\"marginRight\":\"1cm\",\"marginBottom\":\"1cm\",\"marginLeft\":\"1cm\",\"timeout\":59958,\"margin\":{\"top\":\"1cm\",\"right\":\"1cm\",\"bottom\":\"1cm\",\"left\":\"1cm\"}}","meta":{"rootId":"0bca00e8qmnd7qc","id":"0bca00e8qmnd7qc"},"id":"1w6zxusucg9irmz","previousOperationId":"rvhkopg8m2sqv3c"}
{"type":"operationEnd","operationId":"rvhkopg8m2sqv3c","timestamp":1707979165376,"id":"89en1klixobk8ux","previousEventId":"ac05w39xrvow09p","previousOperationId":"rvhkopg8m2sqv3c"}
{"type":"log","timestamp":1707979165376,"level":"debug","message":"Skipping storing report.","meta":{"rootId":"0bca00e8qmnd7qc","id":"0bca00e8qmnd7qc"},"id":"pgcf1p3t5pvo7u2","previousOperationId":"rvhkopg8m2sqv3c"}
{"type":"log","timestamp":1707979165376,"level":"info","message":"Rendering request 19 finished in 304 ms","meta":{"rootId":"0bca00e8qmnd7qc","id":"0bca00e8qmnd7qc"},"id":"6ylbofzvkhz47f9","previousOperationId":"rvhkopg8m2sqv3c"}
{"type":"operationEnd","subtype":"render","operationId":"95q443h9ekyu7w1","timestamp":1707979165376,"id":"3dvt7rrt34w8phv","previousEventId":"89en1klixobk8ux","previousOperationId":"rvhkopg8m2sqv3c"}
{"type":"operationEnd","doDiffs":false,"previousEventId":"v19npnlooqi0amw","previousOperationId":"12k70zwyptb8ctu","operationId":"12k70zwyptb8ctu","timestamp":1707979165380,"id":"rpb1t9vx8vg1g9r"}
