{"type":"operationStart","subtype":"profile","data":{"_id":"nrrs5KfysVb4CEOU","timestamp":"2024-02-15T08:50:48.996Z","state":"queued","mode":"standard","creationDate":"2024-02-15T08:50:49.000Z","modificationDate":"2024-02-15T08:50:49.000Z","shortid":"Tdyllji","$entitySet":"profiles"},"doDiffs":false,"timestamp":1707987048997,"id":"y18od6eyh5xtaav","previousOperationId":null,"operationId":"ivd586f2a54w9wo"}
{"type":"log","level":"info","message":"Render request 34 queued for execution and waiting for available worker","previousOperationId":"ivd586f2a54w9wo","timestamp":1707987048998,"id":"0m2z7ilpjoveqwy"}
{"type":"operationStart","subtype":"render","name":"invoice-main","previousOperationId":"ivd586f2a54w9wo","timestamp":1707987049008,"id":"ecqcp276pge2kaj","previousEventId":"y18od6eyh5xtaav","operationId":"ltlzbcx6fv9jt0w"}
{"type":"log","timestamp":1707987049008,"level":"info","message":"Starting rendering request 34","meta":{"rootId":"0cdqyzy2u6b3fno","id":"0cdqyzy2u6b3fno"},"id":"udy7n6h2r0lse71","previousOperationId":"ltlzbcx6fv9jt0w"}
{"type":"log","timestamp":1707987049009,"level":"info","message":"Rendering template { name: invoice-main, recipe: chrome-pdf, engine: handlebars, preview: true }","meta":{"rootId":"0cdqyzy2u6b3fno","id":"0cdqyzy2u6b3fno"},"id":"9wyqjefyqbxvyoz","previousOperationId":"ltlzbcx6fv9jt0w"}
{"type":"log","timestamp":1707987049009,"level":"debug","message":"Inline data specified.","meta":{"rootId":"0cdqyzy2u6b3fno","id":"0cdqyzy2u6b3fno"},"id":"o0lixjgq3n5v99g","previousOperationId":"ltlzbcx6fv9jt0w"}
{"type":"log","timestamp":1707987049011,"level":"debug","message":"Base url not specified, skipping its injection.","meta":{"rootId":"0cdqyzy2u6b3fno","id":"0cdqyzy2u6b3fno"},"id":"xdym3t24yoj64m4","previousOperationId":"ltlzbcx6fv9jt0w"}
{"type":"operationStart","subtype":"engine","name":"handlebars","timestamp":1707987049011,"id":"viwhw8552d20ko9","previousEventId":"ecqcp276pge2kaj","operationId":"fh5cjwc8eklp9fi","previousOperationId":"ltlzbcx6fv9jt0w"}
{"type":"log","timestamp":1707987049011,"level":"debug","message":"Rendering engine handlebars","meta":{"rootId":"0cdqyzy2u6b3fno","id":"0cdqyzy2u6b3fno"},"id":"khk350qya5oi6vq","previousOperationId":"fh5cjwc8eklp9fi"}
{"type":"log","timestamp":1707987049027,"level":"debug","message":"(console:log) Calculating item undefined; you should see this message in debug run","meta":{"userLevel":true,"rootId":"0cdqyzy2u6b3fno","id":"0cdqyzy2u6b3fno"},"id":"rvahz4hthwb2ibo","previousOperationId":"fh5cjwc8eklp9fi"}
{"type":"log","timestamp":1707987049027,"level":"debug","message":"(console:log) Calculating item undefined; you should see this message in debug run","meta":{"userLevel":true,"rootId":"0cdqyzy2u6b3fno","id":"0cdqyzy2u6b3fno"},"id":"gvrhfw8qclrn4zp","previousOperationId":"fh5cjwc8eklp9fi"}
{"type":"operationEnd","operationId":"fh5cjwc8eklp9fi","timestamp":1707987049030,"id":"jmirlzbekl7tnlb","previousEventId":"viwhw8552d20ko9","previousOperationId":"fh5cjwc8eklp9fi"}
{"type":"operationStart","subtype":"recipe","name":"chrome-pdf","timestamp":1707987049030,"id":"41mm4csgm3jxp4a","previousEventId":"jmirlzbekl7tnlb","operationId":"rp3np16hr5kec1i","previousOperationId":"fh5cjwc8eklp9fi"}
{"type":"log","timestamp":1707987049030,"level":"debug","message":"Executing recipe chrome-pdf","meta":{"rootId":"0cdqyzy2u6b3fno","id":"0cdqyzy2u6b3fno"},"id":"d69ymabw5ynbofd","previousOperationId":"rp3np16hr5kec1i"}
{"type":"log","timestamp":1707987049035,"level":"debug","message":"Converting with chrome HeadlessChrome/117.0.5938.149 using chrome-pool strategy","meta":{"rootId":"0cdqyzy2u6b3fno","id":"0cdqyzy2u6b3fno"},"id":"nuu71p3cdca8vlp","previousOperationId":"rp3np16hr5kec1i"}
{"type":"log","timestamp":1707987049307,"level":"debug","message":"Page request: GET (document) file:///C:/Users/USER/AppData/Local/Temp/jsreport/autocleanup/69488d7a-03cf-4136-8b76-9cf2464ead6b-chrome-pdf.html","meta":{"rootId":"0cdqyzy2u6b3fno","id":"0cdqyzy2u6b3fno"},"id":"76ok7782bm4mz7f","previousOperationId":"rp3np16hr5kec1i"}
{"type":"log","timestamp":1707987049316,"level":"debug","message":"Page request finished: GET (document) 200 file:///C:/Users/USER/AppData/Local/Temp/jsreport/autocleanup/69488d7a-03cf-4136-8b76-9cf2464ead6b-chrome-pdf.html","meta":{"rootId":"0cdqyzy2u6b3fno","id":"0cdqyzy2u6b3fno"},"id":"ct0r7k1xr7v0t8b","previousOperationId":"rp3np16hr5kec1i"}
{"type":"log","timestamp":1707987049335,"level":"debug","message":"Running chrome with params {\"printBackground\":true,\"marginTop\":\"1cm\",\"marginRight\":\"1cm\",\"marginBottom\":\"1cm\",\"marginLeft\":\"1cm\",\"timeout\":59963,\"margin\":{\"top\":\"1cm\",\"right\":\"1cm\",\"bottom\":\"1cm\",\"left\":\"1cm\"}}","meta":{"rootId":"0cdqyzy2u6b3fno","id":"0cdqyzy2u6b3fno"},"id":"lp06glthw37sxpw","previousOperationId":"rp3np16hr5kec1i"}
{"type":"operationEnd","operationId":"rp3np16hr5kec1i","timestamp":1707987049502,"id":"8pxf6kb9w7ukza9","previousEventId":"41mm4csgm3jxp4a","previousOperationId":"rp3np16hr5kec1i"}
{"type":"log","timestamp":1707987049502,"level":"debug","message":"Skipping storing report.","meta":{"rootId":"0cdqyzy2u6b3fno","id":"0cdqyzy2u6b3fno"},"id":"sop5f6oyp9cn1hl","previousOperationId":"rp3np16hr5kec1i"}
{"type":"log","timestamp":1707987049502,"level":"info","message":"Rendering request 34 finished in 506 ms","meta":{"rootId":"0cdqyzy2u6b3fno","id":"0cdqyzy2u6b3fno"},"id":"4m9cjpa1vp50ti8","previousOperationId":"rp3np16hr5kec1i"}
{"type":"operationEnd","subtype":"render","operationId":"ltlzbcx6fv9jt0w","timestamp":1707987049502,"id":"91w3ztuk1sysb7c","previousEventId":"8pxf6kb9w7ukza9","previousOperationId":"rp3np16hr5kec1i"}
{"type":"operationEnd","doDiffs":false,"previousEventId":"y18od6eyh5xtaav","previousOperationId":"ivd586f2a54w9wo","operationId":"ivd586f2a54w9wo","timestamp":1707987049507,"id":"tt2dqvw3dxc673j"}
