{"type":"operationStart","subtype":"profile","data":{"_id":"UsCTZ8KzqfHMcehN","timestamp":"2024-02-15T07:53:47.737Z","state":"queued","mode":"standard","creationDate":"2024-02-15T07:53:47.740Z","modificationDate":"2024-02-15T07:53:47.740Z","shortid":"PQ4N2rS","$entitySet":"profiles"},"doDiffs":false,"timestamp":1707983627738,"id":"gdq29ljco4hl5tx","previousOperationId":null,"operationId":"v8z1klbvmfc70zf"}
{"type":"log","level":"info","message":"Render request 10 queued for execution and waiting for available worker","previousOperationId":"v8z1klbvmfc70zf","timestamp":1707983627739,"id":"q4hhk5psiip107b"}
{"type":"operationStart","subtype":"render","name":"invoice-main","previousOperationId":"v8z1klbvmfc70zf","timestamp":1707983627750,"id":"s50x87dm2h0stns","previousEventId":"gdq29ljco4hl5tx","operationId":"e797lxiyi1hyupc"}
{"type":"log","timestamp":1707983627750,"level":"info","message":"Starting rendering request 10","meta":{"rootId":"0x5iz6cfhj2b7a4","id":"0x5iz6cfhj2b7a4"},"id":"ta8tvnd6ihphey7","previousOperationId":"e797lxiyi1hyupc"}
{"type":"log","timestamp":1707983627750,"level":"info","message":"Rendering template { name: invoice-main, recipe: chrome-pdf, engine: handlebars, preview: true }","meta":{"rootId":"0x5iz6cfhj2b7a4","id":"0x5iz6cfhj2b7a4"},"id":"q4kwde8tnzrf1m8","previousOperationId":"e797lxiyi1hyupc"}
{"type":"log","timestamp":1707983627751,"level":"debug","message":"Inline data specified.","meta":{"rootId":"0x5iz6cfhj2b7a4","id":"0x5iz6cfhj2b7a4"},"id":"azak4z2p30ohlpr","previousOperationId":"e797lxiyi1hyupc"}
{"type":"log","timestamp":1707983627760,"level":"debug","message":"Base url not specified, skipping its injection.","meta":{"rootId":"0x5iz6cfhj2b7a4","id":"0x5iz6cfhj2b7a4"},"id":"d2f8siv9cvbsw9z","previousOperationId":"e797lxiyi1hyupc"}
{"type":"operationStart","subtype":"engine","name":"handlebars","timestamp":1707983627760,"id":"oog6emf65hymzzl","previousEventId":"s50x87dm2h0stns","operationId":"z64864brt07cgd9","previousOperationId":"e797lxiyi1hyupc"}
{"type":"log","timestamp":1707983627760,"level":"debug","message":"Rendering engine handlebars","meta":{"rootId":"0x5iz6cfhj2b7a4","id":"0x5iz6cfhj2b7a4"},"id":"vys1nmsf5njx2nw","previousOperationId":"z64864brt07cgd9"}
{"type":"log","timestamp":1707983627787,"level":"debug","message":"(console:log) Calculating item undefined; you should see this message in debug run","meta":{"userLevel":true,"rootId":"0x5iz6cfhj2b7a4","id":"0x5iz6cfhj2b7a4"},"id":"14d3zinb6n9ztoc","previousOperationId":"z64864brt07cgd9"}
{"type":"operationEnd","operationId":"z64864brt07cgd9","timestamp":1707983627789,"id":"tpah3r27pztv30d","previousEventId":"oog6emf65hymzzl","previousOperationId":"z64864brt07cgd9"}
{"type":"operationStart","subtype":"recipe","name":"chrome-pdf","timestamp":1707983627790,"id":"8y3krutiwfwz0m1","previousEventId":"tpah3r27pztv30d","operationId":"9j6ppuaunjs0uio","previousOperationId":"z64864brt07cgd9"}
{"type":"log","timestamp":1707983627790,"level":"debug","message":"Executing recipe chrome-pdf","meta":{"rootId":"0x5iz6cfhj2b7a4","id":"0x5iz6cfhj2b7a4"},"id":"4yuw23yuk3scl8a","previousOperationId":"9j6ppuaunjs0uio"}
{"type":"log","timestamp":1707983627793,"level":"debug","message":"Converting with chrome HeadlessChrome/117.0.5938.149 using chrome-pool strategy","meta":{"rootId":"0x5iz6cfhj2b7a4","id":"0x5iz6cfhj2b7a4"},"id":"jmz2za2jyrjobo1","previousOperationId":"9j6ppuaunjs0uio"}
{"type":"log","timestamp":1707983628114,"level":"debug","message":"Page request: GET (document) file:///C:/Users/USER/AppData/Local/Temp/jsreport/autocleanup/6982d2dc-9389-4e1f-8c51-89509ccf8dc9-chrome-pdf.html","meta":{"rootId":"0x5iz6cfhj2b7a4","id":"0x5iz6cfhj2b7a4"},"id":"816epey7x6qe8uq","previousOperationId":"9j6ppuaunjs0uio"}
{"type":"log","timestamp":1707983628124,"level":"debug","message":"Page request finished: GET (document) 200 file:///C:/Users/USER/AppData/Local/Temp/jsreport/autocleanup/6982d2dc-9389-4e1f-8c51-89509ccf8dc9-chrome-pdf.html","meta":{"rootId":"0x5iz6cfhj2b7a4","id":"0x5iz6cfhj2b7a4"},"id":"ffd22q1lnt8go7r","previousOperationId":"9j6ppuaunjs0uio"}
{"type":"log","timestamp":1707983628144,"level":"debug","message":"Running chrome with params {\"printBackground\":true,\"marginTop\":\"1cm\",\"marginRight\":\"1cm\",\"marginBottom\":\"1cm\",\"marginLeft\":\"1cm\",\"timeout\":59944,\"margin\":{\"top\":\"1cm\",\"right\":\"1cm\",\"bottom\":\"1cm\",\"left\":\"1cm\"}}","meta":{"rootId":"0x5iz6cfhj2b7a4","id":"0x5iz6cfhj2b7a4"},"id":"3nd8q36hhmfds5z","previousOperationId":"9j6ppuaunjs0uio"}
{"type":"operationEnd","operationId":"9j6ppuaunjs0uio","timestamp":1707983628322,"id":"x963j9tbr82r1ps","previousEventId":"8y3krutiwfwz0m1","previousOperationId":"9j6ppuaunjs0uio"}
{"type":"log","timestamp":1707983628322,"level":"debug","message":"Skipping storing report.","meta":{"rootId":"0x5iz6cfhj2b7a4","id":"0x5iz6cfhj2b7a4"},"id":"2whput3gx5x7z9x","previousOperationId":"9j6ppuaunjs0uio"}
{"type":"log","timestamp":1707983628322,"level":"info","message":"Rendering request 10 finished in 586 ms","meta":{"rootId":"0x5iz6cfhj2b7a4","id":"0x5iz6cfhj2b7a4"},"id":"updpeegqecoc0a9","previousOperationId":"9j6ppuaunjs0uio"}
{"type":"operationEnd","subtype":"render","operationId":"e797lxiyi1hyupc","timestamp":1707983628322,"id":"oijhnw3i51idsq1","previousEventId":"x963j9tbr82r1ps","previousOperationId":"9j6ppuaunjs0uio"}
{"type":"operationEnd","doDiffs":false,"previousEventId":"gdq29ljco4hl5tx","previousOperationId":"v8z1klbvmfc70zf","operationId":"v8z1klbvmfc70zf","timestamp":1707983628329,"id":"cjp69ro536f2k1t"}
