{"type":"operationStart","subtype":"profile","data":{"_id":"dnupd38n6J0aHqJX","timestamp":"2024-02-17T10:16:46.393Z","state":"queued","mode":"standard","creationDate":"2024-02-17T10:16:46.397Z","modificationDate":"2024-02-17T10:16:46.397Z","shortid":"a9Ci5SC","$entitySet":"profiles"},"doDiffs":false,"timestamp":1708165006394,"id":"ft3xyvqk8qgz9ay","previousOperationId":null,"operationId":"nslsh915ymhbmvz"}
{"type":"log","level":"info","message":"Render request 12 queued for execution and waiting for available worker","previousOperationId":"nslsh915ymhbmvz","timestamp":1708165006395,"id":"1jmyf7g17o13u3h"}
{"type":"operationStart","subtype":"render","name":"invoice-main","previousOperationId":"nslsh915ymhbmvz","timestamp":1708165006459,"id":"7vudwbz98jpqrht","previousEventId":"ft3xyvqk8qgz9ay","operationId":"rjm33qa9des6gdo"}
{"type":"log","timestamp":1708165006464,"level":"info","message":"Starting rendering request 12","meta":{"rootId":"16lv6cyvu9h18ai","id":"16lv6cyvu9h18ai"},"id":"a8gbjhaqc9vve49","previousOperationId":"rjm33qa9des6gdo"}
{"type":"log","timestamp":1708165006467,"level":"info","message":"Rendering template { name: invoice-main, recipe: chrome-pdf, engine: handlebars, preview: false }","meta":{"rootId":"16lv6cyvu9h18ai","id":"16lv6cyvu9h18ai"},"id":"e5unvif7ru711y9","previousOperationId":"rjm33qa9des6gdo"}
{"type":"log","timestamp":1708165006468,"level":"debug","message":"Inline data specified.","meta":{"rootId":"16lv6cyvu9h18ai","id":"16lv6cyvu9h18ai"},"id":"j9zi1iifwzejqte","previousOperationId":"rjm33qa9des6gdo"}
{"type":"log","timestamp":1708165006472,"level":"debug","message":"Base url not specified, skipping its injection.","meta":{"rootId":"16lv6cyvu9h18ai","id":"16lv6cyvu9h18ai"},"id":"wpwrmm5kq9sa8cv","previousOperationId":"rjm33qa9des6gdo"}
{"type":"operationStart","subtype":"engine","name":"handlebars","timestamp":1708165006475,"id":"48wgcft1lzsy5gw","previousEventId":"7vudwbz98jpqrht","operationId":"liafjazfxerhoi8","previousOperationId":"rjm33qa9des6gdo"}
{"type":"log","timestamp":1708165006475,"level":"debug","message":"Rendering engine handlebars","meta":{"rootId":"16lv6cyvu9h18ai","id":"16lv6cyvu9h18ai"},"id":"s3kkiq53qsrrwm9","previousOperationId":"liafjazfxerhoi8"}
{"type":"log","timestamp":1708165006517,"level":"debug","message":"(console:log) Calculating item undefined; you should see this message in debug run","meta":{"userLevel":true,"rootId":"16lv6cyvu9h18ai","id":"16lv6cyvu9h18ai"},"id":"10ygnwdteeb4rkx","previousOperationId":"liafjazfxerhoi8"}
{"type":"operationEnd","operationId":"liafjazfxerhoi8","timestamp":1708165006519,"id":"20l8gnsjnzl2r5w","previousEventId":"48wgcft1lzsy5gw","previousOperationId":"liafjazfxerhoi8"}
{"type":"operationStart","subtype":"recipe","name":"chrome-pdf","timestamp":1708165006519,"id":"ixd5nqqlbxnf25d","previousEventId":"20l8gnsjnzl2r5w","operationId":"p59uztg0feb4mr6","previousOperationId":"liafjazfxerhoi8"}
{"type":"log","timestamp":1708165006519,"level":"debug","message":"Executing recipe chrome-pdf","meta":{"rootId":"16lv6cyvu9h18ai","id":"16lv6cyvu9h18ai"},"id":"pxyem1hpfzcl5lk","previousOperationId":"p59uztg0feb4mr6"}
{"type":"log","timestamp":1708165006869,"level":"debug","message":"Converting with chrome HeadlessChrome/117.0.5938.149 using chrome-pool strategy","meta":{"rootId":"16lv6cyvu9h18ai","id":"16lv6cyvu9h18ai"},"id":"oatwg43s6q0grwi","previousOperationId":"p59uztg0feb4mr6"}
{"type":"log","timestamp":1708165007068,"level":"debug","message":"Page request: GET (document) file:///C:/Users/USER/AppData/Local/Temp/jsreport/autocleanup/c5cb86bd-1e71-41b4-bede-028da6d72888-chrome-pdf.html","meta":{"rootId":"16lv6cyvu9h18ai","id":"16lv6cyvu9h18ai"},"id":"f7tx99l896ye895","previousOperationId":"p59uztg0feb4mr6"}
{"type":"log","timestamp":1708165007077,"level":"debug","message":"Page request finished: GET (document) 200 file:///C:/Users/USER/AppData/Local/Temp/jsreport/autocleanup/c5cb86bd-1e71-41b4-bede-028da6d72888-chrome-pdf.html","meta":{"rootId":"16lv6cyvu9h18ai","id":"16lv6cyvu9h18ai"},"id":"lfvzbst3e0zg8wl","previousOperationId":"p59uztg0feb4mr6"}
{"type":"log","timestamp":1708165007094,"level":"debug","message":"Running chrome with params {\"printBackground\":true,\"marginTop\":\"1cm\",\"marginRight\":\"1cm\",\"marginBottom\":\"1cm\",\"marginLeft\":\"1cm\",\"timeout\":59868,\"margin\":{\"top\":\"1cm\",\"right\":\"1cm\",\"bottom\":\"1cm\",\"left\":\"1cm\"}}","meta":{"rootId":"16lv6cyvu9h18ai","id":"16lv6cyvu9h18ai"},"id":"2klmno4xmmg2hqe","previousOperationId":"p59uztg0feb4mr6"}
{"type":"operationEnd","operationId":"p59uztg0feb4mr6","timestamp":1708165007223,"id":"7gti54yp4rrryzu","previousEventId":"ixd5nqqlbxnf25d","previousOperationId":"p59uztg0feb4mr6"}
{"type":"log","timestamp":1708165007224,"level":"debug","message":"Skipping storing report.","meta":{"rootId":"16lv6cyvu9h18ai","id":"16lv6cyvu9h18ai"},"id":"cavwh5a2zfyhjk9","previousOperationId":"p59uztg0feb4mr6"}
{"type":"log","timestamp":1708165007224,"level":"info","message":"Rendering request 12 finished in 833 ms","meta":{"rootId":"16lv6cyvu9h18ai","id":"16lv6cyvu9h18ai"},"id":"wv695zp1de09sd7","previousOperationId":"p59uztg0feb4mr6"}
{"type":"operationEnd","subtype":"render","operationId":"rjm33qa9des6gdo","timestamp":1708165007224,"id":"gfbt62j6ob1id70","previousEventId":"7gti54yp4rrryzu","previousOperationId":"p59uztg0feb4mr6"}
{"type":"operationEnd","doDiffs":false,"previousEventId":"ft3xyvqk8qgz9ay","previousOperationId":"nslsh915ymhbmvz","operationId":"nslsh915ymhbmvz","timestamp":1708165007227,"id":"t06hy2ptkjsgwwc"}
