{"type":"operationStart","subtype":"profile","data":{"_id":"LaHrIhEHrOzlKnUW","timestamp":"2024-02-15T07:19:11.707Z","state":"queued","mode":"standard","creationDate":"2024-02-15T07:19:11.709Z","modificationDate":"2024-02-15T07:19:11.709Z","shortid":"oAsj0at","$entitySet":"profiles"},"doDiffs":false,"timestamp":1707981551708,"id":"ve7jvvq46w5tepr","previousOperationId":null,"operationId":"wjy8ah63y2g0q0f"}
{"type":"log","level":"info","message":"Render request 24 queued for execution and waiting for available worker","previousOperationId":"wjy8ah63y2g0q0f","timestamp":1707981551708,"id":"sm51qjv8joprnhb"}
{"type":"operationStart","subtype":"render","name":"invoice-main","previousOperationId":"wjy8ah63y2g0q0f","timestamp":1707981551718,"id":"bbj188a02eoz1yf","previousEventId":"ve7jvvq46w5tepr","operationId":"qf8k5phtkblckyu"}
{"type":"log","timestamp":1707981551718,"level":"info","message":"Starting rendering request 24","meta":{"rootId":"1hykm66l641d7yb","id":"1hykm66l641d7yb"},"id":"2hvwg4hdozqw6gg","previousOperationId":"qf8k5phtkblckyu"}
{"type":"log","timestamp":1707981551719,"level":"info","message":"Rendering template { name: invoice-main, recipe: chrome-pdf, engine: handlebars, preview: true }","meta":{"rootId":"1hykm66l641d7yb","id":"1hykm66l641d7yb"},"id":"kqd06jnfxp9czml","previousOperationId":"qf8k5phtkblckyu"}
{"type":"log","timestamp":1707981551719,"level":"debug","message":"Inline data specified.","meta":{"rootId":"1hykm66l641d7yb","id":"1hykm66l641d7yb"},"id":"981uim43ium7crh","previousOperationId":"qf8k5phtkblckyu"}
{"type":"log","timestamp":1707981551721,"level":"debug","message":"Base url not specified, skipping its injection.","meta":{"rootId":"1hykm66l641d7yb","id":"1hykm66l641d7yb"},"id":"q38kckl1cqrfm5v","previousOperationId":"qf8k5phtkblckyu"}
{"type":"operationStart","subtype":"engine","name":"handlebars","timestamp":1707981551721,"id":"nlgn0p7t52yfti5","previousEventId":"bbj188a02eoz1yf","operationId":"mqg66i9xwalltnl","previousOperationId":"qf8k5phtkblckyu"}
{"type":"log","timestamp":1707981551721,"level":"debug","message":"Rendering engine handlebars","meta":{"rootId":"1hykm66l641d7yb","id":"1hykm66l641d7yb"},"id":"pnupprun7ntz0v8","previousOperationId":"mqg66i9xwalltnl"}
{"type":"log","timestamp":1707981551742,"level":"debug","message":"(console:log) Calculating item Website design; you should see this message in debug run","meta":{"userLevel":true,"rootId":"1hykm66l641d7yb","id":"1hykm66l641d7yb"},"id":"8eelhniaf0w54sk","previousOperationId":"mqg66i9xwalltnl"}
{"type":"operationEnd","operationId":"mqg66i9xwalltnl","timestamp":1707981551745,"id":"h675yi6qktv5kqj","previousEventId":"nlgn0p7t52yfti5","previousOperationId":"mqg66i9xwalltnl"}
{"type":"operationStart","subtype":"recipe","name":"chrome-pdf","timestamp":1707981551745,"id":"ik0jio6a12xc5a7","previousEventId":"h675yi6qktv5kqj","operationId":"u4fnvtfbm9sqkws","previousOperationId":"mqg66i9xwalltnl"}
{"type":"log","timestamp":1707981551745,"level":"debug","message":"Executing recipe chrome-pdf","meta":{"rootId":"1hykm66l641d7yb","id":"1hykm66l641d7yb"},"id":"9pov4ehxmhkaupw","previousOperationId":"u4fnvtfbm9sqkws"}
{"type":"log","timestamp":1707981551749,"level":"debug","message":"Converting with chrome HeadlessChrome/117.0.5938.149 using chrome-pool strategy","meta":{"rootId":"1hykm66l641d7yb","id":"1hykm66l641d7yb"},"id":"hcvbw7mo6se2wxk","previousOperationId":"u4fnvtfbm9sqkws"}
{"type":"log","timestamp":1707981551877,"level":"debug","message":"Page request: GET (document) file:///C:/Users/USER/AppData/Local/Temp/jsreport/autocleanup/742a973e-926e-40f9-8736-fa39ef57fccf-chrome-pdf.html","meta":{"rootId":"1hykm66l641d7yb","id":"1hykm66l641d7yb"},"id":"clgswkcen6vg2an","previousOperationId":"u4fnvtfbm9sqkws"}
{"type":"log","timestamp":1707981551889,"level":"debug","message":"Page request finished: GET (document) 200 file:///C:/Users/USER/AppData/Local/Temp/jsreport/autocleanup/742a973e-926e-40f9-8736-fa39ef57fccf-chrome-pdf.html","meta":{"rootId":"1hykm66l641d7yb","id":"1hykm66l641d7yb"},"id":"49cay7perqkpdbn","previousOperationId":"u4fnvtfbm9sqkws"}
{"type":"log","timestamp":1707981551913,"level":"debug","message":"Running chrome with params {\"printBackground\":true,\"marginTop\":\"1cm\",\"marginRight\":\"1cm\",\"marginBottom\":\"1cm\",\"marginLeft\":\"1cm\",\"timeout\":59960,\"margin\":{\"top\":\"1cm\",\"right\":\"1cm\",\"bottom\":\"1cm\",\"left\":\"1cm\"}}","meta":{"rootId":"1hykm66l641d7yb","id":"1hykm66l641d7yb"},"id":"ithen3zf3jb2yf7","previousOperationId":"u4fnvtfbm9sqkws"}
{"type":"operationEnd","operationId":"u4fnvtfbm9sqkws","timestamp":1707981552066,"id":"uxdper6anc7zs4w","previousEventId":"ik0jio6a12xc5a7","previousOperationId":"u4fnvtfbm9sqkws"}
{"type":"log","timestamp":1707981552066,"level":"debug","message":"Skipping storing report.","meta":{"rootId":"1hykm66l641d7yb","id":"1hykm66l641d7yb"},"id":"43wtupzs8yp2p17","previousOperationId":"u4fnvtfbm9sqkws"}
{"type":"log","timestamp":1707981552066,"level":"info","message":"Rendering request 24 finished in 359 ms","meta":{"rootId":"1hykm66l641d7yb","id":"1hykm66l641d7yb"},"id":"3a56btf0r5rhtpp","previousOperationId":"u4fnvtfbm9sqkws"}
{"type":"operationEnd","subtype":"render","operationId":"qf8k5phtkblckyu","timestamp":1707981552066,"id":"yq6tlwyf6ksy7yb","previousEventId":"uxdper6anc7zs4w","previousOperationId":"u4fnvtfbm9sqkws"}
{"type":"operationEnd","doDiffs":false,"previousEventId":"ve7jvvq46w5tepr","previousOperationId":"wjy8ah63y2g0q0f","operationId":"wjy8ah63y2g0q0f","timestamp":1707981552070,"id":"41t75n1l2ipqgrm"}
