{"type":"operationStart","subtype":"profile","data":{"_id":"VsXdYm7JxuZw5ci4","timestamp":"2024-02-15T06:38:32.188Z","state":"queued","mode":"standard","creationDate":"2024-02-15T06:38:32.190Z","modificationDate":"2024-02-15T06:38:32.190Z","shortid":"c7rNxIW","$entitySet":"profiles"},"doDiffs":false,"timestamp":1707979112189,"id":"vqw4831c98gpa6z","previousOperationId":null,"operationId":"f9xjyy41u9uhwba"}
{"type":"log","level":"info","message":"Render request 16 queued for execution and waiting for available worker","previousOperationId":"f9xjyy41u9uhwba","timestamp":1707979112189,"id":"1h9ky5o19sfht6t"}
{"type":"operationStart","subtype":"render","name":"invoice-main","previousOperationId":"f9xjyy41u9uhwba","timestamp":1707979112198,"id":"nhg1qwxs53ysxp9","previousEventId":"vqw4831c98gpa6z","operationId":"wd23kcksswbflnb"}
{"type":"log","timestamp":1707979112198,"level":"info","message":"Starting rendering request 16","meta":{"rootId":"1xsljh817y6tmfd","id":"1xsljh817y6tmfd"},"id":"3wv4jfuqytjkpl0","previousOperationId":"wd23kcksswbflnb"}
{"type":"log","timestamp":1707979112198,"level":"info","message":"Rendering template { name: invoice-main, recipe: chrome-pdf, engine: handlebars, preview: true }","meta":{"rootId":"1xsljh817y6tmfd","id":"1xsljh817y6tmfd"},"id":"igd4hvo32rz0mvv","previousOperationId":"wd23kcksswbflnb"}
{"type":"log","timestamp":1707979112199,"level":"debug","message":"Inline data specified.","meta":{"rootId":"1xsljh817y6tmfd","id":"1xsljh817y6tmfd"},"id":"lamafzh3ojes7fx","previousOperationId":"wd23kcksswbflnb"}
{"type":"log","timestamp":1707979112207,"level":"debug","message":"Base url not specified, skipping its injection.","meta":{"rootId":"1xsljh817y6tmfd","id":"1xsljh817y6tmfd"},"id":"rzs1spl9be1onrp","previousOperationId":"wd23kcksswbflnb"}
{"type":"operationStart","subtype":"engine","name":"handlebars","timestamp":1707979112208,"id":"hpsv3il6zix0l1s","previousEventId":"nhg1qwxs53ysxp9","operationId":"kwsfty2or0ne8ws","previousOperationId":"wd23kcksswbflnb"}
{"type":"log","timestamp":1707979112208,"level":"debug","message":"Rendering engine handlebars","meta":{"rootId":"1xsljh817y6tmfd","id":"1xsljh817y6tmfd"},"id":"e8ubxnc4my6vk45","previousOperationId":"kwsfty2or0ne8ws"}
{"type":"log","timestamp":1707979112228,"level":"debug","message":"(console:log) Calculating item Website design; you should see this message in debug run","meta":{"userLevel":true,"rootId":"1xsljh817y6tmfd","id":"1xsljh817y6tmfd"},"id":"oazuxknp6y250e2","previousOperationId":"kwsfty2or0ne8ws"}
{"type":"operationEnd","operationId":"kwsfty2or0ne8ws","timestamp":1707979112230,"id":"tmul4o1r0l7f2w1","previousEventId":"hpsv3il6zix0l1s","previousOperationId":"kwsfty2or0ne8ws"}
{"type":"operationStart","subtype":"recipe","name":"chrome-pdf","timestamp":1707979112230,"id":"iprjyvdmv6i04v2","previousEventId":"tmul4o1r0l7f2w1","operationId":"abxa26af272c6kc","previousOperationId":"kwsfty2or0ne8ws"}
{"type":"log","timestamp":1707979112230,"level":"debug","message":"Executing recipe chrome-pdf","meta":{"rootId":"1xsljh817y6tmfd","id":"1xsljh817y6tmfd"},"id":"ka0s5tqg1mg29ik","previousOperationId":"abxa26af272c6kc"}
{"type":"log","timestamp":1707979112233,"level":"debug","message":"Converting with chrome HeadlessChrome/117.0.5938.149 using chrome-pool strategy","meta":{"rootId":"1xsljh817y6tmfd","id":"1xsljh817y6tmfd"},"id":"gh5uvzx3jjwc482","previousOperationId":"abxa26af272c6kc"}
{"type":"log","timestamp":1707979112340,"level":"debug","message":"Page request: GET (document) file:///C:/Users/USER/AppData/Local/Temp/jsreport/autocleanup/6236bb07-d31f-46b4-aa44-4aaf8c517732-chrome-pdf.html","meta":{"rootId":"1xsljh817y6tmfd","id":"1xsljh817y6tmfd"},"id":"off5rz6y9ua3il1","previousOperationId":"abxa26af272c6kc"}
{"type":"log","timestamp":1707979112348,"level":"debug","message":"Page request finished: GET (document) 200 file:///C:/Users/USER/AppData/Local/Temp/jsreport/autocleanup/6236bb07-d31f-46b4-aa44-4aaf8c517732-chrome-pdf.html","meta":{"rootId":"1xsljh817y6tmfd","id":"1xsljh817y6tmfd"},"id":"88vcmt0bhfwxpre","previousOperationId":"abxa26af272c6kc"}
{"type":"log","timestamp":1707979112368,"level":"debug","message":"Running chrome with params {\"printBackground\":true,\"marginTop\":\"1cm\",\"marginRight\":\"1cm\",\"marginBottom\":\"1cm\",\"marginLeft\":\"1cm\",\"timeout\":59957,\"margin\":{\"top\":\"1cm\",\"right\":\"1cm\",\"bottom\":\"1cm\",\"left\":\"1cm\"}}","meta":{"rootId":"1xsljh817y6tmfd","id":"1xsljh817y6tmfd"},"id":"6zwtqf4ov35ziwf","previousOperationId":"abxa26af272c6kc"}
{"type":"operationEnd","operationId":"abxa26af272c6kc","timestamp":1707979112512,"id":"kbgzyfczi369f8w","previousEventId":"iprjyvdmv6i04v2","previousOperationId":"abxa26af272c6kc"}
{"type":"log","timestamp":1707979112512,"level":"debug","message":"Skipping storing report.","meta":{"rootId":"1xsljh817y6tmfd","id":"1xsljh817y6tmfd"},"id":"nfsrs7nqhp7ln3x","previousOperationId":"abxa26af272c6kc"}
{"type":"log","timestamp":1707979112512,"level":"info","message":"Rendering request 16 finished in 324 ms","meta":{"rootId":"1xsljh817y6tmfd","id":"1xsljh817y6tmfd"},"id":"umx1t6l38nerxv9","previousOperationId":"abxa26af272c6kc"}
{"type":"operationEnd","subtype":"render","operationId":"wd23kcksswbflnb","timestamp":1707979112512,"id":"6s5qavi0yj12q5f","previousEventId":"kbgzyfczi369f8w","previousOperationId":"abxa26af272c6kc"}
{"type":"operationEnd","doDiffs":false,"previousEventId":"vqw4831c98gpa6z","previousOperationId":"f9xjyy41u9uhwba","operationId":"f9xjyy41u9uhwba","timestamp":1707979112515,"id":"10kfws4itrbg63p"}
