{"type":"operationStart","subtype":"profile","data":{"_id":"dPfAB8VMaJIyr0yJ","timestamp":"2024-02-15T08:00:28.401Z","state":"queued","mode":"standard","creationDate":"2024-02-15T08:00:28.403Z","modificationDate":"2024-02-15T08:00:28.403Z","shortid":"Zc5OXYY","$entitySet":"profiles"},"doDiffs":false,"timestamp":1707984028402,"id":"r81zt5dd4fkjdpe","previousOperationId":null,"operationId":"j81brn0vfgzm2gk"}
{"type":"log","level":"info","message":"Render request 15 queued for execution and waiting for available worker","previousOperationId":"j81brn0vfgzm2gk","timestamp":1707984028402,"id":"5egl86i6qxu6gz5"}
{"type":"operationStart","subtype":"render","name":"invoice-main","previousOperationId":"j81brn0vfgzm2gk","timestamp":1707984028415,"id":"zyz4t0h96flphsl","previousEventId":"r81zt5dd4fkjdpe","operationId":"ci1fzfwgmrddszm"}
{"type":"log","timestamp":1707984028415,"level":"info","message":"Starting rendering request 15","meta":{"rootId":"1zr7yo327m6w1jq","id":"1zr7yo327m6w1jq"},"id":"6vtg02fgdnarth3","previousOperationId":"ci1fzfwgmrddszm"}
{"type":"log","timestamp":1707984028415,"level":"info","message":"Rendering template { name: invoice-main, recipe: chrome-pdf, engine: handlebars, preview: true }","meta":{"rootId":"1zr7yo327m6w1jq","id":"1zr7yo327m6w1jq"},"id":"i2cgjh3ekyfxj3d","previousOperationId":"ci1fzfwgmrddszm"}
{"type":"log","timestamp":1707984028416,"level":"debug","message":"Inline data specified.","meta":{"rootId":"1zr7yo327m6w1jq","id":"1zr7yo327m6w1jq"},"id":"adb6lm989t4m8ah","previousOperationId":"ci1fzfwgmrddszm"}
{"type":"log","timestamp":1707984028417,"level":"debug","message":"Base url not specified, skipping its injection.","meta":{"rootId":"1zr7yo327m6w1jq","id":"1zr7yo327m6w1jq"},"id":"8hj1qccqx7dahsx","previousOperationId":"ci1fzfwgmrddszm"}
{"type":"operationStart","subtype":"engine","name":"handlebars","timestamp":1707984028418,"id":"suonqqlpqkwn5fw","previousEventId":"zyz4t0h96flphsl","operationId":"vu5thjoc0afm94l","previousOperationId":"ci1fzfwgmrddszm"}
{"type":"log","timestamp":1707984028418,"level":"debug","message":"Rendering engine handlebars","meta":{"rootId":"1zr7yo327m6w1jq","id":"1zr7yo327m6w1jq"},"id":"cpb2kymtn4mdmka","previousOperationId":"vu5thjoc0afm94l"}
{"type":"log","timestamp":1707984028434,"level":"debug","message":"(console:log) Calculating item undefined; you should see this message in debug run","meta":{"userLevel":true,"rootId":"1zr7yo327m6w1jq","id":"1zr7yo327m6w1jq"},"id":"06eq8qkpdnyfzt0","previousOperationId":"vu5thjoc0afm94l"}
{"type":"operationEnd","operationId":"vu5thjoc0afm94l","timestamp":1707984028436,"id":"33twfaijo5hiogy","previousEventId":"suonqqlpqkwn5fw","previousOperationId":"vu5thjoc0afm94l"}
{"type":"operationStart","subtype":"recipe","name":"chrome-pdf","timestamp":1707984028436,"id":"9f101d90dyuv2n3","previousEventId":"33twfaijo5hiogy","operationId":"1k5h0p04kvo5et3","previousOperationId":"vu5thjoc0afm94l"}
{"type":"log","timestamp":1707984028436,"level":"debug","message":"Executing recipe chrome-pdf","meta":{"rootId":"1zr7yo327m6w1jq","id":"1zr7yo327m6w1jq"},"id":"xgioul3bvtncfq2","previousOperationId":"1k5h0p04kvo5et3"}
{"type":"log","timestamp":1707984028439,"level":"debug","message":"Converting with chrome HeadlessChrome/117.0.5938.149 using chrome-pool strategy","meta":{"rootId":"1zr7yo327m6w1jq","id":"1zr7yo327m6w1jq"},"id":"cw7nmy2yb1h50gc","previousOperationId":"1k5h0p04kvo5et3"}
{"type":"log","timestamp":1707984028562,"level":"debug","message":"Page request: GET (document) file:///C:/Users/USER/AppData/Local/Temp/jsreport/autocleanup/6edf0a3d-2980-4c11-953e-70ac2408c506-chrome-pdf.html","meta":{"rootId":"1zr7yo327m6w1jq","id":"1zr7yo327m6w1jq"},"id":"fyglccvv2gprjgl","previousOperationId":"1k5h0p04kvo5et3"}
{"type":"log","timestamp":1707984028568,"level":"debug","message":"Page request finished: GET (document) 200 file:///C:/Users/USER/AppData/Local/Temp/jsreport/autocleanup/6edf0a3d-2980-4c11-953e-70ac2408c506-chrome-pdf.html","meta":{"rootId":"1zr7yo327m6w1jq","id":"1zr7yo327m6w1jq"},"id":"368r04n61dub7rh","previousOperationId":"1k5h0p04kvo5et3"}
{"type":"log","timestamp":1707984028587,"level":"debug","message":"Running chrome with params {\"printBackground\":true,\"marginTop\":\"1cm\",\"marginRight\":\"1cm\",\"marginBottom\":\"1cm\",\"marginLeft\":\"1cm\",\"timeout\":59963,\"margin\":{\"top\":\"1cm\",\"right\":\"1cm\",\"bottom\":\"1cm\",\"left\":\"1cm\"}}","meta":{"rootId":"1zr7yo327m6w1jq","id":"1zr7yo327m6w1jq"},"id":"tzk571ea4b8iay9","previousOperationId":"1k5h0p04kvo5et3"}
{"type":"operationEnd","operationId":"1k5h0p04kvo5et3","timestamp":1707984028716,"id":"uf1tdb3azro3ynq","previousEventId":"9f101d90dyuv2n3","previousOperationId":"1k5h0p04kvo5et3"}
{"type":"log","timestamp":1707984028716,"level":"debug","message":"Skipping storing report.","meta":{"rootId":"1zr7yo327m6w1jq","id":"1zr7yo327m6w1jq"},"id":"8k0a5lln3ycdmq3","previousOperationId":"1k5h0p04kvo5et3"}
{"type":"log","timestamp":1707984028716,"level":"info","message":"Rendering request 15 finished in 315 ms","meta":{"rootId":"1zr7yo327m6w1jq","id":"1zr7yo327m6w1jq"},"id":"0y24eiiab5dq8aa","previousOperationId":"1k5h0p04kvo5et3"}
{"type":"operationEnd","subtype":"render","operationId":"ci1fzfwgmrddszm","timestamp":1707984028716,"id":"t4pkvl1mahnae3l","previousEventId":"uf1tdb3azro3ynq","previousOperationId":"1k5h0p04kvo5et3"}
{"type":"operationEnd","doDiffs":false,"previousEventId":"r81zt5dd4fkjdpe","previousOperationId":"j81brn0vfgzm2gk","operationId":"j81brn0vfgzm2gk","timestamp":1707984028721,"id":"7e2vvfghz8nrooa"}
