{"type":"operationStart","subtype":"profile","data":{"_id":"kMOR5I4Eo5teP6RA","timestamp":"2024-02-15T08:30:44.937Z","state":"queued","mode":"standard","creationDate":"2024-02-15T08:30:44.939Z","modificationDate":"2024-02-15T08:30:44.939Z","shortid":"ejKb3WG","$entitySet":"profiles"},"doDiffs":false,"timestamp":1707985844938,"id":"vj89dbbw1u7tmcu","previousOperationId":null,"operationId":"1w83s87rppf8405"}
{"type":"log","level":"info","message":"Render request 29 queued for execution and waiting for available worker","previousOperationId":"1w83s87rppf8405","timestamp":1707985844938,"id":"dqzxpofdt98dx4a"}
{"type":"operationStart","subtype":"render","name":"invoice-main","previousOperationId":"1w83s87rppf8405","timestamp":1707985844950,"id":"8tpsnzrr5wflvgv","previousEventId":"vj89dbbw1u7tmcu","operationId":"4sy8aqr3phozjhh"}
{"type":"log","timestamp":1707985844950,"level":"info","message":"Starting rendering request 29","meta":{"rootId":"2cy22etoji0wr2m","id":"2cy22etoji0wr2m"},"id":"6km2li4mxim8wyz","previousOperationId":"4sy8aqr3phozjhh"}
{"type":"log","timestamp":1707985844951,"level":"info","message":"Rendering template { name: invoice-main, recipe: chrome-pdf, engine: handlebars, preview: true }","meta":{"rootId":"2cy22etoji0wr2m","id":"2cy22etoji0wr2m"},"id":"hxy2m8r8e8z4sdv","previousOperationId":"4sy8aqr3phozjhh"}
{"type":"log","timestamp":1707985844952,"level":"debug","message":"Inline data specified.","meta":{"rootId":"2cy22etoji0wr2m","id":"2cy22etoji0wr2m"},"id":"9pbim6absxhfydr","previousOperationId":"4sy8aqr3phozjhh"}
{"type":"log","timestamp":1707985844954,"level":"debug","message":"Base url not specified, skipping its injection.","meta":{"rootId":"2cy22etoji0wr2m","id":"2cy22etoji0wr2m"},"id":"2mouyjjh6gnxpgn","previousOperationId":"4sy8aqr3phozjhh"}
{"type":"operationStart","subtype":"engine","name":"handlebars","timestamp":1707985844955,"id":"gigmci4rxz6bbhq","previousEventId":"8tpsnzrr5wflvgv","operationId":"hsu2qr5zo6zfdnk","previousOperationId":"4sy8aqr3phozjhh"}
{"type":"log","timestamp":1707985844955,"level":"debug","message":"Rendering engine handlebars","meta":{"rootId":"2cy22etoji0wr2m","id":"2cy22etoji0wr2m"},"id":"9h2tq5vo2x3hmy3","previousOperationId":"hsu2qr5zo6zfdnk"}
{"type":"log","timestamp":1707985844989,"level":"debug","message":"(console:log) Calculating item undefined; you should see this message in debug run","meta":{"userLevel":true,"rootId":"2cy22etoji0wr2m","id":"2cy22etoji0wr2m"},"id":"k41ojkwdrm84bo5","previousOperationId":"hsu2qr5zo6zfdnk"}
{"type":"operationEnd","operationId":"hsu2qr5zo6zfdnk","timestamp":1707985844991,"id":"66afgyw5xmo1gz5","previousEventId":"gigmci4rxz6bbhq","previousOperationId":"hsu2qr5zo6zfdnk"}
{"type":"operationStart","subtype":"recipe","name":"chrome-pdf","timestamp":1707985844992,"id":"shyhngrgaymoi3e","previousEventId":"66afgyw5xmo1gz5","operationId":"p69ckqo5hmafc76","previousOperationId":"hsu2qr5zo6zfdnk"}
{"type":"log","timestamp":1707985844992,"level":"debug","message":"Executing recipe chrome-pdf","meta":{"rootId":"2cy22etoji0wr2m","id":"2cy22etoji0wr2m"},"id":"zpra94y99l9jps1","previousOperationId":"p69ckqo5hmafc76"}
{"type":"log","timestamp":1707985844996,"level":"debug","message":"Converting with chrome HeadlessChrome/117.0.5938.149 using chrome-pool strategy","meta":{"rootId":"2cy22etoji0wr2m","id":"2cy22etoji0wr2m"},"id":"qygr8d3ox3x9kpx","previousOperationId":"p69ckqo5hmafc76"}
{"type":"log","timestamp":1707985845108,"level":"debug","message":"Page request: GET (document) file:///C:/Users/USER/AppData/Local/Temp/jsreport/autocleanup/5918db83-e892-445d-bc1b-cdebe5023e0e-chrome-pdf.html","meta":{"rootId":"2cy22etoji0wr2m","id":"2cy22etoji0wr2m"},"id":"w8g63lsba0nve45","previousOperationId":"p69ckqo5hmafc76"}
{"type":"log","timestamp":1707985845117,"level":"debug","message":"Page request finished: GET (document) 200 file:///C:/Users/USER/AppData/Local/Temp/jsreport/autocleanup/5918db83-e892-445d-bc1b-cdebe5023e0e-chrome-pdf.html","meta":{"rootId":"2cy22etoji0wr2m","id":"2cy22etoji0wr2m"},"id":"sccm8y5pi1b6ct5","previousOperationId":"p69ckqo5hmafc76"}
{"type":"log","timestamp":1707985845139,"level":"debug","message":"Running chrome with params {\"printBackground\":true,\"marginTop\":\"1cm\",\"marginRight\":\"1cm\",\"marginBottom\":\"1cm\",\"marginLeft\":\"1cm\",\"timeout\":59943,\"margin\":{\"top\":\"1cm\",\"right\":\"1cm\",\"bottom\":\"1cm\",\"left\":\"1cm\"}}","meta":{"rootId":"2cy22etoji0wr2m","id":"2cy22etoji0wr2m"},"id":"wc7qggn0p2ntcx2","previousOperationId":"p69ckqo5hmafc76"}
{"type":"operationEnd","operationId":"p69ckqo5hmafc76","timestamp":1707985845310,"id":"40b0bfx2f4x9ve7","previousEventId":"shyhngrgaymoi3e","previousOperationId":"p69ckqo5hmafc76"}
{"type":"log","timestamp":1707985845310,"level":"debug","message":"Skipping storing report.","meta":{"rootId":"2cy22etoji0wr2m","id":"2cy22etoji0wr2m"},"id":"c5rh3jhy2qztc6u","previousOperationId":"p69ckqo5hmafc76"}
{"type":"log","timestamp":1707985845310,"level":"info","message":"Rendering request 29 finished in 373 ms","meta":{"rootId":"2cy22etoji0wr2m","id":"2cy22etoji0wr2m"},"id":"7a9tsola42nvsdu","previousOperationId":"p69ckqo5hmafc76"}
{"type":"operationEnd","subtype":"render","operationId":"4sy8aqr3phozjhh","timestamp":1707985845310,"id":"tilxeyncd0xm6jx","previousEventId":"40b0bfx2f4x9ve7","previousOperationId":"p69ckqo5hmafc76"}
{"type":"operationEnd","doDiffs":false,"previousEventId":"vj89dbbw1u7tmcu","previousOperationId":"1w83s87rppf8405","operationId":"1w83s87rppf8405","timestamp":1707985845316,"id":"r034acxhll9uvnu"}
