{"type":"operationStart","subtype":"profile","data":{"_id":"VKkQMtvMMJ6NOVly","timestamp":"2024-02-15T06:38:05.493Z","state":"queued","mode":"standard","creationDate":"2024-02-15T06:38:05.494Z","modificationDate":"2024-02-15T06:38:05.494Z","shortid":"3gC7ILY","$entitySet":"profiles"},"doDiffs":false,"timestamp":1707979085493,"id":"tujy5oxjw9e44kh","previousOperationId":null,"operationId":"5v7yiwsjgun1o8c"}
{"type":"log","level":"info","message":"Render request 14 queued for execution and waiting for available worker","previousOperationId":"5v7yiwsjgun1o8c","timestamp":1707979085494,"id":"atp21eg9xaq7r9d"}
{"type":"operationStart","subtype":"render","name":"invoice-main","previousOperationId":"5v7yiwsjgun1o8c","timestamp":1707979085508,"id":"nvwi3o9fopp4gua","previousEventId":"tujy5oxjw9e44kh","operationId":"mbgv463xfgxjwjc"}
{"type":"log","timestamp":1707979085508,"level":"info","message":"Starting rendering request 14","meta":{"rootId":"2lfolbndl4drmid","id":"2lfolbndl4drmid"},"id":"fda9w25nrvorixl","previousOperationId":"mbgv463xfgxjwjc"}
{"type":"log","timestamp":1707979085508,"level":"info","message":"Rendering template { name: invoice-main, recipe: chrome-pdf, engine: handlebars, preview: true }","meta":{"rootId":"2lfolbndl4drmid","id":"2lfolbndl4drmid"},"id":"qxancc1kt3htrp2","previousOperationId":"mbgv463xfgxjwjc"}
{"type":"log","timestamp":1707979085510,"level":"debug","message":"Inline data specified.","meta":{"rootId":"2lfolbndl4drmid","id":"2lfolbndl4drmid"},"id":"2fpoid2ughomdte","previousOperationId":"mbgv463xfgxjwjc"}
{"type":"log","timestamp":1707979085513,"level":"debug","message":"Base url not specified, skipping its injection.","meta":{"rootId":"2lfolbndl4drmid","id":"2lfolbndl4drmid"},"id":"gplv5w5v9te0ep4","previousOperationId":"mbgv463xfgxjwjc"}
{"type":"operationStart","subtype":"engine","name":"handlebars","timestamp":1707979085513,"id":"kvatjmu0o2b27xf","previousEventId":"nvwi3o9fopp4gua","operationId":"as17ciy1640ylb0","previousOperationId":"mbgv463xfgxjwjc"}
{"type":"log","timestamp":1707979085513,"level":"debug","message":"Rendering engine handlebars","meta":{"rootId":"2lfolbndl4drmid","id":"2lfolbndl4drmid"},"id":"q56lqko3k05q9fd","previousOperationId":"as17ciy1640ylb0"}
{"type":"log","timestamp":1707979085547,"level":"debug","message":"(console:log) Calculating item Website design; you should see this message in debug run","meta":{"userLevel":true,"rootId":"2lfolbndl4drmid","id":"2lfolbndl4drmid"},"id":"n8q19zehvorkvtv","previousOperationId":"as17ciy1640ylb0"}
{"type":"operationEnd","operationId":"as17ciy1640ylb0","timestamp":1707979085555,"id":"pqyxg98f0kzrkjm","previousEventId":"kvatjmu0o2b27xf","previousOperationId":"as17ciy1640ylb0"}
{"type":"operationStart","subtype":"recipe","name":"chrome-pdf","timestamp":1707979085555,"id":"xwo04b51e8z4jj2","previousEventId":"pqyxg98f0kzrkjm","operationId":"tv4ibyznnxfs5p4","previousOperationId":"as17ciy1640ylb0"}
{"type":"log","timestamp":1707979085555,"level":"debug","message":"Executing recipe chrome-pdf","meta":{"rootId":"2lfolbndl4drmid","id":"2lfolbndl4drmid"},"id":"kvf5396yol8i493","previousOperationId":"tv4ibyznnxfs5p4"}
{"type":"log","timestamp":1707979085563,"level":"debug","message":"Converting with chrome HeadlessChrome/117.0.5938.149 using chrome-pool strategy","meta":{"rootId":"2lfolbndl4drmid","id":"2lfolbndl4drmid"},"id":"lj65uudp7qdofyh","previousOperationId":"tv4ibyznnxfs5p4"}
{"type":"log","timestamp":1707979085719,"level":"debug","message":"Page request: GET (document) file:///C:/Users/USER/AppData/Local/Temp/jsreport/autocleanup/9b825fc1-548f-453f-a8d2-7800046d15bc-chrome-pdf.html","meta":{"rootId":"2lfolbndl4drmid","id":"2lfolbndl4drmid"},"id":"kp2ovowbab46sm1","previousOperationId":"tv4ibyznnxfs5p4"}
{"type":"log","timestamp":1707979085728,"level":"debug","message":"Page request finished: GET (document) 200 file:///C:/Users/USER/AppData/Local/Temp/jsreport/autocleanup/9b825fc1-548f-453f-a8d2-7800046d15bc-chrome-pdf.html","meta":{"rootId":"2lfolbndl4drmid","id":"2lfolbndl4drmid"},"id":"e9qzxtzjj1ckfxa","previousOperationId":"tv4ibyznnxfs5p4"}
{"type":"log","timestamp":1707979085752,"level":"debug","message":"Running chrome with params {\"printBackground\":true,\"marginTop\":\"1cm\",\"marginRight\":\"1cm\",\"marginBottom\":\"1cm\",\"marginLeft\":\"1cm\",\"timeout\":59933,\"margin\":{\"top\":\"1cm\",\"right\":\"1cm\",\"bottom\":\"1cm\",\"left\":\"1cm\"}}","meta":{"rootId":"2lfolbndl4drmid","id":"2lfolbndl4drmid"},"id":"qq6qfcl6dsaga2c","previousOperationId":"tv4ibyznnxfs5p4"}
{"type":"operationEnd","operationId":"tv4ibyznnxfs5p4","timestamp":1707979085945,"id":"sx452at3f6z8tbr","previousEventId":"xwo04b51e8z4jj2","previousOperationId":"tv4ibyznnxfs5p4"}
{"type":"log","timestamp":1707979085945,"level":"debug","message":"Skipping storing report.","meta":{"rootId":"2lfolbndl4drmid","id":"2lfolbndl4drmid"},"id":"cdz0pgvih8yrid9","previousOperationId":"tv4ibyznnxfs5p4"}
{"type":"log","timestamp":1707979085945,"level":"info","message":"Rendering request 14 finished in 452 ms","meta":{"rootId":"2lfolbndl4drmid","id":"2lfolbndl4drmid"},"id":"a1nw3o5k5u69qr4","previousOperationId":"tv4ibyznnxfs5p4"}
{"type":"operationEnd","subtype":"render","operationId":"mbgv463xfgxjwjc","timestamp":1707979085945,"id":"y7hjmo7resceqaa","previousEventId":"sx452at3f6z8tbr","previousOperationId":"tv4ibyznnxfs5p4"}
{"type":"operationEnd","doDiffs":false,"previousEventId":"tujy5oxjw9e44kh","previousOperationId":"5v7yiwsjgun1o8c","operationId":"5v7yiwsjgun1o8c","timestamp":1707979085950,"id":"6d6y901uz6epcy9"}
