{"type":"operationStart","subtype":"profile","data":{"_id":"DfikbuyGhGseZcsh","timestamp":"2024-02-15T08:54:04.173Z","state":"queued","mode":"standard","creationDate":"2024-02-15T08:54:04.175Z","modificationDate":"2024-02-15T08:54:04.175Z","shortid":"pNOakJz","$entitySet":"profiles"},"doDiffs":false,"timestamp":1707987244174,"id":"16xioz5z2qgc9s5","previousOperationId":null,"operationId":"2ecxexuncuamtf2"}
{"type":"log","level":"info","message":"Render request 39 queued for execution and waiting for available worker","previousOperationId":"2ecxexuncuamtf2","timestamp":1707987244174,"id":"rxhxfe3m78fh0md"}
{"type":"operationStart","subtype":"render","name":"invoice-main","previousOperationId":"2ecxexuncuamtf2","timestamp":1707987244185,"id":"3pl0s8rx2lt4itf","previousEventId":"16xioz5z2qgc9s5","operationId":"gvnsm2w9d9bu9em"}
{"type":"log","timestamp":1707987244185,"level":"info","message":"Starting rendering request 39","meta":{"rootId":"3jog4eug6dcg9c7","id":"3jog4eug6dcg9c7"},"id":"zp5yr37vza2f89a","previousOperationId":"gvnsm2w9d9bu9em"}
{"type":"log","timestamp":1707987244186,"level":"info","message":"Rendering template { name: invoice-main, recipe: chrome-pdf, engine: handlebars, preview: true }","meta":{"rootId":"3jog4eug6dcg9c7","id":"3jog4eug6dcg9c7"},"id":"60x4hq22a8ije6s","previousOperationId":"gvnsm2w9d9bu9em"}
{"type":"log","timestamp":1707987244187,"level":"debug","message":"Inline data specified.","meta":{"rootId":"3jog4eug6dcg9c7","id":"3jog4eug6dcg9c7"},"id":"jcqhk1vjufpv4k4","previousOperationId":"gvnsm2w9d9bu9em"}
{"type":"log","timestamp":1707987244190,"level":"debug","message":"Base url not specified, skipping its injection.","meta":{"rootId":"3jog4eug6dcg9c7","id":"3jog4eug6dcg9c7"},"id":"oy41m5t22de79jc","previousOperationId":"gvnsm2w9d9bu9em"}
{"type":"operationStart","subtype":"engine","name":"handlebars","timestamp":1707987244190,"id":"ugzb37nkzj3be75","previousEventId":"3pl0s8rx2lt4itf","operationId":"amiwtm5wj6ihnn2","previousOperationId":"gvnsm2w9d9bu9em"}
{"type":"log","timestamp":1707987244190,"level":"debug","message":"Rendering engine handlebars","meta":{"rootId":"3jog4eug6dcg9c7","id":"3jog4eug6dcg9c7"},"id":"65mokq5ygzj10ci","previousOperationId":"amiwtm5wj6ihnn2"}
{"type":"log","timestamp":1707987244219,"level":"debug","message":"(console:log) Calculating item undefined; you should see this message in debug run","meta":{"userLevel":true,"rootId":"3jog4eug6dcg9c7","id":"3jog4eug6dcg9c7"},"id":"6h49q2d80zag1jl","previousOperationId":"amiwtm5wj6ihnn2"}
{"type":"log","timestamp":1707987244219,"level":"debug","message":"(console:log) Calculating item undefined; you should see this message in debug run","meta":{"userLevel":true,"rootId":"3jog4eug6dcg9c7","id":"3jog4eug6dcg9c7"},"id":"48cdi7g3axauhi3","previousOperationId":"amiwtm5wj6ihnn2"}
{"type":"operationEnd","operationId":"amiwtm5wj6ihnn2","timestamp":1707987244225,"id":"5elhj66hkx51m60","previousEventId":"ugzb37nkzj3be75","previousOperationId":"amiwtm5wj6ihnn2"}
{"type":"operationStart","subtype":"recipe","name":"chrome-pdf","timestamp":1707987244226,"id":"sm71u30nhdjw5y1","previousEventId":"5elhj66hkx51m60","operationId":"sn70ca68saxxfqd","previousOperationId":"amiwtm5wj6ihnn2"}
{"type":"log","timestamp":1707987244226,"level":"debug","message":"Executing recipe chrome-pdf","meta":{"rootId":"3jog4eug6dcg9c7","id":"3jog4eug6dcg9c7"},"id":"ifpop3cd5cak2gi","previousOperationId":"sn70ca68saxxfqd"}
{"type":"log","timestamp":1707987244228,"level":"debug","message":"Converting with chrome HeadlessChrome/117.0.5938.149 using chrome-pool strategy","meta":{"rootId":"3jog4eug6dcg9c7","id":"3jog4eug6dcg9c7"},"id":"6193swsbuqh07ly","previousOperationId":"sn70ca68saxxfqd"}
{"type":"log","timestamp":1707987244365,"level":"debug","message":"Page request: GET (document) file:///C:/Users/USER/AppData/Local/Temp/jsreport/autocleanup/335aa6e9-8d10-4014-91e7-4b80bada3af4-chrome-pdf.html","meta":{"rootId":"3jog4eug6dcg9c7","id":"3jog4eug6dcg9c7"},"id":"gda4bux22gxu4a0","previousOperationId":"sn70ca68saxxfqd"}
{"type":"log","timestamp":1707987244378,"level":"debug","message":"Page request finished: GET (document) 200 file:///C:/Users/USER/AppData/Local/Temp/jsreport/autocleanup/335aa6e9-8d10-4014-91e7-4b80bada3af4-chrome-pdf.html","meta":{"rootId":"3jog4eug6dcg9c7","id":"3jog4eug6dcg9c7"},"id":"6n92c5yk7j6bhvs","previousOperationId":"sn70ca68saxxfqd"}
{"type":"log","timestamp":1707987244411,"level":"debug","message":"Running chrome with params {\"printBackground\":true,\"marginTop\":\"1cm\",\"marginRight\":\"1cm\",\"marginBottom\":\"1cm\",\"marginLeft\":\"1cm\",\"timeout\":59946,\"margin\":{\"top\":\"1cm\",\"right\":\"1cm\",\"bottom\":\"1cm\",\"left\":\"1cm\"}}","meta":{"rootId":"3jog4eug6dcg9c7","id":"3jog4eug6dcg9c7"},"id":"kwa7m3hl3y62pe5","previousOperationId":"sn70ca68saxxfqd"}
{"type":"operationEnd","operationId":"sn70ca68saxxfqd","timestamp":1707987244622,"id":"w67xyq9ty9gl95v","previousEventId":"sm71u30nhdjw5y1","previousOperationId":"sn70ca68saxxfqd"}
{"type":"log","timestamp":1707987244622,"level":"debug","message":"Skipping storing report.","meta":{"rootId":"3jog4eug6dcg9c7","id":"3jog4eug6dcg9c7"},"id":"n6nqsn1haexfju7","previousOperationId":"sn70ca68saxxfqd"}
{"type":"log","timestamp":1707987244622,"level":"info","message":"Rendering request 39 finished in 449 ms","meta":{"rootId":"3jog4eug6dcg9c7","id":"3jog4eug6dcg9c7"},"id":"u06d8jnuqkk882w","previousOperationId":"sn70ca68saxxfqd"}
{"type":"operationEnd","subtype":"render","operationId":"gvnsm2w9d9bu9em","timestamp":1707987244622,"id":"21j6dr3h8fupgbf","previousEventId":"w67xyq9ty9gl95v","previousOperationId":"sn70ca68saxxfqd"}
{"type":"operationEnd","doDiffs":false,"previousEventId":"16xioz5z2qgc9s5","previousOperationId":"2ecxexuncuamtf2","operationId":"2ecxexuncuamtf2","timestamp":1707987244627,"id":"7q8bs5zhy2guf4b"}
