{"type":"operationStart","subtype":"profile","data":{"_id":"L0oVAy0uz9Inoskj","timestamp":"2024-02-15T08:39:41.059Z","state":"queued","mode":"standard","creationDate":"2024-02-15T08:39:41.061Z","modificationDate":"2024-02-15T08:39:41.061Z","shortid":"oqrdZZe","$entitySet":"profiles"},"doDiffs":false,"timestamp":1707986381060,"id":"w0mjknibzovh9qc","previousOperationId":null,"operationId":"fa7s39uf0t8mgyg"}
{"type":"log","level":"info","message":"Render request 32 queued for execution and waiting for available worker","previousOperationId":"fa7s39uf0t8mgyg","timestamp":1707986381060,"id":"yrmxbhwk84rm9xf"}
{"type":"operationStart","subtype":"render","name":"invoice-main","previousOperationId":"fa7s39uf0t8mgyg","timestamp":1707986381073,"id":"nuo8hk1fzv30myo","previousEventId":"w0mjknibzovh9qc","operationId":"ie5vmqtv9qpitdn"}
{"type":"log","timestamp":1707986381073,"level":"info","message":"Starting rendering request 32","meta":{"rootId":"3qu9ovuziwywwdx","id":"3qu9ovuziwywwdx"},"id":"23zp5byqgcido0f","previousOperationId":"ie5vmqtv9qpitdn"}
{"type":"log","timestamp":1707986381073,"level":"info","message":"Rendering template { name: invoice-main, recipe: chrome-pdf, engine: handlebars, preview: true }","meta":{"rootId":"3qu9ovuziwywwdx","id":"3qu9ovuziwywwdx"},"id":"gdlye2361fii2dm","previousOperationId":"ie5vmqtv9qpitdn"}
{"type":"log","timestamp":1707986381074,"level":"debug","message":"Inline data specified.","meta":{"rootId":"3qu9ovuziwywwdx","id":"3qu9ovuziwywwdx"},"id":"beoawomwb3yqj9t","previousOperationId":"ie5vmqtv9qpitdn"}
{"type":"log","timestamp":1707986381078,"level":"debug","message":"Base url not specified, skipping its injection.","meta":{"rootId":"3qu9ovuziwywwdx","id":"3qu9ovuziwywwdx"},"id":"w9bsbm34ynyg3k8","previousOperationId":"ie5vmqtv9qpitdn"}
{"type":"operationStart","subtype":"engine","name":"handlebars","timestamp":1707986381078,"id":"dax5pcjfjecod2g","previousEventId":"nuo8hk1fzv30myo","operationId":"bv64v2v6nk7av6e","previousOperationId":"ie5vmqtv9qpitdn"}
{"type":"log","timestamp":1707986381078,"level":"debug","message":"Rendering engine handlebars","meta":{"rootId":"3qu9ovuziwywwdx","id":"3qu9ovuziwywwdx"},"id":"laac37vcyfc8kz5","previousOperationId":"bv64v2v6nk7av6e"}
{"type":"log","timestamp":1707986381111,"level":"debug","message":"(console:log) Calculating item undefined; you should see this message in debug run","meta":{"userLevel":true,"rootId":"3qu9ovuziwywwdx","id":"3qu9ovuziwywwdx"},"id":"7mkspdhrat2oyhj","previousOperationId":"bv64v2v6nk7av6e"}
{"type":"log","timestamp":1707986381111,"level":"debug","message":"(console:log) Calculating item undefined; you should see this message in debug run","meta":{"userLevel":true,"rootId":"3qu9ovuziwywwdx","id":"3qu9ovuziwywwdx"},"id":"hucf8z6v44hqt95","previousOperationId":"bv64v2v6nk7av6e"}
{"type":"operationEnd","operationId":"bv64v2v6nk7av6e","timestamp":1707986381113,"id":"vggvgx730bmkhtz","previousEventId":"dax5pcjfjecod2g","previousOperationId":"bv64v2v6nk7av6e"}
{"type":"operationStart","subtype":"recipe","name":"chrome-pdf","timestamp":1707986381115,"id":"66vum9zcfu4jxe5","previousEventId":"vggvgx730bmkhtz","operationId":"b8f7zs3ny5vnqvh","previousOperationId":"bv64v2v6nk7av6e"}
{"type":"log","timestamp":1707986381115,"level":"debug","message":"Executing recipe chrome-pdf","meta":{"rootId":"3qu9ovuziwywwdx","id":"3qu9ovuziwywwdx"},"id":"elknam1zmkb54b8","previousOperationId":"b8f7zs3ny5vnqvh"}
{"type":"log","timestamp":1707986381121,"level":"debug","message":"Converting with chrome HeadlessChrome/117.0.5938.149 using chrome-pool strategy","meta":{"rootId":"3qu9ovuziwywwdx","id":"3qu9ovuziwywwdx"},"id":"bc4kicrai7kmvsd","previousOperationId":"b8f7zs3ny5vnqvh"}
{"type":"log","timestamp":1707986381270,"level":"debug","message":"Page request: GET (document) file:///C:/Users/USER/AppData/Local/Temp/jsreport/autocleanup/21b1fd85-07ea-46ef-badf-2201c0d916ed-chrome-pdf.html","meta":{"rootId":"3qu9ovuziwywwdx","id":"3qu9ovuziwywwdx"},"id":"kb5ksv52a4lrl7h","previousOperationId":"b8f7zs3ny5vnqvh"}
{"type":"log","timestamp":1707986381279,"level":"debug","message":"Page request finished: GET (document) 200 file:///C:/Users/USER/AppData/Local/Temp/jsreport/autocleanup/21b1fd85-07ea-46ef-badf-2201c0d916ed-chrome-pdf.html","meta":{"rootId":"3qu9ovuziwywwdx","id":"3qu9ovuziwywwdx"},"id":"2mvy20m6p5mzogu","previousOperationId":"b8f7zs3ny5vnqvh"}
{"type":"log","timestamp":1707986381305,"level":"debug","message":"Running chrome with params {\"printBackground\":true,\"marginTop\":\"1cm\",\"marginRight\":\"1cm\",\"marginBottom\":\"1cm\",\"marginLeft\":\"1cm\",\"timeout\":59941,\"margin\":{\"top\":\"1cm\",\"right\":\"1cm\",\"bottom\":\"1cm\",\"left\":\"1cm\"}}","meta":{"rootId":"3qu9ovuziwywwdx","id":"3qu9ovuziwywwdx"},"id":"clt5zbj9qelxdnn","previousOperationId":"b8f7zs3ny5vnqvh"}
{"type":"operationEnd","operationId":"b8f7zs3ny5vnqvh","timestamp":1707986381543,"id":"udx0esofifofb6c","previousEventId":"66vum9zcfu4jxe5","previousOperationId":"b8f7zs3ny5vnqvh"}
{"type":"log","timestamp":1707986381543,"level":"debug","message":"Skipping storing report.","meta":{"rootId":"3qu9ovuziwywwdx","id":"3qu9ovuziwywwdx"},"id":"96ip0eribp54efe","previousOperationId":"b8f7zs3ny5vnqvh"}
{"type":"log","timestamp":1707986381543,"level":"info","message":"Rendering request 32 finished in 484 ms","meta":{"rootId":"3qu9ovuziwywwdx","id":"3qu9ovuziwywwdx"},"id":"r0un4be9cgn2tle","previousOperationId":"b8f7zs3ny5vnqvh"}
{"type":"operationEnd","subtype":"render","operationId":"ie5vmqtv9qpitdn","timestamp":1707986381543,"id":"53s2gl5ov3rgdn5","previousEventId":"udx0esofifofb6c","previousOperationId":"b8f7zs3ny5vnqvh"}
{"type":"operationEnd","doDiffs":false,"previousEventId":"w0mjknibzovh9qc","previousOperationId":"fa7s39uf0t8mgyg","operationId":"fa7s39uf0t8mgyg","timestamp":1707986381549,"id":"5rx88ehrdkhpqwf"}
