{"type":"operationStart","subtype":"profile","data":{"_id":"PsjCpzy9jJ3XnSsq","timestamp":"2024-02-17T07:26:49.927Z","state":"queued","mode":"standard","creationDate":"2024-02-17T07:26:49.934Z","modificationDate":"2024-02-17T07:26:49.934Z","shortid":"gI_Ylpk","$entitySet":"profiles"},"doDiffs":false,"timestamp":1708154809930,"id":"dsvaygkd0lfyz45","previousOperationId":null,"operationId":"6x09m180sukm1g3"}
{"type":"log","level":"info","message":"Render request 4 queued for execution and waiting for available worker","previousOperationId":"6x09m180sukm1g3","timestamp":1708154809930,"id":"6tbtvrls50smv91"}
{"type":"operationStart","subtype":"render","name":"invoice-main","previousOperationId":"6x09m180sukm1g3","timestamp":1708154810019,"id":"1eb5qgxfgxn81i1","previousEventId":"dsvaygkd0lfyz45","operationId":"95apunlkb9lbrrt"}
{"type":"log","timestamp":1708154810025,"level":"info","message":"Starting rendering request 4","meta":{"rootId":"3vqzzrnoue5qvb4","id":"3vqzzrnoue5qvb4"},"id":"t6k5rxikccsf6db","previousOperationId":"95apunlkb9lbrrt"}
{"type":"log","timestamp":1708154810031,"level":"info","message":"Rendering template { name: invoice-main, recipe: chrome-pdf, engine: handlebars, preview: false }","meta":{"rootId":"3vqzzrnoue5qvb4","id":"3vqzzrnoue5qvb4"},"id":"k73m6843n60o395","previousOperationId":"95apunlkb9lbrrt"}
{"type":"log","timestamp":1708154810039,"level":"debug","message":"Inline data specified.","meta":{"rootId":"3vqzzrnoue5qvb4","id":"3vqzzrnoue5qvb4"},"id":"hzwcs0g4safvgrd","previousOperationId":"95apunlkb9lbrrt"}
{"type":"log","timestamp":1708154810049,"level":"debug","message":"Base url not specified, skipping its injection.","meta":{"rootId":"3vqzzrnoue5qvb4","id":"3vqzzrnoue5qvb4"},"id":"2o4huf8bef7j9zh","previousOperationId":"95apunlkb9lbrrt"}
{"type":"operationStart","subtype":"engine","name":"handlebars","timestamp":1708154810055,"id":"34tga59yz4bf0xg","previousEventId":"1eb5qgxfgxn81i1","operationId":"bqgyoop9kac3nw0","previousOperationId":"95apunlkb9lbrrt"}
{"type":"log","timestamp":1708154810055,"level":"debug","message":"Rendering engine handlebars","meta":{"rootId":"3vqzzrnoue5qvb4","id":"3vqzzrnoue5qvb4"},"id":"ijgxwrpgoa4deoa","previousOperationId":"bqgyoop9kac3nw0"}
{"type":"log","timestamp":1708154810181,"level":"debug","message":"(console:log) Calculating item undefined; you should see this message in debug run","meta":{"userLevel":true,"rootId":"3vqzzrnoue5qvb4","id":"3vqzzrnoue5qvb4"},"id":"vrzxmgkhc7ntq22","previousOperationId":"bqgyoop9kac3nw0"}
{"type":"log","timestamp":1708154810181,"level":"debug","message":"(console:log) Calculating item undefined; you should see this message in debug run","meta":{"userLevel":true,"rootId":"3vqzzrnoue5qvb4","id":"3vqzzrnoue5qvb4"},"id":"izx4v7h4x07tecd","previousOperationId":"bqgyoop9kac3nw0"}
{"type":"operationEnd","operationId":"bqgyoop9kac3nw0","timestamp":1708154810187,"id":"wsbfj8u3heg3o9w","previousEventId":"34tga59yz4bf0xg","previousOperationId":"bqgyoop9kac3nw0"}
{"type":"operationStart","subtype":"recipe","name":"chrome-pdf","timestamp":1708154810189,"id":"9ltj7itnjkwxqar","previousEventId":"wsbfj8u3heg3o9w","operationId":"s9ti5rkwbl3005e","previousOperationId":"bqgyoop9kac3nw0"}
{"type":"log","timestamp":1708154810189,"level":"debug","message":"Executing recipe chrome-pdf","meta":{"rootId":"3vqzzrnoue5qvb4","id":"3vqzzrnoue5qvb4"},"id":"mtw2vjzcamvjrsv","previousOperationId":"s9ti5rkwbl3005e"}
{"type":"log","timestamp":1708154810684,"level":"debug","message":"Converting with chrome HeadlessChrome/117.0.5938.149 using chrome-pool strategy","meta":{"rootId":"3vqzzrnoue5qvb4","id":"3vqzzrnoue5qvb4"},"id":"nbu4vo26xpr3a23","previousOperationId":"s9ti5rkwbl3005e"}
{"type":"log","timestamp":1708154810931,"level":"debug","message":"Page request: GET (document) file:///C:/Users/USER/AppData/Local/Temp/jsreport/autocleanup/d960e9f1-a6b1-4a0e-9b19-5dcaef112d4c-chrome-pdf.html","meta":{"rootId":"3vqzzrnoue5qvb4","id":"3vqzzrnoue5qvb4"},"id":"gnmh189e1m5hnz6","previousOperationId":"s9ti5rkwbl3005e"}
{"type":"log","timestamp":1708154810947,"level":"debug","message":"Page request finished: GET (document) 200 file:///C:/Users/USER/AppData/Local/Temp/jsreport/autocleanup/d960e9f1-a6b1-4a0e-9b19-5dcaef112d4c-chrome-pdf.html","meta":{"rootId":"3vqzzrnoue5qvb4","id":"3vqzzrnoue5qvb4"},"id":"yact716lhqauf2g","previousOperationId":"s9ti5rkwbl3005e"}
{"type":"log","timestamp":1708154810981,"level":"debug","message":"Running chrome with params {\"printBackground\":true,\"marginTop\":\"1cm\",\"marginRight\":\"1cm\",\"marginBottom\":\"1cm\",\"marginLeft\":\"1cm\",\"timeout\":59728,\"margin\":{\"top\":\"1cm\",\"right\":\"1cm\",\"bottom\":\"1cm\",\"left\":\"1cm\"}}","meta":{"rootId":"3vqzzrnoue5qvb4","id":"3vqzzrnoue5qvb4"},"id":"l4zemyfdkug1rlt","previousOperationId":"s9ti5rkwbl3005e"}
{"type":"operationEnd","operationId":"s9ti5rkwbl3005e","timestamp":1708154811285,"id":"kilhnkryrd3jbha","previousEventId":"9ltj7itnjkwxqar","previousOperationId":"s9ti5rkwbl3005e"}
{"type":"log","timestamp":1708154811285,"level":"debug","message":"Skipping storing report.","meta":{"rootId":"3vqzzrnoue5qvb4","id":"3vqzzrnoue5qvb4"},"id":"6mefkacaasxeydx","previousOperationId":"s9ti5rkwbl3005e"}
{"type":"log","timestamp":1708154811285,"level":"info","message":"Rendering request 4 finished in 1359 ms","meta":{"rootId":"3vqzzrnoue5qvb4","id":"3vqzzrnoue5qvb4"},"id":"1oh7vcltm9ugj4g","previousOperationId":"s9ti5rkwbl3005e"}
{"type":"operationEnd","subtype":"render","operationId":"95apunlkb9lbrrt","timestamp":1708154811285,"id":"iebxfevl1jl8hrn","previousEventId":"kilhnkryrd3jbha","previousOperationId":"s9ti5rkwbl3005e"}
{"type":"operationEnd","doDiffs":false,"previousEventId":"dsvaygkd0lfyz45","previousOperationId":"6x09m180sukm1g3","operationId":"6x09m180sukm1g3","timestamp":1708154811289,"id":"wwqyi6xgwn0iphh"}
