{"type":"operationStart","subtype":"profile","data":{"_id":"21fMb5XY5WkqfbuF","timestamp":"2024-02-19T10:08:11.608Z","state":"queued","mode":"standard","creationDate":"2024-02-19T10:08:11.610Z","modificationDate":"2024-02-19T10:08:11.610Z","shortid":"YX8YnWx","$entitySet":"profiles"},"doDiffs":false,"timestamp":1708337291609,"id":"ykgk8icqch91xfm","previousOperationId":null,"operationId":"o0nwo5754erb8ya"}
{"type":"log","level":"info","message":"Render request 7 queued for execution and waiting for available worker","previousOperationId":"o0nwo5754erb8ya","timestamp":1708337291609,"id":"kj62uo1mkbojxbv"}
{"type":"operationStart","subtype":"render","name":"invoice-main","previousOperationId":"o0nwo5754erb8ya","timestamp":1708337291626,"id":"fvrpp0ay54jym5i","previousEventId":"ykgk8icqch91xfm","operationId":"kry2ar7029y1jdl"}
{"type":"log","timestamp":1708337291626,"level":"info","message":"Starting rendering request 7","meta":{"rootId":"43xi2glpr6ds2yn","id":"43xi2glpr6ds2yn"},"id":"1ym2fk6et1sw0ir","previousOperationId":"kry2ar7029y1jdl"}
{"type":"log","timestamp":1708337291626,"level":"info","message":"Rendering template { name: invoice-main, recipe: chrome-pdf, engine: handlebars, preview: false }","meta":{"rootId":"43xi2glpr6ds2yn","id":"43xi2glpr6ds2yn"},"id":"t5mdidsizn6ffr1","previousOperationId":"kry2ar7029y1jdl"}
{"type":"log","timestamp":1708337291627,"level":"debug","message":"Inline data specified.","meta":{"rootId":"43xi2glpr6ds2yn","id":"43xi2glpr6ds2yn"},"id":"aldjxu5qzigv9nw","previousOperationId":"kry2ar7029y1jdl"}
{"type":"log","timestamp":1708337291631,"level":"debug","message":"Base url not specified, skipping its injection.","meta":{"rootId":"43xi2glpr6ds2yn","id":"43xi2glpr6ds2yn"},"id":"sbb36suipuu59oh","previousOperationId":"kry2ar7029y1jdl"}
{"type":"operationStart","subtype":"engine","name":"handlebars","timestamp":1708337291632,"id":"2sqaklia0xf39y2","previousEventId":"fvrpp0ay54jym5i","operationId":"v94pyuwdw3hzebh","previousOperationId":"kry2ar7029y1jdl"}
{"type":"log","timestamp":1708337291632,"level":"debug","message":"Rendering engine handlebars","meta":{"rootId":"43xi2glpr6ds2yn","id":"43xi2glpr6ds2yn"},"id":"mcrqi26xj8q1o1h","previousOperationId":"v94pyuwdw3hzebh"}
{"type":"log","timestamp":1708337291657,"level":"debug","message":"(console:log) Calculating item undefined; you should see this message in debug run","meta":{"userLevel":true,"rootId":"43xi2glpr6ds2yn","id":"43xi2glpr6ds2yn"},"id":"jv85b34t3hntqzu","previousOperationId":"v94pyuwdw3hzebh"}
{"type":"log","timestamp":1708337291657,"level":"debug","message":"(console:log) Calculating item undefined; you should see this message in debug run","meta":{"userLevel":true,"rootId":"43xi2glpr6ds2yn","id":"43xi2glpr6ds2yn"},"id":"lngfi11g086vusr","previousOperationId":"v94pyuwdw3hzebh"}
{"type":"log","timestamp":1708337291657,"level":"debug","message":"(console:log) Calculating item undefined; you should see this message in debug run","meta":{"userLevel":true,"rootId":"43xi2glpr6ds2yn","id":"43xi2glpr6ds2yn"},"id":"jt0arwwd3194uf8","previousOperationId":"v94pyuwdw3hzebh"}
{"type":"log","timestamp":1708337291657,"level":"debug","message":"(console:log) Calculating item undefined; you should see this message in debug run","meta":{"userLevel":true,"rootId":"43xi2glpr6ds2yn","id":"43xi2glpr6ds2yn"},"id":"fofgnrwgxmflhsu","previousOperationId":"v94pyuwdw3hzebh"}
{"type":"operationEnd","operationId":"v94pyuwdw3hzebh","timestamp":1708337291660,"id":"ij0qblrrx7c8gtj","previousEventId":"2sqaklia0xf39y2","previousOperationId":"v94pyuwdw3hzebh"}
{"type":"operationStart","subtype":"recipe","name":"chrome-pdf","timestamp":1708337291661,"id":"dbnczubx0ad3i0p","previousEventId":"ij0qblrrx7c8gtj","operationId":"ypxaknu6oa6ynk2","previousOperationId":"v94pyuwdw3hzebh"}
{"type":"log","timestamp":1708337291661,"level":"debug","message":"Executing recipe chrome-pdf","meta":{"rootId":"43xi2glpr6ds2yn","id":"43xi2glpr6ds2yn"},"id":"2scha7tw63rjzkp","previousOperationId":"ypxaknu6oa6ynk2"}
{"type":"log","timestamp":1708337291669,"level":"debug","message":"Converting with chrome HeadlessChrome/117.0.5938.149 using chrome-pool strategy","meta":{"rootId":"43xi2glpr6ds2yn","id":"43xi2glpr6ds2yn"},"id":"1em25n6snrqcpk2","previousOperationId":"ypxaknu6oa6ynk2"}
{"type":"log","timestamp":1708337291838,"level":"debug","message":"Page request: GET (document) file:///C:/Users/USER/AppData/Local/Temp/jsreport/autocleanup/e55f2fce-facf-40eb-a706-e1b780c1bffd-chrome-pdf.html","meta":{"rootId":"43xi2glpr6ds2yn","id":"43xi2glpr6ds2yn"},"id":"ie7g59lnaq5j9aa","previousOperationId":"ypxaknu6oa6ynk2"}
{"type":"log","timestamp":1708337291848,"level":"debug","message":"Page request finished: GET (document) 200 file:///C:/Users/USER/AppData/Local/Temp/jsreport/autocleanup/e55f2fce-facf-40eb-a706-e1b780c1bffd-chrome-pdf.html","meta":{"rootId":"43xi2glpr6ds2yn","id":"43xi2glpr6ds2yn"},"id":"spyxldjoraqe7iq","previousOperationId":"ypxaknu6oa6ynk2"}
{"type":"log","timestamp":1708337291874,"level":"debug","message":"Running chrome with params {\"printBackground\":true,\"marginTop\":\"1cm\",\"marginRight\":\"1cm\",\"marginBottom\":\"1cm\",\"marginLeft\":\"1cm\",\"timeout\":59944,\"margin\":{\"top\":\"1cm\",\"right\":\"1cm\",\"bottom\":\"1cm\",\"left\":\"1cm\"}}","meta":{"rootId":"43xi2glpr6ds2yn","id":"43xi2glpr6ds2yn"},"id":"grwfdh768hkb2hm","previousOperationId":"ypxaknu6oa6ynk2"}
{"type":"operationEnd","operationId":"ypxaknu6oa6ynk2","timestamp":1708337292112,"id":"9rwkq7x48xermvc","previousEventId":"dbnczubx0ad3i0p","previousOperationId":"ypxaknu6oa6ynk2"}
{"type":"log","timestamp":1708337292112,"level":"debug","message":"Skipping storing report.","meta":{"rootId":"43xi2glpr6ds2yn","id":"43xi2glpr6ds2yn"},"id":"4aqbskra1dy51fp","previousOperationId":"ypxaknu6oa6ynk2"}
{"type":"log","timestamp":1708337292112,"level":"info","message":"Rendering request 7 finished in 504 ms","meta":{"rootId":"43xi2glpr6ds2yn","id":"43xi2glpr6ds2yn"},"id":"h9opyipr93j1ucq","previousOperationId":"ypxaknu6oa6ynk2"}
{"type":"operationEnd","subtype":"render","operationId":"kry2ar7029y1jdl","timestamp":1708337292112,"id":"tj7a5f47cgtllgy","previousEventId":"9rwkq7x48xermvc","previousOperationId":"ypxaknu6oa6ynk2"}
{"type":"operationEnd","doDiffs":false,"previousEventId":"ykgk8icqch91xfm","previousOperationId":"o0nwo5754erb8ya","operationId":"o0nwo5754erb8ya","timestamp":1708337292118,"id":"t51rw9gb7k2bu7y"}
