{"type":"operationStart","subtype":"profile","data":{"_id":"5meKr4RzcYzoZSRd","timestamp":"2024-02-15T08:57:07.074Z","state":"queued","mode":"standard","creationDate":"2024-02-15T08:57:07.077Z","modificationDate":"2024-02-15T08:57:07.077Z","shortid":"_jnZCmR","$entitySet":"profiles"},"doDiffs":false,"timestamp":1707987427076,"id":"sd1h4emonkcbyoy","previousOperationId":null,"operationId":"wt6yxq0ul5b0x5t"}
{"type":"log","level":"info","message":"Render request 44 queued for execution and waiting for available worker","previousOperationId":"wt6yxq0ul5b0x5t","timestamp":1707987427076,"id":"d8270j4yykl24x0"}
{"type":"operationStart","subtype":"render","name":"invoice-main","previousOperationId":"wt6yxq0ul5b0x5t","timestamp":1707987427087,"id":"4axrmd5lw051oyu","previousEventId":"sd1h4emonkcbyoy","operationId":"ddenl1vqbu2irdw"}
{"type":"log","timestamp":1707987427087,"level":"info","message":"Starting rendering request 44","meta":{"rootId":"4geu5fotedsfrun","id":"4geu5fotedsfrun"},"id":"uwexsz0tbdewmu8","previousOperationId":"ddenl1vqbu2irdw"}
{"type":"log","timestamp":1707987427088,"level":"info","message":"Rendering template { name: invoice-main, recipe: chrome-pdf, engine: handlebars, preview: true }","meta":{"rootId":"4geu5fotedsfrun","id":"4geu5fotedsfrun"},"id":"1e6wajgkc9ggbr9","previousOperationId":"ddenl1vqbu2irdw"}
{"type":"log","timestamp":1707987427089,"level":"debug","message":"Inline data specified.","meta":{"rootId":"4geu5fotedsfrun","id":"4geu5fotedsfrun"},"id":"jtowgt8scgll1wh","previousOperationId":"ddenl1vqbu2irdw"}
{"type":"log","timestamp":1707987427091,"level":"debug","message":"Base url not specified, skipping its injection.","meta":{"rootId":"4geu5fotedsfrun","id":"4geu5fotedsfrun"},"id":"32bpasnhl4dty4r","previousOperationId":"ddenl1vqbu2irdw"}
{"type":"operationStart","subtype":"engine","name":"handlebars","timestamp":1707987427092,"id":"b8ftpw81jx4juau","previousEventId":"4axrmd5lw051oyu","operationId":"6wklt2eap3p41mu","previousOperationId":"ddenl1vqbu2irdw"}
{"type":"log","timestamp":1707987427092,"level":"debug","message":"Rendering engine handlebars","meta":{"rootId":"4geu5fotedsfrun","id":"4geu5fotedsfrun"},"id":"ykw3im85vdutg3p","previousOperationId":"6wklt2eap3p41mu"}
{"type":"log","timestamp":1707987427113,"level":"debug","message":"(console:log) Calculating item undefined; you should see this message in debug run","meta":{"userLevel":true,"rootId":"4geu5fotedsfrun","id":"4geu5fotedsfrun"},"id":"2vd9zp1yf5saz1o","previousOperationId":"6wklt2eap3p41mu"}
{"type":"log","timestamp":1707987427113,"level":"debug","message":"(console:log) Calculating item undefined; you should see this message in debug run","meta":{"userLevel":true,"rootId":"4geu5fotedsfrun","id":"4geu5fotedsfrun"},"id":"6ge3vn9f02opcfk","previousOperationId":"6wklt2eap3p41mu"}
{"type":"operationEnd","operationId":"6wklt2eap3p41mu","timestamp":1707987427115,"id":"fq4uhhjludgjgx3","previousEventId":"b8ftpw81jx4juau","previousOperationId":"6wklt2eap3p41mu"}
{"type":"operationStart","subtype":"recipe","name":"chrome-pdf","timestamp":1707987427115,"id":"4twvzogcow7jt76","previousEventId":"fq4uhhjludgjgx3","operationId":"fisdkeu2x64xxhe","previousOperationId":"6wklt2eap3p41mu"}
{"type":"log","timestamp":1707987427115,"level":"debug","message":"Executing recipe chrome-pdf","meta":{"rootId":"4geu5fotedsfrun","id":"4geu5fotedsfrun"},"id":"k74fq02cswbvgkj","previousOperationId":"fisdkeu2x64xxhe"}
{"type":"log","timestamp":1707987427119,"level":"debug","message":"Converting with chrome HeadlessChrome/117.0.5938.149 using chrome-pool strategy","meta":{"rootId":"4geu5fotedsfrun","id":"4geu5fotedsfrun"},"id":"su91l1ryd3yyzwb","previousOperationId":"fisdkeu2x64xxhe"}
{"type":"log","timestamp":1707987427247,"level":"debug","message":"Page request: GET (document) file:///C:/Users/USER/AppData/Local/Temp/jsreport/autocleanup/b9ff878d-d32f-4edf-91f7-ddb8a54564ed-chrome-pdf.html","meta":{"rootId":"4geu5fotedsfrun","id":"4geu5fotedsfrun"},"id":"qek0ahdmhhdplm4","previousOperationId":"fisdkeu2x64xxhe"}
{"type":"log","timestamp":1707987427257,"level":"debug","message":"Page request finished: GET (document) 200 file:///C:/Users/USER/AppData/Local/Temp/jsreport/autocleanup/b9ff878d-d32f-4edf-91f7-ddb8a54564ed-chrome-pdf.html","meta":{"rootId":"4geu5fotedsfrun","id":"4geu5fotedsfrun"},"id":"fvvd9o0ji2a4tf6","previousOperationId":"fisdkeu2x64xxhe"}
{"type":"log","timestamp":1707987427278,"level":"debug","message":"Running chrome with params {\"printBackground\":true,\"marginTop\":\"1cm\",\"marginRight\":\"1cm\",\"marginBottom\":\"1cm\",\"marginLeft\":\"1cm\",\"timeout\":59956,\"margin\":{\"top\":\"1cm\",\"right\":\"1cm\",\"bottom\":\"1cm\",\"left\":\"1cm\"}}","meta":{"rootId":"4geu5fotedsfrun","id":"4geu5fotedsfrun"},"id":"ick4dq0x889j3pe","previousOperationId":"fisdkeu2x64xxhe"}
{"type":"operationEnd","operationId":"fisdkeu2x64xxhe","timestamp":1707987427462,"id":"tk6fn0q2ng8op50","previousEventId":"4twvzogcow7jt76","previousOperationId":"fisdkeu2x64xxhe"}
{"type":"log","timestamp":1707987427463,"level":"debug","message":"Skipping storing report.","meta":{"rootId":"4geu5fotedsfrun","id":"4geu5fotedsfrun"},"id":"y3wthosjpxz78u6","previousOperationId":"fisdkeu2x64xxhe"}
{"type":"log","timestamp":1707987427463,"level":"info","message":"Rendering request 44 finished in 389 ms","meta":{"rootId":"4geu5fotedsfrun","id":"4geu5fotedsfrun"},"id":"gyz1f29q3ye237u","previousOperationId":"fisdkeu2x64xxhe"}
{"type":"operationEnd","subtype":"render","operationId":"ddenl1vqbu2irdw","timestamp":1707987427463,"id":"pp418vz6cbhc33y","previousEventId":"tk6fn0q2ng8op50","previousOperationId":"fisdkeu2x64xxhe"}
{"type":"operationEnd","doDiffs":false,"previousEventId":"sd1h4emonkcbyoy","previousOperationId":"wt6yxq0ul5b0x5t","operationId":"wt6yxq0ul5b0x5t","timestamp":1707987427468,"id":"57qm5rwc0bn0o9b"}
