{"type":"operationStart","subtype":"profile","data":{"_id":"g1JQpkYH7DfQK8XH","timestamp":"2024-02-15T07:19:29.667Z","state":"queued","mode":"standard","creationDate":"2024-02-15T07:19:29.669Z","modificationDate":"2024-02-15T07:19:29.669Z","shortid":"s2WyYvF","$entitySet":"profiles"},"doDiffs":false,"timestamp":1707981569668,"id":"ucc2un7rw2ijprb","previousOperationId":null,"operationId":"l0sxy5hd8oqq8lb"}
{"type":"log","level":"info","message":"Render request 27 queued for execution and waiting for available worker","previousOperationId":"l0sxy5hd8oqq8lb","timestamp":1707981569668,"id":"m8qzhqylcy3u206"}
{"type":"operationStart","subtype":"render","name":"invoice-main","previousOperationId":"l0sxy5hd8oqq8lb","timestamp":1707981569679,"id":"kauhuf1dhvquh8b","previousEventId":"ucc2un7rw2ijprb","operationId":"wn5cutnh0cbqma5"}
{"type":"log","timestamp":1707981569679,"level":"info","message":"Starting rendering request 27","meta":{"rootId":"4l6pdccn008ucde","id":"4l6pdccn008ucde"},"id":"fa3qo415j1tya8r","previousOperationId":"wn5cutnh0cbqma5"}
{"type":"log","timestamp":1707981569679,"level":"info","message":"Rendering template { name: invoice-main, recipe: chrome-pdf, engine: handlebars, preview: true }","meta":{"rootId":"4l6pdccn008ucde","id":"4l6pdccn008ucde"},"id":"0dkugitcxnwnl06","previousOperationId":"wn5cutnh0cbqma5"}
{"type":"log","timestamp":1707981569681,"level":"debug","message":"Inline data specified.","meta":{"rootId":"4l6pdccn008ucde","id":"4l6pdccn008ucde"},"id":"67hm33qyr1s0cs3","previousOperationId":"wn5cutnh0cbqma5"}
{"type":"log","timestamp":1707981569684,"level":"debug","message":"Base url not specified, skipping its injection.","meta":{"rootId":"4l6pdccn008ucde","id":"4l6pdccn008ucde"},"id":"c0kq49hohnqci08","previousOperationId":"wn5cutnh0cbqma5"}
{"type":"operationStart","subtype":"engine","name":"handlebars","timestamp":1707981569684,"id":"pr4q5dn8kq6tzt3","previousEventId":"kauhuf1dhvquh8b","operationId":"40zz5vz94a6hl8x","previousOperationId":"wn5cutnh0cbqma5"}
{"type":"log","timestamp":1707981569684,"level":"debug","message":"Rendering engine handlebars","meta":{"rootId":"4l6pdccn008ucde","id":"4l6pdccn008ucde"},"id":"r18j6gbvsvz800x","previousOperationId":"40zz5vz94a6hl8x"}
{"type":"log","timestamp":1707981569705,"level":"debug","message":"(console:log) Calculating item Website design; you should see this message in debug run","meta":{"userLevel":true,"rootId":"4l6pdccn008ucde","id":"4l6pdccn008ucde"},"id":"l8272zywuhyzpie","previousOperationId":"40zz5vz94a6hl8x"}
{"type":"operationEnd","operationId":"40zz5vz94a6hl8x","timestamp":1707981569707,"id":"vbflmq45xsfhuny","previousEventId":"pr4q5dn8kq6tzt3","previousOperationId":"40zz5vz94a6hl8x"}
{"type":"operationStart","subtype":"recipe","name":"chrome-pdf","timestamp":1707981569708,"id":"ks8z31l6y7fibuy","previousEventId":"vbflmq45xsfhuny","operationId":"3ovurcizt8bk5m0","previousOperationId":"40zz5vz94a6hl8x"}
{"type":"log","timestamp":1707981569708,"level":"debug","message":"Executing recipe chrome-pdf","meta":{"rootId":"4l6pdccn008ucde","id":"4l6pdccn008ucde"},"id":"l1tahjkxw42xkvs","previousOperationId":"3ovurcizt8bk5m0"}
{"type":"log","timestamp":1707981569711,"level":"debug","message":"Converting with chrome HeadlessChrome/117.0.5938.149 using chrome-pool strategy","meta":{"rootId":"4l6pdccn008ucde","id":"4l6pdccn008ucde"},"id":"n9nskvcxk4vzqhf","previousOperationId":"3ovurcizt8bk5m0"}
{"type":"log","timestamp":1707981569833,"level":"debug","message":"Page request: GET (document) file:///C:/Users/USER/AppData/Local/Temp/jsreport/autocleanup/e288b04d-bc95-43b2-896c-b6cd624e5a12-chrome-pdf.html","meta":{"rootId":"4l6pdccn008ucde","id":"4l6pdccn008ucde"},"id":"4pmcjj61rov7uqi","previousOperationId":"3ovurcizt8bk5m0"}
{"type":"log","timestamp":1707981569840,"level":"debug","message":"Page request finished: GET (document) 200 file:///C:/Users/USER/AppData/Local/Temp/jsreport/autocleanup/e288b04d-bc95-43b2-896c-b6cd624e5a12-chrome-pdf.html","meta":{"rootId":"4l6pdccn008ucde","id":"4l6pdccn008ucde"},"id":"p0untimg0g0cw1r","previousOperationId":"3ovurcizt8bk5m0"}
{"type":"log","timestamp":1707981569863,"level":"debug","message":"Running chrome with params {\"printBackground\":true,\"marginTop\":\"1cm\",\"marginRight\":\"1cm\",\"marginBottom\":\"1cm\",\"marginLeft\":\"1cm\",\"timeout\":59957,\"margin\":{\"top\":\"1cm\",\"right\":\"1cm\",\"bottom\":\"1cm\",\"left\":\"1cm\"}}","meta":{"rootId":"4l6pdccn008ucde","id":"4l6pdccn008ucde"},"id":"s36czqqj3h9ampj","previousOperationId":"3ovurcizt8bk5m0"}
{"type":"operationEnd","operationId":"3ovurcizt8bk5m0","timestamp":1707981570025,"id":"28z27sgf2zeq709","previousEventId":"ks8z31l6y7fibuy","previousOperationId":"3ovurcizt8bk5m0"}
{"type":"log","timestamp":1707981570025,"level":"debug","message":"Skipping storing report.","meta":{"rootId":"4l6pdccn008ucde","id":"4l6pdccn008ucde"},"id":"i6xm1uxvehbzqhf","previousOperationId":"3ovurcizt8bk5m0"}
{"type":"log","timestamp":1707981570027,"level":"info","message":"Rendering request 27 finished in 360 ms","meta":{"rootId":"4l6pdccn008ucde","id":"4l6pdccn008ucde"},"id":"il7yinxkiytlm5a","previousOperationId":"3ovurcizt8bk5m0"}
{"type":"operationEnd","subtype":"render","operationId":"wn5cutnh0cbqma5","timestamp":1707981570027,"id":"f9ldyor68avkkti","previousEventId":"28z27sgf2zeq709","previousOperationId":"3ovurcizt8bk5m0"}
{"type":"operationEnd","doDiffs":false,"previousEventId":"ucc2un7rw2ijprb","previousOperationId":"l0sxy5hd8oqq8lb","operationId":"l0sxy5hd8oqq8lb","timestamp":1707981570032,"id":"i22r1sgpeasv0if"}
