{"type":"operationStart","subtype":"profile","data":{"_id":"FBXtNh9nta7WJtAk","timestamp":"2024-02-15T08:07:00.364Z","state":"queued","mode":"standard","creationDate":"2024-02-15T08:07:00.368Z","modificationDate":"2024-02-15T08:07:00.368Z","shortid":"F6q8vWN","$entitySet":"profiles"},"doDiffs":false,"timestamp":1707984420366,"id":"twjvn5ez6nczubx","previousOperationId":null,"operationId":"79llyfisqi80fz1"}
{"type":"log","level":"info","message":"Render request 22 queued for execution and waiting for available worker","previousOperationId":"79llyfisqi80fz1","timestamp":1707984420366,"id":"y679v9gb1tf7uv8"}
{"type":"operationStart","subtype":"render","name":"invoice-main","previousOperationId":"79llyfisqi80fz1","timestamp":1707984420375,"id":"iobohyf4z8rnezi","previousEventId":"twjvn5ez6nczubx","operationId":"t6i0gvg23sg1bdp"}
{"type":"log","timestamp":1707984420376,"level":"info","message":"Starting rendering request 22","meta":{"rootId":"57elqx4y9u3xctc","id":"57elqx4y9u3xctc"},"id":"09fb8iar2wo7z4h","previousOperationId":"t6i0gvg23sg1bdp"}
{"type":"log","timestamp":1707984420376,"level":"info","message":"Rendering template { name: invoice-main, recipe: chrome-pdf, engine: handlebars, preview: true }","meta":{"rootId":"57elqx4y9u3xctc","id":"57elqx4y9u3xctc"},"id":"79ir6aj0assf5o1","previousOperationId":"t6i0gvg23sg1bdp"}
{"type":"log","timestamp":1707984420376,"level":"debug","message":"Inline data specified.","meta":{"rootId":"57elqx4y9u3xctc","id":"57elqx4y9u3xctc"},"id":"djwabhv0u5rbrnp","previousOperationId":"t6i0gvg23sg1bdp"}
{"type":"log","timestamp":1707984420379,"level":"debug","message":"Base url not specified, skipping its injection.","meta":{"rootId":"57elqx4y9u3xctc","id":"57elqx4y9u3xctc"},"id":"dho65t4e48b89ek","previousOperationId":"t6i0gvg23sg1bdp"}
{"type":"operationStart","subtype":"engine","name":"handlebars","timestamp":1707984420380,"id":"8jxrbwppxkdqgj8","previousEventId":"iobohyf4z8rnezi","operationId":"dlkbqyyyocmwl1d","previousOperationId":"t6i0gvg23sg1bdp"}
{"type":"log","timestamp":1707984420380,"level":"debug","message":"Rendering engine handlebars","meta":{"rootId":"57elqx4y9u3xctc","id":"57elqx4y9u3xctc"},"id":"x487j5z6ofa3tkm","previousOperationId":"dlkbqyyyocmwl1d"}
{"type":"log","timestamp":1707984420407,"level":"debug","message":"(console:log) Calculating item undefined; you should see this message in debug run","meta":{"userLevel":true,"rootId":"57elqx4y9u3xctc","id":"57elqx4y9u3xctc"},"id":"3pdbnvzq6bzli61","previousOperationId":"dlkbqyyyocmwl1d"}
{"type":"operationEnd","operationId":"dlkbqyyyocmwl1d","timestamp":1707984420409,"id":"3s3bys27ftkwmj7","previousEventId":"8jxrbwppxkdqgj8","previousOperationId":"dlkbqyyyocmwl1d"}
{"type":"operationStart","subtype":"recipe","name":"chrome-pdf","timestamp":1707984420409,"id":"vs54zpzy5azaoln","previousEventId":"3s3bys27ftkwmj7","operationId":"ujbuddk9slo7rmr","previousOperationId":"dlkbqyyyocmwl1d"}
{"type":"log","timestamp":1707984420409,"level":"debug","message":"Executing recipe chrome-pdf","meta":{"rootId":"57elqx4y9u3xctc","id":"57elqx4y9u3xctc"},"id":"aqgl745y59rdj7l","previousOperationId":"ujbuddk9slo7rmr"}
{"type":"log","timestamp":1707984420411,"level":"debug","message":"Converting with chrome HeadlessChrome/117.0.5938.149 using chrome-pool strategy","meta":{"rootId":"57elqx4y9u3xctc","id":"57elqx4y9u3xctc"},"id":"wrptrwdqsg8ypet","previousOperationId":"ujbuddk9slo7rmr"}
{"type":"log","timestamp":1707984420509,"level":"debug","message":"Page request: GET (document) file:///C:/Users/USER/AppData/Local/Temp/jsreport/autocleanup/a52623c5-64c3-467e-8590-27464bead968-chrome-pdf.html","meta":{"rootId":"57elqx4y9u3xctc","id":"57elqx4y9u3xctc"},"id":"s2no90gydazayx2","previousOperationId":"ujbuddk9slo7rmr"}
{"type":"log","timestamp":1707984420516,"level":"debug","message":"Page request finished: GET (document) 200 file:///C:/Users/USER/AppData/Local/Temp/jsreport/autocleanup/a52623c5-64c3-467e-8590-27464bead968-chrome-pdf.html","meta":{"rootId":"57elqx4y9u3xctc","id":"57elqx4y9u3xctc"},"id":"l9ion26dj68phur","previousOperationId":"ujbuddk9slo7rmr"}
{"type":"log","timestamp":1707984420533,"level":"debug","message":"Running chrome with params {\"printBackground\":true,\"marginTop\":\"1cm\",\"marginRight\":\"1cm\",\"marginBottom\":\"1cm\",\"marginLeft\":\"1cm\",\"timeout\":59954,\"margin\":{\"top\":\"1cm\",\"right\":\"1cm\",\"bottom\":\"1cm\",\"left\":\"1cm\"}}","meta":{"rootId":"57elqx4y9u3xctc","id":"57elqx4y9u3xctc"},"id":"grbibdwmr5rz6r8","previousOperationId":"ujbuddk9slo7rmr"}
{"type":"operationEnd","operationId":"ujbuddk9slo7rmr","timestamp":1707984420668,"id":"s78rlhxv1epibkv","previousEventId":"vs54zpzy5azaoln","previousOperationId":"ujbuddk9slo7rmr"}
{"type":"log","timestamp":1707984420668,"level":"debug","message":"Skipping storing report.","meta":{"rootId":"57elqx4y9u3xctc","id":"57elqx4y9u3xctc"},"id":"yjqazj2gysn82t0","previousOperationId":"ujbuddk9slo7rmr"}
{"type":"log","timestamp":1707984420668,"level":"info","message":"Rendering request 22 finished in 304 ms","meta":{"rootId":"57elqx4y9u3xctc","id":"57elqx4y9u3xctc"},"id":"6ji9xi6j17c0ko9","previousOperationId":"ujbuddk9slo7rmr"}
{"type":"operationEnd","subtype":"render","operationId":"t6i0gvg23sg1bdp","timestamp":1707984420668,"id":"3gwb38ss7d81kdl","previousEventId":"s78rlhxv1epibkv","previousOperationId":"ujbuddk9slo7rmr"}
{"type":"operationEnd","doDiffs":false,"previousEventId":"twjvn5ez6nczubx","previousOperationId":"79llyfisqi80fz1","operationId":"79llyfisqi80fz1","timestamp":1707984420672,"id":"qpqn2t1vi5hhshe"}
