{"type":"operationStart","subtype":"profile","data":{"_id":"7Aw714x8fa6HRRrI","timestamp":"2024-02-15T07:39:09.935Z","state":"queued","mode":"standard","creationDate":"2024-02-15T07:39:09.936Z","modificationDate":"2024-02-15T07:39:09.936Z","shortid":"bl7xRfr","$entitySet":"profiles"},"doDiffs":false,"timestamp":1707982749936,"id":"f3gq41wff7xui3a","previousOperationId":null,"operationId":"aju7m7mzknc53d8"}
{"type":"log","level":"info","message":"Render request 44 queued for execution and waiting for available worker","previousOperationId":"aju7m7mzknc53d8","timestamp":1707982749936,"id":"szgi9jyvz689qzu"}
{"type":"operationStart","subtype":"render","name":"invoice-main","previousOperationId":"aju7m7mzknc53d8","timestamp":1707982749945,"id":"7f8cxaol7455m8z","previousEventId":"f3gq41wff7xui3a","operationId":"vp871t0wodscjge"}
{"type":"log","timestamp":1707982749945,"level":"info","message":"Starting rendering request 44","meta":{"rootId":"5cbzo65ur8ov0to","id":"5cbzo65ur8ov0to"},"id":"mztg5td5qtnok5v","previousOperationId":"vp871t0wodscjge"}
{"type":"log","timestamp":1707982749945,"level":"info","message":"Rendering template { name: invoice-main, recipe: chrome-pdf, engine: handlebars, preview: true }","meta":{"rootId":"5cbzo65ur8ov0to","id":"5cbzo65ur8ov0to"},"id":"bdb464qqhzm7gux","previousOperationId":"vp871t0wodscjge"}
{"type":"log","timestamp":1707982749946,"level":"debug","message":"Inline data specified.","meta":{"rootId":"5cbzo65ur8ov0to","id":"5cbzo65ur8ov0to"},"id":"pvinovqobmd6mj5","previousOperationId":"vp871t0wodscjge"}
{"type":"log","timestamp":1707982749949,"level":"debug","message":"Base url not specified, skipping its injection.","meta":{"rootId":"5cbzo65ur8ov0to","id":"5cbzo65ur8ov0to"},"id":"4knwqf5epsmlhsv","previousOperationId":"vp871t0wodscjge"}
{"type":"operationStart","subtype":"engine","name":"handlebars","timestamp":1707982749949,"id":"xn3izdng9x4h0r8","previousEventId":"7f8cxaol7455m8z","operationId":"c5mxcc5g7anhtbd","previousOperationId":"vp871t0wodscjge"}
{"type":"log","timestamp":1707982749949,"level":"debug","message":"Rendering engine handlebars","meta":{"rootId":"5cbzo65ur8ov0to","id":"5cbzo65ur8ov0to"},"id":"xma0mb01oaxe4dz","previousOperationId":"c5mxcc5g7anhtbd"}
{"type":"log","timestamp":1707982749967,"level":"debug","message":"(console:log) Calculating item undefined; you should see this message in debug run","meta":{"userLevel":true,"rootId":"5cbzo65ur8ov0to","id":"5cbzo65ur8ov0to"},"id":"rpq2wea0cham1ej","previousOperationId":"c5mxcc5g7anhtbd"}
{"type":"operationEnd","operationId":"c5mxcc5g7anhtbd","timestamp":1707982749969,"id":"oaxrgifm3u3sdbj","previousEventId":"xn3izdng9x4h0r8","previousOperationId":"c5mxcc5g7anhtbd"}
{"type":"operationStart","subtype":"recipe","name":"chrome-pdf","timestamp":1707982749969,"id":"5h41epcc20ddvt6","previousEventId":"oaxrgifm3u3sdbj","operationId":"nj2f7m46qu9gf14","previousOperationId":"c5mxcc5g7anhtbd"}
{"type":"log","timestamp":1707982749969,"level":"debug","message":"Executing recipe chrome-pdf","meta":{"rootId":"5cbzo65ur8ov0to","id":"5cbzo65ur8ov0to"},"id":"833m3b3hqfaazvf","previousOperationId":"nj2f7m46qu9gf14"}
{"type":"log","timestamp":1707982749972,"level":"debug","message":"Converting with chrome HeadlessChrome/117.0.5938.149 using chrome-pool strategy","meta":{"rootId":"5cbzo65ur8ov0to","id":"5cbzo65ur8ov0to"},"id":"qfdl46r2os6fz6r","previousOperationId":"nj2f7m46qu9gf14"}
{"type":"log","timestamp":1707982750093,"level":"debug","message":"Page request: GET (document) file:///C:/Users/USER/AppData/Local/Temp/jsreport/autocleanup/7efc48fd-5b17-4c64-822c-d5c50ba41278-chrome-pdf.html","meta":{"rootId":"5cbzo65ur8ov0to","id":"5cbzo65ur8ov0to"},"id":"v92jjhjme4whotu","previousOperationId":"nj2f7m46qu9gf14"}
{"type":"log","timestamp":1707982750100,"level":"debug","message":"Page request finished: GET (document) 200 file:///C:/Users/USER/AppData/Local/Temp/jsreport/autocleanup/7efc48fd-5b17-4c64-822c-d5c50ba41278-chrome-pdf.html","meta":{"rootId":"5cbzo65ur8ov0to","id":"5cbzo65ur8ov0to"},"id":"wjgke5kfznr93fp","previousOperationId":"nj2f7m46qu9gf14"}
{"type":"log","timestamp":1707982750126,"level":"debug","message":"Running chrome with params {\"printBackground\":true,\"marginTop\":\"1cm\",\"marginRight\":\"1cm\",\"marginBottom\":\"1cm\",\"marginLeft\":\"1cm\",\"timeout\":59964,\"margin\":{\"top\":\"1cm\",\"right\":\"1cm\",\"bottom\":\"1cm\",\"left\":\"1cm\"}}","meta":{"rootId":"5cbzo65ur8ov0to","id":"5cbzo65ur8ov0to"},"id":"dd1z2wtjuy7hf3o","previousOperationId":"nj2f7m46qu9gf14"}
{"type":"operationEnd","operationId":"nj2f7m46qu9gf14","timestamp":1707982750306,"id":"m4c7fy00pt8paqv","previousEventId":"5h41epcc20ddvt6","previousOperationId":"nj2f7m46qu9gf14"}
{"type":"log","timestamp":1707982750306,"level":"debug","message":"Skipping storing report.","meta":{"rootId":"5cbzo65ur8ov0to","id":"5cbzo65ur8ov0to"},"id":"xuwiw3nvjvuwo2i","previousOperationId":"nj2f7m46qu9gf14"}
{"type":"log","timestamp":1707982750306,"level":"info","message":"Rendering request 44 finished in 371 ms","meta":{"rootId":"5cbzo65ur8ov0to","id":"5cbzo65ur8ov0to"},"id":"r301vwi4napfifl","previousOperationId":"nj2f7m46qu9gf14"}
{"type":"operationEnd","subtype":"render","operationId":"vp871t0wodscjge","timestamp":1707982750306,"id":"1h0rcya06z5lpie","previousEventId":"m4c7fy00pt8paqv","previousOperationId":"nj2f7m46qu9gf14"}
{"type":"operationEnd","doDiffs":false,"previousEventId":"f3gq41wff7xui3a","previousOperationId":"aju7m7mzknc53d8","operationId":"aju7m7mzknc53d8","timestamp":1707982750312,"id":"oay562irx0e9kvq"}
