{"type":"operationStart","subtype":"profile","data":{"_id":"1cafgreaxNokdnuY","timestamp":"2024-02-19T10:10:40.440Z","state":"queued","mode":"standard","creationDate":"2024-02-19T10:10:40.443Z","modificationDate":"2024-02-19T10:10:40.443Z","shortid":"-6A7SpO","$entitySet":"profiles"},"doDiffs":false,"timestamp":1708337440441,"id":"upi94c4l5xzvfel","previousOperationId":null,"operationId":"sez8oy3btx1aqr8"}
{"type":"log","level":"info","message":"Render request 8 queued for execution and waiting for available worker","previousOperationId":"sez8oy3btx1aqr8","timestamp":1708337440441,"id":"ldjf8rp9poappil"}
{"type":"operationStart","subtype":"render","name":"invoice-main","previousOperationId":"sez8oy3btx1aqr8","timestamp":1708337440456,"id":"na48cw3saqduz76","previousEventId":"upi94c4l5xzvfel","operationId":"nvv84lao2b9fn2q"}
{"type":"log","timestamp":1708337440456,"level":"info","message":"Starting rendering request 8","meta":{"rootId":"5cxczpyl7nt9kp4","id":"5cxczpyl7nt9kp4"},"id":"28py941dzqkbmtw","previousOperationId":"nvv84lao2b9fn2q"}
{"type":"log","timestamp":1708337440456,"level":"info","message":"Rendering template { name: invoice-main, recipe: chrome-pdf, engine: handlebars, preview: true }","meta":{"rootId":"5cxczpyl7nt9kp4","id":"5cxczpyl7nt9kp4"},"id":"9jqzqydq59yjpu7","previousOperationId":"nvv84lao2b9fn2q"}
{"type":"log","timestamp":1708337440460,"level":"debug","message":"Adding sample data bIueE80","meta":{"rootId":"5cxczpyl7nt9kp4","id":"5cxczpyl7nt9kp4"},"id":"o2pqnx87rxllb71","previousOperationId":"nvv84lao2b9fn2q"}
{"type":"log","timestamp":1708337440463,"level":"debug","message":"Base url not specified, skipping its injection.","meta":{"rootId":"5cxczpyl7nt9kp4","id":"5cxczpyl7nt9kp4"},"id":"mhmc1nh5sffat4x","previousOperationId":"nvv84lao2b9fn2q"}
{"type":"operationStart","subtype":"engine","name":"handlebars","timestamp":1708337440464,"id":"2w45d0y7s1rpqpy","previousEventId":"na48cw3saqduz76","operationId":"sy9pmh6iu0c9tzz","previousOperationId":"nvv84lao2b9fn2q"}
{"type":"log","timestamp":1708337440464,"level":"debug","message":"Rendering engine handlebars","meta":{"rootId":"5cxczpyl7nt9kp4","id":"5cxczpyl7nt9kp4"},"id":"p84pl1y2ueci418","previousOperationId":"sy9pmh6iu0c9tzz"}
{"type":"log","timestamp":1708337440486,"level":"debug","message":"(console:log) Calculating item undefined; you should see this message in debug run","meta":{"userLevel":true,"rootId":"5cxczpyl7nt9kp4","id":"5cxczpyl7nt9kp4"},"id":"4q3e90ye26iy39a","previousOperationId":"sy9pmh6iu0c9tzz"}
{"type":"log","timestamp":1708337440486,"level":"debug","message":"(console:log) Calculating item undefined; you should see this message in debug run","meta":{"userLevel":true,"rootId":"5cxczpyl7nt9kp4","id":"5cxczpyl7nt9kp4"},"id":"tw1z3jaa9mqfmqr","previousOperationId":"sy9pmh6iu0c9tzz"}
{"type":"log","timestamp":1708337440487,"level":"debug","message":"(console:log) Calculating item undefined; you should see this message in debug run","meta":{"userLevel":true,"rootId":"5cxczpyl7nt9kp4","id":"5cxczpyl7nt9kp4"},"id":"p93vmuawj2u7rl9","previousOperationId":"sy9pmh6iu0c9tzz"}
{"type":"log","timestamp":1708337440487,"level":"debug","message":"(console:log) Calculating item undefined; you should see this message in debug run","meta":{"userLevel":true,"rootId":"5cxczpyl7nt9kp4","id":"5cxczpyl7nt9kp4"},"id":"ljjas2evgm62kw2","previousOperationId":"sy9pmh6iu0c9tzz"}
{"type":"log","timestamp":1708337440487,"level":"debug","message":"(console:log) Calculating item undefined; you should see this message in debug run","meta":{"userLevel":true,"rootId":"5cxczpyl7nt9kp4","id":"5cxczpyl7nt9kp4"},"id":"w6x5ntjdirwe2ov","previousOperationId":"sy9pmh6iu0c9tzz"}
{"type":"log","timestamp":1708337440487,"level":"debug","message":"(console:log) Calculating item undefined; you should see this message in debug run","meta":{"userLevel":true,"rootId":"5cxczpyl7nt9kp4","id":"5cxczpyl7nt9kp4"},"id":"6x0s0kfovs6mjs8","previousOperationId":"sy9pmh6iu0c9tzz"}
{"type":"log","timestamp":1708337440487,"level":"debug","message":"(console:log) Calculating item undefined; you should see this message in debug run","meta":{"userLevel":true,"rootId":"5cxczpyl7nt9kp4","id":"5cxczpyl7nt9kp4"},"id":"nyldktdpdapo3ik","previousOperationId":"sy9pmh6iu0c9tzz"}
{"type":"log","timestamp":1708337440487,"level":"debug","message":"(console:log) Calculating item undefined; you should see this message in debug run","meta":{"userLevel":true,"rootId":"5cxczpyl7nt9kp4","id":"5cxczpyl7nt9kp4"},"id":"gmtm6qbrw046u69","previousOperationId":"sy9pmh6iu0c9tzz"}
{"type":"log","timestamp":1708337440487,"level":"debug","message":"(console:log) Calculating item undefined; you should see this message in debug run","meta":{"userLevel":true,"rootId":"5cxczpyl7nt9kp4","id":"5cxczpyl7nt9kp4"},"id":"v5qtlml3xgp6r5h","previousOperationId":"sy9pmh6iu0c9tzz"}
{"type":"log","timestamp":1708337440487,"level":"debug","message":"(console:log) Calculating item undefined; you should see this message in debug run","meta":{"userLevel":true,"rootId":"5cxczpyl7nt9kp4","id":"5cxczpyl7nt9kp4"},"id":"jzilogcrreevuzu","previousOperationId":"sy9pmh6iu0c9tzz"}
{"type":"log","timestamp":1708337440487,"level":"debug","message":"(console:log) Calculating item undefined; you should see this message in debug run","meta":{"userLevel":true,"rootId":"5cxczpyl7nt9kp4","id":"5cxczpyl7nt9kp4"},"id":"0xtihmn2z6hh74j","previousOperationId":"sy9pmh6iu0c9tzz"}
{"type":"log","timestamp":1708337440487,"level":"debug","message":"(console:log) Calculating item undefined; you should see this message in debug run","meta":{"userLevel":true,"rootId":"5cxczpyl7nt9kp4","id":"5cxczpyl7nt9kp4"},"id":"vk15qe6n2v2sk3l","previousOperationId":"sy9pmh6iu0c9tzz"}
{"type":"log","timestamp":1708337440487,"level":"debug","message":"(console:log) Calculating item undefined; you should see this message in debug run","meta":{"userLevel":true,"rootId":"5cxczpyl7nt9kp4","id":"5cxczpyl7nt9kp4"},"id":"h9ye4r2tw695iqq","previousOperationId":"sy9pmh6iu0c9tzz"}
{"type":"log","timestamp":1708337440487,"level":"debug","message":"(console:log) Calculating item undefined; you should see this message in debug run","meta":{"userLevel":true,"rootId":"5cxczpyl7nt9kp4","id":"5cxczpyl7nt9kp4"},"id":"e77h1k99tifyzzi","previousOperationId":"sy9pmh6iu0c9tzz"}
{"type":"log","timestamp":1708337440487,"level":"debug","message":"(console:log) Calculating item undefined; you should see this message in debug run","meta":{"userLevel":true,"rootId":"5cxczpyl7nt9kp4","id":"5cxczpyl7nt9kp4"},"id":"furw3orfy2ov5lc","previousOperationId":"sy9pmh6iu0c9tzz"}
{"type":"log","timestamp":1708337440487,"level":"debug","message":"(console:log) Calculating item undefined; you should see this message in debug run","meta":{"userLevel":true,"rootId":"5cxczpyl7nt9kp4","id":"5cxczpyl7nt9kp4"},"id":"h1yh7b8y0tg4sw3","previousOperationId":"sy9pmh6iu0c9tzz"}
{"type":"log","timestamp":1708337440487,"level":"debug","message":"(console:log) Calculating item undefined; you should see this message in debug run","meta":{"userLevel":true,"rootId":"5cxczpyl7nt9kp4","id":"5cxczpyl7nt9kp4"},"id":"d56442uiic9mfcz","previousOperationId":"sy9pmh6iu0c9tzz"}
{"type":"log","timestamp":1708337440487,"level":"debug","message":"(console:log) Calculating item undefined; you should see this message in debug run","meta":{"userLevel":true,"rootId":"5cxczpyl7nt9kp4","id":"5cxczpyl7nt9kp4"},"id":"vu9yb2voeff8iuj","previousOperationId":"sy9pmh6iu0c9tzz"}
{"type":"log","timestamp":1708337440487,"level":"debug","message":"(console:log) Calculating item undefined; you should see this message in debug run","meta":{"userLevel":true,"rootId":"5cxczpyl7nt9kp4","id":"5cxczpyl7nt9kp4"},"id":"1bqwf25cn8eaiqd","previousOperationId":"sy9pmh6iu0c9tzz"}
{"type":"operationEnd","operationId":"sy9pmh6iu0c9tzz","timestamp":1708337440490,"id":"n0mo82vuv9yj4zw","previousEventId":"2w45d0y7s1rpqpy","previousOperationId":"sy9pmh6iu0c9tzz"}
{"type":"operationStart","subtype":"recipe","name":"chrome-pdf","timestamp":1708337440491,"id":"x9cflgsa1q97xxn","previousEventId":"n0mo82vuv9yj4zw","operationId":"n7d9l0ca535p3el","previousOperationId":"sy9pmh6iu0c9tzz"}
{"type":"log","timestamp":1708337440491,"level":"debug","message":"Executing recipe chrome-pdf","meta":{"rootId":"5cxczpyl7nt9kp4","id":"5cxczpyl7nt9kp4"},"id":"7dxqmaf2obl21au","previousOperationId":"n7d9l0ca535p3el"}
{"type":"log","timestamp":1708337440496,"level":"debug","message":"Converting with chrome HeadlessChrome/117.0.5938.149 using chrome-pool strategy","meta":{"rootId":"5cxczpyl7nt9kp4","id":"5cxczpyl7nt9kp4"},"id":"gj82yp7d1q3jrlg","previousOperationId":"n7d9l0ca535p3el"}
{"type":"log","timestamp":1708337440647,"level":"debug","message":"Page request: GET (document) file:///C:/Users/USER/AppData/Local/Temp/jsreport/autocleanup/42d877b0-112f-4147-b9c5-d5f0f62a1b78-chrome-pdf.html","meta":{"rootId":"5cxczpyl7nt9kp4","id":"5cxczpyl7nt9kp4"},"id":"rb32x5vk1ruo1ni","previousOperationId":"n7d9l0ca535p3el"}
{"type":"log","timestamp":1708337440657,"level":"debug","message":"Page request finished: GET (document) 200 file:///C:/Users/USER/AppData/Local/Temp/jsreport/autocleanup/42d877b0-112f-4147-b9c5-d5f0f62a1b78-chrome-pdf.html","meta":{"rootId":"5cxczpyl7nt9kp4","id":"5cxczpyl7nt9kp4"},"id":"aos3kkfuxcphsv3","previousOperationId":"n7d9l0ca535p3el"}
{"type":"log","timestamp":1708337440683,"level":"debug","message":"Running chrome with params {\"printBackground\":true,\"marginTop\":\"1cm\",\"marginRight\":\"1cm\",\"marginBottom\":\"1cm\",\"marginLeft\":\"1cm\",\"timeout\":59946,\"margin\":{\"top\":\"1cm\",\"right\":\"1cm\",\"bottom\":\"1cm\",\"left\":\"1cm\"}}","meta":{"rootId":"5cxczpyl7nt9kp4","id":"5cxczpyl7nt9kp4"},"id":"lkfs1xgjja01nz2","previousOperationId":"n7d9l0ca535p3el"}
{"type":"operationEnd","operationId":"n7d9l0ca535p3el","timestamp":1708337441103,"id":"vvko3c2ojedcqba","previousEventId":"x9cflgsa1q97xxn","previousOperationId":"n7d9l0ca535p3el"}
{"type":"log","timestamp":1708337441103,"level":"debug","message":"Skipping storing report.","meta":{"rootId":"5cxczpyl7nt9kp4","id":"5cxczpyl7nt9kp4"},"id":"ieeyothjucmrb54","previousOperationId":"n7d9l0ca535p3el"}
{"type":"log","timestamp":1708337441103,"level":"info","message":"Rendering request 8 finished in 663 ms","meta":{"rootId":"5cxczpyl7nt9kp4","id":"5cxczpyl7nt9kp4"},"id":"fve3vuiqnh8j8l7","previousOperationId":"n7d9l0ca535p3el"}
{"type":"operationEnd","subtype":"render","operationId":"nvv84lao2b9fn2q","timestamp":1708337441104,"id":"kqafjbp1r1bln3q","previousEventId":"vvko3c2ojedcqba","previousOperationId":"n7d9l0ca535p3el"}
{"type":"operationEnd","doDiffs":false,"previousEventId":"upi94c4l5xzvfel","previousOperationId":"sez8oy3btx1aqr8","operationId":"sez8oy3btx1aqr8","timestamp":1708337441111,"id":"k368w9721xpqln4"}
