{"type":"operationStart","subtype":"profile","data":{"_id":"uMAiTfsYWUf9kGBI","timestamp":"2024-02-17T07:20:29.271Z","state":"queued","mode":"standard","creationDate":"2024-02-17T07:20:29.274Z","modificationDate":"2024-02-17T07:20:29.274Z","shortid":"cWJ361i","$entitySet":"profiles"},"doDiffs":false,"timestamp":1708154429272,"id":"jl4svyl7xs0wnis","previousOperationId":null,"operationId":"bqb252mj9hdhzjk"}
{"type":"log","level":"info","message":"Render request 3 queued for execution and waiting for available worker","previousOperationId":"bqb252mj9hdhzjk","timestamp":1708154429272,"id":"fz1tdg79v53gdbj"}
{"type":"operationStart","subtype":"render","name":"invoice-main","previousOperationId":"bqb252mj9hdhzjk","timestamp":1708154429305,"id":"45fgxwmhrge8t24","previousEventId":"jl4svyl7xs0wnis","operationId":"8bmt6fly0hpj08g"}
{"type":"log","timestamp":1708154429307,"level":"info","message":"Starting rendering request 3","meta":{"rootId":"5ey1c4onp4kyitg","id":"5ey1c4onp4kyitg"},"id":"f89gt8dtjgxfqr5","previousOperationId":"8bmt6fly0hpj08g"}
{"type":"log","timestamp":1708154429310,"level":"info","message":"Rendering template { name: invoice-main, recipe: chrome-pdf, engine: handlebars, preview: false }","meta":{"rootId":"5ey1c4onp4kyitg","id":"5ey1c4onp4kyitg"},"id":"q1gsqsau9in49bk","previousOperationId":"8bmt6fly0hpj08g"}
{"type":"log","timestamp":1708154429314,"level":"debug","message":"Adding sample data bIueE80","meta":{"rootId":"5ey1c4onp4kyitg","id":"5ey1c4onp4kyitg"},"id":"27x6i04hkw2sdoe","previousOperationId":"8bmt6fly0hpj08g"}
{"type":"log","timestamp":1708154429321,"level":"debug","message":"Base url not specified, skipping its injection.","meta":{"rootId":"5ey1c4onp4kyitg","id":"5ey1c4onp4kyitg"},"id":"rv1kpicevfrw7mg","previousOperationId":"8bmt6fly0hpj08g"}
{"type":"operationStart","subtype":"engine","name":"handlebars","timestamp":1708154429324,"id":"o7pz00mqu29gxtb","previousEventId":"45fgxwmhrge8t24","operationId":"n549o2gsu2nl3ub","previousOperationId":"8bmt6fly0hpj08g"}
{"type":"log","timestamp":1708154429324,"level":"debug","message":"Rendering engine handlebars","meta":{"rootId":"5ey1c4onp4kyitg","id":"5ey1c4onp4kyitg"},"id":"4mcrnhcd083z0xu","previousOperationId":"n549o2gsu2nl3ub"}
{"type":"log","timestamp":1708154429374,"level":"debug","message":"(console:log) Calculating item undefined; you should see this message in debug run","meta":{"userLevel":true,"rootId":"5ey1c4onp4kyitg","id":"5ey1c4onp4kyitg"},"id":"sc7an9qkliqolrj","previousOperationId":"n549o2gsu2nl3ub"}
{"type":"log","timestamp":1708154429375,"level":"debug","message":"(console:log) Calculating item undefined; you should see this message in debug run","meta":{"userLevel":true,"rootId":"5ey1c4onp4kyitg","id":"5ey1c4onp4kyitg"},"id":"rn6egjifmim2bja","previousOperationId":"n549o2gsu2nl3ub"}
{"type":"log","timestamp":1708154429375,"level":"debug","message":"(console:log) Calculating item undefined; you should see this message in debug run","meta":{"userLevel":true,"rootId":"5ey1c4onp4kyitg","id":"5ey1c4onp4kyitg"},"id":"exw560e6hvknuns","previousOperationId":"n549o2gsu2nl3ub"}
{"type":"log","timestamp":1708154429375,"level":"debug","message":"(console:log) Calculating item undefined; you should see this message in debug run","meta":{"userLevel":true,"rootId":"5ey1c4onp4kyitg","id":"5ey1c4onp4kyitg"},"id":"atscovuyqla299x","previousOperationId":"n549o2gsu2nl3ub"}
{"type":"log","timestamp":1708154429375,"level":"debug","message":"(console:log) Calculating item undefined; you should see this message in debug run","meta":{"userLevel":true,"rootId":"5ey1c4onp4kyitg","id":"5ey1c4onp4kyitg"},"id":"rz2n2eglwsarniw","previousOperationId":"n549o2gsu2nl3ub"}
{"type":"log","timestamp":1708154429375,"level":"debug","message":"(console:log) Calculating item undefined; you should see this message in debug run","meta":{"userLevel":true,"rootId":"5ey1c4onp4kyitg","id":"5ey1c4onp4kyitg"},"id":"p12x1t5r5gd2785","previousOperationId":"n549o2gsu2nl3ub"}
{"type":"log","timestamp":1708154429375,"level":"debug","message":"(console:log) Calculating item undefined; you should see this message in debug run","meta":{"userLevel":true,"rootId":"5ey1c4onp4kyitg","id":"5ey1c4onp4kyitg"},"id":"tylj52k8rwccwy0","previousOperationId":"n549o2gsu2nl3ub"}
{"type":"log","timestamp":1708154429375,"level":"debug","message":"(console:log) Calculating item undefined; you should see this message in debug run","meta":{"userLevel":true,"rootId":"5ey1c4onp4kyitg","id":"5ey1c4onp4kyitg"},"id":"il7j56uziqovmok","previousOperationId":"n549o2gsu2nl3ub"}
{"type":"log","timestamp":1708154429375,"level":"debug","message":"(console:log) Calculating item undefined; you should see this message in debug run","meta":{"userLevel":true,"rootId":"5ey1c4onp4kyitg","id":"5ey1c4onp4kyitg"},"id":"mx2ns5evno6cqhg","previousOperationId":"n549o2gsu2nl3ub"}
{"type":"log","timestamp":1708154429375,"level":"debug","message":"(console:log) Calculating item undefined; you should see this message in debug run","meta":{"userLevel":true,"rootId":"5ey1c4onp4kyitg","id":"5ey1c4onp4kyitg"},"id":"5s1uo6qvqy4nehy","previousOperationId":"n549o2gsu2nl3ub"}
{"type":"log","timestamp":1708154429375,"level":"debug","message":"(console:log) Calculating item undefined; you should see this message in debug run","meta":{"userLevel":true,"rootId":"5ey1c4onp4kyitg","id":"5ey1c4onp4kyitg"},"id":"fccthn67rmq5pej","previousOperationId":"n549o2gsu2nl3ub"}
{"type":"log","timestamp":1708154429375,"level":"debug","message":"(console:log) Calculating item undefined; you should see this message in debug run","meta":{"userLevel":true,"rootId":"5ey1c4onp4kyitg","id":"5ey1c4onp4kyitg"},"id":"1mo8e1ij5qhrtop","previousOperationId":"n549o2gsu2nl3ub"}
{"type":"log","timestamp":1708154429375,"level":"debug","message":"(console:log) Calculating item undefined; you should see this message in debug run","meta":{"userLevel":true,"rootId":"5ey1c4onp4kyitg","id":"5ey1c4onp4kyitg"},"id":"l6f6k8p5yp44uwl","previousOperationId":"n549o2gsu2nl3ub"}
{"type":"log","timestamp":1708154429375,"level":"debug","message":"(console:log) Calculating item undefined; you should see this message in debug run","meta":{"userLevel":true,"rootId":"5ey1c4onp4kyitg","id":"5ey1c4onp4kyitg"},"id":"vl9bu8qh9y1xk99","previousOperationId":"n549o2gsu2nl3ub"}
{"type":"log","timestamp":1708154429376,"level":"debug","message":"(console:log) Calculating item undefined; you should see this message in debug run","meta":{"userLevel":true,"rootId":"5ey1c4onp4kyitg","id":"5ey1c4onp4kyitg"},"id":"cqk7fkwnnrlvpbh","previousOperationId":"n549o2gsu2nl3ub"}
{"type":"log","timestamp":1708154429376,"level":"debug","message":"(console:log) Calculating item undefined; you should see this message in debug run","meta":{"userLevel":true,"rootId":"5ey1c4onp4kyitg","id":"5ey1c4onp4kyitg"},"id":"9v8o3rmlts9mufm","previousOperationId":"n549o2gsu2nl3ub"}
{"type":"log","timestamp":1708154429376,"level":"debug","message":"(console:log) Calculating item undefined; you should see this message in debug run","meta":{"userLevel":true,"rootId":"5ey1c4onp4kyitg","id":"5ey1c4onp4kyitg"},"id":"weyb802fgewicu2","previousOperationId":"n549o2gsu2nl3ub"}
{"type":"log","timestamp":1708154429376,"level":"debug","message":"(console:log) Calculating item undefined; you should see this message in debug run","meta":{"userLevel":true,"rootId":"5ey1c4onp4kyitg","id":"5ey1c4onp4kyitg"},"id":"eyxzp0kdu132aeq","previousOperationId":"n549o2gsu2nl3ub"}
{"type":"log","timestamp":1708154429376,"level":"debug","message":"(console:log) Calculating item undefined; you should see this message in debug run","meta":{"userLevel":true,"rootId":"5ey1c4onp4kyitg","id":"5ey1c4onp4kyitg"},"id":"7u3u3o9q8c36cv7","previousOperationId":"n549o2gsu2nl3ub"}
{"type":"operationEnd","operationId":"n549o2gsu2nl3ub","timestamp":1708154429378,"id":"gdt704om06wgffw","previousEventId":"o7pz00mqu29gxtb","previousOperationId":"n549o2gsu2nl3ub"}
{"type":"operationStart","subtype":"recipe","name":"chrome-pdf","timestamp":1708154429379,"id":"vuo0x2j0a3zwajm","previousEventId":"gdt704om06wgffw","operationId":"imxnyorsn8n7n1k","previousOperationId":"n549o2gsu2nl3ub"}
{"type":"log","timestamp":1708154429379,"level":"debug","message":"Executing recipe chrome-pdf","meta":{"rootId":"5ey1c4onp4kyitg","id":"5ey1c4onp4kyitg"},"id":"j1p5fx1wpmuzvtt","previousOperationId":"imxnyorsn8n7n1k"}
{"type":"log","timestamp":1708154430014,"level":"debug","message":"Converting with chrome HeadlessChrome/117.0.5938.149 using chrome-pool strategy","meta":{"rootId":"5ey1c4onp4kyitg","id":"5ey1c4onp4kyitg"},"id":"zg818jr8cu78zu5","previousOperationId":"imxnyorsn8n7n1k"}
{"type":"log","timestamp":1708154430243,"level":"debug","message":"Page request: GET (document) file:///C:/Users/USER/AppData/Local/Temp/jsreport/autocleanup/645879bb-04b7-4c6d-b0bc-20f8da41acdb-chrome-pdf.html","meta":{"rootId":"5ey1c4onp4kyitg","id":"5ey1c4onp4kyitg"},"id":"2v2al8oz5bnfj6t","previousOperationId":"imxnyorsn8n7n1k"}
{"type":"log","timestamp":1708154430258,"level":"debug","message":"Page request finished: GET (document) 200 file:///C:/Users/USER/AppData/Local/Temp/jsreport/autocleanup/645879bb-04b7-4c6d-b0bc-20f8da41acdb-chrome-pdf.html","meta":{"rootId":"5ey1c4onp4kyitg","id":"5ey1c4onp4kyitg"},"id":"r9osoa67wafqjs8","previousOperationId":"imxnyorsn8n7n1k"}
{"type":"log","timestamp":1708154430312,"level":"debug","message":"Running chrome with params {\"printBackground\":true,\"marginTop\":\"1cm\",\"marginRight\":\"1cm\",\"marginBottom\":\"1cm\",\"marginLeft\":\"1cm\",\"timeout\":59884,\"margin\":{\"top\":\"1cm\",\"right\":\"1cm\",\"bottom\":\"1cm\",\"left\":\"1cm\"}}","meta":{"rootId":"5ey1c4onp4kyitg","id":"5ey1c4onp4kyitg"},"id":"exoxhglaq2kkoyo","previousOperationId":"imxnyorsn8n7n1k"}
{"type":"operationEnd","operationId":"imxnyorsn8n7n1k","timestamp":1708154431257,"id":"c3zwy36ljh1f92m","previousEventId":"vuo0x2j0a3zwajm","previousOperationId":"imxnyorsn8n7n1k"}
{"type":"log","timestamp":1708154431258,"level":"debug","message":"Skipping storing report.","meta":{"rootId":"5ey1c4onp4kyitg","id":"5ey1c4onp4kyitg"},"id":"zu7a6seu4cm8dsy","previousOperationId":"imxnyorsn8n7n1k"}
{"type":"log","timestamp":1708154431259,"level":"info","message":"Rendering request 3 finished in 1989 ms","meta":{"rootId":"5ey1c4onp4kyitg","id":"5ey1c4onp4kyitg"},"id":"3h2f7vbap8aohuq","previousOperationId":"imxnyorsn8n7n1k"}
{"type":"operationEnd","subtype":"render","operationId":"8bmt6fly0hpj08g","timestamp":1708154431259,"id":"kxlh06b3qyc95mt","previousEventId":"c3zwy36ljh1f92m","previousOperationId":"imxnyorsn8n7n1k"}
{"type":"operationEnd","doDiffs":false,"previousEventId":"jl4svyl7xs0wnis","previousOperationId":"bqb252mj9hdhzjk","operationId":"bqb252mj9hdhzjk","timestamp":1708154431309,"id":"2i6vargi3q0kwsl"}
