{"type":"operationStart","subtype":"profile","data":{"_id":"bsEjpRkc5Mii3zrZ","timestamp":"2024-02-19T10:04:02.188Z","state":"queued","mode":"standard","creationDate":"2024-02-19T10:04:02.190Z","modificationDate":"2024-02-19T10:04:02.190Z","shortid":"NRTaIC7","$entitySet":"profiles"},"doDiffs":false,"timestamp":1708337042189,"id":"2ew06mpks5b1f2y","previousOperationId":null,"operationId":"f035mo1i8don83o"}
{"type":"log","level":"info","message":"Render request 6 queued for execution and waiting for available worker","previousOperationId":"f035mo1i8don83o","timestamp":1708337042189,"id":"h7uyriv6e4dc4oa"}
{"type":"operationStart","subtype":"render","name":"invoice-main","previousOperationId":"f035mo1i8don83o","timestamp":1708337042202,"id":"p95a50au8oovw0c","previousEventId":"2ew06mpks5b1f2y","operationId":"fk21ylw92ip47y8"}
{"type":"log","timestamp":1708337042203,"level":"info","message":"Starting rendering request 6","meta":{"rootId":"6k4djrj33j41fb7","id":"6k4djrj33j41fb7"},"id":"5kiny678au7faaw","previousOperationId":"fk21ylw92ip47y8"}
{"type":"log","timestamp":1708337042203,"level":"info","message":"Rendering template { name: invoice-main, recipe: chrome-pdf, engine: handlebars, preview: false }","meta":{"rootId":"6k4djrj33j41fb7","id":"6k4djrj33j41fb7"},"id":"o7muzc5gjgvg7nc","previousOperationId":"fk21ylw92ip47y8"}
{"type":"log","timestamp":1708337042204,"level":"debug","message":"Inline data specified.","meta":{"rootId":"6k4djrj33j41fb7","id":"6k4djrj33j41fb7"},"id":"pcrdaam9wvo6x0a","previousOperationId":"fk21ylw92ip47y8"}
{"type":"log","timestamp":1708337042206,"level":"debug","message":"Base url not specified, skipping its injection.","meta":{"rootId":"6k4djrj33j41fb7","id":"6k4djrj33j41fb7"},"id":"zrv6e65rde0ou9d","previousOperationId":"fk21ylw92ip47y8"}
{"type":"operationStart","subtype":"engine","name":"handlebars","timestamp":1708337042207,"id":"9rz52nle5tyc80l","previousEventId":"p95a50au8oovw0c","operationId":"ffd9xorn197jufz","previousOperationId":"fk21ylw92ip47y8"}
{"type":"log","timestamp":1708337042207,"level":"debug","message":"Rendering engine handlebars","meta":{"rootId":"6k4djrj33j41fb7","id":"6k4djrj33j41fb7"},"id":"gfkgg6268d9bdvh","previousOperationId":"ffd9xorn197jufz"}
{"type":"log","timestamp":1708337042231,"level":"debug","message":"(console:log) Calculating item undefined; you should see this message in debug run","meta":{"userLevel":true,"rootId":"6k4djrj33j41fb7","id":"6k4djrj33j41fb7"},"id":"fhm1fm6vi7dukb1","previousOperationId":"ffd9xorn197jufz"}
{"type":"log","timestamp":1708337042231,"level":"debug","message":"(console:log) Calculating item undefined; you should see this message in debug run","meta":{"userLevel":true,"rootId":"6k4djrj33j41fb7","id":"6k4djrj33j41fb7"},"id":"35jchd72xngiit7","previousOperationId":"ffd9xorn197jufz"}
{"type":"log","timestamp":1708337042231,"level":"debug","message":"(console:log) Calculating item undefined; you should see this message in debug run","meta":{"userLevel":true,"rootId":"6k4djrj33j41fb7","id":"6k4djrj33j41fb7"},"id":"gmzckk2zjkg5xqy","previousOperationId":"ffd9xorn197jufz"}
{"type":"log","timestamp":1708337042231,"level":"debug","message":"(console:log) Calculating item undefined; you should see this message in debug run","meta":{"userLevel":true,"rootId":"6k4djrj33j41fb7","id":"6k4djrj33j41fb7"},"id":"afy7atdviz7cpzc","previousOperationId":"ffd9xorn197jufz"}
{"type":"operationEnd","operationId":"ffd9xorn197jufz","timestamp":1708337042233,"id":"fmvkagnuau8k73s","previousEventId":"9rz52nle5tyc80l","previousOperationId":"ffd9xorn197jufz"}
{"type":"operationStart","subtype":"recipe","name":"chrome-pdf","timestamp":1708337042234,"id":"aap634d4zzij5kx","previousEventId":"fmvkagnuau8k73s","operationId":"aq7pbqspzda3xvh","previousOperationId":"ffd9xorn197jufz"}
{"type":"log","timestamp":1708337042234,"level":"debug","message":"Executing recipe chrome-pdf","meta":{"rootId":"6k4djrj33j41fb7","id":"6k4djrj33j41fb7"},"id":"0nr09sd8hsbwhk2","previousOperationId":"aq7pbqspzda3xvh"}
{"type":"log","timestamp":1708337042238,"level":"debug","message":"Converting with chrome HeadlessChrome/117.0.5938.149 using chrome-pool strategy","meta":{"rootId":"6k4djrj33j41fb7","id":"6k4djrj33j41fb7"},"id":"h22vjq6djbqk37b","previousOperationId":"aq7pbqspzda3xvh"}
{"type":"log","timestamp":1708337042384,"level":"debug","message":"Page request: GET (document) file:///C:/Users/USER/AppData/Local/Temp/jsreport/autocleanup/0c2e15d1-31f2-4822-bbdb-b71b7b45df74-chrome-pdf.html","meta":{"rootId":"6k4djrj33j41fb7","id":"6k4djrj33j41fb7"},"id":"wiyp69gu4cov2ua","previousOperationId":"aq7pbqspzda3xvh"}
{"type":"log","timestamp":1708337042394,"level":"debug","message":"Page request finished: GET (document) 200 file:///C:/Users/USER/AppData/Local/Temp/jsreport/autocleanup/0c2e15d1-31f2-4822-bbdb-b71b7b45df74-chrome-pdf.html","meta":{"rootId":"6k4djrj33j41fb7","id":"6k4djrj33j41fb7"},"id":"dltj8a2k4fp91he","previousOperationId":"aq7pbqspzda3xvh"}
{"type":"log","timestamp":1708337042420,"level":"debug","message":"Running chrome with params {\"printBackground\":true,\"marginTop\":\"1cm\",\"marginRight\":\"1cm\",\"marginBottom\":\"1cm\",\"marginLeft\":\"1cm\",\"timeout\":59952,\"margin\":{\"top\":\"1cm\",\"right\":\"1cm\",\"bottom\":\"1cm\",\"left\":\"1cm\"}}","meta":{"rootId":"6k4djrj33j41fb7","id":"6k4djrj33j41fb7"},"id":"vvd34hngsn6rj82","previousOperationId":"aq7pbqspzda3xvh"}
{"type":"operationEnd","operationId":"aq7pbqspzda3xvh","timestamp":1708337042629,"id":"gbagyxkjnkkp25w","previousEventId":"aap634d4zzij5kx","previousOperationId":"aq7pbqspzda3xvh"}
{"type":"log","timestamp":1708337042629,"level":"debug","message":"Skipping storing report.","meta":{"rootId":"6k4djrj33j41fb7","id":"6k4djrj33j41fb7"},"id":"uo1o1apdp5skiwn","previousOperationId":"aq7pbqspzda3xvh"}
{"type":"log","timestamp":1708337042629,"level":"info","message":"Rendering request 6 finished in 441 ms","meta":{"rootId":"6k4djrj33j41fb7","id":"6k4djrj33j41fb7"},"id":"egvjwnsi1a72yw6","previousOperationId":"aq7pbqspzda3xvh"}
{"type":"operationEnd","subtype":"render","operationId":"fk21ylw92ip47y8","timestamp":1708337042629,"id":"uxh8mp8qx6wrfdb","previousEventId":"gbagyxkjnkkp25w","previousOperationId":"aq7pbqspzda3xvh"}
{"type":"operationEnd","doDiffs":false,"previousEventId":"2ew06mpks5b1f2y","previousOperationId":"f035mo1i8don83o","operationId":"f035mo1i8don83o","timestamp":1708337042632,"id":"td5fzos3i361and"}
