{"type":"operationStart","subtype":"profile","data":{"_id":"r96xQAZ4iDgNVb40","timestamp":"2024-02-15T08:31:41.860Z","state":"queued","mode":"standard","creationDate":"2024-02-15T08:31:41.862Z","modificationDate":"2024-02-15T08:31:41.862Z","shortid":"bhXaPMf","$entitySet":"profiles"},"doDiffs":false,"timestamp":1707985901861,"id":"yhkqni8v11jzsnd","previousOperationId":null,"operationId":"thb4zs3kx7bj225"}
{"type":"log","level":"info","message":"Render request 31 queued for execution and waiting for available worker","previousOperationId":"thb4zs3kx7bj225","timestamp":1707985901861,"id":"3bysjhena3idmxq"}
{"type":"operationStart","subtype":"render","name":"invoice-main","previousOperationId":"thb4zs3kx7bj225","timestamp":1707985901872,"id":"956wwrhhhvbdbd0","previousEventId":"yhkqni8v11jzsnd","operationId":"ptq7i1omsqiwzxr"}
{"type":"log","timestamp":1707985901872,"level":"info","message":"Starting rendering request 31","meta":{"rootId":"6mc543157a8f15z","id":"6mc543157a8f15z"},"id":"5x0p8c27hwc66a3","previousOperationId":"ptq7i1omsqiwzxr"}
{"type":"log","timestamp":1707985901872,"level":"info","message":"Rendering template { name: invoice-main, recipe: chrome-pdf, engine: handlebars, preview: true }","meta":{"rootId":"6mc543157a8f15z","id":"6mc543157a8f15z"},"id":"tmwpft6vt8s8myr","previousOperationId":"ptq7i1omsqiwzxr"}
{"type":"log","timestamp":1707985901873,"level":"debug","message":"Inline data specified.","meta":{"rootId":"6mc543157a8f15z","id":"6mc543157a8f15z"},"id":"a2jsjtrpzajccfv","previousOperationId":"ptq7i1omsqiwzxr"}
{"type":"log","timestamp":1707985901874,"level":"debug","message":"Base url not specified, skipping its injection.","meta":{"rootId":"6mc543157a8f15z","id":"6mc543157a8f15z"},"id":"jreybpe7740t3c4","previousOperationId":"ptq7i1omsqiwzxr"}
{"type":"operationStart","subtype":"engine","name":"handlebars","timestamp":1707985901874,"id":"k7vddb2vtkhav7v","previousEventId":"956wwrhhhvbdbd0","operationId":"4di6fjbias152ae","previousOperationId":"ptq7i1omsqiwzxr"}
{"type":"log","timestamp":1707985901874,"level":"debug","message":"Rendering engine handlebars","meta":{"rootId":"6mc543157a8f15z","id":"6mc543157a8f15z"},"id":"6ymuwu1wfm1h6mn","previousOperationId":"4di6fjbias152ae"}
{"type":"log","timestamp":1707985901891,"level":"debug","message":"(console:log) Calculating item undefined; you should see this message in debug run","meta":{"userLevel":true,"rootId":"6mc543157a8f15z","id":"6mc543157a8f15z"},"id":"t9yfpax4d08ap7j","previousOperationId":"4di6fjbias152ae"}
{"type":"operationEnd","operationId":"4di6fjbias152ae","timestamp":1707985901892,"id":"39dixwhhxwaln58","previousEventId":"k7vddb2vtkhav7v","previousOperationId":"4di6fjbias152ae"}
{"type":"operationStart","subtype":"recipe","name":"chrome-pdf","timestamp":1707985901893,"id":"5hdyy942qclgvha","previousEventId":"39dixwhhxwaln58","operationId":"k0pm3h4rrmas8y2","previousOperationId":"4di6fjbias152ae"}
{"type":"log","timestamp":1707985901893,"level":"debug","message":"Executing recipe chrome-pdf","meta":{"rootId":"6mc543157a8f15z","id":"6mc543157a8f15z"},"id":"woe8xr6mypi2a9t","previousOperationId":"k0pm3h4rrmas8y2"}
{"type":"log","timestamp":1707985901897,"level":"debug","message":"Converting with chrome HeadlessChrome/117.0.5938.149 using chrome-pool strategy","meta":{"rootId":"6mc543157a8f15z","id":"6mc543157a8f15z"},"id":"3n5kxormbn76xy8","previousOperationId":"k0pm3h4rrmas8y2"}
{"type":"log","timestamp":1707985902009,"level":"debug","message":"Page request: GET (document) file:///C:/Users/USER/AppData/Local/Temp/jsreport/autocleanup/8991a53b-293d-4aa7-8db8-77ec33986f17-chrome-pdf.html","meta":{"rootId":"6mc543157a8f15z","id":"6mc543157a8f15z"},"id":"m4w2ptqzolsb5jk","previousOperationId":"k0pm3h4rrmas8y2"}
{"type":"log","timestamp":1707985902020,"level":"debug","message":"Page request finished: GET (document) 200 file:///C:/Users/USER/AppData/Local/Temp/jsreport/autocleanup/8991a53b-293d-4aa7-8db8-77ec33986f17-chrome-pdf.html","meta":{"rootId":"6mc543157a8f15z","id":"6mc543157a8f15z"},"id":"b5q9d519vjcowqw","previousOperationId":"k0pm3h4rrmas8y2"}
{"type":"log","timestamp":1707985902045,"level":"debug","message":"Running chrome with params {\"printBackground\":true,\"marginTop\":\"1cm\",\"marginRight\":\"1cm\",\"marginBottom\":\"1cm\",\"marginLeft\":\"1cm\",\"timeout\":59965,\"margin\":{\"top\":\"1cm\",\"right\":\"1cm\",\"bottom\":\"1cm\",\"left\":\"1cm\"}}","meta":{"rootId":"6mc543157a8f15z","id":"6mc543157a8f15z"},"id":"ptmq5rmzl7r1owy","previousOperationId":"k0pm3h4rrmas8y2"}
{"type":"operationEnd","operationId":"k0pm3h4rrmas8y2","timestamp":1707985902211,"id":"j8mziifa0xik06u","previousEventId":"5hdyy942qclgvha","previousOperationId":"k0pm3h4rrmas8y2"}
{"type":"log","timestamp":1707985902211,"level":"debug","message":"Skipping storing report.","meta":{"rootId":"6mc543157a8f15z","id":"6mc543157a8f15z"},"id":"5sc6o8fy351ky6e","previousOperationId":"k0pm3h4rrmas8y2"}
{"type":"log","timestamp":1707985902211,"level":"info","message":"Rendering request 31 finished in 351 ms","meta":{"rootId":"6mc543157a8f15z","id":"6mc543157a8f15z"},"id":"0wbc8nzabotgqxy","previousOperationId":"k0pm3h4rrmas8y2"}
{"type":"operationEnd","subtype":"render","operationId":"ptq7i1omsqiwzxr","timestamp":1707985902211,"id":"8rkdyt34isnn23e","previousEventId":"j8mziifa0xik06u","previousOperationId":"k0pm3h4rrmas8y2"}
{"type":"operationEnd","doDiffs":false,"previousEventId":"yhkqni8v11jzsnd","previousOperationId":"thb4zs3kx7bj225","operationId":"thb4zs3kx7bj225","timestamp":1707985902219,"id":"miifbmhzipegztv"}
