{"type":"operationStart","subtype":"profile","data":{"_id":"mCAGK5VFATUA0ITG","timestamp":"2024-02-19T09:19:27.681Z","state":"queued","mode":"standard","creationDate":"2024-02-19T09:19:27.689Z","modificationDate":"2024-02-19T09:19:27.689Z","shortid":"OTKe9jS","$entitySet":"profiles"},"doDiffs":false,"timestamp":1708334367683,"id":"pyaaldftqnm80hi","previousOperationId":null,"operationId":"2mr2y4ublpo0xyq"}
{"type":"log","level":"info","message":"Render request 4 queued for execution and waiting for available worker","previousOperationId":"2mr2y4ublpo0xyq","timestamp":1708334367683,"id":"ffpgn1m6qsljahm"}
{"type":"operationStart","subtype":"render","name":"invoice-main","previousOperationId":"2mr2y4ublpo0xyq","timestamp":1708334367825,"id":"g5b427sw9h3lf9b","previousEventId":"pyaaldftqnm80hi","operationId":"qni4iakonlm53qo"}
{"type":"log","timestamp":1708334367833,"level":"info","message":"Starting rendering request 4","meta":{"rootId":"6tkn5qn9oct5a5g","id":"6tkn5qn9oct5a5g"},"id":"hh2jyi5p0dmjyf3","previousOperationId":"qni4iakonlm53qo"}
{"type":"log","timestamp":1708334367840,"level":"info","message":"Rendering template { name: invoice-main, recipe: chrome-pdf, engine: handlebars, preview: false }","meta":{"rootId":"6tkn5qn9oct5a5g","id":"6tkn5qn9oct5a5g"},"id":"najpwyqwvp0ckf8","previousOperationId":"qni4iakonlm53qo"}
{"type":"log","timestamp":1708334367845,"level":"debug","message":"Inline data specified.","meta":{"rootId":"6tkn5qn9oct5a5g","id":"6tkn5qn9oct5a5g"},"id":"8x88mbazllk2rgg","previousOperationId":"qni4iakonlm53qo"}
{"type":"log","timestamp":1708334367849,"level":"debug","message":"Base url not specified, skipping its injection.","meta":{"rootId":"6tkn5qn9oct5a5g","id":"6tkn5qn9oct5a5g"},"id":"1vx1rxca2th3vbb","previousOperationId":"qni4iakonlm53qo"}
{"type":"operationStart","subtype":"engine","name":"handlebars","timestamp":1708334367862,"id":"y4vc6sinqv4n90x","previousEventId":"g5b427sw9h3lf9b","operationId":"1rmivic9889gluo","previousOperationId":"qni4iakonlm53qo"}
{"type":"log","timestamp":1708334367862,"level":"debug","message":"Rendering engine handlebars","meta":{"rootId":"6tkn5qn9oct5a5g","id":"6tkn5qn9oct5a5g"},"id":"9zuq8ood44xer27","previousOperationId":"1rmivic9889gluo"}
{"type":"log","timestamp":1708334367952,"level":"debug","message":"(console:log) Calculating item undefined; you should see this message in debug run","meta":{"userLevel":true,"rootId":"6tkn5qn9oct5a5g","id":"6tkn5qn9oct5a5g"},"id":"dpxw94ttehqpg17","previousOperationId":"1rmivic9889gluo"}
{"type":"log","timestamp":1708334367952,"level":"debug","message":"(console:log) Calculating item undefined; you should see this message in debug run","meta":{"userLevel":true,"rootId":"6tkn5qn9oct5a5g","id":"6tkn5qn9oct5a5g"},"id":"ebesazqnz1642yt","previousOperationId":"1rmivic9889gluo"}
{"type":"log","timestamp":1708334367952,"level":"debug","message":"(console:log) Calculating item undefined; you should see this message in debug run","meta":{"userLevel":true,"rootId":"6tkn5qn9oct5a5g","id":"6tkn5qn9oct5a5g"},"id":"mqsvwe6pn7wpnmk","previousOperationId":"1rmivic9889gluo"}
{"type":"log","timestamp":1708334367952,"level":"debug","message":"(console:log) Calculating item undefined; you should see this message in debug run","meta":{"userLevel":true,"rootId":"6tkn5qn9oct5a5g","id":"6tkn5qn9oct5a5g"},"id":"wfo7rywv5hq08ws","previousOperationId":"1rmivic9889gluo"}
{"type":"operationEnd","operationId":"1rmivic9889gluo","timestamp":1708334367955,"id":"vdkfvaso6v5nrd9","previousEventId":"y4vc6sinqv4n90x","previousOperationId":"1rmivic9889gluo"}
{"type":"operationStart","subtype":"recipe","name":"chrome-pdf","timestamp":1708334367956,"id":"h1a98y25s50oec5","previousEventId":"vdkfvaso6v5nrd9","operationId":"44zg9p57ifbu0gj","previousOperationId":"1rmivic9889gluo"}
{"type":"log","timestamp":1708334367956,"level":"debug","message":"Executing recipe chrome-pdf","meta":{"rootId":"6tkn5qn9oct5a5g","id":"6tkn5qn9oct5a5g"},"id":"okf5benjhvs0ek1","previousOperationId":"44zg9p57ifbu0gj"}
{"type":"log","timestamp":1708334367984,"level":"debug","message":"Converting with chrome HeadlessChrome/117.0.5938.149 using chrome-pool strategy","meta":{"rootId":"6tkn5qn9oct5a5g","id":"6tkn5qn9oct5a5g"},"id":"000dj1xtujz8edg","previousOperationId":"44zg9p57ifbu0gj"}
{"type":"log","timestamp":1708334368406,"level":"debug","message":"Page request: GET (document) file:///C:/Users/USER/AppData/Local/Temp/jsreport/autocleanup/2bf57913-134c-471f-9867-d2fefb9fe696-chrome-pdf.html","meta":{"rootId":"6tkn5qn9oct5a5g","id":"6tkn5qn9oct5a5g"},"id":"t4cp1vf6hiky3f8","previousOperationId":"44zg9p57ifbu0gj"}
{"type":"log","timestamp":1708334368419,"level":"debug","message":"Page request finished: GET (document) 200 file:///C:/Users/USER/AppData/Local/Temp/jsreport/autocleanup/2bf57913-134c-471f-9867-d2fefb9fe696-chrome-pdf.html","meta":{"rootId":"6tkn5qn9oct5a5g","id":"6tkn5qn9oct5a5g"},"id":"4c2kgv1m3tm5p8p","previousOperationId":"44zg9p57ifbu0gj"}
{"type":"log","timestamp":1708334368443,"level":"debug","message":"Running chrome with params {\"printBackground\":true,\"marginTop\":\"1cm\",\"marginRight\":\"1cm\",\"marginBottom\":\"1cm\",\"marginLeft\":\"1cm\",\"timeout\":59714,\"margin\":{\"top\":\"1cm\",\"right\":\"1cm\",\"bottom\":\"1cm\",\"left\":\"1cm\"}}","meta":{"rootId":"6tkn5qn9oct5a5g","id":"6tkn5qn9oct5a5g"},"id":"h3xwcs8uifyrsc2","previousOperationId":"44zg9p57ifbu0gj"}
{"type":"operationEnd","operationId":"44zg9p57ifbu0gj","timestamp":1708334368630,"id":"tgujwsw4uuoskl7","previousEventId":"h1a98y25s50oec5","previousOperationId":"44zg9p57ifbu0gj"}
{"type":"log","timestamp":1708334368630,"level":"debug","message":"Skipping storing report.","meta":{"rootId":"6tkn5qn9oct5a5g","id":"6tkn5qn9oct5a5g"},"id":"bgtc0xly097bdz1","previousOperationId":"44zg9p57ifbu0gj"}
{"type":"log","timestamp":1708334368630,"level":"info","message":"Rendering request 4 finished in 954 ms","meta":{"rootId":"6tkn5qn9oct5a5g","id":"6tkn5qn9oct5a5g"},"id":"lyi8jrtn22zbjwe","previousOperationId":"44zg9p57ifbu0gj"}
{"type":"operationEnd","subtype":"render","operationId":"qni4iakonlm53qo","timestamp":1708334368630,"id":"wpslg9m68gv6yeo","previousEventId":"tgujwsw4uuoskl7","previousOperationId":"44zg9p57ifbu0gj"}
{"type":"operationEnd","doDiffs":false,"previousEventId":"pyaaldftqnm80hi","previousOperationId":"2mr2y4ublpo0xyq","operationId":"2mr2y4ublpo0xyq","timestamp":1708334368635,"id":"37fcjwl3ari8yqn"}
