{"type":"operationStart","subtype":"profile","data":{"_id":"q1wUet0oJmA8zxWP","timestamp":"2024-02-15T08:30:01.791Z","state":"queued","mode":"standard","creationDate":"2024-02-15T08:30:01.793Z","modificationDate":"2024-02-15T08:30:01.793Z","shortid":"TTQ72Ua","$entitySet":"profiles"},"doDiffs":false,"timestamp":1707985801792,"id":"irjb8nx1o2oq0ms","previousOperationId":null,"operationId":"p6pv765945gm8ja"}
{"type":"log","level":"info","message":"Render request 28 queued for execution and waiting for available worker","previousOperationId":"p6pv765945gm8ja","timestamp":1707985801793,"id":"9k84z49lmnsmdp0"}
{"type":"operationStart","subtype":"render","name":"invoice-main","previousOperationId":"p6pv765945gm8ja","timestamp":1707985801804,"id":"kst8o4ocr8kw5bm","previousEventId":"irjb8nx1o2oq0ms","operationId":"bk21okt6z0p3owv"}
{"type":"log","timestamp":1707985801805,"level":"info","message":"Starting rendering request 28","meta":{"rootId":"771g7x7asuslryb","id":"771g7x7asuslryb"},"id":"octlvttwysbpybc","previousOperationId":"bk21okt6z0p3owv"}
{"type":"log","timestamp":1707985801805,"level":"info","message":"Rendering template { name: invoice-main, recipe: chrome-pdf, engine: handlebars, preview: true }","meta":{"rootId":"771g7x7asuslryb","id":"771g7x7asuslryb"},"id":"6d1qpq913615vl9","previousOperationId":"bk21okt6z0p3owv"}
{"type":"log","timestamp":1707985801805,"level":"debug","message":"Inline data specified.","meta":{"rootId":"771g7x7asuslryb","id":"771g7x7asuslryb"},"id":"pj7kc67eky0i8mf","previousOperationId":"bk21okt6z0p3owv"}
{"type":"log","timestamp":1707985801808,"level":"debug","message":"Base url not specified, skipping its injection.","meta":{"rootId":"771g7x7asuslryb","id":"771g7x7asuslryb"},"id":"xztcpxjxwxsqg1p","previousOperationId":"bk21okt6z0p3owv"}
{"type":"operationStart","subtype":"engine","name":"handlebars","timestamp":1707985801808,"id":"apvftjogaowwthc","previousEventId":"kst8o4ocr8kw5bm","operationId":"fcfp7e759aqnqud","previousOperationId":"bk21okt6z0p3owv"}
{"type":"log","timestamp":1707985801808,"level":"debug","message":"Rendering engine handlebars","meta":{"rootId":"771g7x7asuslryb","id":"771g7x7asuslryb"},"id":"bstcfizj6qj57t8","previousOperationId":"fcfp7e759aqnqud"}
{"type":"log","timestamp":1707985801841,"level":"debug","message":"(console:log) Calculating item undefined; you should see this message in debug run","meta":{"userLevel":true,"rootId":"771g7x7asuslryb","id":"771g7x7asuslryb"},"id":"6tgsneo4gw8xzlm","previousOperationId":"fcfp7e759aqnqud"}
{"type":"operationEnd","operationId":"fcfp7e759aqnqud","timestamp":1707985801842,"id":"7k45lbm46512ef0","previousEventId":"apvftjogaowwthc","previousOperationId":"fcfp7e759aqnqud"}
{"type":"operationStart","subtype":"recipe","name":"chrome-pdf","timestamp":1707985801842,"id":"pb5pwjuenjta2qy","previousEventId":"7k45lbm46512ef0","operationId":"1sri1e71es3q3uc","previousOperationId":"fcfp7e759aqnqud"}
{"type":"log","timestamp":1707985801842,"level":"debug","message":"Executing recipe chrome-pdf","meta":{"rootId":"771g7x7asuslryb","id":"771g7x7asuslryb"},"id":"qudzsgqnlk1dchs","previousOperationId":"1sri1e71es3q3uc"}
{"type":"log","timestamp":1707985801847,"level":"debug","message":"Converting with chrome HeadlessChrome/117.0.5938.149 using chrome-pool strategy","meta":{"rootId":"771g7x7asuslryb","id":"771g7x7asuslryb"},"id":"jfth1p43t3v3y4b","previousOperationId":"1sri1e71es3q3uc"}
{"type":"log","timestamp":1707985801973,"level":"debug","message":"Page request: GET (document) file:///C:/Users/USER/AppData/Local/Temp/jsreport/autocleanup/2cb2d3d5-66b4-4e9d-8de8-e7e54eddd23f-chrome-pdf.html","meta":{"rootId":"771g7x7asuslryb","id":"771g7x7asuslryb"},"id":"d7typ7ih3wyze3j","previousOperationId":"1sri1e71es3q3uc"}
{"type":"log","timestamp":1707985801981,"level":"debug","message":"Page request finished: GET (document) 200 file:///C:/Users/USER/AppData/Local/Temp/jsreport/autocleanup/2cb2d3d5-66b4-4e9d-8de8-e7e54eddd23f-chrome-pdf.html","meta":{"rootId":"771g7x7asuslryb","id":"771g7x7asuslryb"},"id":"zmh0dp7sjlhc1du","previousOperationId":"1sri1e71es3q3uc"}
{"type":"log","timestamp":1707985802001,"level":"debug","message":"Running chrome with params {\"printBackground\":true,\"marginTop\":\"1cm\",\"marginRight\":\"1cm\",\"marginBottom\":\"1cm\",\"marginLeft\":\"1cm\",\"timeout\":59945,\"margin\":{\"top\":\"1cm\",\"right\":\"1cm\",\"bottom\":\"1cm\",\"left\":\"1cm\"}}","meta":{"rootId":"771g7x7asuslryb","id":"771g7x7asuslryb"},"id":"d7i9rpz0s7mlhuv","previousOperationId":"1sri1e71es3q3uc"}
{"type":"operationEnd","operationId":"1sri1e71es3q3uc","timestamp":1707985802154,"id":"2bxknz9kgefhd6v","previousEventId":"pb5pwjuenjta2qy","previousOperationId":"1sri1e71es3q3uc"}
{"type":"log","timestamp":1707985802154,"level":"debug","message":"Skipping storing report.","meta":{"rootId":"771g7x7asuslryb","id":"771g7x7asuslryb"},"id":"chuydm1ai6o3ebh","previousOperationId":"1sri1e71es3q3uc"}
{"type":"log","timestamp":1707985802154,"level":"info","message":"Rendering request 28 finished in 363 ms","meta":{"rootId":"771g7x7asuslryb","id":"771g7x7asuslryb"},"id":"hnbxkhlya85i0mr","previousOperationId":"1sri1e71es3q3uc"}
{"type":"operationEnd","subtype":"render","operationId":"bk21okt6z0p3owv","timestamp":1707985802154,"id":"cfvsfc3kj2x5qz6","previousEventId":"2bxknz9kgefhd6v","previousOperationId":"1sri1e71es3q3uc"}
{"type":"operationEnd","doDiffs":false,"previousEventId":"irjb8nx1o2oq0ms","previousOperationId":"p6pv765945gm8ja","operationId":"p6pv765945gm8ja","timestamp":1707985802158,"id":"0umj5vy9n37yitg"}
