{"type":"operationStart","subtype":"profile","data":{"_id":"WA8RKYcwXWi1ZX7s","timestamp":"2024-02-15T08:23:36.870Z","state":"queued","mode":"standard","creationDate":"2024-02-15T08:23:36.872Z","modificationDate":"2024-02-15T08:23:36.872Z","shortid":"MIaOwKJ","$entitySet":"profiles"},"doDiffs":false,"timestamp":1707985416870,"id":"xii9goav3ch779z","previousOperationId":null,"operationId":"wj955z0n9sk42rg"}
{"type":"log","level":"info","message":"Render request 26 queued for execution and waiting for available worker","previousOperationId":"wj955z0n9sk42rg","timestamp":1707985416871,"id":"v72oesdqkfn2q2n"}
{"type":"operationStart","subtype":"render","name":"invoice-main","previousOperationId":"wj955z0n9sk42rg","timestamp":1707985416883,"id":"brg0k4nd21c1mx3","previousEventId":"xii9goav3ch779z","operationId":"so4g1m5729wq00p"}
{"type":"log","timestamp":1707985416883,"level":"info","message":"Starting rendering request 26","meta":{"rootId":"7llh20ukwvt6y97","id":"7llh20ukwvt6y97"},"id":"f62p4eh8sdj15yh","previousOperationId":"so4g1m5729wq00p"}
{"type":"log","timestamp":1707985416883,"level":"info","message":"Rendering template { name: invoice-main, recipe: chrome-pdf, engine: handlebars, preview: true }","meta":{"rootId":"7llh20ukwvt6y97","id":"7llh20ukwvt6y97"},"id":"am8fka4s2pz0qrs","previousOperationId":"so4g1m5729wq00p"}
{"type":"log","timestamp":1707985416884,"level":"debug","message":"Inline data specified.","meta":{"rootId":"7llh20ukwvt6y97","id":"7llh20ukwvt6y97"},"id":"9tpzjeow3ac0wrd","previousOperationId":"so4g1m5729wq00p"}
{"type":"log","timestamp":1707985416887,"level":"debug","message":"Base url not specified, skipping its injection.","meta":{"rootId":"7llh20ukwvt6y97","id":"7llh20ukwvt6y97"},"id":"galibbsy4pm9ziu","previousOperationId":"so4g1m5729wq00p"}
{"type":"operationStart","subtype":"engine","name":"handlebars","timestamp":1707985416888,"id":"59rukhtmmni4je2","previousEventId":"brg0k4nd21c1mx3","operationId":"7ff2ett930hxpom","previousOperationId":"so4g1m5729wq00p"}
{"type":"log","timestamp":1707985416888,"level":"debug","message":"Rendering engine handlebars","meta":{"rootId":"7llh20ukwvt6y97","id":"7llh20ukwvt6y97"},"id":"tlln882xs534ms8","previousOperationId":"7ff2ett930hxpom"}
{"type":"log","timestamp":1707985416916,"level":"debug","message":"(console:log) Calculating item undefined; you should see this message in debug run","meta":{"userLevel":true,"rootId":"7llh20ukwvt6y97","id":"7llh20ukwvt6y97"},"id":"yixfdqfxcpqhczv","previousOperationId":"7ff2ett930hxpom"}
{"type":"operationEnd","operationId":"7ff2ett930hxpom","timestamp":1707985416919,"id":"zsll0swpl8zg39k","previousEventId":"59rukhtmmni4je2","previousOperationId":"7ff2ett930hxpom"}
{"type":"operationStart","subtype":"recipe","name":"chrome-pdf","timestamp":1707985416919,"id":"q2f54hnlopvupw6","previousEventId":"zsll0swpl8zg39k","operationId":"v8l3mdwrc4tmwa4","previousOperationId":"7ff2ett930hxpom"}
{"type":"log","timestamp":1707985416919,"level":"debug","message":"Executing recipe chrome-pdf","meta":{"rootId":"7llh20ukwvt6y97","id":"7llh20ukwvt6y97"},"id":"2hdufyozmfs31uy","previousOperationId":"v8l3mdwrc4tmwa4"}
{"type":"log","timestamp":1707985416924,"level":"debug","message":"Converting with chrome HeadlessChrome/117.0.5938.149 using chrome-pool strategy","meta":{"rootId":"7llh20ukwvt6y97","id":"7llh20ukwvt6y97"},"id":"zsx0x2pmqjlw5ll","previousOperationId":"v8l3mdwrc4tmwa4"}
{"type":"log","timestamp":1707985417202,"level":"debug","message":"Page request: GET (document) file:///C:/Users/USER/AppData/Local/Temp/jsreport/autocleanup/67c1d083-b720-462f-b83f-196bc9d7a4c4-chrome-pdf.html","meta":{"rootId":"7llh20ukwvt6y97","id":"7llh20ukwvt6y97"},"id":"eg4ty7mqq1tgvgk","previousOperationId":"v8l3mdwrc4tmwa4"}
{"type":"log","timestamp":1707985417217,"level":"debug","message":"Page request finished: GET (document) 200 file:///C:/Users/USER/AppData/Local/Temp/jsreport/autocleanup/67c1d083-b720-462f-b83f-196bc9d7a4c4-chrome-pdf.html","meta":{"rootId":"7llh20ukwvt6y97","id":"7llh20ukwvt6y97"},"id":"tar5o2b3ixxsbn3","previousOperationId":"v8l3mdwrc4tmwa4"}
{"type":"log","timestamp":1707985417263,"level":"debug","message":"Running chrome with params {\"printBackground\":true,\"marginTop\":\"1cm\",\"marginRight\":\"1cm\",\"marginBottom\":\"1cm\",\"marginLeft\":\"1cm\",\"timeout\":59949,\"margin\":{\"top\":\"1cm\",\"right\":\"1cm\",\"bottom\":\"1cm\",\"left\":\"1cm\"}}","meta":{"rootId":"7llh20ukwvt6y97","id":"7llh20ukwvt6y97"},"id":"mw78jmt8mjq79bf","previousOperationId":"v8l3mdwrc4tmwa4"}
{"type":"operationEnd","operationId":"v8l3mdwrc4tmwa4","timestamp":1707985417463,"id":"3eq98u5dvywehv2","previousEventId":"q2f54hnlopvupw6","previousOperationId":"v8l3mdwrc4tmwa4"}
{"type":"log","timestamp":1707985417464,"level":"debug","message":"Skipping storing report.","meta":{"rootId":"7llh20ukwvt6y97","id":"7llh20ukwvt6y97"},"id":"it2asr7hqrkl9id","previousOperationId":"v8l3mdwrc4tmwa4"}
{"type":"log","timestamp":1707985417464,"level":"info","message":"Rendering request 26 finished in 594 ms","meta":{"rootId":"7llh20ukwvt6y97","id":"7llh20ukwvt6y97"},"id":"6sm9s84x27h9g9b","previousOperationId":"v8l3mdwrc4tmwa4"}
{"type":"operationEnd","subtype":"render","operationId":"so4g1m5729wq00p","timestamp":1707985417464,"id":"uet8qeha9kn2kzm","previousEventId":"3eq98u5dvywehv2","previousOperationId":"v8l3mdwrc4tmwa4"}
{"type":"operationEnd","doDiffs":false,"previousEventId":"xii9goav3ch779z","previousOperationId":"wj955z0n9sk42rg","operationId":"wj955z0n9sk42rg","timestamp":1707985417468,"id":"teedghmc2ubra0e"}
