{"type":"operationStart","subtype":"profile","data":{"_id":"Uw48goDkySLkmw1m","timestamp":"2024-02-15T07:49:21.146Z","state":"queued","mode":"standard","creationDate":"2024-02-15T07:49:21.148Z","modificationDate":"2024-02-15T07:49:21.148Z","shortid":"HpFS34p","$entitySet":"profiles"},"doDiffs":false,"timestamp":1707983361147,"id":"ebv7d2xrjwh51g2","previousOperationId":null,"operationId":"9mwwcb2rv6ou060"}
{"type":"log","level":"info","message":"Render request 4 queued for execution and waiting for available worker","previousOperationId":"9mwwcb2rv6ou060","timestamp":1707983361147,"id":"jdzetmkifrx6fvt"}
{"type":"operationStart","subtype":"render","name":"invoice-main","previousOperationId":"9mwwcb2rv6ou060","timestamp":1707983361160,"id":"xqv7aea2ihohy2k","previousEventId":"ebv7d2xrjwh51g2","operationId":"56iyji4lq3fjdt9"}
{"type":"log","timestamp":1707983361161,"level":"info","message":"Starting rendering request 4","meta":{"rootId":"7p2fh8y9q3iqs1z","id":"7p2fh8y9q3iqs1z"},"id":"okzcyj7ijfxlc0t","previousOperationId":"56iyji4lq3fjdt9"}
{"type":"log","timestamp":1707983361163,"level":"info","message":"Rendering template { name: invoice-main, recipe: chrome-pdf, engine: handlebars, preview: true }","meta":{"rootId":"7p2fh8y9q3iqs1z","id":"7p2fh8y9q3iqs1z"},"id":"kw284dmazqeq74t","previousOperationId":"56iyji4lq3fjdt9"}
{"type":"log","timestamp":1707983361166,"level":"debug","message":"Inline data specified.","meta":{"rootId":"7p2fh8y9q3iqs1z","id":"7p2fh8y9q3iqs1z"},"id":"mcvf06bz81u8o4i","previousOperationId":"56iyji4lq3fjdt9"}
{"type":"log","timestamp":1707983361172,"level":"debug","message":"Base url not specified, skipping its injection.","meta":{"rootId":"7p2fh8y9q3iqs1z","id":"7p2fh8y9q3iqs1z"},"id":"nqw4dpirfcxjg0c","previousOperationId":"56iyji4lq3fjdt9"}
{"type":"operationStart","subtype":"engine","name":"handlebars","timestamp":1707983361176,"id":"ulfxusvm36c46bo","previousEventId":"xqv7aea2ihohy2k","operationId":"amjy87qmphsmvca","previousOperationId":"56iyji4lq3fjdt9"}
{"type":"log","timestamp":1707983361176,"level":"debug","message":"Rendering engine handlebars","meta":{"rootId":"7p2fh8y9q3iqs1z","id":"7p2fh8y9q3iqs1z"},"id":"eewto3gshka7hl6","previousOperationId":"amjy87qmphsmvca"}
{"type":"log","timestamp":1707983361904,"level":"debug","message":"(console:log) Calculating item undefined; you should see this message in debug run","meta":{"userLevel":true,"rootId":"7p2fh8y9q3iqs1z","id":"7p2fh8y9q3iqs1z"},"id":"15zfvy0562ot65n","previousOperationId":"amjy87qmphsmvca"}
{"type":"operationEnd","operationId":"amjy87qmphsmvca","timestamp":1707983361907,"id":"3gsni58obb36t7n","previousEventId":"ulfxusvm36c46bo","previousOperationId":"amjy87qmphsmvca"}
{"type":"operationStart","subtype":"recipe","name":"chrome-pdf","timestamp":1707983361909,"id":"kpkubx5j4fg42fq","previousEventId":"3gsni58obb36t7n","operationId":"9u8gupzdmcu8410","previousOperationId":"amjy87qmphsmvca"}
{"type":"log","timestamp":1707983361909,"level":"debug","message":"Executing recipe chrome-pdf","meta":{"rootId":"7p2fh8y9q3iqs1z","id":"7p2fh8y9q3iqs1z"},"id":"u4fh937rnmwwao0","previousOperationId":"9u8gupzdmcu8410"}
{"type":"log","timestamp":1707983362419,"level":"debug","message":"Converting with chrome HeadlessChrome/117.0.5938.149 using chrome-pool strategy","meta":{"rootId":"7p2fh8y9q3iqs1z","id":"7p2fh8y9q3iqs1z"},"id":"d5yqceiqs9gbagv","previousOperationId":"9u8gupzdmcu8410"}
{"type":"log","timestamp":1707983362596,"level":"debug","message":"Page request: GET (document) file:///C:/Users/USER/AppData/Local/Temp/jsreport/autocleanup/0e0c6b22-c3b8-4faa-b91f-5bcafee3f4ab-chrome-pdf.html","meta":{"rootId":"7p2fh8y9q3iqs1z","id":"7p2fh8y9q3iqs1z"},"id":"agxbu5e220n6zix","previousOperationId":"9u8gupzdmcu8410"}
{"type":"log","timestamp":1707983362607,"level":"debug","message":"Page request finished: GET (document) 200 file:///C:/Users/USER/AppData/Local/Temp/jsreport/autocleanup/0e0c6b22-c3b8-4faa-b91f-5bcafee3f4ab-chrome-pdf.html","meta":{"rootId":"7p2fh8y9q3iqs1z","id":"7p2fh8y9q3iqs1z"},"id":"2pq8hgtza2rap3p","previousOperationId":"9u8gupzdmcu8410"}
{"type":"log","timestamp":1707983362631,"level":"debug","message":"Running chrome with params {\"printBackground\":true,\"marginTop\":\"1cm\",\"marginRight\":\"1cm\",\"marginBottom\":\"1cm\",\"marginLeft\":\"1cm\",\"timeout\":59229,\"margin\":{\"top\":\"1cm\",\"right\":\"1cm\",\"bottom\":\"1cm\",\"left\":\"1cm\"}}","meta":{"rootId":"7p2fh8y9q3iqs1z","id":"7p2fh8y9q3iqs1z"},"id":"3ppk1lc2a5lw2zq","previousOperationId":"9u8gupzdmcu8410"}
{"type":"operationEnd","operationId":"9u8gupzdmcu8410","timestamp":1707983362803,"id":"2zupygpw5h5e57z","previousEventId":"kpkubx5j4fg42fq","previousOperationId":"9u8gupzdmcu8410"}
{"type":"log","timestamp":1707983362804,"level":"debug","message":"Skipping storing report.","meta":{"rootId":"7p2fh8y9q3iqs1z","id":"7p2fh8y9q3iqs1z"},"id":"8uec4psc5zxyawj","previousOperationId":"9u8gupzdmcu8410"}
{"type":"log","timestamp":1707983362804,"level":"info","message":"Rendering request 4 finished in 1658 ms","meta":{"rootId":"7p2fh8y9q3iqs1z","id":"7p2fh8y9q3iqs1z"},"id":"kfvqvhtexurlv8k","previousOperationId":"9u8gupzdmcu8410"}
{"type":"operationEnd","subtype":"render","operationId":"56iyji4lq3fjdt9","timestamp":1707983362805,"id":"vihw181eo8yt21j","previousEventId":"2zupygpw5h5e57z","previousOperationId":"9u8gupzdmcu8410"}
{"type":"operationEnd","doDiffs":false,"previousEventId":"ebv7d2xrjwh51g2","previousOperationId":"9mwwcb2rv6ou060","operationId":"9mwwcb2rv6ou060","timestamp":1707983362813,"id":"68fmi8lai13icxv"}
