{"type":"operationStart","subtype":"profile","data":{"_id":"QTlmJdUrnbvPTAaP","timestamp":"2024-02-15T08:23:51.224Z","state":"queued","mode":"standard","creationDate":"2024-02-15T08:23:51.226Z","modificationDate":"2024-02-15T08:23:51.226Z","shortid":"fnnrCnN","$entitySet":"profiles"},"doDiffs":false,"timestamp":1707985431224,"id":"s1jqni3smvjxn99","previousOperationId":null,"operationId":"h7wj52a2oo0skwz"}
{"type":"log","level":"info","message":"Render request 27 queued for execution and waiting for available worker","previousOperationId":"h7wj52a2oo0skwz","timestamp":1707985431225,"id":"h5048entrr2hyvj"}
{"type":"operationStart","subtype":"render","name":"invoice-main","previousOperationId":"h7wj52a2oo0skwz","timestamp":1707985431235,"id":"3ug949l578382l4","previousEventId":"s1jqni3smvjxn99","operationId":"nftd9bt8b2c7uxw"}
{"type":"log","timestamp":1707985431235,"level":"info","message":"Starting rendering request 27","meta":{"rootId":"7yhm1b9axlxpd5x","id":"7yhm1b9axlxpd5x"},"id":"3dpu007zpwlqfz2","previousOperationId":"nftd9bt8b2c7uxw"}
{"type":"log","timestamp":1707985431236,"level":"info","message":"Rendering template { name: invoice-main, recipe: chrome-pdf, engine: handlebars, preview: true }","meta":{"rootId":"7yhm1b9axlxpd5x","id":"7yhm1b9axlxpd5x"},"id":"mb90ws6jk1gqcra","previousOperationId":"nftd9bt8b2c7uxw"}
{"type":"log","timestamp":1707985431236,"level":"debug","message":"Inline data specified.","meta":{"rootId":"7yhm1b9axlxpd5x","id":"7yhm1b9axlxpd5x"},"id":"or112tmzl9swqua","previousOperationId":"nftd9bt8b2c7uxw"}
{"type":"log","timestamp":1707985431239,"level":"debug","message":"Base url not specified, skipping its injection.","meta":{"rootId":"7yhm1b9axlxpd5x","id":"7yhm1b9axlxpd5x"},"id":"pow2h6j7uks65a4","previousOperationId":"nftd9bt8b2c7uxw"}
{"type":"operationStart","subtype":"engine","name":"handlebars","timestamp":1707985431240,"id":"b11xpc008fktx3v","previousEventId":"3ug949l578382l4","operationId":"zumqv0npoblojhc","previousOperationId":"nftd9bt8b2c7uxw"}
{"type":"log","timestamp":1707985431240,"level":"debug","message":"Rendering engine handlebars","meta":{"rootId":"7yhm1b9axlxpd5x","id":"7yhm1b9axlxpd5x"},"id":"tnhvwh6t7yxhpq6","previousOperationId":"zumqv0npoblojhc"}
{"type":"log","timestamp":1707985431271,"level":"debug","message":"(console:log) Calculating item undefined; you should see this message in debug run","meta":{"userLevel":true,"rootId":"7yhm1b9axlxpd5x","id":"7yhm1b9axlxpd5x"},"id":"ylxcrodo38wont5","previousOperationId":"zumqv0npoblojhc"}
{"type":"operationEnd","operationId":"zumqv0npoblojhc","timestamp":1707985431274,"id":"j39ij4sg2xvh12j","previousEventId":"b11xpc008fktx3v","previousOperationId":"zumqv0npoblojhc"}
{"type":"operationStart","subtype":"recipe","name":"chrome-pdf","timestamp":1707985431274,"id":"o5dtc60xzdu0pwi","previousEventId":"j39ij4sg2xvh12j","operationId":"9a6nm3sp7ld0514","previousOperationId":"zumqv0npoblojhc"}
{"type":"log","timestamp":1707985431274,"level":"debug","message":"Executing recipe chrome-pdf","meta":{"rootId":"7yhm1b9axlxpd5x","id":"7yhm1b9axlxpd5x"},"id":"qxzx5nc2c776epr","previousOperationId":"9a6nm3sp7ld0514"}
{"type":"log","timestamp":1707985431279,"level":"debug","message":"Converting with chrome HeadlessChrome/117.0.5938.149 using chrome-pool strategy","meta":{"rootId":"7yhm1b9axlxpd5x","id":"7yhm1b9axlxpd5x"},"id":"qkvlq56j4xmb7jq","previousOperationId":"9a6nm3sp7ld0514"}
{"type":"log","timestamp":1707985431404,"level":"debug","message":"Page request: GET (document) file:///C:/Users/USER/AppData/Local/Temp/jsreport/autocleanup/dd4eb5aa-2e23-4608-9b07-ab095f7c3d08-chrome-pdf.html","meta":{"rootId":"7yhm1b9axlxpd5x","id":"7yhm1b9axlxpd5x"},"id":"kfc3k52u0o2w3hy","previousOperationId":"9a6nm3sp7ld0514"}
{"type":"log","timestamp":1707985431412,"level":"debug","message":"Page request finished: GET (document) 200 file:///C:/Users/USER/AppData/Local/Temp/jsreport/autocleanup/dd4eb5aa-2e23-4608-9b07-ab095f7c3d08-chrome-pdf.html","meta":{"rootId":"7yhm1b9axlxpd5x","id":"7yhm1b9axlxpd5x"},"id":"wd3q5na0s8rvfky","previousOperationId":"9a6nm3sp7ld0514"}
{"type":"log","timestamp":1707985431431,"level":"debug","message":"Running chrome with params {\"printBackground\":true,\"marginTop\":\"1cm\",\"marginRight\":\"1cm\",\"marginBottom\":\"1cm\",\"marginLeft\":\"1cm\",\"timeout\":59946,\"margin\":{\"top\":\"1cm\",\"right\":\"1cm\",\"bottom\":\"1cm\",\"left\":\"1cm\"}}","meta":{"rootId":"7yhm1b9axlxpd5x","id":"7yhm1b9axlxpd5x"},"id":"nigqporqyldux5f","previousOperationId":"9a6nm3sp7ld0514"}
{"type":"operationEnd","operationId":"9a6nm3sp7ld0514","timestamp":1707985431573,"id":"490htgy368ba3sx","previousEventId":"o5dtc60xzdu0pwi","previousOperationId":"9a6nm3sp7ld0514"}
{"type":"log","timestamp":1707985431574,"level":"debug","message":"Skipping storing report.","meta":{"rootId":"7yhm1b9axlxpd5x","id":"7yhm1b9axlxpd5x"},"id":"phcvenqhm4cwjev","previousOperationId":"9a6nm3sp7ld0514"}
{"type":"log","timestamp":1707985431574,"level":"info","message":"Rendering request 27 finished in 350 ms","meta":{"rootId":"7yhm1b9axlxpd5x","id":"7yhm1b9axlxpd5x"},"id":"1vpgiqc1zlzwcvj","previousOperationId":"9a6nm3sp7ld0514"}
{"type":"operationEnd","subtype":"render","operationId":"nftd9bt8b2c7uxw","timestamp":1707985431574,"id":"hhzqpsvyb3bubhw","previousEventId":"490htgy368ba3sx","previousOperationId":"9a6nm3sp7ld0514"}
{"type":"operationEnd","doDiffs":false,"previousEventId":"s1jqni3smvjxn99","previousOperationId":"h7wj52a2oo0skwz","operationId":"h7wj52a2oo0skwz","timestamp":1707985431581,"id":"8v9w02kg7kfnyr7"}
