{"type":"operationStart","subtype":"profile","data":{"_id":"eaL6oqgDGmmD2T8w","timestamp":"2024-02-15T07:58:47.389Z","state":"queued","mode":"standard","creationDate":"2024-02-15T07:58:47.392Z","modificationDate":"2024-02-15T07:58:47.392Z","shortid":"7KXxXjB","$entitySet":"profiles"},"doDiffs":false,"timestamp":1707983927390,"id":"ldah1n8xf1mtvcu","previousOperationId":null,"operationId":"2q8f028zhyuaeit"}
{"type":"log","level":"info","message":"Render request 12 queued for execution and waiting for available worker","previousOperationId":"2q8f028zhyuaeit","timestamp":1707983927390,"id":"0xunqskbmjlsfee"}
{"type":"operationStart","subtype":"render","name":"invoice-main","previousOperationId":"2q8f028zhyuaeit","timestamp":1707983927402,"id":"9fij4pjo01q9ho8","previousEventId":"ldah1n8xf1mtvcu","operationId":"ef9p39frwogunoa"}
{"type":"log","timestamp":1707983927402,"level":"info","message":"Starting rendering request 12","meta":{"rootId":"97j1ogr3uhdqnxp","id":"97j1ogr3uhdqnxp"},"id":"iilui2nwqbkjqzf","previousOperationId":"ef9p39frwogunoa"}
{"type":"log","timestamp":1707983927403,"level":"info","message":"Rendering template { name: invoice-main, recipe: chrome-pdf, engine: handlebars, preview: true }","meta":{"rootId":"97j1ogr3uhdqnxp","id":"97j1ogr3uhdqnxp"},"id":"9qiy4e9ikp83wqs","previousOperationId":"ef9p39frwogunoa"}
{"type":"log","timestamp":1707983927403,"level":"debug","message":"Inline data specified.","meta":{"rootId":"97j1ogr3uhdqnxp","id":"97j1ogr3uhdqnxp"},"id":"7quz8bq6xs4f6ej","previousOperationId":"ef9p39frwogunoa"}
{"type":"log","timestamp":1707983927409,"level":"debug","message":"Base url not specified, skipping its injection.","meta":{"rootId":"97j1ogr3uhdqnxp","id":"97j1ogr3uhdqnxp"},"id":"mjrjtdl108lwc1r","previousOperationId":"ef9p39frwogunoa"}
{"type":"operationStart","subtype":"engine","name":"handlebars","timestamp":1707983927410,"id":"wmjg1qshjs7fa6i","previousEventId":"9fij4pjo01q9ho8","operationId":"xfshoa7jdnrvkgt","previousOperationId":"ef9p39frwogunoa"}
{"type":"log","timestamp":1707983927410,"level":"debug","message":"Rendering engine handlebars","meta":{"rootId":"97j1ogr3uhdqnxp","id":"97j1ogr3uhdqnxp"},"id":"3igvir2ir482scs","previousOperationId":"xfshoa7jdnrvkgt"}
{"type":"log","timestamp":1707983927436,"level":"debug","message":"(console:log) Calculating item undefined; you should see this message in debug run","meta":{"userLevel":true,"rootId":"97j1ogr3uhdqnxp","id":"97j1ogr3uhdqnxp"},"id":"bk8t3frvwi66b4b","previousOperationId":"xfshoa7jdnrvkgt"}
{"type":"operationEnd","operationId":"xfshoa7jdnrvkgt","timestamp":1707983927438,"id":"wllf94rc6v663ho","previousEventId":"wmjg1qshjs7fa6i","previousOperationId":"xfshoa7jdnrvkgt"}
{"type":"operationStart","subtype":"recipe","name":"chrome-pdf","timestamp":1707983927438,"id":"57gwsv0nrpeqim7","previousEventId":"wllf94rc6v663ho","operationId":"jfickrmku0l4b1g","previousOperationId":"xfshoa7jdnrvkgt"}
{"type":"log","timestamp":1707983927438,"level":"debug","message":"Executing recipe chrome-pdf","meta":{"rootId":"97j1ogr3uhdqnxp","id":"97j1ogr3uhdqnxp"},"id":"t3rkq27g0drkp06","previousOperationId":"jfickrmku0l4b1g"}
{"type":"log","timestamp":1707983927441,"level":"debug","message":"Converting with chrome HeadlessChrome/117.0.5938.149 using chrome-pool strategy","meta":{"rootId":"97j1ogr3uhdqnxp","id":"97j1ogr3uhdqnxp"},"id":"tiom77ehl0zt1e0","previousOperationId":"jfickrmku0l4b1g"}
{"type":"log","timestamp":1707983927552,"level":"debug","message":"Page request: GET (document) file:///C:/Users/USER/AppData/Local/Temp/jsreport/autocleanup/1708940d-3dee-4ba8-a962-de7600104104-chrome-pdf.html","meta":{"rootId":"97j1ogr3uhdqnxp","id":"97j1ogr3uhdqnxp"},"id":"blpcklhvnvsf4sb","previousOperationId":"jfickrmku0l4b1g"}
{"type":"log","timestamp":1707983927560,"level":"debug","message":"Page request finished: GET (document) 200 file:///C:/Users/USER/AppData/Local/Temp/jsreport/autocleanup/1708940d-3dee-4ba8-a962-de7600104104-chrome-pdf.html","meta":{"rootId":"97j1ogr3uhdqnxp","id":"97j1ogr3uhdqnxp"},"id":"3fkes52xb4icx8w","previousOperationId":"jfickrmku0l4b1g"}
{"type":"log","timestamp":1707983927580,"level":"debug","message":"Running chrome with params {\"printBackground\":true,\"marginTop\":\"1cm\",\"marginRight\":\"1cm\",\"marginBottom\":\"1cm\",\"marginLeft\":\"1cm\",\"timeout\":59950,\"margin\":{\"top\":\"1cm\",\"right\":\"1cm\",\"bottom\":\"1cm\",\"left\":\"1cm\"}}","meta":{"rootId":"97j1ogr3uhdqnxp","id":"97j1ogr3uhdqnxp"},"id":"xawwavwfxtxabm7","previousOperationId":"jfickrmku0l4b1g"}
{"type":"operationEnd","operationId":"jfickrmku0l4b1g","timestamp":1707983927713,"id":"tupz4g33axudunj","previousEventId":"57gwsv0nrpeqim7","previousOperationId":"jfickrmku0l4b1g"}
{"type":"log","timestamp":1707983927713,"level":"debug","message":"Skipping storing report.","meta":{"rootId":"97j1ogr3uhdqnxp","id":"97j1ogr3uhdqnxp"},"id":"ezke0l2g18fs0q1","previousOperationId":"jfickrmku0l4b1g"}
{"type":"log","timestamp":1707983927713,"level":"info","message":"Rendering request 12 finished in 324 ms","meta":{"rootId":"97j1ogr3uhdqnxp","id":"97j1ogr3uhdqnxp"},"id":"c9u6fhiwcylps21","previousOperationId":"jfickrmku0l4b1g"}
{"type":"operationEnd","subtype":"render","operationId":"ef9p39frwogunoa","timestamp":1707983927713,"id":"e1fovytzn5v1svt","previousEventId":"tupz4g33axudunj","previousOperationId":"jfickrmku0l4b1g"}
{"type":"operationEnd","doDiffs":false,"previousEventId":"ldah1n8xf1mtvcu","previousOperationId":"2q8f028zhyuaeit","operationId":"2q8f028zhyuaeit","timestamp":1707983927717,"id":"6lyaclhzfmth7l2"}
