{"type":"operationStart","subtype":"profile","data":{"_id":"JqKzxvygaiWKFnGl","timestamp":"2024-02-15T06:39:17.596Z","state":"queued","mode":"standard","creationDate":"2024-02-15T06:39:17.598Z","modificationDate":"2024-02-15T06:39:17.598Z","shortid":"dhwbALK","$entitySet":"profiles"},"doDiffs":false,"timestamp":1707979157598,"id":"9ghqdezzqlvio0n","previousOperationId":null,"operationId":"yanwrvjnj95rn4k"}
{"type":"log","level":"info","message":"Render request 18 queued for execution and waiting for available worker","previousOperationId":"yanwrvjnj95rn4k","timestamp":1707979157598,"id":"0v5aurgn339cmld"}
{"type":"operationStart","subtype":"render","name":"invoice-main","previousOperationId":"yanwrvjnj95rn4k","timestamp":1707979157609,"id":"ss3y563izs2tllw","previousEventId":"9ghqdezzqlvio0n","operationId":"mtm2m2395xpta4b"}
{"type":"log","timestamp":1707979157610,"level":"info","message":"Starting rendering request 18","meta":{"rootId":"9oza3ste16yo5x6","id":"9oza3ste16yo5x6"},"id":"7bzzgw88ugcqv79","previousOperationId":"mtm2m2395xpta4b"}
{"type":"log","timestamp":1707979157610,"level":"info","message":"Rendering template { name: invoice-main, recipe: chrome-pdf, engine: handlebars, preview: true }","meta":{"rootId":"9oza3ste16yo5x6","id":"9oza3ste16yo5x6"},"id":"ojy3vjhwivph2xj","previousOperationId":"mtm2m2395xpta4b"}
{"type":"log","timestamp":1707979157610,"level":"debug","message":"Inline data specified.","meta":{"rootId":"9oza3ste16yo5x6","id":"9oza3ste16yo5x6"},"id":"iw8nwqopajji8g8","previousOperationId":"mtm2m2395xpta4b"}
{"type":"log","timestamp":1707979157612,"level":"debug","message":"Base url not specified, skipping its injection.","meta":{"rootId":"9oza3ste16yo5x6","id":"9oza3ste16yo5x6"},"id":"cqf8ys1mlddxge5","previousOperationId":"mtm2m2395xpta4b"}
{"type":"operationStart","subtype":"engine","name":"handlebars","timestamp":1707979157613,"id":"zwqsi008acn60hu","previousEventId":"ss3y563izs2tllw","operationId":"qiqc2dmnn45vnjt","previousOperationId":"mtm2m2395xpta4b"}
{"type":"log","timestamp":1707979157613,"level":"debug","message":"Rendering engine handlebars","meta":{"rootId":"9oza3ste16yo5x6","id":"9oza3ste16yo5x6"},"id":"g3967h4ifxrcdq6","previousOperationId":"qiqc2dmnn45vnjt"}
{"type":"log","timestamp":1707979157635,"level":"debug","message":"(console:log) Calculating item Website design; you should see this message in debug run","meta":{"userLevel":true,"rootId":"9oza3ste16yo5x6","id":"9oza3ste16yo5x6"},"id":"u49sfpopi0pak9s","previousOperationId":"qiqc2dmnn45vnjt"}
{"type":"operationEnd","operationId":"qiqc2dmnn45vnjt","timestamp":1707979157675,"id":"8a4e6cq2qt9uiu0","previousEventId":"zwqsi008acn60hu","previousOperationId":"qiqc2dmnn45vnjt"}
{"type":"operationStart","subtype":"recipe","name":"chrome-pdf","timestamp":1707979157675,"id":"ingm7fenytj94gy","previousEventId":"8a4e6cq2qt9uiu0","operationId":"7ynlwllfjt7pahx","previousOperationId":"qiqc2dmnn45vnjt"}
{"type":"log","timestamp":1707979157675,"level":"debug","message":"Executing recipe chrome-pdf","meta":{"rootId":"9oza3ste16yo5x6","id":"9oza3ste16yo5x6"},"id":"e9wg4inri5sde5e","previousOperationId":"7ynlwllfjt7pahx"}
{"type":"log","timestamp":1707979157679,"level":"debug","message":"Converting with chrome HeadlessChrome/117.0.5938.149 using chrome-pool strategy","meta":{"rootId":"9oza3ste16yo5x6","id":"9oza3ste16yo5x6"},"id":"0evilg2qtns3pxx","previousOperationId":"7ynlwllfjt7pahx"}
{"type":"log","timestamp":1707979157787,"level":"debug","message":"Page request: GET (document) file:///C:/Users/USER/AppData/Local/Temp/jsreport/autocleanup/61fb6758-067e-4775-af83-68633475fec5-chrome-pdf.html","meta":{"rootId":"9oza3ste16yo5x6","id":"9oza3ste16yo5x6"},"id":"pbcs7np0suptf48","previousOperationId":"7ynlwllfjt7pahx"}
{"type":"log","timestamp":1707979157793,"level":"debug","message":"Page request finished: GET (document) 200 file:///C:/Users/USER/AppData/Local/Temp/jsreport/autocleanup/61fb6758-067e-4775-af83-68633475fec5-chrome-pdf.html","meta":{"rootId":"9oza3ste16yo5x6","id":"9oza3ste16yo5x6"},"id":"gn7663w05e89i71","previousOperationId":"7ynlwllfjt7pahx"}
{"type":"log","timestamp":1707979157810,"level":"debug","message":"Running chrome with params {\"printBackground\":true,\"marginTop\":\"1cm\",\"marginRight\":\"1cm\",\"marginBottom\":\"1cm\",\"marginLeft\":\"1cm\",\"timeout\":59918,\"margin\":{\"top\":\"1cm\",\"right\":\"1cm\",\"bottom\":\"1cm\",\"left\":\"1cm\"}}","meta":{"rootId":"9oza3ste16yo5x6","id":"9oza3ste16yo5x6"},"id":"xz6yfm3km5oi5s8","previousOperationId":"7ynlwllfjt7pahx"}
{"type":"operationEnd","operationId":"7ynlwllfjt7pahx","timestamp":1707979157939,"id":"gislrafn9lq3lzm","previousEventId":"ingm7fenytj94gy","previousOperationId":"7ynlwllfjt7pahx"}
{"type":"log","timestamp":1707979157939,"level":"debug","message":"Skipping storing report.","meta":{"rootId":"9oza3ste16yo5x6","id":"9oza3ste16yo5x6"},"id":"liabi1udpyisxke","previousOperationId":"7ynlwllfjt7pahx"}
{"type":"log","timestamp":1707979157939,"level":"info","message":"Rendering request 18 finished in 343 ms","meta":{"rootId":"9oza3ste16yo5x6","id":"9oza3ste16yo5x6"},"id":"yodd2razq5fd1gg","previousOperationId":"7ynlwllfjt7pahx"}
{"type":"operationEnd","subtype":"render","operationId":"mtm2m2395xpta4b","timestamp":1707979157939,"id":"h1zfnatv9dw59w6","previousEventId":"gislrafn9lq3lzm","previousOperationId":"7ynlwllfjt7pahx"}
{"type":"operationEnd","doDiffs":false,"previousEventId":"9ghqdezzqlvio0n","previousOperationId":"yanwrvjnj95rn4k","operationId":"yanwrvjnj95rn4k","timestamp":1707979157943,"id":"ugbnyobzhgzs38m"}
