{"type":"operationStart","subtype":"profile","data":{"_id":"RBmKWBCjcwhnnMxS","timestamp":"2024-02-19T09:59:57.412Z","state":"queued","mode":"standard","creationDate":"2024-02-19T09:59:57.415Z","modificationDate":"2024-02-19T09:59:57.415Z","shortid":"5PfUONh","$entitySet":"profiles"},"doDiffs":false,"timestamp":1708336797414,"id":"rnnyezgpzz4o2vr","previousOperationId":null,"operationId":"soc9t8edijgo0j1"}
{"type":"log","level":"info","message":"Render request 5 queued for execution and waiting for available worker","previousOperationId":"soc9t8edijgo0j1","timestamp":1708336797414,"id":"nbrlcaftjn37w3l"}
{"type":"operationStart","subtype":"render","name":"invoice-main","previousOperationId":"soc9t8edijgo0j1","timestamp":1708336797543,"id":"g2w1xu5zj8lnj03","previousEventId":"rnnyezgpzz4o2vr","operationId":"uhejih45ajz9r4x"}
{"type":"log","timestamp":1708336797548,"level":"info","message":"Starting rendering request 5","meta":{"rootId":"9ulixvvmxgt9c8t","id":"9ulixvvmxgt9c8t"},"id":"o96akw5bhpg172n","previousOperationId":"uhejih45ajz9r4x"}
{"type":"log","timestamp":1708336797551,"level":"info","message":"Rendering template { name: invoice-main, recipe: chrome-pdf, engine: handlebars, preview: false }","meta":{"rootId":"9ulixvvmxgt9c8t","id":"9ulixvvmxgt9c8t"},"id":"0k67pse6guoyuv0","previousOperationId":"uhejih45ajz9r4x"}
{"type":"log","timestamp":1708336797554,"level":"debug","message":"Inline data specified.","meta":{"rootId":"9ulixvvmxgt9c8t","id":"9ulixvvmxgt9c8t"},"id":"3qlip6aqq7fy87y","previousOperationId":"uhejih45ajz9r4x"}
{"type":"log","timestamp":1708336797557,"level":"debug","message":"Base url not specified, skipping its injection.","meta":{"rootId":"9ulixvvmxgt9c8t","id":"9ulixvvmxgt9c8t"},"id":"1pjg1ns406toevi","previousOperationId":"uhejih45ajz9r4x"}
{"type":"operationStart","subtype":"engine","name":"handlebars","timestamp":1708336797563,"id":"shy07ciny5mcugy","previousEventId":"g2w1xu5zj8lnj03","operationId":"9pk87fkvy7l9gzf","previousOperationId":"uhejih45ajz9r4x"}
{"type":"log","timestamp":1708336797563,"level":"debug","message":"Rendering engine handlebars","meta":{"rootId":"9ulixvvmxgt9c8t","id":"9ulixvvmxgt9c8t"},"id":"0j7egq7rdq7uzg0","previousOperationId":"9pk87fkvy7l9gzf"}
{"type":"log","timestamp":1708336797622,"level":"debug","message":"(console:log) Calculating item undefined; you should see this message in debug run","meta":{"userLevel":true,"rootId":"9ulixvvmxgt9c8t","id":"9ulixvvmxgt9c8t"},"id":"mg91x69fa0hfo2n","previousOperationId":"9pk87fkvy7l9gzf"}
{"type":"log","timestamp":1708336797622,"level":"debug","message":"(console:log) Calculating item undefined; you should see this message in debug run","meta":{"userLevel":true,"rootId":"9ulixvvmxgt9c8t","id":"9ulixvvmxgt9c8t"},"id":"ljvm74ctmiptvfm","previousOperationId":"9pk87fkvy7l9gzf"}
{"type":"log","timestamp":1708336797622,"level":"debug","message":"(console:log) Calculating item undefined; you should see this message in debug run","meta":{"userLevel":true,"rootId":"9ulixvvmxgt9c8t","id":"9ulixvvmxgt9c8t"},"id":"pdvdpla0ywajnaa","previousOperationId":"9pk87fkvy7l9gzf"}
{"type":"log","timestamp":1708336797622,"level":"debug","message":"(console:log) Calculating item undefined; you should see this message in debug run","meta":{"userLevel":true,"rootId":"9ulixvvmxgt9c8t","id":"9ulixvvmxgt9c8t"},"id":"6wi9kd67a925paw","previousOperationId":"9pk87fkvy7l9gzf"}
{"type":"operationEnd","operationId":"9pk87fkvy7l9gzf","timestamp":1708336797627,"id":"f9xt8pdmcu18f9f","previousEventId":"shy07ciny5mcugy","previousOperationId":"9pk87fkvy7l9gzf"}
{"type":"operationStart","subtype":"recipe","name":"chrome-pdf","timestamp":1708336797629,"id":"3h85a600mrz3l96","previousEventId":"f9xt8pdmcu18f9f","operationId":"ua578j5caho9p16","previousOperationId":"9pk87fkvy7l9gzf"}
{"type":"log","timestamp":1708336797629,"level":"debug","message":"Executing recipe chrome-pdf","meta":{"rootId":"9ulixvvmxgt9c8t","id":"9ulixvvmxgt9c8t"},"id":"i7k6cuakf6jpa0t","previousOperationId":"ua578j5caho9p16"}
{"type":"log","timestamp":1708336797650,"level":"debug","message":"Converting with chrome HeadlessChrome/117.0.5938.149 using chrome-pool strategy","meta":{"rootId":"9ulixvvmxgt9c8t","id":"9ulixvvmxgt9c8t"},"id":"uz3m32ouwdbeerm","previousOperationId":"ua578j5caho9p16"}
{"type":"log","timestamp":1708336798053,"level":"debug","message":"Page request: GET (document) file:///C:/Users/USER/AppData/Local/Temp/jsreport/autocleanup/b778bbe7-8986-4213-8a1f-605c7b4d88cc-chrome-pdf.html","meta":{"rootId":"9ulixvvmxgt9c8t","id":"9ulixvvmxgt9c8t"},"id":"ktnfhou63nu6onw","previousOperationId":"ua578j5caho9p16"}
{"type":"log","timestamp":1708336798066,"level":"debug","message":"Page request finished: GET (document) 200 file:///C:/Users/USER/AppData/Local/Temp/jsreport/autocleanup/b778bbe7-8986-4213-8a1f-605c7b4d88cc-chrome-pdf.html","meta":{"rootId":"9ulixvvmxgt9c8t","id":"9ulixvvmxgt9c8t"},"id":"qbx72mfwhv4qxot","previousOperationId":"ua578j5caho9p16"}
{"type":"log","timestamp":1708336798092,"level":"debug","message":"Running chrome with params {\"printBackground\":true,\"marginTop\":\"1cm\",\"marginRight\":\"1cm\",\"marginBottom\":\"1cm\",\"marginLeft\":\"1cm\",\"timeout\":59775,\"margin\":{\"top\":\"1cm\",\"right\":\"1cm\",\"bottom\":\"1cm\",\"left\":\"1cm\"}}","meta":{"rootId":"9ulixvvmxgt9c8t","id":"9ulixvvmxgt9c8t"},"id":"x8bslj7lyezrqvc","previousOperationId":"ua578j5caho9p16"}
{"type":"operationEnd","operationId":"ua578j5caho9p16","timestamp":1708336798317,"id":"clnmje1pf7xgnml","previousEventId":"3h85a600mrz3l96","previousOperationId":"ua578j5caho9p16"}
{"type":"log","timestamp":1708336798317,"level":"debug","message":"Skipping storing report.","meta":{"rootId":"9ulixvvmxgt9c8t","id":"9ulixvvmxgt9c8t"},"id":"u8jgyt4ttms4vmx","previousOperationId":"ua578j5caho9p16"}
{"type":"log","timestamp":1708336798317,"level":"info","message":"Rendering request 5 finished in 906 ms","meta":{"rootId":"9ulixvvmxgt9c8t","id":"9ulixvvmxgt9c8t"},"id":"v2tbrrejczm32jd","previousOperationId":"ua578j5caho9p16"}
{"type":"operationEnd","subtype":"render","operationId":"uhejih45ajz9r4x","timestamp":1708336798317,"id":"dfbphey4npq1lzh","previousEventId":"clnmje1pf7xgnml","previousOperationId":"ua578j5caho9p16"}
{"type":"operationEnd","doDiffs":false,"previousEventId":"rnnyezgpzz4o2vr","previousOperationId":"soc9t8edijgo0j1","operationId":"soc9t8edijgo0j1","timestamp":1708336798321,"id":"3usl2jb4bde7rld"}
