{"type":"operationStart","subtype":"profile","data":{"_id":"w0HUBqZKBcD5VUkW","timestamp":"2024-02-15T07:37:22.480Z","state":"queued","mode":"standard","creationDate":"2024-02-15T07:37:22.482Z","modificationDate":"2024-02-15T07:37:22.482Z","shortid":"xyG9vqe","$entitySet":"profiles"},"doDiffs":false,"timestamp":1707982642481,"id":"dp9jj8ftwte1bri","previousOperationId":null,"operationId":"pjhu8e9hx1sc6b0"}
{"type":"log","level":"info","message":"Render request 38 queued for execution and waiting for available worker","previousOperationId":"pjhu8e9hx1sc6b0","timestamp":1707982642481,"id":"1bk72uvdr0k3sph"}
{"type":"operationStart","subtype":"render","name":"invoice-main","previousOperationId":"pjhu8e9hx1sc6b0","timestamp":1707982642495,"id":"wezl12melbl2bl0","previousEventId":"dp9jj8ftwte1bri","operationId":"np5ml6eexi82yil"}
{"type":"log","timestamp":1707982642495,"level":"info","message":"Starting rendering request 38","meta":{"rootId":"ad6xapt0e1e6trp","id":"ad6xapt0e1e6trp"},"id":"1h7f21upl4qg245","previousOperationId":"np5ml6eexi82yil"}
{"type":"log","timestamp":1707982642496,"level":"info","message":"Rendering template { name: invoice-main, recipe: chrome-pdf, engine: handlebars, preview: true }","meta":{"rootId":"ad6xapt0e1e6trp","id":"ad6xapt0e1e6trp"},"id":"1wkj12r6uz3dytu","previousOperationId":"np5ml6eexi82yil"}
{"type":"log","timestamp":1707982642497,"level":"debug","message":"Inline data specified.","meta":{"rootId":"ad6xapt0e1e6trp","id":"ad6xapt0e1e6trp"},"id":"rs7rw9dm5h566xp","previousOperationId":"np5ml6eexi82yil"}
{"type":"log","timestamp":1707982642499,"level":"debug","message":"Base url not specified, skipping its injection.","meta":{"rootId":"ad6xapt0e1e6trp","id":"ad6xapt0e1e6trp"},"id":"nd8etjs4m1e10pc","previousOperationId":"np5ml6eexi82yil"}
{"type":"operationStart","subtype":"engine","name":"handlebars","timestamp":1707982642499,"id":"9hmsntmgog481b8","previousEventId":"wezl12melbl2bl0","operationId":"a6gikc5igp8wvrb","previousOperationId":"np5ml6eexi82yil"}
{"type":"log","timestamp":1707982642499,"level":"debug","message":"Rendering engine handlebars","meta":{"rootId":"ad6xapt0e1e6trp","id":"ad6xapt0e1e6trp"},"id":"5tkk2t596efsaji","previousOperationId":"a6gikc5igp8wvrb"}
{"type":"log","timestamp":1707982642546,"level":"debug","message":"(console:log) Calculating item undefined; you should see this message in debug run","meta":{"userLevel":true,"rootId":"ad6xapt0e1e6trp","id":"ad6xapt0e1e6trp"},"id":"ya95dscb66ya5x3","previousOperationId":"a6gikc5igp8wvrb"}
{"type":"operationEnd","operationId":"a6gikc5igp8wvrb","timestamp":1707982642548,"id":"onthmq488grgcxh","previousEventId":"9hmsntmgog481b8","previousOperationId":"a6gikc5igp8wvrb"}
{"type":"operationStart","subtype":"recipe","name":"chrome-pdf","timestamp":1707982642550,"id":"khfyi3jdjbydzad","previousEventId":"onthmq488grgcxh","operationId":"qwoaaq3jn928o8o","previousOperationId":"a6gikc5igp8wvrb"}
{"type":"log","timestamp":1707982642550,"level":"debug","message":"Executing recipe chrome-pdf","meta":{"rootId":"ad6xapt0e1e6trp","id":"ad6xapt0e1e6trp"},"id":"nx1onw3plfiqo8y","previousOperationId":"qwoaaq3jn928o8o"}
{"type":"log","timestamp":1707982642554,"level":"debug","message":"Converting with chrome HeadlessChrome/117.0.5938.149 using chrome-pool strategy","meta":{"rootId":"ad6xapt0e1e6trp","id":"ad6xapt0e1e6trp"},"id":"510kqwfcov4ntmi","previousOperationId":"qwoaaq3jn928o8o"}
{"type":"log","timestamp":1707982642709,"level":"debug","message":"Page request: GET (document) file:///C:/Users/USER/AppData/Local/Temp/jsreport/autocleanup/73b3d1ee-7def-434a-8f3e-89b0b0e11755-chrome-pdf.html","meta":{"rootId":"ad6xapt0e1e6trp","id":"ad6xapt0e1e6trp"},"id":"6e380rfwn0nr3c8","previousOperationId":"qwoaaq3jn928o8o"}
{"type":"log","timestamp":1707982642720,"level":"debug","message":"Page request finished: GET (document) 200 file:///C:/Users/USER/AppData/Local/Temp/jsreport/autocleanup/73b3d1ee-7def-434a-8f3e-89b0b0e11755-chrome-pdf.html","meta":{"rootId":"ad6xapt0e1e6trp","id":"ad6xapt0e1e6trp"},"id":"mxeigkh703aupxg","previousOperationId":"qwoaaq3jn928o8o"}
{"type":"log","timestamp":1707982642744,"level":"debug","message":"Running chrome with params {\"printBackground\":true,\"marginTop\":\"1cm\",\"marginRight\":\"1cm\",\"marginBottom\":\"1cm\",\"marginLeft\":\"1cm\",\"timeout\":59927,\"margin\":{\"top\":\"1cm\",\"right\":\"1cm\",\"bottom\":\"1cm\",\"left\":\"1cm\"}}","meta":{"rootId":"ad6xapt0e1e6trp","id":"ad6xapt0e1e6trp"},"id":"rkcrm2nm11chyrb","previousOperationId":"qwoaaq3jn928o8o"}
{"type":"operationEnd","operationId":"qwoaaq3jn928o8o","timestamp":1707982642911,"id":"lr7uz2um0oelfgs","previousEventId":"khfyi3jdjbydzad","previousOperationId":"qwoaaq3jn928o8o"}
{"type":"log","timestamp":1707982642911,"level":"debug","message":"Skipping storing report.","meta":{"rootId":"ad6xapt0e1e6trp","id":"ad6xapt0e1e6trp"},"id":"0r29cju3g9eowz9","previousOperationId":"qwoaaq3jn928o8o"}
{"type":"log","timestamp":1707982642911,"level":"info","message":"Rendering request 38 finished in 431 ms","meta":{"rootId":"ad6xapt0e1e6trp","id":"ad6xapt0e1e6trp"},"id":"bsl9figjs4tknkz","previousOperationId":"qwoaaq3jn928o8o"}
{"type":"operationEnd","subtype":"render","operationId":"np5ml6eexi82yil","timestamp":1707982642911,"id":"y7oe8qdctdewtny","previousEventId":"lr7uz2um0oelfgs","previousOperationId":"qwoaaq3jn928o8o"}
{"type":"operationEnd","doDiffs":false,"previousEventId":"dp9jj8ftwte1bri","previousOperationId":"pjhu8e9hx1sc6b0","operationId":"pjhu8e9hx1sc6b0","timestamp":1707982642915,"id":"wu3wxqxedx1058o"}
