{"type":"operationStart","subtype":"profile","data":{"_id":"SyFXNy9Q18knodCg","timestamp":"2024-02-15T08:56:31.105Z","state":"queued","mode":"standard","creationDate":"2024-02-15T08:56:31.107Z","modificationDate":"2024-02-15T08:56:31.107Z","shortid":"Sk8qTGL","$entitySet":"profiles"},"doDiffs":false,"timestamp":1707987391106,"id":"7j9uc1blvgz50hk","previousOperationId":null,"operationId":"749v1mgysbeu6yt"}
{"type":"log","level":"info","message":"Render request 43 queued for execution and waiting for available worker","previousOperationId":"749v1mgysbeu6yt","timestamp":1707987391106,"id":"ax8gpmws4ut3u48"}
{"type":"operationStart","subtype":"render","name":"invoice-main","previousOperationId":"749v1mgysbeu6yt","timestamp":1707987391125,"id":"sq8z8yuqg3ndgzh","previousEventId":"7j9uc1blvgz50hk","operationId":"r6ckzky190sx6d7"}
{"type":"log","timestamp":1707987391125,"level":"info","message":"Starting rendering request 43","meta":{"rootId":"apfhh303myiti8z","id":"apfhh303myiti8z"},"id":"c05823iz3vess0o","previousOperationId":"r6ckzky190sx6d7"}
{"type":"log","timestamp":1707987391125,"level":"info","message":"Rendering template { name: invoice-main, recipe: chrome-pdf, engine: handlebars, preview: true }","meta":{"rootId":"apfhh303myiti8z","id":"apfhh303myiti8z"},"id":"xend3xfy6n8ias2","previousOperationId":"r6ckzky190sx6d7"}
{"type":"log","timestamp":1707987391125,"level":"debug","message":"Inline data specified.","meta":{"rootId":"apfhh303myiti8z","id":"apfhh303myiti8z"},"id":"451rouil0sv9163","previousOperationId":"r6ckzky190sx6d7"}
{"type":"log","timestamp":1707987391127,"level":"debug","message":"Base url not specified, skipping its injection.","meta":{"rootId":"apfhh303myiti8z","id":"apfhh303myiti8z"},"id":"bty7aktmh7t6ssc","previousOperationId":"r6ckzky190sx6d7"}
{"type":"operationStart","subtype":"engine","name":"handlebars","timestamp":1707987391128,"id":"pzg0qpl7oqpapht","previousEventId":"sq8z8yuqg3ndgzh","operationId":"b3i4wsrinlmt24b","previousOperationId":"r6ckzky190sx6d7"}
{"type":"log","timestamp":1707987391128,"level":"debug","message":"Rendering engine handlebars","meta":{"rootId":"apfhh303myiti8z","id":"apfhh303myiti8z"},"id":"yqxh61ow7q807nl","previousOperationId":"b3i4wsrinlmt24b"}
{"type":"log","timestamp":1707987391156,"level":"debug","message":"(console:log) Calculating item undefined; you should see this message in debug run","meta":{"userLevel":true,"rootId":"apfhh303myiti8z","id":"apfhh303myiti8z"},"id":"4of152dx2k5k0l6","previousOperationId":"b3i4wsrinlmt24b"}
{"type":"log","timestamp":1707987391156,"level":"debug","message":"(console:log) Calculating item undefined; you should see this message in debug run","meta":{"userLevel":true,"rootId":"apfhh303myiti8z","id":"apfhh303myiti8z"},"id":"ao7ltm92ugb16t7","previousOperationId":"b3i4wsrinlmt24b"}
{"type":"operationEnd","operationId":"b3i4wsrinlmt24b","timestamp":1707987391158,"id":"k9nmjnrbctkod5g","previousEventId":"pzg0qpl7oqpapht","previousOperationId":"b3i4wsrinlmt24b"}
{"type":"operationStart","subtype":"recipe","name":"chrome-pdf","timestamp":1707987391159,"id":"8y0yt5fdpnxgjxn","previousEventId":"k9nmjnrbctkod5g","operationId":"skgekspmkxs0mzu","previousOperationId":"b3i4wsrinlmt24b"}
{"type":"log","timestamp":1707987391159,"level":"debug","message":"Executing recipe chrome-pdf","meta":{"rootId":"apfhh303myiti8z","id":"apfhh303myiti8z"},"id":"tq3ynhv2d4mnm2l","previousOperationId":"skgekspmkxs0mzu"}
{"type":"log","timestamp":1707987391162,"level":"debug","message":"Converting with chrome HeadlessChrome/117.0.5938.149 using chrome-pool strategy","meta":{"rootId":"apfhh303myiti8z","id":"apfhh303myiti8z"},"id":"xwyvft98vdxp8uy","previousOperationId":"skgekspmkxs0mzu"}
{"type":"log","timestamp":1707987391284,"level":"debug","message":"Page request: GET (document) file:///C:/Users/USER/AppData/Local/Temp/jsreport/autocleanup/048ac679-c9a3-414c-86a3-40cca4c9ac51-chrome-pdf.html","meta":{"rootId":"apfhh303myiti8z","id":"apfhh303myiti8z"},"id":"pwf7pca25m7reoy","previousOperationId":"skgekspmkxs0mzu"}
{"type":"log","timestamp":1707987391297,"level":"debug","message":"Page request finished: GET (document) 200 file:///C:/Users/USER/AppData/Local/Temp/jsreport/autocleanup/048ac679-c9a3-414c-86a3-40cca4c9ac51-chrome-pdf.html","meta":{"rootId":"apfhh303myiti8z","id":"apfhh303myiti8z"},"id":"2882i7d7pghv82k","previousOperationId":"skgekspmkxs0mzu"}
{"type":"log","timestamp":1707987391325,"level":"debug","message":"Running chrome with params {\"printBackground\":true,\"marginTop\":\"1cm\",\"marginRight\":\"1cm\",\"marginBottom\":\"1cm\",\"marginLeft\":\"1cm\",\"timeout\":59944,\"margin\":{\"top\":\"1cm\",\"right\":\"1cm\",\"bottom\":\"1cm\",\"left\":\"1cm\"}}","meta":{"rootId":"apfhh303myiti8z","id":"apfhh303myiti8z"},"id":"szxydji2xfse0ba","previousOperationId":"skgekspmkxs0mzu"}
{"type":"operationEnd","operationId":"skgekspmkxs0mzu","timestamp":1707987391518,"id":"wbe407uk7ptktwk","previousEventId":"8y0yt5fdpnxgjxn","previousOperationId":"skgekspmkxs0mzu"}
{"type":"log","timestamp":1707987391518,"level":"debug","message":"Skipping storing report.","meta":{"rootId":"apfhh303myiti8z","id":"apfhh303myiti8z"},"id":"0l0b813ps2is8ax","previousOperationId":"skgekspmkxs0mzu"}
{"type":"log","timestamp":1707987391518,"level":"info","message":"Rendering request 43 finished in 413 ms","meta":{"rootId":"apfhh303myiti8z","id":"apfhh303myiti8z"},"id":"v18yerxrfv4t0ai","previousOperationId":"skgekspmkxs0mzu"}
{"type":"operationEnd","subtype":"render","operationId":"r6ckzky190sx6d7","timestamp":1707987391518,"id":"70ic2n3m6q80m3g","previousEventId":"wbe407uk7ptktwk","previousOperationId":"skgekspmkxs0mzu"}
{"type":"operationEnd","doDiffs":false,"previousEventId":"7j9uc1blvgz50hk","previousOperationId":"749v1mgysbeu6yt","operationId":"749v1mgysbeu6yt","timestamp":1707987391524,"id":"q94lyy3an4avlyd"}
