{"type":"operationStart","subtype":"profile","data":{"_id":"vnjGMSIaIX80M6Lu","timestamp":"2024-02-15T08:53:11.791Z","state":"queued","mode":"standard","creationDate":"2024-02-15T08:53:11.793Z","modificationDate":"2024-02-15T08:53:11.793Z","shortid":"c5a73XF","$entitySet":"profiles"},"doDiffs":false,"timestamp":1707987191792,"id":"wk44693a1d1kq4n","previousOperationId":null,"operationId":"4luscu78p2mu38a"}
{"type":"log","level":"info","message":"Render request 35 queued for execution and waiting for available worker","previousOperationId":"4luscu78p2mu38a","timestamp":1707987191792,"id":"tfkbbn94gz18c3g"}
{"type":"operationStart","subtype":"render","name":"invoice-main","previousOperationId":"4luscu78p2mu38a","timestamp":1707987191802,"id":"q26ve4ume6pp3nv","previousEventId":"wk44693a1d1kq4n","operationId":"8e9mrnvaun3lxji"}
{"type":"log","timestamp":1707987191802,"level":"info","message":"Starting rendering request 35","meta":{"rootId":"ars2of7b90tkxkl","id":"ars2of7b90tkxkl"},"id":"qj2eo44874ai53h","previousOperationId":"8e9mrnvaun3lxji"}
{"type":"log","timestamp":1707987191803,"level":"info","message":"Rendering template { name: invoice-main, recipe: chrome-pdf, engine: handlebars, preview: true }","meta":{"rootId":"ars2of7b90tkxkl","id":"ars2of7b90tkxkl"},"id":"ou1qz276re1vbom","previousOperationId":"8e9mrnvaun3lxji"}
{"type":"log","timestamp":1707987191804,"level":"debug","message":"Inline data specified.","meta":{"rootId":"ars2of7b90tkxkl","id":"ars2of7b90tkxkl"},"id":"4es3h1f4appwz4d","previousOperationId":"8e9mrnvaun3lxji"}
{"type":"log","timestamp":1707987191806,"level":"debug","message":"Base url not specified, skipping its injection.","meta":{"rootId":"ars2of7b90tkxkl","id":"ars2of7b90tkxkl"},"id":"jhsg0tgk4dro0i6","previousOperationId":"8e9mrnvaun3lxji"}
{"type":"operationStart","subtype":"engine","name":"handlebars","timestamp":1707987191806,"id":"677pkchew05ley9","previousEventId":"q26ve4ume6pp3nv","operationId":"ba2o9sjup04jd08","previousOperationId":"8e9mrnvaun3lxji"}
{"type":"log","timestamp":1707987191806,"level":"debug","message":"Rendering engine handlebars","meta":{"rootId":"ars2of7b90tkxkl","id":"ars2of7b90tkxkl"},"id":"ifhylkyobqpiqpp","previousOperationId":"ba2o9sjup04jd08"}
{"type":"log","timestamp":1707987191838,"level":"debug","message":"(console:log) Calculating item undefined; you should see this message in debug run","meta":{"userLevel":true,"rootId":"ars2of7b90tkxkl","id":"ars2of7b90tkxkl"},"id":"hpz3q05ovir4o6n","previousOperationId":"ba2o9sjup04jd08"}
{"type":"log","timestamp":1707987191838,"level":"debug","message":"(console:log) Calculating item undefined; you should see this message in debug run","meta":{"userLevel":true,"rootId":"ars2of7b90tkxkl","id":"ars2of7b90tkxkl"},"id":"79e789cwfxwaqky","previousOperationId":"ba2o9sjup04jd08"}
{"type":"operationEnd","operationId":"ba2o9sjup04jd08","timestamp":1707987191840,"id":"okzzryshf1sx5tz","previousEventId":"677pkchew05ley9","previousOperationId":"ba2o9sjup04jd08"}
{"type":"operationStart","subtype":"recipe","name":"chrome-pdf","timestamp":1707987191840,"id":"lavw8tw0o5qq0bi","previousEventId":"okzzryshf1sx5tz","operationId":"d7kmu61snhtai9y","previousOperationId":"ba2o9sjup04jd08"}
{"type":"log","timestamp":1707987191840,"level":"debug","message":"Executing recipe chrome-pdf","meta":{"rootId":"ars2of7b90tkxkl","id":"ars2of7b90tkxkl"},"id":"rixut1lu4lc542n","previousOperationId":"d7kmu61snhtai9y"}
{"type":"log","timestamp":1707987191843,"level":"debug","message":"Converting with chrome HeadlessChrome/117.0.5938.149 using chrome-pool strategy","meta":{"rootId":"ars2of7b90tkxkl","id":"ars2of7b90tkxkl"},"id":"m49da4zvp5lvmsv","previousOperationId":"d7kmu61snhtai9y"}
{"type":"log","timestamp":1707987191968,"level":"debug","message":"Page request: GET (document) file:///C:/Users/USER/AppData/Local/Temp/jsreport/autocleanup/091c83b7-962a-4a36-b119-b228acc4a0db-chrome-pdf.html","meta":{"rootId":"ars2of7b90tkxkl","id":"ars2of7b90tkxkl"},"id":"8rynebwjkd2w4yl","previousOperationId":"d7kmu61snhtai9y"}
{"type":"log","timestamp":1707987191975,"level":"debug","message":"Page request finished: GET (document) 200 file:///C:/Users/USER/AppData/Local/Temp/jsreport/autocleanup/091c83b7-962a-4a36-b119-b228acc4a0db-chrome-pdf.html","meta":{"rootId":"ars2of7b90tkxkl","id":"ars2of7b90tkxkl"},"id":"s65yv348vrmnb5b","previousOperationId":"d7kmu61snhtai9y"}
{"type":"log","timestamp":1707987191996,"level":"debug","message":"Running chrome with params {\"printBackground\":true,\"marginTop\":\"1cm\",\"marginRight\":\"1cm\",\"marginBottom\":\"1cm\",\"marginLeft\":\"1cm\",\"timeout\":59949,\"margin\":{\"top\":\"1cm\",\"right\":\"1cm\",\"bottom\":\"1cm\",\"left\":\"1cm\"}}","meta":{"rootId":"ars2of7b90tkxkl","id":"ars2of7b90tkxkl"},"id":"eg9ocfcmmka0r1a","previousOperationId":"d7kmu61snhtai9y"}
{"type":"operationEnd","operationId":"d7kmu61snhtai9y","timestamp":1707987192163,"id":"3cftq41tx7c7czp","previousEventId":"lavw8tw0o5qq0bi","previousOperationId":"d7kmu61snhtai9y"}
{"type":"log","timestamp":1707987192163,"level":"debug","message":"Skipping storing report.","meta":{"rootId":"ars2of7b90tkxkl","id":"ars2of7b90tkxkl"},"id":"rercqs4fa473n5y","previousOperationId":"d7kmu61snhtai9y"}
{"type":"log","timestamp":1707987192163,"level":"info","message":"Rendering request 35 finished in 372 ms","meta":{"rootId":"ars2of7b90tkxkl","id":"ars2of7b90tkxkl"},"id":"0rbsq07zf8qortb","previousOperationId":"d7kmu61snhtai9y"}
{"type":"operationEnd","subtype":"render","operationId":"8e9mrnvaun3lxji","timestamp":1707987192163,"id":"902rwvgme5zvhi4","previousEventId":"3cftq41tx7c7czp","previousOperationId":"d7kmu61snhtai9y"}
{"type":"operationEnd","doDiffs":false,"previousEventId":"wk44693a1d1kq4n","previousOperationId":"4luscu78p2mu38a","operationId":"4luscu78p2mu38a","timestamp":1707987192171,"id":"zsm7d88shyxugpq"}
