{"type":"operationStart","subtype":"profile","data":{"_id":"swykZg4uSwVPS1OV","timestamp":"2024-02-15T07:33:42.599Z","state":"queued","mode":"standard","creationDate":"2024-02-15T07:33:42.602Z","modificationDate":"2024-02-15T07:33:42.602Z","shortid":"hU52ZMZ","$entitySet":"profiles"},"doDiffs":false,"timestamp":1707982422601,"id":"wapdvzn42atbpm1","previousOperationId":null,"operationId":"0kwklmj0fqfli1p"}
{"type":"log","level":"info","message":"Render request 33 queued for execution and waiting for available worker","previousOperationId":"0kwklmj0fqfli1p","timestamp":1707982422601,"id":"uek9vtlaw812xk1"}
{"type":"operationStart","subtype":"render","name":"invoice-main","previousOperationId":"0kwklmj0fqfli1p","timestamp":1707982422612,"id":"3l3uqvd5hvil65e","previousEventId":"wapdvzn42atbpm1","operationId":"c4a6i9yj61akev9"}
{"type":"log","timestamp":1707982422612,"level":"info","message":"Starting rendering request 33","meta":{"rootId":"b4kiy8i9eede6rf","id":"b4kiy8i9eede6rf"},"id":"60ngxnz7yz4je08","previousOperationId":"c4a6i9yj61akev9"}
{"type":"log","timestamp":1707982422612,"level":"info","message":"Rendering template { name: invoice-main, recipe: chrome-pdf, engine: handlebars, preview: true }","meta":{"rootId":"b4kiy8i9eede6rf","id":"b4kiy8i9eede6rf"},"id":"qd8vw8z3y1vnrdy","previousOperationId":"c4a6i9yj61akev9"}
{"type":"log","timestamp":1707982422613,"level":"debug","message":"Inline data specified.","meta":{"rootId":"b4kiy8i9eede6rf","id":"b4kiy8i9eede6rf"},"id":"5uyzoda5h0pvzbv","previousOperationId":"c4a6i9yj61akev9"}
{"type":"log","timestamp":1707982422614,"level":"debug","message":"Base url not specified, skipping its injection.","meta":{"rootId":"b4kiy8i9eede6rf","id":"b4kiy8i9eede6rf"},"id":"8xlhh5atr0rbj27","previousOperationId":"c4a6i9yj61akev9"}
{"type":"operationStart","subtype":"engine","name":"handlebars","timestamp":1707982422615,"id":"w01284u75ln6jbe","previousEventId":"3l3uqvd5hvil65e","operationId":"tty1knizhzxumjr","previousOperationId":"c4a6i9yj61akev9"}
{"type":"log","timestamp":1707982422615,"level":"debug","message":"Rendering engine handlebars","meta":{"rootId":"b4kiy8i9eede6rf","id":"b4kiy8i9eede6rf"},"id":"dc8utpjudq7i0uj","previousOperationId":"tty1knizhzxumjr"}
{"type":"log","timestamp":1707982422651,"level":"debug","message":"(console:log) Calculating item undefined; you should see this message in debug run","meta":{"userLevel":true,"rootId":"b4kiy8i9eede6rf","id":"b4kiy8i9eede6rf"},"id":"smjwogba9plvamd","previousOperationId":"tty1knizhzxumjr"}
{"type":"operationEnd","operationId":"tty1knizhzxumjr","timestamp":1707982422653,"id":"dke2q3dkwi0tn86","previousEventId":"w01284u75ln6jbe","previousOperationId":"tty1knizhzxumjr"}
{"type":"operationStart","subtype":"recipe","name":"chrome-pdf","timestamp":1707982422654,"id":"4cacj2iv3cahg4z","previousEventId":"dke2q3dkwi0tn86","operationId":"bvfzjolf9rw11u2","previousOperationId":"tty1knizhzxumjr"}
{"type":"log","timestamp":1707982422654,"level":"debug","message":"Executing recipe chrome-pdf","meta":{"rootId":"b4kiy8i9eede6rf","id":"b4kiy8i9eede6rf"},"id":"r5pmafjr83qnfk0","previousOperationId":"bvfzjolf9rw11u2"}
{"type":"log","timestamp":1707982422658,"level":"debug","message":"Converting with chrome HeadlessChrome/117.0.5938.149 using chrome-pool strategy","meta":{"rootId":"b4kiy8i9eede6rf","id":"b4kiy8i9eede6rf"},"id":"ank0poj9vdx3b16","previousOperationId":"bvfzjolf9rw11u2"}
{"type":"log","timestamp":1707982422792,"level":"debug","message":"Page request: GET (document) file:///C:/Users/USER/AppData/Local/Temp/jsreport/autocleanup/b3320e2b-48f1-471e-baee-ad2bbbde7397-chrome-pdf.html","meta":{"rootId":"b4kiy8i9eede6rf","id":"b4kiy8i9eede6rf"},"id":"z4smvtfcraoua4a","previousOperationId":"bvfzjolf9rw11u2"}
{"type":"log","timestamp":1707982422800,"level":"debug","message":"Page request finished: GET (document) 200 file:///C:/Users/USER/AppData/Local/Temp/jsreport/autocleanup/b3320e2b-48f1-471e-baee-ad2bbbde7397-chrome-pdf.html","meta":{"rootId":"b4kiy8i9eede6rf","id":"b4kiy8i9eede6rf"},"id":"4a5mynxq0i4zzgr","previousOperationId":"bvfzjolf9rw11u2"}
{"type":"log","timestamp":1707982422821,"level":"debug","message":"Running chrome with params {\"printBackground\":true,\"marginTop\":\"1cm\",\"marginRight\":\"1cm\",\"marginBottom\":\"1cm\",\"marginLeft\":\"1cm\",\"timeout\":59943,\"margin\":{\"top\":\"1cm\",\"right\":\"1cm\",\"bottom\":\"1cm\",\"left\":\"1cm\"}}","meta":{"rootId":"b4kiy8i9eede6rf","id":"b4kiy8i9eede6rf"},"id":"fnr0owhdk883me6","previousOperationId":"bvfzjolf9rw11u2"}
{"type":"operationEnd","operationId":"bvfzjolf9rw11u2","timestamp":1707982422992,"id":"ggy6npw2rzfp31q","previousEventId":"4cacj2iv3cahg4z","previousOperationId":"bvfzjolf9rw11u2"}
{"type":"log","timestamp":1707982422992,"level":"debug","message":"Skipping storing report.","meta":{"rootId":"b4kiy8i9eede6rf","id":"b4kiy8i9eede6rf"},"id":"zelygt5y977bgvc","previousOperationId":"bvfzjolf9rw11u2"}
{"type":"log","timestamp":1707982422992,"level":"info","message":"Rendering request 33 finished in 393 ms","meta":{"rootId":"b4kiy8i9eede6rf","id":"b4kiy8i9eede6rf"},"id":"ab7bb9rencpx0g5","previousOperationId":"bvfzjolf9rw11u2"}
{"type":"operationEnd","subtype":"render","operationId":"c4a6i9yj61akev9","timestamp":1707982422992,"id":"uvwwml2n5kn2njy","previousEventId":"ggy6npw2rzfp31q","previousOperationId":"bvfzjolf9rw11u2"}
{"type":"operationEnd","doDiffs":false,"previousEventId":"wapdvzn42atbpm1","previousOperationId":"0kwklmj0fqfli1p","operationId":"0kwklmj0fqfli1p","timestamp":1707982422997,"id":"jhxn13ir9tzhj8t"}
