{"type":"operationStart","subtype":"profile","data":{"_id":"3vpASWJJa4QyFBHp","timestamp":"2024-02-16T07:30:26.904Z","state":"queued","mode":"standard","creationDate":"2024-02-16T07:30:26.909Z","modificationDate":"2024-02-16T07:30:26.909Z","shortid":"xOXvcq_","$entitySet":"profiles"},"doDiffs":false,"timestamp":1708068626906,"id":"1wk5n016enwpare","previousOperationId":null,"operationId":"x6w8blhzrwmrabi"}
{"type":"log","level":"info","message":"Render request 1 queued for execution and waiting for available worker","previousOperationId":"x6w8blhzrwmrabi","timestamp":1708068626907,"id":"uoa8584nt96kekl"}
{"type":"operationStart","subtype":"render","name":"invoice-main","previousOperationId":"x6w8blhzrwmrabi","timestamp":1708068627010,"id":"wcnif6j824fum7n","previousEventId":"1wk5n016enwpare","operationId":"86obnhw8e5z58nc"}
{"type":"log","timestamp":1708068627018,"level":"info","message":"Starting rendering request 1","meta":{"rootId":"bqq9llaaygrt506","id":"bqq9llaaygrt506"},"id":"hqy55lu813q1fcg","previousOperationId":"86obnhw8e5z58nc"}
{"type":"log","timestamp":1708068627023,"level":"info","message":"Rendering template { name: invoice-main, recipe: chrome-pdf, engine: handlebars, preview: true }","meta":{"rootId":"bqq9llaaygrt506","id":"bqq9llaaygrt506"},"id":"4nw4mfn2e99dewh","previousOperationId":"86obnhw8e5z58nc"}
{"type":"log","timestamp":1708068627031,"level":"debug","message":"Adding sample data bIueE80","meta":{"rootId":"bqq9llaaygrt506","id":"bqq9llaaygrt506"},"id":"4u4e5i21ii1ay4d","previousOperationId":"86obnhw8e5z58nc"}
{"type":"log","timestamp":1708068627037,"level":"debug","message":"Base url not specified, skipping its injection.","meta":{"rootId":"bqq9llaaygrt506","id":"bqq9llaaygrt506"},"id":"718igb0lme7q6ul","previousOperationId":"86obnhw8e5z58nc"}
{"type":"operationStart","subtype":"engine","name":"handlebars","timestamp":1708068627044,"id":"q1mu9r93jf95gzz","previousEventId":"wcnif6j824fum7n","operationId":"4a22uqmkm9lyp9n","previousOperationId":"86obnhw8e5z58nc"}
{"type":"log","timestamp":1708068627044,"level":"debug","message":"Rendering engine handlebars","meta":{"rootId":"bqq9llaaygrt506","id":"bqq9llaaygrt506"},"id":"ss7xij5mavjrhtd","previousOperationId":"4a22uqmkm9lyp9n"}
{"type":"log","timestamp":1708068632115,"level":"debug","message":"(console:log) Calculating item undefined; you should see this message in debug run","meta":{"userLevel":true,"rootId":"bqq9llaaygrt506","id":"bqq9llaaygrt506"},"id":"t2k5x0c21p5to1w","previousOperationId":"4a22uqmkm9lyp9n"}
{"type":"log","timestamp":1708068632115,"level":"debug","message":"(console:log) Calculating item undefined; you should see this message in debug run","meta":{"userLevel":true,"rootId":"bqq9llaaygrt506","id":"bqq9llaaygrt506"},"id":"m5rok6p7g1a98g0","previousOperationId":"4a22uqmkm9lyp9n"}
{"type":"operationEnd","operationId":"4a22uqmkm9lyp9n","timestamp":1708068632121,"id":"3znstcfg5bylht2","previousEventId":"q1mu9r93jf95gzz","previousOperationId":"4a22uqmkm9lyp9n"}
{"type":"operationStart","subtype":"recipe","name":"chrome-pdf","timestamp":1708068632122,"id":"3n2i3qjlt4gkeil","previousEventId":"3znstcfg5bylht2","operationId":"q4l316x46w4gy6r","previousOperationId":"4a22uqmkm9lyp9n"}
{"type":"log","timestamp":1708068632122,"level":"debug","message":"Executing recipe chrome-pdf","meta":{"rootId":"bqq9llaaygrt506","id":"bqq9llaaygrt506"},"id":"tatmls408bzgw4u","previousOperationId":"q4l316x46w4gy6r"}
{"type":"log","timestamp":1708068633315,"level":"debug","message":"Converting with chrome HeadlessChrome/117.0.5938.149 using chrome-pool strategy","meta":{"rootId":"bqq9llaaygrt506","id":"bqq9llaaygrt506"},"id":"caukhsebtdfptj6","previousOperationId":"q4l316x46w4gy6r"}
{"type":"log","timestamp":1708068633918,"level":"debug","message":"Page request: GET (document) file:///C:/Users/USER/AppData/Local/Temp/jsreport/autocleanup/037f1d85-d625-48fb-9c18-7f3cb64dbf8b-chrome-pdf.html","meta":{"rootId":"bqq9llaaygrt506","id":"bqq9llaaygrt506"},"id":"3sa5pjeivx6zrts","previousOperationId":"q4l316x46w4gy6r"}
{"type":"log","timestamp":1708068633926,"level":"debug","message":"Page request finished: GET (document) 200 file:///C:/Users/USER/AppData/Local/Temp/jsreport/autocleanup/037f1d85-d625-48fb-9c18-7f3cb64dbf8b-chrome-pdf.html","meta":{"rootId":"bqq9llaaygrt506","id":"bqq9llaaygrt506"},"id":"1qdx1uqzdumqxso","previousOperationId":"q4l316x46w4gy6r"}
{"type":"log","timestamp":1708068633946,"level":"debug","message":"Running chrome with params {\"printBackground\":true,\"marginTop\":\"1cm\",\"marginRight\":\"1cm\",\"marginBottom\":\"1cm\",\"marginLeft\":\"1cm\",\"timeout\":54713,\"margin\":{\"top\":\"1cm\",\"right\":\"1cm\",\"bottom\":\"1cm\",\"left\":\"1cm\"}}","meta":{"rootId":"bqq9llaaygrt506","id":"bqq9llaaygrt506"},"id":"dkab0cudbib2z0q","previousOperationId":"q4l316x46w4gy6r"}
{"type":"operationEnd","operationId":"q4l316x46w4gy6r","timestamp":1708068634121,"id":"rrwki94ah7oyzh5","previousEventId":"3n2i3qjlt4gkeil","previousOperationId":"q4l316x46w4gy6r"}
{"type":"log","timestamp":1708068634122,"level":"debug","message":"Skipping storing report.","meta":{"rootId":"bqq9llaaygrt506","id":"bqq9llaaygrt506"},"id":"csblogqkehp0ulh","previousOperationId":"q4l316x46w4gy6r"}
{"type":"log","timestamp":1708068634122,"level":"info","message":"Rendering request 1 finished in 7219 ms","meta":{"rootId":"bqq9llaaygrt506","id":"bqq9llaaygrt506"},"id":"nuluq7fczfq8cch","previousOperationId":"q4l316x46w4gy6r"}
{"type":"operationEnd","subtype":"render","operationId":"86obnhw8e5z58nc","timestamp":1708068634122,"id":"mik10pjnwdmdu9i","previousEventId":"rrwki94ah7oyzh5","previousOperationId":"q4l316x46w4gy6r"}
{"type":"operationEnd","doDiffs":false,"previousEventId":"1wk5n016enwpare","previousOperationId":"x6w8blhzrwmrabi","operationId":"x6w8blhzrwmrabi","timestamp":1708068634129,"id":"gbmaste78jgytj3"}
