{"type":"operationStart","subtype":"profile","data":{"_id":"ABJYAIcvIdK3q6qh","timestamp":"2024-02-15T06:29:58.331Z","state":"queued","mode":"standard","creationDate":"2024-02-15T06:29:58.333Z","modificationDate":"2024-02-15T06:29:58.333Z","shortid":"G8BhC87","$entitySet":"profiles"},"doDiffs":false,"timestamp":1707978598332,"id":"ov1cvtt1auaygb9","previousOperationId":null,"operationId":"2wu459w2232pq9z"}
{"type":"log","level":"info","message":"Render request 3 queued for execution and waiting for available worker","previousOperationId":"2wu459w2232pq9z","timestamp":1707978598332,"id":"dj3bgcb3c88p6en"}
{"type":"operationStart","subtype":"render","name":"invoice-main","previousOperationId":"2wu459w2232pq9z","timestamp":1707978598355,"id":"hy9qh2coteo93ua","previousEventId":"ov1cvtt1auaygb9","operationId":"ejla2q7w6b0l2kk"}
{"type":"log","timestamp":1707978598360,"level":"info","message":"Starting rendering request 3","meta":{"rootId":"by4rinwqntyebh8","id":"by4rinwqntyebh8"},"id":"6zkefnr9xlp8liz","previousOperationId":"ejla2q7w6b0l2kk"}
{"type":"log","timestamp":1707978598363,"level":"info","message":"Rendering template { name: invoice-main, recipe: chrome-pdf, engine: handlebars, preview: true }","meta":{"rootId":"by4rinwqntyebh8","id":"by4rinwqntyebh8"},"id":"m8dzukxr76derci","previousOperationId":"ejla2q7w6b0l2kk"}
{"type":"log","timestamp":1707978598367,"level":"debug","message":"Inline data specified.","meta":{"rootId":"by4rinwqntyebh8","id":"by4rinwqntyebh8"},"id":"wcqvzop91021ccy","previousOperationId":"ejla2q7w6b0l2kk"}
{"type":"log","timestamp":1707978598373,"level":"debug","message":"Base url not specified, skipping its injection.","meta":{"rootId":"by4rinwqntyebh8","id":"by4rinwqntyebh8"},"id":"9shox64td52mvkx","previousOperationId":"ejla2q7w6b0l2kk"}
{"type":"operationStart","subtype":"engine","name":"handlebars","timestamp":1707978598375,"id":"hbq4vib9jtist45","previousEventId":"hy9qh2coteo93ua","operationId":"shf714gae27asmg","previousOperationId":"ejla2q7w6b0l2kk"}
{"type":"log","timestamp":1707978598375,"level":"debug","message":"Rendering engine handlebars","meta":{"rootId":"by4rinwqntyebh8","id":"by4rinwqntyebh8"},"id":"4katc6h7dvxch7a","previousOperationId":"shf714gae27asmg"}
{"type":"log","timestamp":1707978598437,"level":"debug","message":"(console:log) Calculating item Website design; you should see this message in debug run","meta":{"userLevel":true,"rootId":"by4rinwqntyebh8","id":"by4rinwqntyebh8"},"id":"fnmooju8t0pusdk","previousOperationId":"shf714gae27asmg"}
{"type":"operationEnd","operationId":"shf714gae27asmg","timestamp":1707978598438,"id":"8048y3upru3rzjj","previousEventId":"hbq4vib9jtist45","previousOperationId":"shf714gae27asmg"}
{"type":"operationStart","subtype":"recipe","name":"chrome-pdf","timestamp":1707978598439,"id":"5no07rf79a023kr","previousEventId":"8048y3upru3rzjj","operationId":"3rwvrsu2bojhn86","previousOperationId":"shf714gae27asmg"}
{"type":"log","timestamp":1707978598439,"level":"debug","message":"Executing recipe chrome-pdf","meta":{"rootId":"by4rinwqntyebh8","id":"by4rinwqntyebh8"},"id":"d5273rbpwyf18w8","previousOperationId":"3rwvrsu2bojhn86"}
{"type":"log","timestamp":1707978598646,"level":"debug","message":"Converting with chrome HeadlessChrome/117.0.5938.149 using chrome-pool strategy","meta":{"rootId":"by4rinwqntyebh8","id":"by4rinwqntyebh8"},"id":"gv573g7b85u4uqw","previousOperationId":"3rwvrsu2bojhn86"}
{"type":"log","timestamp":1707978598829,"level":"debug","message":"Page request: GET (document) file:///C:/Users/USER/AppData/Local/Temp/jsreport/autocleanup/09983607-3af1-4465-97d6-6d60979adb93-chrome-pdf.html","meta":{"rootId":"by4rinwqntyebh8","id":"by4rinwqntyebh8"},"id":"sd7lv1d3hlko0b0","previousOperationId":"3rwvrsu2bojhn86"}
{"type":"log","timestamp":1707978598837,"level":"debug","message":"Page request: GET (image) file:///C:/Users/USER/AppData/Local/Temp/jsreport/autocleanup/invoice-logo.png","meta":{"rootId":"by4rinwqntyebh8","id":"by4rinwqntyebh8"},"id":"e8h14hvcyu0gah8","previousOperationId":"3rwvrsu2bojhn86"}
{"type":"log","timestamp":1707978598838,"level":"debug","message":"Page request finished: GET (document) 200 file:///C:/Users/USER/AppData/Local/Temp/jsreport/autocleanup/09983607-3af1-4465-97d6-6d60979adb93-chrome-pdf.html","meta":{"rootId":"by4rinwqntyebh8","id":"by4rinwqntyebh8"},"id":"qpjzn3qy8b3j8x8","previousOperationId":"3rwvrsu2bojhn86"}
{"type":"log","timestamp":1707978598839,"level":"warn","message":"Page request failed: GET (image) file:///C:/Users/USER/AppData/Local/Temp/jsreport/autocleanup/invoice-logo.png, failure: net::ERR_ACCESS_DENIED","meta":{"rootId":"by4rinwqntyebh8","id":"by4rinwqntyebh8"},"id":"ts68jovqm3flk59","previousOperationId":"3rwvrsu2bojhn86"}
{"type":"log","timestamp":1707978598840,"level":"debug","message":"(console:error) Failed to load resource: net::ERR_ACCESS_DENIED","meta":{"userLevel":true,"rootId":"by4rinwqntyebh8","id":"by4rinwqntyebh8"},"id":"l3tm3swbl5y0diw","previousOperationId":"3rwvrsu2bojhn86"}
{"type":"log","timestamp":1707978598856,"level":"debug","message":"Running chrome with params {\"printBackground\":true,\"marginTop\":\"1cm\",\"marginRight\":\"1cm\",\"marginBottom\":\"1cm\",\"marginLeft\":\"1cm\",\"timeout\":59887,\"margin\":{\"top\":\"1cm\",\"right\":\"1cm\",\"bottom\":\"1cm\",\"left\":\"1cm\"}}","meta":{"rootId":"by4rinwqntyebh8","id":"by4rinwqntyebh8"},"id":"oadcj8sdudwmdjc","previousOperationId":"3rwvrsu2bojhn86"}
{"type":"operationEnd","operationId":"3rwvrsu2bojhn86","timestamp":1707978599015,"id":"fajwoo86ilc8tza","previousEventId":"5no07rf79a023kr","previousOperationId":"3rwvrsu2bojhn86"}
{"type":"log","timestamp":1707978599015,"level":"debug","message":"Skipping storing report.","meta":{"rootId":"by4rinwqntyebh8","id":"by4rinwqntyebh8"},"id":"nfa2fh15o7h9vm0","previousOperationId":"3rwvrsu2bojhn86"}
{"type":"log","timestamp":1707978599015,"level":"info","message":"Rendering request 3 finished in 684 ms","meta":{"rootId":"by4rinwqntyebh8","id":"by4rinwqntyebh8"},"id":"geomc6m9eipcee3","previousOperationId":"3rwvrsu2bojhn86"}
{"type":"operationEnd","subtype":"render","operationId":"ejla2q7w6b0l2kk","timestamp":1707978599015,"id":"phrcd8gfabyjofa","previousEventId":"fajwoo86ilc8tza","previousOperationId":"3rwvrsu2bojhn86"}
{"type":"operationEnd","doDiffs":false,"previousEventId":"ov1cvtt1auaygb9","previousOperationId":"2wu459w2232pq9z","operationId":"2wu459w2232pq9z","timestamp":1707978599021,"id":"vexnz8ug9gl0c4x"}
