{"type":"operationStart","subtype":"profile","data":{"_id":"kH9LkY6TDPkX1q8K","timestamp":"2024-02-15T07:24:22.719Z","state":"queued","mode":"standard","creationDate":"2024-02-15T07:24:22.721Z","modificationDate":"2024-02-15T07:24:22.721Z","shortid":"Q-OOty2","$entitySet":"profiles"},"doDiffs":false,"timestamp":1707981862719,"id":"se9wa2b4qyu4yi3","previousOperationId":null,"operationId":"hzwnuv710n9q34l"}
{"type":"log","level":"info","message":"Render request 30 queued for execution and waiting for available worker","previousOperationId":"hzwnuv710n9q34l","timestamp":1707981862720,"id":"lqp1i9hla16489e"}
{"type":"operationStart","subtype":"render","name":"invoice-main","previousOperationId":"hzwnuv710n9q34l","timestamp":1707981862747,"id":"gss3j6j0ck2elhx","previousEventId":"se9wa2b4qyu4yi3","operationId":"lzk9ctcs5giym67"}
{"type":"log","timestamp":1707981862747,"level":"info","message":"Starting rendering request 30","meta":{"rootId":"c3vbena02mmxrh0","id":"c3vbena02mmxrh0"},"id":"03gxj9elwpjepn9","previousOperationId":"lzk9ctcs5giym67"}
{"type":"log","timestamp":1707981862748,"level":"info","message":"Rendering template { name: invoice-main, recipe: chrome-pdf, engine: handlebars, preview: true }","meta":{"rootId":"c3vbena02mmxrh0","id":"c3vbena02mmxrh0"},"id":"3lgcslvalevswo4","previousOperationId":"lzk9ctcs5giym67"}
{"type":"log","timestamp":1707981862750,"level":"debug","message":"Inline data specified.","meta":{"rootId":"c3vbena02mmxrh0","id":"c3vbena02mmxrh0"},"id":"a5wd3sq8oerlm4o","previousOperationId":"lzk9ctcs5giym67"}
{"type":"log","timestamp":1707981862753,"level":"debug","message":"Base url not specified, skipping its injection.","meta":{"rootId":"c3vbena02mmxrh0","id":"c3vbena02mmxrh0"},"id":"lkw9aixol288k8g","previousOperationId":"lzk9ctcs5giym67"}
{"type":"operationStart","subtype":"engine","name":"handlebars","timestamp":1707981862753,"id":"79sugcoh43v4xn8","previousEventId":"gss3j6j0ck2elhx","operationId":"orf4ui7nmk2g815","previousOperationId":"lzk9ctcs5giym67"}
{"type":"log","timestamp":1707981862753,"level":"debug","message":"Rendering engine handlebars","meta":{"rootId":"c3vbena02mmxrh0","id":"c3vbena02mmxrh0"},"id":"gjv9t51rfl9t4qm","previousOperationId":"orf4ui7nmk2g815"}
{"type":"log","timestamp":1707981863068,"level":"debug","message":"(console:log) Calculating item Website design; you should see this message in debug run","meta":{"userLevel":true,"rootId":"c3vbena02mmxrh0","id":"c3vbena02mmxrh0"},"id":"1e9wbhw5zec2ei5","previousOperationId":"orf4ui7nmk2g815"}
{"type":"operationEnd","operationId":"orf4ui7nmk2g815","timestamp":1707981863072,"id":"io71w4vw8pqwahc","previousEventId":"79sugcoh43v4xn8","previousOperationId":"orf4ui7nmk2g815"}
{"type":"operationStart","subtype":"recipe","name":"chrome-pdf","timestamp":1707981863072,"id":"xqrvkngagtz9596","previousEventId":"io71w4vw8pqwahc","operationId":"ldstf8l9g9catc8","previousOperationId":"orf4ui7nmk2g815"}
{"type":"log","timestamp":1707981863072,"level":"debug","message":"Executing recipe chrome-pdf","meta":{"rootId":"c3vbena02mmxrh0","id":"c3vbena02mmxrh0"},"id":"xwjsd8cwfq1eobf","previousOperationId":"ldstf8l9g9catc8"}
{"type":"log","timestamp":1707981863076,"level":"debug","message":"Converting with chrome HeadlessChrome/117.0.5938.149 using chrome-pool strategy","meta":{"rootId":"c3vbena02mmxrh0","id":"c3vbena02mmxrh0"},"id":"5s56e0ty8qfvuq2","previousOperationId":"ldstf8l9g9catc8"}
{"type":"log","timestamp":1707981863205,"level":"debug","message":"Page request: GET (document) file:///C:/Users/USER/AppData/Local/Temp/jsreport/autocleanup/55bee47b-820f-4875-ae70-f8e47869f9e5-chrome-pdf.html","meta":{"rootId":"c3vbena02mmxrh0","id":"c3vbena02mmxrh0"},"id":"ymsw027cqwn5wko","previousOperationId":"ldstf8l9g9catc8"}
{"type":"log","timestamp":1707981863218,"level":"debug","message":"Page request finished: GET (document) 200 file:///C:/Users/USER/AppData/Local/Temp/jsreport/autocleanup/55bee47b-820f-4875-ae70-f8e47869f9e5-chrome-pdf.html","meta":{"rootId":"c3vbena02mmxrh0","id":"c3vbena02mmxrh0"},"id":"qeuf6yfm0wkgkcc","previousOperationId":"ldstf8l9g9catc8"}
{"type":"log","timestamp":1707981863238,"level":"debug","message":"Running chrome with params {\"printBackground\":true,\"marginTop\":\"1cm\",\"marginRight\":\"1cm\",\"marginBottom\":\"1cm\",\"marginLeft\":\"1cm\",\"timeout\":59645,\"margin\":{\"top\":\"1cm\",\"right\":\"1cm\",\"bottom\":\"1cm\",\"left\":\"1cm\"}}","meta":{"rootId":"c3vbena02mmxrh0","id":"c3vbena02mmxrh0"},"id":"5uwwlq431y48thf","previousOperationId":"ldstf8l9g9catc8"}
{"type":"operationEnd","operationId":"ldstf8l9g9catc8","timestamp":1707981863376,"id":"3vz1fpas0se857q","previousEventId":"xqrvkngagtz9596","previousOperationId":"ldstf8l9g9catc8"}
{"type":"log","timestamp":1707981863376,"level":"debug","message":"Skipping storing report.","meta":{"rootId":"c3vbena02mmxrh0","id":"c3vbena02mmxrh0"},"id":"6utdx46ymu0mftc","previousOperationId":"ldstf8l9g9catc8"}
{"type":"log","timestamp":1707981863376,"level":"info","message":"Rendering request 30 finished in 657 ms","meta":{"rootId":"c3vbena02mmxrh0","id":"c3vbena02mmxrh0"},"id":"jd4ymcu5owhzw4i","previousOperationId":"ldstf8l9g9catc8"}
{"type":"operationEnd","subtype":"render","operationId":"lzk9ctcs5giym67","timestamp":1707981863376,"id":"3403hrlcrc98yap","previousEventId":"3vz1fpas0se857q","previousOperationId":"ldstf8l9g9catc8"}
{"type":"operationEnd","doDiffs":false,"previousEventId":"se9wa2b4qyu4yi3","previousOperationId":"hzwnuv710n9q34l","operationId":"hzwnuv710n9q34l","timestamp":1707981863381,"id":"gy7z2sht4a8bx28"}
