{"type":"operationStart","subtype":"profile","data":{"_id":"sbpw8pVDdMjeyqU6","timestamp":"2024-02-17T06:31:53.835Z","state":"queued","mode":"standard","creationDate":"2024-02-17T06:31:53.839Z","modificationDate":"2024-02-17T06:31:53.839Z","shortid":"3O9KM6M","$entitySet":"profiles"},"doDiffs":false,"timestamp":1708151513837,"id":"fbdlshhbrw5yyo3","previousOperationId":null,"operationId":"z0d88tc6acwqt1q"}
{"type":"log","level":"info","message":"Render request 2 queued for execution and waiting for available worker","previousOperationId":"z0d88tc6acwqt1q","timestamp":1708151513838,"id":"2alin631pa5blrk"}
{"type":"operationStart","subtype":"render","name":"invoice-main","previousOperationId":"z0d88tc6acwqt1q","timestamp":1708151513861,"id":"dcgrz3vy4u7p6ge","previousEventId":"fbdlshhbrw5yyo3","operationId":"ciq7taz69l93l3g"}
{"type":"log","timestamp":1708151513864,"level":"info","message":"Starting rendering request 2","meta":{"rootId":"d0utat2jnrysn8h","id":"d0utat2jnrysn8h"},"id":"6rk4ow357r50tvv","previousOperationId":"ciq7taz69l93l3g"}
{"type":"log","timestamp":1708151513867,"level":"info","message":"Rendering template { name: invoice-main, recipe: chrome-pdf, engine: handlebars, preview: true }","meta":{"rootId":"d0utat2jnrysn8h","id":"d0utat2jnrysn8h"},"id":"j4rmltt19re0u0o","previousOperationId":"ciq7taz69l93l3g"}
{"type":"log","timestamp":1708151513871,"level":"debug","message":"Inline data specified.","meta":{"rootId":"d0utat2jnrysn8h","id":"d0utat2jnrysn8h"},"id":"nmxgs8gzlukcyue","previousOperationId":"ciq7taz69l93l3g"}
{"type":"log","timestamp":1708151513878,"level":"debug","message":"Base url not specified, skipping its injection.","meta":{"rootId":"d0utat2jnrysn8h","id":"d0utat2jnrysn8h"},"id":"ca6xpnr0uozuk5l","previousOperationId":"ciq7taz69l93l3g"}
{"type":"operationStart","subtype":"engine","name":"handlebars","timestamp":1708151513883,"id":"6nzo268aaos8m1o","previousEventId":"dcgrz3vy4u7p6ge","operationId":"4yovxc64esrm0qv","previousOperationId":"ciq7taz69l93l3g"}
{"type":"log","timestamp":1708151513883,"level":"debug","message":"Rendering engine handlebars","meta":{"rootId":"d0utat2jnrysn8h","id":"d0utat2jnrysn8h"},"id":"gpnfppwlwmxpnx5","previousOperationId":"4yovxc64esrm0qv"}
{"type":"log","timestamp":1708151515352,"level":"debug","message":"(console:log) Calculating item undefined; you should see this message in debug run","meta":{"userLevel":true,"rootId":"d0utat2jnrysn8h","id":"d0utat2jnrysn8h"},"id":"ec7namf80n5cfxw","previousOperationId":"4yovxc64esrm0qv"}
{"type":"log","timestamp":1708151515353,"level":"debug","message":"(console:log) Calculating item undefined; you should see this message in debug run","meta":{"userLevel":true,"rootId":"d0utat2jnrysn8h","id":"d0utat2jnrysn8h"},"id":"9l2z1pbj2luqr24","previousOperationId":"4yovxc64esrm0qv"}
{"type":"log","timestamp":1708151515354,"level":"debug","message":"(console:log) Calculating item undefined; you should see this message in debug run","meta":{"userLevel":true,"rootId":"d0utat2jnrysn8h","id":"d0utat2jnrysn8h"},"id":"mfxp486ebkyd8sr","previousOperationId":"4yovxc64esrm0qv"}
{"type":"log","timestamp":1708151515354,"level":"debug","message":"(console:log) Calculating item undefined; you should see this message in debug run","meta":{"userLevel":true,"rootId":"d0utat2jnrysn8h","id":"d0utat2jnrysn8h"},"id":"b5liw9uhmbl79hl","previousOperationId":"4yovxc64esrm0qv"}
{"type":"log","timestamp":1708151515355,"level":"debug","message":"(console:log) Calculating item undefined; you should see this message in debug run","meta":{"userLevel":true,"rootId":"d0utat2jnrysn8h","id":"d0utat2jnrysn8h"},"id":"j2qxau7d7ojgyng","previousOperationId":"4yovxc64esrm0qv"}
{"type":"log","timestamp":1708151515355,"level":"debug","message":"(console:log) Calculating item undefined; you should see this message in debug run","meta":{"userLevel":true,"rootId":"d0utat2jnrysn8h","id":"d0utat2jnrysn8h"},"id":"5uecq7u49mskofp","previousOperationId":"4yovxc64esrm0qv"}
{"type":"log","timestamp":1708151515355,"level":"debug","message":"(console:log) Calculating item undefined; you should see this message in debug run","meta":{"userLevel":true,"rootId":"d0utat2jnrysn8h","id":"d0utat2jnrysn8h"},"id":"i04em2xkog8uw90","previousOperationId":"4yovxc64esrm0qv"}
{"type":"log","timestamp":1708151515355,"level":"debug","message":"(console:log) Calculating item undefined; you should see this message in debug run","meta":{"userLevel":true,"rootId":"d0utat2jnrysn8h","id":"d0utat2jnrysn8h"},"id":"yilyiechlabrnar","previousOperationId":"4yovxc64esrm0qv"}
{"type":"log","timestamp":1708151515355,"level":"debug","message":"(console:log) Calculating item undefined; you should see this message in debug run","meta":{"userLevel":true,"rootId":"d0utat2jnrysn8h","id":"d0utat2jnrysn8h"},"id":"3exvnspo47mqo5x","previousOperationId":"4yovxc64esrm0qv"}
{"type":"log","timestamp":1708151515355,"level":"debug","message":"(console:log) Calculating item undefined; you should see this message in debug run","meta":{"userLevel":true,"rootId":"d0utat2jnrysn8h","id":"d0utat2jnrysn8h"},"id":"im8wewyagbqla9d","previousOperationId":"4yovxc64esrm0qv"}
{"type":"log","timestamp":1708151515356,"level":"debug","message":"(console:log) Calculating item undefined; you should see this message in debug run","meta":{"userLevel":true,"rootId":"d0utat2jnrysn8h","id":"d0utat2jnrysn8h"},"id":"thlfczl1dmphw8o","previousOperationId":"4yovxc64esrm0qv"}
{"type":"log","timestamp":1708151515356,"level":"debug","message":"(console:log) Calculating item undefined; you should see this message in debug run","meta":{"userLevel":true,"rootId":"d0utat2jnrysn8h","id":"d0utat2jnrysn8h"},"id":"dwrg7p6a9hhf0ut","previousOperationId":"4yovxc64esrm0qv"}
{"type":"log","timestamp":1708151515356,"level":"debug","message":"(console:log) Calculating item undefined; you should see this message in debug run","meta":{"userLevel":true,"rootId":"d0utat2jnrysn8h","id":"d0utat2jnrysn8h"},"id":"o5harg6pxkas5i3","previousOperationId":"4yovxc64esrm0qv"}
{"type":"log","timestamp":1708151515356,"level":"debug","message":"(console:log) Calculating item undefined; you should see this message in debug run","meta":{"userLevel":true,"rootId":"d0utat2jnrysn8h","id":"d0utat2jnrysn8h"},"id":"0553xc9x44q4sn9","previousOperationId":"4yovxc64esrm0qv"}
{"type":"log","timestamp":1708151515356,"level":"debug","message":"(console:log) Calculating item undefined; you should see this message in debug run","meta":{"userLevel":true,"rootId":"d0utat2jnrysn8h","id":"d0utat2jnrysn8h"},"id":"y35zfba6dqyzmrv","previousOperationId":"4yovxc64esrm0qv"}
{"type":"log","timestamp":1708151515356,"level":"debug","message":"(console:log) Calculating item undefined; you should see this message in debug run","meta":{"userLevel":true,"rootId":"d0utat2jnrysn8h","id":"d0utat2jnrysn8h"},"id":"yq712gfrgfny3l1","previousOperationId":"4yovxc64esrm0qv"}
{"type":"log","timestamp":1708151515356,"level":"debug","message":"(console:log) Calculating item undefined; you should see this message in debug run","meta":{"userLevel":true,"rootId":"d0utat2jnrysn8h","id":"d0utat2jnrysn8h"},"id":"0kp4rpc1mtwcqnu","previousOperationId":"4yovxc64esrm0qv"}
{"type":"log","timestamp":1708151515356,"level":"debug","message":"(console:log) Calculating item undefined; you should see this message in debug run","meta":{"userLevel":true,"rootId":"d0utat2jnrysn8h","id":"d0utat2jnrysn8h"},"id":"mx0vjyut8mrlrrc","previousOperationId":"4yovxc64esrm0qv"}
{"type":"log","timestamp":1708151515356,"level":"debug","message":"(console:log) Calculating item undefined; you should see this message in debug run","meta":{"userLevel":true,"rootId":"d0utat2jnrysn8h","id":"d0utat2jnrysn8h"},"id":"lurdh1tkbuqizjf","previousOperationId":"4yovxc64esrm0qv"}
{"type":"operationEnd","operationId":"4yovxc64esrm0qv","timestamp":1708151515446,"id":"v3qge3s61xgut6j","previousEventId":"6nzo268aaos8m1o","previousOperationId":"4yovxc64esrm0qv"}
{"type":"operationStart","subtype":"recipe","name":"chrome-pdf","timestamp":1708151515451,"id":"onu3cwjglci98ma","previousEventId":"v3qge3s61xgut6j","operationId":"42d6s801lzcwb96","previousOperationId":"4yovxc64esrm0qv"}
{"type":"log","timestamp":1708151515451,"level":"debug","message":"Executing recipe chrome-pdf","meta":{"rootId":"d0utat2jnrysn8h","id":"d0utat2jnrysn8h"},"id":"l4738iwdio2owrr","previousOperationId":"42d6s801lzcwb96"}
{"type":"log","timestamp":1708151515783,"level":"debug","message":"Converting with chrome HeadlessChrome/117.0.5938.149 using chrome-pool strategy","meta":{"rootId":"d0utat2jnrysn8h","id":"d0utat2jnrysn8h"},"id":"qpf17vrt1605x1o","previousOperationId":"42d6s801lzcwb96"}
{"type":"log","timestamp":1708151515988,"level":"debug","message":"Page request: GET (document) file:///C:/Users/USER/AppData/Local/Temp/jsreport/autocleanup/318d2bb1-41ff-479c-8062-9e20114a228a-chrome-pdf.html","meta":{"rootId":"d0utat2jnrysn8h","id":"d0utat2jnrysn8h"},"id":"v4j184bge9b3df8","previousOperationId":"42d6s801lzcwb96"}
{"type":"log","timestamp":1708151516009,"level":"debug","message":"Page request finished: GET (document) 200 file:///C:/Users/USER/AppData/Local/Temp/jsreport/autocleanup/318d2bb1-41ff-479c-8062-9e20114a228a-chrome-pdf.html","meta":{"rootId":"d0utat2jnrysn8h","id":"d0utat2jnrysn8h"},"id":"o1ct0jnt0q06wif","previousOperationId":"42d6s801lzcwb96"}
{"type":"log","timestamp":1708151516060,"level":"debug","message":"Running chrome with params {\"printBackground\":true,\"marginTop\":\"1cm\",\"marginRight\":\"1cm\",\"marginBottom\":\"1cm\",\"marginLeft\":\"1cm\",\"timeout\":58362,\"margin\":{\"top\":\"1cm\",\"right\":\"1cm\",\"bottom\":\"1cm\",\"left\":\"1cm\"}}","meta":{"rootId":"d0utat2jnrysn8h","id":"d0utat2jnrysn8h"},"id":"2wlea1kkj2s2hdb","previousOperationId":"42d6s801lzcwb96"}
{"type":"operationEnd","operationId":"42d6s801lzcwb96","timestamp":1708151516609,"id":"e70o4crdfpeicys","previousEventId":"onu3cwjglci98ma","previousOperationId":"42d6s801lzcwb96"}
{"type":"log","timestamp":1708151516612,"level":"debug","message":"Skipping storing report.","meta":{"rootId":"d0utat2jnrysn8h","id":"d0utat2jnrysn8h"},"id":"jkc290hxmt12pzy","previousOperationId":"42d6s801lzcwb96"}
{"type":"log","timestamp":1708151516613,"level":"info","message":"Rendering request 2 finished in 2778 ms","meta":{"rootId":"d0utat2jnrysn8h","id":"d0utat2jnrysn8h"},"id":"gq9azn65g1im6du","previousOperationId":"42d6s801lzcwb96"}
{"type":"operationEnd","subtype":"render","operationId":"ciq7taz69l93l3g","timestamp":1708151516613,"id":"3u33pjcaeitepvp","previousEventId":"e70o4crdfpeicys","previousOperationId":"42d6s801lzcwb96"}
{"type":"operationEnd","doDiffs":false,"previousEventId":"fbdlshhbrw5yyo3","previousOperationId":"z0d88tc6acwqt1q","operationId":"z0d88tc6acwqt1q","timestamp":1708151516624,"id":"l3dewmm6ajycgot"}
