{"type":"operationStart","subtype":"profile","data":{"_id":"SHtkaH7t3Lx1asME","timestamp":"2024-02-15T08:05:04.334Z","state":"queued","mode":"standard","creationDate":"2024-02-15T08:05:04.335Z","modificationDate":"2024-02-15T08:05:04.335Z","shortid":"N68NXRC","$entitySet":"profiles"},"doDiffs":false,"timestamp":1707984304334,"id":"zzyyni7jcsnijnq","previousOperationId":null,"operationId":"3oxdj3lkdapjgqd"}
{"type":"log","level":"info","message":"Render request 19 queued for execution and waiting for available worker","previousOperationId":"3oxdj3lkdapjgqd","timestamp":1707984304335,"id":"1wpukqjsf8a4pyh"}
{"type":"operationStart","subtype":"render","name":"invoice-main","previousOperationId":"3oxdj3lkdapjgqd","timestamp":1707984304346,"id":"j6agyf3e630jt4c","previousEventId":"zzyyni7jcsnijnq","operationId":"9k1tdsjzwfpb8t3"}
{"type":"log","timestamp":1707984304346,"level":"info","message":"Starting rendering request 19","meta":{"rootId":"d476s5wx3kqefi1","id":"d476s5wx3kqefi1"},"id":"ojjyed8dpmeiy5t","previousOperationId":"9k1tdsjzwfpb8t3"}
{"type":"log","timestamp":1707984304347,"level":"info","message":"Rendering template { name: invoice-main, recipe: chrome-pdf, engine: handlebars, preview: true }","meta":{"rootId":"d476s5wx3kqefi1","id":"d476s5wx3kqefi1"},"id":"fjpmzj0n36j7co0","previousOperationId":"9k1tdsjzwfpb8t3"}
{"type":"log","timestamp":1707984304348,"level":"debug","message":"Inline data specified.","meta":{"rootId":"d476s5wx3kqefi1","id":"d476s5wx3kqefi1"},"id":"0wzz9dduyi62d29","previousOperationId":"9k1tdsjzwfpb8t3"}
{"type":"log","timestamp":1707984304350,"level":"debug","message":"Base url not specified, skipping its injection.","meta":{"rootId":"d476s5wx3kqefi1","id":"d476s5wx3kqefi1"},"id":"ut9l2tpcr7gnvyh","previousOperationId":"9k1tdsjzwfpb8t3"}
{"type":"operationStart","subtype":"engine","name":"handlebars","timestamp":1707984304350,"id":"m6kl40h79sq5plc","previousEventId":"j6agyf3e630jt4c","operationId":"xulvg2e8oofoqfa","previousOperationId":"9k1tdsjzwfpb8t3"}
{"type":"log","timestamp":1707984304350,"level":"debug","message":"Rendering engine handlebars","meta":{"rootId":"d476s5wx3kqefi1","id":"d476s5wx3kqefi1"},"id":"k0fzf3q74f1l9xq","previousOperationId":"xulvg2e8oofoqfa"}
{"type":"log","timestamp":1707984304383,"level":"debug","message":"(console:log) Calculating item undefined; you should see this message in debug run","meta":{"userLevel":true,"rootId":"d476s5wx3kqefi1","id":"d476s5wx3kqefi1"},"id":"yrei3s62h2rx9qp","previousOperationId":"xulvg2e8oofoqfa"}
{"type":"operationEnd","operationId":"xulvg2e8oofoqfa","timestamp":1707984304388,"id":"tvs593mniako8kd","previousEventId":"m6kl40h79sq5plc","previousOperationId":"xulvg2e8oofoqfa"}
{"type":"operationStart","subtype":"recipe","name":"chrome-pdf","timestamp":1707984304388,"id":"fsmedzjmyuer3sr","previousEventId":"tvs593mniako8kd","operationId":"llbwdmo616m74kz","previousOperationId":"xulvg2e8oofoqfa"}
{"type":"log","timestamp":1707984304388,"level":"debug","message":"Executing recipe chrome-pdf","meta":{"rootId":"d476s5wx3kqefi1","id":"d476s5wx3kqefi1"},"id":"25ive7yzt4hvh36","previousOperationId":"llbwdmo616m74kz"}
{"type":"log","timestamp":1707984304392,"level":"debug","message":"Converting with chrome HeadlessChrome/117.0.5938.149 using chrome-pool strategy","meta":{"rootId":"d476s5wx3kqefi1","id":"d476s5wx3kqefi1"},"id":"kgfczsa3glr7nv1","previousOperationId":"llbwdmo616m74kz"}
{"type":"log","timestamp":1707984304498,"level":"debug","message":"Page request: GET (document) file:///C:/Users/USER/AppData/Local/Temp/jsreport/autocleanup/d4c10303-d6c0-4815-b17d-b11e528b2d4e-chrome-pdf.html","meta":{"rootId":"d476s5wx3kqefi1","id":"d476s5wx3kqefi1"},"id":"8j8bhnkmi0p8ti5","previousOperationId":"llbwdmo616m74kz"}
{"type":"log","timestamp":1707984304506,"level":"debug","message":"Page request finished: GET (document) 200 file:///C:/Users/USER/AppData/Local/Temp/jsreport/autocleanup/d4c10303-d6c0-4815-b17d-b11e528b2d4e-chrome-pdf.html","meta":{"rootId":"d476s5wx3kqefi1","id":"d476s5wx3kqefi1"},"id":"eza3denzt5h0pfe","previousOperationId":"llbwdmo616m74kz"}
{"type":"log","timestamp":1707984304524,"level":"debug","message":"Running chrome with params {\"printBackground\":true,\"marginTop\":\"1cm\",\"marginRight\":\"1cm\",\"marginBottom\":\"1cm\",\"marginLeft\":\"1cm\",\"timeout\":59943,\"margin\":{\"top\":\"1cm\",\"right\":\"1cm\",\"bottom\":\"1cm\",\"left\":\"1cm\"}}","meta":{"rootId":"d476s5wx3kqefi1","id":"d476s5wx3kqefi1"},"id":"qva7p5cugjrmir3","previousOperationId":"llbwdmo616m74kz"}
{"type":"operationEnd","operationId":"llbwdmo616m74kz","timestamp":1707984304677,"id":"z0xwdlpdvhqqji7","previousEventId":"fsmedzjmyuer3sr","previousOperationId":"llbwdmo616m74kz"}
{"type":"log","timestamp":1707984304677,"level":"debug","message":"Skipping storing report.","meta":{"rootId":"d476s5wx3kqefi1","id":"d476s5wx3kqefi1"},"id":"mhf4x5eslcxolfm","previousOperationId":"llbwdmo616m74kz"}
{"type":"log","timestamp":1707984304677,"level":"info","message":"Rendering request 19 finished in 344 ms","meta":{"rootId":"d476s5wx3kqefi1","id":"d476s5wx3kqefi1"},"id":"ny1h3gzsn3n941p","previousOperationId":"llbwdmo616m74kz"}
{"type":"operationEnd","subtype":"render","operationId":"9k1tdsjzwfpb8t3","timestamp":1707984304678,"id":"09om35zbwtqexge","previousEventId":"z0xwdlpdvhqqji7","previousOperationId":"llbwdmo616m74kz"}
{"type":"operationEnd","doDiffs":false,"previousEventId":"zzyyni7jcsnijnq","previousOperationId":"3oxdj3lkdapjgqd","operationId":"3oxdj3lkdapjgqd","timestamp":1707984304684,"id":"3n67g9yv1vibuzp"}
