{"type":"operationStart","subtype":"profile","data":{"_id":"tViC6Gb0lSUfhMVp","timestamp":"2024-02-15T07:38:12.654Z","state":"queued","mode":"standard","creationDate":"2024-02-15T07:38:12.655Z","modificationDate":"2024-02-15T07:38:12.655Z","shortid":"2cBtjvF","$entitySet":"profiles"},"doDiffs":false,"timestamp":1707982692654,"id":"nr97iqy3ijlemtp","previousOperationId":null,"operationId":"lycksnruico0rkh"}
{"type":"log","level":"info","message":"Render request 41 queued for execution and waiting for available worker","previousOperationId":"lycksnruico0rkh","timestamp":1707982692655,"id":"zeetyossju4cp54"}
{"type":"operationStart","subtype":"render","name":"invoice-main","previousOperationId":"lycksnruico0rkh","timestamp":1707982692665,"id":"jbq2f8jfbpcmova","previousEventId":"nr97iqy3ijlemtp","operationId":"o3yr42fbchexm03"}
{"type":"log","timestamp":1707982692665,"level":"info","message":"Starting rendering request 41","meta":{"rootId":"df6gy0nc7vkwpls","id":"df6gy0nc7vkwpls"},"id":"7jl6rfi9j89iog3","previousOperationId":"o3yr42fbchexm03"}
{"type":"log","timestamp":1707982692665,"level":"info","message":"Rendering template { name: invoice-main, recipe: chrome-pdf, engine: handlebars, preview: true }","meta":{"rootId":"df6gy0nc7vkwpls","id":"df6gy0nc7vkwpls"},"id":"5bnmnhbiqh38ce4","previousOperationId":"o3yr42fbchexm03"}
{"type":"log","timestamp":1707982692665,"level":"debug","message":"Inline data specified.","meta":{"rootId":"df6gy0nc7vkwpls","id":"df6gy0nc7vkwpls"},"id":"s8s0as1bur1qz9u","previousOperationId":"o3yr42fbchexm03"}
{"type":"log","timestamp":1707982692671,"level":"debug","message":"Base url not specified, skipping its injection.","meta":{"rootId":"df6gy0nc7vkwpls","id":"df6gy0nc7vkwpls"},"id":"mov0aflpro7msws","previousOperationId":"o3yr42fbchexm03"}
{"type":"operationStart","subtype":"engine","name":"handlebars","timestamp":1707982692671,"id":"nf3928mxn8be2gg","previousEventId":"jbq2f8jfbpcmova","operationId":"sgnf03bq9sjgrio","previousOperationId":"o3yr42fbchexm03"}
{"type":"log","timestamp":1707982692671,"level":"debug","message":"Rendering engine handlebars","meta":{"rootId":"df6gy0nc7vkwpls","id":"df6gy0nc7vkwpls"},"id":"u7ey0mm6xp8mc7l","previousOperationId":"sgnf03bq9sjgrio"}
{"type":"log","timestamp":1707982692687,"level":"debug","message":"(console:log) Calculating item undefined; you should see this message in debug run","meta":{"userLevel":true,"rootId":"df6gy0nc7vkwpls","id":"df6gy0nc7vkwpls"},"id":"lt60pzdq0c8ox5s","previousOperationId":"sgnf03bq9sjgrio"}
{"type":"operationEnd","operationId":"sgnf03bq9sjgrio","timestamp":1707982692689,"id":"tf94dif2is3upbh","previousEventId":"nf3928mxn8be2gg","previousOperationId":"sgnf03bq9sjgrio"}
{"type":"operationStart","subtype":"recipe","name":"chrome-pdf","timestamp":1707982692689,"id":"qkc9sfle0jl9qxu","previousEventId":"tf94dif2is3upbh","operationId":"3lwiufyx35pbing","previousOperationId":"sgnf03bq9sjgrio"}
{"type":"log","timestamp":1707982692689,"level":"debug","message":"Executing recipe chrome-pdf","meta":{"rootId":"df6gy0nc7vkwpls","id":"df6gy0nc7vkwpls"},"id":"fei400pwdprvzu7","previousOperationId":"3lwiufyx35pbing"}
{"type":"log","timestamp":1707982692694,"level":"debug","message":"Converting with chrome HeadlessChrome/117.0.5938.149 using chrome-pool strategy","meta":{"rootId":"df6gy0nc7vkwpls","id":"df6gy0nc7vkwpls"},"id":"de8w3th8xl815rw","previousOperationId":"3lwiufyx35pbing"}
{"type":"log","timestamp":1707982692826,"level":"debug","message":"Page request: GET (document) file:///C:/Users/USER/AppData/Local/Temp/jsreport/autocleanup/45f68352-0b71-4921-aead-6a6ce79baeca-chrome-pdf.html","meta":{"rootId":"df6gy0nc7vkwpls","id":"df6gy0nc7vkwpls"},"id":"7oxfveaxh53sp5r","previousOperationId":"3lwiufyx35pbing"}
{"type":"log","timestamp":1707982692834,"level":"debug","message":"Page request finished: GET (document) 200 file:///C:/Users/USER/AppData/Local/Temp/jsreport/autocleanup/45f68352-0b71-4921-aead-6a6ce79baeca-chrome-pdf.html","meta":{"rootId":"df6gy0nc7vkwpls","id":"df6gy0nc7vkwpls"},"id":"yhf8y8ybns11l5i","previousOperationId":"3lwiufyx35pbing"}
{"type":"log","timestamp":1707982692854,"level":"debug","message":"Running chrome with params {\"printBackground\":true,\"marginTop\":\"1cm\",\"marginRight\":\"1cm\",\"marginBottom\":\"1cm\",\"marginLeft\":\"1cm\",\"timeout\":59962,\"margin\":{\"top\":\"1cm\",\"right\":\"1cm\",\"bottom\":\"1cm\",\"left\":\"1cm\"}}","meta":{"rootId":"df6gy0nc7vkwpls","id":"df6gy0nc7vkwpls"},"id":"x2mphs8x8ydybad","previousOperationId":"3lwiufyx35pbing"}
{"type":"operationEnd","operationId":"3lwiufyx35pbing","timestamp":1707982693004,"id":"6bfjtq4posr9dzh","previousEventId":"qkc9sfle0jl9qxu","previousOperationId":"3lwiufyx35pbing"}
{"type":"log","timestamp":1707982693004,"level":"debug","message":"Skipping storing report.","meta":{"rootId":"df6gy0nc7vkwpls","id":"df6gy0nc7vkwpls"},"id":"0dnm16lpvnhfq6l","previousOperationId":"3lwiufyx35pbing"}
{"type":"log","timestamp":1707982693005,"level":"info","message":"Rendering request 41 finished in 351 ms","meta":{"rootId":"df6gy0nc7vkwpls","id":"df6gy0nc7vkwpls"},"id":"j4aszke5hhsrxet","previousOperationId":"3lwiufyx35pbing"}
{"type":"operationEnd","subtype":"render","operationId":"o3yr42fbchexm03","timestamp":1707982693005,"id":"zn7203zgpxjnxcd","previousEventId":"6bfjtq4posr9dzh","previousOperationId":"3lwiufyx35pbing"}
{"type":"operationEnd","doDiffs":false,"previousEventId":"nr97iqy3ijlemtp","previousOperationId":"lycksnruico0rkh","operationId":"lycksnruico0rkh","timestamp":1707982693010,"id":"o70tdu2ptcr1fj9"}
