{"type":"operationStart","subtype":"profile","data":{"_id":"vJKo7fDfiAkh4iXE","timestamp":"2024-02-15T08:53:32.671Z","state":"queued","mode":"standard","creationDate":"2024-02-15T08:53:32.673Z","modificationDate":"2024-02-15T08:53:32.673Z","shortid":"U7Juha0","$entitySet":"profiles"},"doDiffs":false,"timestamp":1707987212672,"id":"n77709wed3ujze4","previousOperationId":null,"operationId":"fkmojzn19kycglw"}
{"type":"log","level":"info","message":"Render request 37 queued for execution and waiting for available worker","previousOperationId":"fkmojzn19kycglw","timestamp":1707987212672,"id":"n550ebm37bm7t5h"}
{"type":"operationStart","subtype":"render","name":"invoice-main","previousOperationId":"fkmojzn19kycglw","timestamp":1707987212684,"id":"u11lduumjf91yhy","previousEventId":"n77709wed3ujze4","operationId":"o779dx4gl19nnyf"}
{"type":"log","timestamp":1707987212684,"level":"info","message":"Starting rendering request 37","meta":{"rootId":"dn2b76b1hn7dgxr","id":"dn2b76b1hn7dgxr"},"id":"4rqo7vaxroo5vs4","previousOperationId":"o779dx4gl19nnyf"}
{"type":"log","timestamp":1707987212684,"level":"info","message":"Rendering template { name: invoice-main, recipe: chrome-pdf, engine: handlebars, preview: true }","meta":{"rootId":"dn2b76b1hn7dgxr","id":"dn2b76b1hn7dgxr"},"id":"qcgjeysiiu3g6nn","previousOperationId":"o779dx4gl19nnyf"}
{"type":"log","timestamp":1707987212684,"level":"debug","message":"Inline data specified.","meta":{"rootId":"dn2b76b1hn7dgxr","id":"dn2b76b1hn7dgxr"},"id":"qrnfl3bnd3lpsi3","previousOperationId":"o779dx4gl19nnyf"}
{"type":"log","timestamp":1707987212688,"level":"debug","message":"Base url not specified, skipping its injection.","meta":{"rootId":"dn2b76b1hn7dgxr","id":"dn2b76b1hn7dgxr"},"id":"74u6d84z67v6x95","previousOperationId":"o779dx4gl19nnyf"}
{"type":"operationStart","subtype":"engine","name":"handlebars","timestamp":1707987212688,"id":"4qez92fzbuoohu5","previousEventId":"u11lduumjf91yhy","operationId":"yb0twlxbw5wrkjg","previousOperationId":"o779dx4gl19nnyf"}
{"type":"log","timestamp":1707987212688,"level":"debug","message":"Rendering engine handlebars","meta":{"rootId":"dn2b76b1hn7dgxr","id":"dn2b76b1hn7dgxr"},"id":"z98pokvl6fk1czl","previousOperationId":"yb0twlxbw5wrkjg"}
{"type":"log","timestamp":1707987212721,"level":"debug","message":"(console:log) Calculating item undefined; you should see this message in debug run","meta":{"userLevel":true,"rootId":"dn2b76b1hn7dgxr","id":"dn2b76b1hn7dgxr"},"id":"s8tbwjpwdtt5kaz","previousOperationId":"yb0twlxbw5wrkjg"}
{"type":"log","timestamp":1707987212721,"level":"debug","message":"(console:log) Calculating item undefined; you should see this message in debug run","meta":{"userLevel":true,"rootId":"dn2b76b1hn7dgxr","id":"dn2b76b1hn7dgxr"},"id":"kgpi3dzbc4jffkl","previousOperationId":"yb0twlxbw5wrkjg"}
{"type":"operationEnd","operationId":"yb0twlxbw5wrkjg","timestamp":1707987212723,"id":"gj30h7uq3sqslst","previousEventId":"4qez92fzbuoohu5","previousOperationId":"yb0twlxbw5wrkjg"}
{"type":"operationStart","subtype":"recipe","name":"chrome-pdf","timestamp":1707987212723,"id":"bm6fqv6b1o3n9z5","previousEventId":"gj30h7uq3sqslst","operationId":"0su62hupspb8mdo","previousOperationId":"yb0twlxbw5wrkjg"}
{"type":"log","timestamp":1707987212723,"level":"debug","message":"Executing recipe chrome-pdf","meta":{"rootId":"dn2b76b1hn7dgxr","id":"dn2b76b1hn7dgxr"},"id":"bfn3bpdv158w5tk","previousOperationId":"0su62hupspb8mdo"}
{"type":"log","timestamp":1707987212726,"level":"debug","message":"Converting with chrome HeadlessChrome/117.0.5938.149 using chrome-pool strategy","meta":{"rootId":"dn2b76b1hn7dgxr","id":"dn2b76b1hn7dgxr"},"id":"n73fvbaf6vvh88t","previousOperationId":"0su62hupspb8mdo"}
{"type":"log","timestamp":1707987212845,"level":"debug","message":"Page request: GET (document) file:///C:/Users/USER/AppData/Local/Temp/jsreport/autocleanup/448f9889-c083-4a37-920d-2bc0bdbe65e1-chrome-pdf.html","meta":{"rootId":"dn2b76b1hn7dgxr","id":"dn2b76b1hn7dgxr"},"id":"r31wrdwt9g3rlmu","previousOperationId":"0su62hupspb8mdo"}
{"type":"log","timestamp":1707987212854,"level":"debug","message":"Page request finished: GET (document) 200 file:///C:/Users/USER/AppData/Local/Temp/jsreport/autocleanup/448f9889-c083-4a37-920d-2bc0bdbe65e1-chrome-pdf.html","meta":{"rootId":"dn2b76b1hn7dgxr","id":"dn2b76b1hn7dgxr"},"id":"gfncaq5gupikns7","previousOperationId":"0su62hupspb8mdo"}
{"type":"log","timestamp":1707987212874,"level":"debug","message":"Running chrome with params {\"printBackground\":true,\"marginTop\":\"1cm\",\"marginRight\":\"1cm\",\"marginBottom\":\"1cm\",\"marginLeft\":\"1cm\",\"timeout\":59946,\"margin\":{\"top\":\"1cm\",\"right\":\"1cm\",\"bottom\":\"1cm\",\"left\":\"1cm\"}}","meta":{"rootId":"dn2b76b1hn7dgxr","id":"dn2b76b1hn7dgxr"},"id":"1y0rz11go66vgof","previousOperationId":"0su62hupspb8mdo"}
{"type":"operationEnd","operationId":"0su62hupspb8mdo","timestamp":1707987213037,"id":"s3udn58l42toghv","previousEventId":"bm6fqv6b1o3n9z5","previousOperationId":"0su62hupspb8mdo"}
{"type":"log","timestamp":1707987213038,"level":"debug","message":"Skipping storing report.","meta":{"rootId":"dn2b76b1hn7dgxr","id":"dn2b76b1hn7dgxr"},"id":"ucufckygudwr9e0","previousOperationId":"0su62hupspb8mdo"}
{"type":"log","timestamp":1707987213038,"level":"info","message":"Rendering request 37 finished in 367 ms","meta":{"rootId":"dn2b76b1hn7dgxr","id":"dn2b76b1hn7dgxr"},"id":"amz5cw9gk3ea4qg","previousOperationId":"0su62hupspb8mdo"}
{"type":"operationEnd","subtype":"render","operationId":"o779dx4gl19nnyf","timestamp":1707987213038,"id":"mserox9bw5bahyb","previousEventId":"s3udn58l42toghv","previousOperationId":"0su62hupspb8mdo"}
{"type":"operationEnd","doDiffs":false,"previousEventId":"n77709wed3ujze4","previousOperationId":"fkmojzn19kycglw","operationId":"fkmojzn19kycglw","timestamp":1707987213041,"id":"7kkd2bghkyyrpkc"}
