{"type":"operationStart","subtype":"profile","data":{"_id":"xzsSWYFCbZka5akU","timestamp":"2024-02-15T07:51:46.504Z","state":"queued","mode":"standard","creationDate":"2024-02-15T07:51:46.506Z","modificationDate":"2024-02-15T07:51:46.506Z","shortid":"3zwIaXe","$entitySet":"profiles"},"doDiffs":false,"timestamp":1707983506505,"id":"3bq6kyu3zb15v6h","previousOperationId":null,"operationId":"kfr1f1k3mxxk32y"}
{"type":"log","level":"info","message":"Render request 7 queued for execution and waiting for available worker","previousOperationId":"kfr1f1k3mxxk32y","timestamp":1707983506505,"id":"uy2kpnslwb2hgu4"}
{"type":"operationStart","subtype":"render","name":"invoice-main","previousOperationId":"kfr1f1k3mxxk32y","timestamp":1707983506515,"id":"4myqa4krwe3cbim","previousEventId":"3bq6kyu3zb15v6h","operationId":"cggudn7o9zxh3dc"}
{"type":"log","timestamp":1707983506515,"level":"info","message":"Starting rendering request 7","meta":{"rootId":"dv4t2geshnloeem","id":"dv4t2geshnloeem"},"id":"u1msz4vhjxhmlw6","previousOperationId":"cggudn7o9zxh3dc"}
{"type":"log","timestamp":1707983506515,"level":"info","message":"Rendering template { name: invoice-main, recipe: chrome-pdf, engine: handlebars, preview: true }","meta":{"rootId":"dv4t2geshnloeem","id":"dv4t2geshnloeem"},"id":"yi8bnhvep5m1qeg","previousOperationId":"cggudn7o9zxh3dc"}
{"type":"log","timestamp":1707983506517,"level":"debug","message":"Inline data specified.","meta":{"rootId":"dv4t2geshnloeem","id":"dv4t2geshnloeem"},"id":"shvl6ubl90l0twl","previousOperationId":"cggudn7o9zxh3dc"}
{"type":"log","timestamp":1707983506522,"level":"debug","message":"Base url not specified, skipping its injection.","meta":{"rootId":"dv4t2geshnloeem","id":"dv4t2geshnloeem"},"id":"htzfp72w5y8u0se","previousOperationId":"cggudn7o9zxh3dc"}
{"type":"operationStart","subtype":"engine","name":"handlebars","timestamp":1707983506522,"id":"5p6bbwl92m55nce","previousEventId":"4myqa4krwe3cbim","operationId":"h2dzdt1stqiwmij","previousOperationId":"cggudn7o9zxh3dc"}
{"type":"log","timestamp":1707983506522,"level":"debug","message":"Rendering engine handlebars","meta":{"rootId":"dv4t2geshnloeem","id":"dv4t2geshnloeem"},"id":"r2ijvw4ra2ja9u4","previousOperationId":"h2dzdt1stqiwmij"}
{"type":"log","timestamp":1707983506545,"level":"debug","message":"(console:log) Calculating item undefined; you should see this message in debug run","meta":{"userLevel":true,"rootId":"dv4t2geshnloeem","id":"dv4t2geshnloeem"},"id":"coripml8bbt7bke","previousOperationId":"h2dzdt1stqiwmij"}
{"type":"operationEnd","operationId":"h2dzdt1stqiwmij","timestamp":1707983506547,"id":"nisdt0mcnkvjldh","previousEventId":"5p6bbwl92m55nce","previousOperationId":"h2dzdt1stqiwmij"}
{"type":"operationStart","subtype":"recipe","name":"chrome-pdf","timestamp":1707983506547,"id":"cyhuzhsxux1wvu5","previousEventId":"nisdt0mcnkvjldh","operationId":"kc4n8tgnldcvskq","previousOperationId":"h2dzdt1stqiwmij"}
{"type":"log","timestamp":1707983506547,"level":"debug","message":"Executing recipe chrome-pdf","meta":{"rootId":"dv4t2geshnloeem","id":"dv4t2geshnloeem"},"id":"28oles5ybk9ghjp","previousOperationId":"kc4n8tgnldcvskq"}
{"type":"log","timestamp":1707983506552,"level":"debug","message":"Converting with chrome HeadlessChrome/117.0.5938.149 using chrome-pool strategy","meta":{"rootId":"dv4t2geshnloeem","id":"dv4t2geshnloeem"},"id":"ld6hjtxf8jfs5hl","previousOperationId":"kc4n8tgnldcvskq"}
{"type":"log","timestamp":1707983506701,"level":"debug","message":"Page request: GET (document) file:///C:/Users/USER/AppData/Local/Temp/jsreport/autocleanup/5f3bef66-0f44-4b44-845e-d79d947147e6-chrome-pdf.html","meta":{"rootId":"dv4t2geshnloeem","id":"dv4t2geshnloeem"},"id":"kwqrh7sqriaf9lu","previousOperationId":"kc4n8tgnldcvskq"}
{"type":"log","timestamp":1707983506709,"level":"debug","message":"Page request finished: GET (document) 200 file:///C:/Users/USER/AppData/Local/Temp/jsreport/autocleanup/5f3bef66-0f44-4b44-845e-d79d947147e6-chrome-pdf.html","meta":{"rootId":"dv4t2geshnloeem","id":"dv4t2geshnloeem"},"id":"6rsg4zfiif9oizk","previousOperationId":"kc4n8tgnldcvskq"}
{"type":"log","timestamp":1707983506732,"level":"debug","message":"Running chrome with params {\"printBackground\":true,\"marginTop\":\"1cm\",\"marginRight\":\"1cm\",\"marginBottom\":\"1cm\",\"marginLeft\":\"1cm\",\"timeout\":59954,\"margin\":{\"top\":\"1cm\",\"right\":\"1cm\",\"bottom\":\"1cm\",\"left\":\"1cm\"}}","meta":{"rootId":"dv4t2geshnloeem","id":"dv4t2geshnloeem"},"id":"nb8mo9ryqy6bopo","previousOperationId":"kc4n8tgnldcvskq"}
{"type":"operationEnd","operationId":"kc4n8tgnldcvskq","timestamp":1707983506882,"id":"shs7oq0rxc0ho9a","previousEventId":"cyhuzhsxux1wvu5","previousOperationId":"kc4n8tgnldcvskq"}
{"type":"log","timestamp":1707983506882,"level":"debug","message":"Skipping storing report.","meta":{"rootId":"dv4t2geshnloeem","id":"dv4t2geshnloeem"},"id":"mfevrwz4xvmz6rf","previousOperationId":"kc4n8tgnldcvskq"}
{"type":"log","timestamp":1707983506882,"level":"info","message":"Rendering request 7 finished in 378 ms","meta":{"rootId":"dv4t2geshnloeem","id":"dv4t2geshnloeem"},"id":"0pw0j9v8i6ieysm","previousOperationId":"kc4n8tgnldcvskq"}
{"type":"operationEnd","subtype":"render","operationId":"cggudn7o9zxh3dc","timestamp":1707983506882,"id":"3cl5rh8cc8ufh08","previousEventId":"shs7oq0rxc0ho9a","previousOperationId":"kc4n8tgnldcvskq"}
{"type":"operationEnd","doDiffs":false,"previousEventId":"3bq6kyu3zb15v6h","previousOperationId":"kfr1f1k3mxxk32y","operationId":"kfr1f1k3mxxk32y","timestamp":1707983506889,"id":"e6kcwkn86jjvksb"}
