{"type":"operationStart","subtype":"profile","data":{"_id":"eYx4KBWLDGOP3Ibo","timestamp":"2024-02-15T07:25:37.122Z","state":"queued","mode":"standard","creationDate":"2024-02-15T07:25:37.124Z","modificationDate":"2024-02-15T07:25:37.124Z","shortid":"PybWwAs","$entitySet":"profiles"},"doDiffs":false,"timestamp":1707981937123,"id":"1r0cb2aphsezoqc","previousOperationId":null,"operationId":"eswow7mmuugqg6v"}
{"type":"log","level":"info","message":"Render request 31 queued for execution and waiting for available worker","previousOperationId":"eswow7mmuugqg6v","timestamp":1707981937123,"id":"mwb04b4b18ohspr"}
{"type":"operationStart","subtype":"render","name":"invoice-main","previousOperationId":"eswow7mmuugqg6v","timestamp":1707981937137,"id":"4okdboqebhkcdki","previousEventId":"1r0cb2aphsezoqc","operationId":"ynx8d4aoom3ckrc"}
{"type":"log","timestamp":1707981937137,"level":"info","message":"Starting rendering request 31","meta":{"rootId":"e63vil5kw0nm6uw","id":"e63vil5kw0nm6uw"},"id":"26nijjgveetltix","previousOperationId":"ynx8d4aoom3ckrc"}
{"type":"log","timestamp":1707981937137,"level":"info","message":"Rendering template { name: invoice-main, recipe: chrome-pdf, engine: handlebars, preview: true }","meta":{"rootId":"e63vil5kw0nm6uw","id":"e63vil5kw0nm6uw"},"id":"98r18njhdo0ap7l","previousOperationId":"ynx8d4aoom3ckrc"}
{"type":"log","timestamp":1707981937138,"level":"debug","message":"Inline data specified.","meta":{"rootId":"e63vil5kw0nm6uw","id":"e63vil5kw0nm6uw"},"id":"jxggg8v7ixxe91o","previousOperationId":"ynx8d4aoom3ckrc"}
{"type":"log","timestamp":1707981937141,"level":"debug","message":"Base url not specified, skipping its injection.","meta":{"rootId":"e63vil5kw0nm6uw","id":"e63vil5kw0nm6uw"},"id":"ztt37qr8opgxhzw","previousOperationId":"ynx8d4aoom3ckrc"}
{"type":"operationStart","subtype":"engine","name":"handlebars","timestamp":1707981937141,"id":"9pq1dugs8tg8nqx","previousEventId":"4okdboqebhkcdki","operationId":"iblb4rzqcplmtf1","previousOperationId":"ynx8d4aoom3ckrc"}
{"type":"log","timestamp":1707981937141,"level":"debug","message":"Rendering engine handlebars","meta":{"rootId":"e63vil5kw0nm6uw","id":"e63vil5kw0nm6uw"},"id":"h7dpsqd0z3nh5rt","previousOperationId":"iblb4rzqcplmtf1"}
{"type":"log","timestamp":1707981937162,"level":"debug","message":"(console:log) Calculating item Website design; you should see this message in debug run","meta":{"userLevel":true,"rootId":"e63vil5kw0nm6uw","id":"e63vil5kw0nm6uw"},"id":"91syuht8g0ga51c","previousOperationId":"iblb4rzqcplmtf1"}
{"type":"operationEnd","operationId":"iblb4rzqcplmtf1","timestamp":1707981937164,"id":"ornnlagg7pxlkpp","previousEventId":"9pq1dugs8tg8nqx","previousOperationId":"iblb4rzqcplmtf1"}
{"type":"operationStart","subtype":"recipe","name":"chrome-pdf","timestamp":1707981937164,"id":"42lw8809jmcx2cr","previousEventId":"ornnlagg7pxlkpp","operationId":"78vkoq0p1glcq50","previousOperationId":"iblb4rzqcplmtf1"}
{"type":"log","timestamp":1707981937164,"level":"debug","message":"Executing recipe chrome-pdf","meta":{"rootId":"e63vil5kw0nm6uw","id":"e63vil5kw0nm6uw"},"id":"i4v4cb97yaptfpm","previousOperationId":"78vkoq0p1glcq50"}
{"type":"log","timestamp":1707981937169,"level":"debug","message":"Converting with chrome HeadlessChrome/117.0.5938.149 using chrome-pool strategy","meta":{"rootId":"e63vil5kw0nm6uw","id":"e63vil5kw0nm6uw"},"id":"3f6y3wqyl96n6fs","previousOperationId":"78vkoq0p1glcq50"}
{"type":"log","timestamp":1707981937292,"level":"debug","message":"Page request: GET (document) file:///C:/Users/USER/AppData/Local/Temp/jsreport/autocleanup/1b5e9dde-8292-4ca6-8e70-7f0499c73dcd-chrome-pdf.html","meta":{"rootId":"e63vil5kw0nm6uw","id":"e63vil5kw0nm6uw"},"id":"58i0qt9326niduz","previousOperationId":"78vkoq0p1glcq50"}
{"type":"log","timestamp":1707981937301,"level":"debug","message":"Page request finished: GET (document) 200 file:///C:/Users/USER/AppData/Local/Temp/jsreport/autocleanup/1b5e9dde-8292-4ca6-8e70-7f0499c73dcd-chrome-pdf.html","meta":{"rootId":"e63vil5kw0nm6uw","id":"e63vil5kw0nm6uw"},"id":"hju4vtn5a88rk5v","previousOperationId":"78vkoq0p1glcq50"}
{"type":"log","timestamp":1707981937318,"level":"debug","message":"Running chrome with params {\"printBackground\":true,\"marginTop\":\"1cm\",\"marginRight\":\"1cm\",\"marginBottom\":\"1cm\",\"marginLeft\":\"1cm\",\"timeout\":59955,\"margin\":{\"top\":\"1cm\",\"right\":\"1cm\",\"bottom\":\"1cm\",\"left\":\"1cm\"}}","meta":{"rootId":"e63vil5kw0nm6uw","id":"e63vil5kw0nm6uw"},"id":"4fw8dcd0w39bc42","previousOperationId":"78vkoq0p1glcq50"}
{"type":"operationEnd","operationId":"78vkoq0p1glcq50","timestamp":1707981937451,"id":"18frq44fefyxl0x","previousEventId":"42lw8809jmcx2cr","previousOperationId":"78vkoq0p1glcq50"}
{"type":"log","timestamp":1707981937451,"level":"debug","message":"Skipping storing report.","meta":{"rootId":"e63vil5kw0nm6uw","id":"e63vil5kw0nm6uw"},"id":"3q624n06ti8sqcv","previousOperationId":"78vkoq0p1glcq50"}
{"type":"log","timestamp":1707981937451,"level":"info","message":"Rendering request 31 finished in 329 ms","meta":{"rootId":"e63vil5kw0nm6uw","id":"e63vil5kw0nm6uw"},"id":"338lixa91f6x7q4","previousOperationId":"78vkoq0p1glcq50"}
{"type":"operationEnd","subtype":"render","operationId":"ynx8d4aoom3ckrc","timestamp":1707981937451,"id":"s6ehxi0p51fvgbe","previousEventId":"18frq44fefyxl0x","previousOperationId":"78vkoq0p1glcq50"}
{"type":"operationEnd","doDiffs":false,"previousEventId":"1r0cb2aphsezoqc","previousOperationId":"eswow7mmuugqg6v","operationId":"eswow7mmuugqg6v","timestamp":1707981937455,"id":"ytlyzv95zv4r4dg"}
