{"type":"operationStart","subtype":"profile","data":{"_id":"BTcFBAmsSl7Gy6cI","timestamp":"2024-02-15T14:48:52.636Z","state":"queued","mode":"standard","creationDate":"2024-02-15T14:48:52.643Z","modificationDate":"2024-02-15T14:48:52.643Z","shortid":"wrfyYU_","$entitySet":"profiles"},"doDiffs":false,"timestamp":1708008532639,"id":"rrsfjqa7qvo58di","previousOperationId":null,"operationId":"9a09mn7n1h07rfl"}
{"type":"log","level":"info","message":"Render request 1 queued for execution and waiting for available worker","previousOperationId":"9a09mn7n1h07rfl","timestamp":1708008532641,"id":"hy8o32fzane2njt"}
{"type":"operationStart","subtype":"render","name":"invoice-main","previousOperationId":"9a09mn7n1h07rfl","timestamp":1708008532695,"id":"6lgopwueskmohu1","previousEventId":"rrsfjqa7qvo58di","operationId":"s64fxzwy32tihnj"}
{"type":"log","timestamp":1708008532697,"level":"info","message":"Starting rendering request 1","meta":{"rootId":"e8kkcahpnm8wde9","id":"e8kkcahpnm8wde9"},"id":"1qgilzh2tu6cg43","previousOperationId":"s64fxzwy32tihnj"}
{"type":"log","timestamp":1708008532700,"level":"info","message":"Rendering template { name: invoice-main, recipe: chrome-pdf, engine: handlebars, preview: true }","meta":{"rootId":"e8kkcahpnm8wde9","id":"e8kkcahpnm8wde9"},"id":"od6skocwehb9lr1","previousOperationId":"s64fxzwy32tihnj"}
{"type":"log","timestamp":1708008532721,"level":"debug","message":"Adding sample data bIueE80","meta":{"rootId":"e8kkcahpnm8wde9","id":"e8kkcahpnm8wde9"},"id":"tbz6sg9b7ldj8yj","previousOperationId":"s64fxzwy32tihnj"}
{"type":"log","timestamp":1708008532730,"level":"debug","message":"Base url not specified, skipping its injection.","meta":{"rootId":"e8kkcahpnm8wde9","id":"e8kkcahpnm8wde9"},"id":"fg1f4hlboum8j18","previousOperationId":"s64fxzwy32tihnj"}
{"type":"operationStart","subtype":"engine","name":"handlebars","timestamp":1708008532734,"id":"ox6762voe3k4a36","previousEventId":"6lgopwueskmohu1","operationId":"l62se3hkknsguq5","previousOperationId":"s64fxzwy32tihnj"}
{"type":"log","timestamp":1708008532734,"level":"debug","message":"Rendering engine handlebars","meta":{"rootId":"e8kkcahpnm8wde9","id":"e8kkcahpnm8wde9"},"id":"ndfoewwox3e69ws","previousOperationId":"l62se3hkknsguq5"}
{"type":"log","timestamp":1708008534748,"level":"debug","message":"(console:log) Calculating item undefined; you should see this message in debug run","meta":{"userLevel":true,"rootId":"e8kkcahpnm8wde9","id":"e8kkcahpnm8wde9"},"id":"bvwymooauknt3pl","previousOperationId":"l62se3hkknsguq5"}
{"type":"log","timestamp":1708008534748,"level":"debug","message":"(console:log) Calculating item undefined; you should see this message in debug run","meta":{"userLevel":true,"rootId":"e8kkcahpnm8wde9","id":"e8kkcahpnm8wde9"},"id":"0qi2r074nwik4mp","previousOperationId":"l62se3hkknsguq5"}
{"type":"operationEnd","operationId":"l62se3hkknsguq5","timestamp":1708008534763,"id":"ruwvq8zgdvq1mqx","previousEventId":"ox6762voe3k4a36","previousOperationId":"l62se3hkknsguq5"}
{"type":"operationStart","subtype":"recipe","name":"chrome-pdf","timestamp":1708008534764,"id":"1kbrfhd9gz2e0vb","previousEventId":"ruwvq8zgdvq1mqx","operationId":"b3br8kdn8gq0hgy","previousOperationId":"l62se3hkknsguq5"}
{"type":"log","timestamp":1708008534765,"level":"debug","message":"Executing recipe chrome-pdf","meta":{"rootId":"e8kkcahpnm8wde9","id":"e8kkcahpnm8wde9"},"id":"6r2pehttefbild7","previousOperationId":"b3br8kdn8gq0hgy"}
{"type":"log","timestamp":1708008537138,"level":"debug","message":"Converting with chrome HeadlessChrome/117.0.5938.149 using chrome-pool strategy","meta":{"rootId":"e8kkcahpnm8wde9","id":"e8kkcahpnm8wde9"},"id":"hhhpzjdtq82i9ea","previousOperationId":"b3br8kdn8gq0hgy"}
{"type":"log","timestamp":1708008537866,"level":"debug","message":"Page request: GET (document) file:///C:/Users/USER/AppData/Local/Temp/jsreport/autocleanup/4bb6d2b0-d2ed-488a-9334-bbe66e368f51-chrome-pdf.html","meta":{"rootId":"e8kkcahpnm8wde9","id":"e8kkcahpnm8wde9"},"id":"hjd5azb7cqz788i","previousOperationId":"b3br8kdn8gq0hgy"}
{"type":"log","timestamp":1708008537904,"level":"debug","message":"Page request finished: GET (document) 200 file:///C:/Users/USER/AppData/Local/Temp/jsreport/autocleanup/4bb6d2b0-d2ed-488a-9334-bbe66e368f51-chrome-pdf.html","meta":{"rootId":"e8kkcahpnm8wde9","id":"e8kkcahpnm8wde9"},"id":"jdxrsyj0qdx3xqr","previousOperationId":"b3br8kdn8gq0hgy"}
{"type":"log","timestamp":1708008538001,"level":"debug","message":"Running chrome with params {\"printBackground\":true,\"marginTop\":\"1cm\",\"marginRight\":\"1cm\",\"marginBottom\":\"1cm\",\"marginLeft\":\"1cm\",\"timeout\":57849,\"margin\":{\"top\":\"1cm\",\"right\":\"1cm\",\"bottom\":\"1cm\",\"left\":\"1cm\"}}","meta":{"rootId":"e8kkcahpnm8wde9","id":"e8kkcahpnm8wde9"},"id":"b4k668ocn9uprc0","previousOperationId":"b3br8kdn8gq0hgy"}
{"type":"operationEnd","operationId":"b3br8kdn8gq0hgy","timestamp":1708008538878,"id":"8tc3c03m7cturvy","previousEventId":"1kbrfhd9gz2e0vb","previousOperationId":"b3br8kdn8gq0hgy"}
{"type":"log","timestamp":1708008538884,"level":"debug","message":"Skipping storing report.","meta":{"rootId":"e8kkcahpnm8wde9","id":"e8kkcahpnm8wde9"},"id":"n9dfozb9h6wqbl0","previousOperationId":"b3br8kdn8gq0hgy"}
{"type":"log","timestamp":1708008538885,"level":"info","message":"Rendering request 1 finished in 6249 ms","meta":{"rootId":"e8kkcahpnm8wde9","id":"e8kkcahpnm8wde9"},"id":"p8a8nkf825x9k8n","previousOperationId":"b3br8kdn8gq0hgy"}
{"type":"operationEnd","subtype":"render","operationId":"s64fxzwy32tihnj","timestamp":1708008538885,"id":"y842ttm5x2rz2ye","previousEventId":"8tc3c03m7cturvy","previousOperationId":"b3br8kdn8gq0hgy"}
{"type":"operationEnd","doDiffs":false,"previousEventId":"rrsfjqa7qvo58di","previousOperationId":"9a09mn7n1h07rfl","operationId":"9a09mn7n1h07rfl","timestamp":1708008538912,"id":"z4nh4bkchakhnim"}
