{"type":"operationStart","subtype":"profile","data":{"_id":"MM3Q92GLQNFSHX4y","timestamp":"2024-02-15T08:09:13.126Z","state":"queued","mode":"standard","creationDate":"2024-02-15T08:09:13.128Z","modificationDate":"2024-02-15T08:09:13.128Z","shortid":"7UNPcqB","$entitySet":"profiles"},"doDiffs":false,"timestamp":1707984553127,"id":"rc61cwxjant827v","previousOperationId":null,"operationId":"v54g3yugafhb8fx"}
{"type":"log","level":"info","message":"Render request 25 queued for execution and waiting for available worker","previousOperationId":"v54g3yugafhb8fx","timestamp":1707984553127,"id":"34pgm3vlkjbcxhs"}
{"type":"operationStart","subtype":"render","name":"invoice-main","previousOperationId":"v54g3yugafhb8fx","timestamp":1707984553141,"id":"m418vfqn3lm29zy","previousEventId":"rc61cwxjant827v","operationId":"8p6emrtut09oznh"}
{"type":"log","timestamp":1707984553142,"level":"info","message":"Starting rendering request 25","meta":{"rootId":"eacxirr0c6k2y3o","id":"eacxirr0c6k2y3o"},"id":"pu4fbwbu4aziyr2","previousOperationId":"8p6emrtut09oznh"}
{"type":"log","timestamp":1707984553142,"level":"info","message":"Rendering template { name: invoice-main, recipe: chrome-pdf, engine: handlebars, preview: true }","meta":{"rootId":"eacxirr0c6k2y3o","id":"eacxirr0c6k2y3o"},"id":"22ednj9ii85f8r1","previousOperationId":"8p6emrtut09oznh"}
{"type":"log","timestamp":1707984553142,"level":"debug","message":"Inline data specified.","meta":{"rootId":"eacxirr0c6k2y3o","id":"eacxirr0c6k2y3o"},"id":"3veoy21iyvysz7a","previousOperationId":"8p6emrtut09oznh"}
{"type":"log","timestamp":1707984553144,"level":"debug","message":"Base url not specified, skipping its injection.","meta":{"rootId":"eacxirr0c6k2y3o","id":"eacxirr0c6k2y3o"},"id":"qi1lcmlqp2hydqt","previousOperationId":"8p6emrtut09oznh"}
{"type":"operationStart","subtype":"engine","name":"handlebars","timestamp":1707984553144,"id":"smj4b6xoc2p5qz5","previousEventId":"m418vfqn3lm29zy","operationId":"7f8lzagk32qb4om","previousOperationId":"8p6emrtut09oznh"}
{"type":"log","timestamp":1707984553144,"level":"debug","message":"Rendering engine handlebars","meta":{"rootId":"eacxirr0c6k2y3o","id":"eacxirr0c6k2y3o"},"id":"tott1z540pte3dt","previousOperationId":"7f8lzagk32qb4om"}
{"type":"log","timestamp":1707984553166,"level":"debug","message":"(console:log) Calculating item undefined; you should see this message in debug run","meta":{"userLevel":true,"rootId":"eacxirr0c6k2y3o","id":"eacxirr0c6k2y3o"},"id":"qwvwl03z6a895il","previousOperationId":"7f8lzagk32qb4om"}
{"type":"operationEnd","operationId":"7f8lzagk32qb4om","timestamp":1707984553168,"id":"jkivgpg07wef26b","previousEventId":"smj4b6xoc2p5qz5","previousOperationId":"7f8lzagk32qb4om"}
{"type":"operationStart","subtype":"recipe","name":"chrome-pdf","timestamp":1707984553169,"id":"7u2h86hyp3yecof","previousEventId":"jkivgpg07wef26b","operationId":"ji448pijieahd5e","previousOperationId":"7f8lzagk32qb4om"}
{"type":"log","timestamp":1707984553169,"level":"debug","message":"Executing recipe chrome-pdf","meta":{"rootId":"eacxirr0c6k2y3o","id":"eacxirr0c6k2y3o"},"id":"r1xn2rz2xn1rr33","previousOperationId":"ji448pijieahd5e"}
{"type":"log","timestamp":1707984553172,"level":"debug","message":"Converting with chrome HeadlessChrome/117.0.5938.149 using chrome-pool strategy","meta":{"rootId":"eacxirr0c6k2y3o","id":"eacxirr0c6k2y3o"},"id":"je8m3u5jtz8rk5t","previousOperationId":"ji448pijieahd5e"}
{"type":"log","timestamp":1707984553399,"level":"debug","message":"Page request: GET (document) file:///C:/Users/USER/AppData/Local/Temp/jsreport/autocleanup/cc7cc73e-c286-4e55-829a-1935df349f3a-chrome-pdf.html","meta":{"rootId":"eacxirr0c6k2y3o","id":"eacxirr0c6k2y3o"},"id":"tgfy7utaez71iot","previousOperationId":"ji448pijieahd5e"}
{"type":"log","timestamp":1707984553410,"level":"debug","message":"Page request finished: GET (document) 200 file:///C:/Users/USER/AppData/Local/Temp/jsreport/autocleanup/cc7cc73e-c286-4e55-829a-1935df349f3a-chrome-pdf.html","meta":{"rootId":"eacxirr0c6k2y3o","id":"eacxirr0c6k2y3o"},"id":"quu5kk54gaioybf","previousOperationId":"ji448pijieahd5e"}
{"type":"log","timestamp":1707984553431,"level":"debug","message":"Running chrome with params {\"printBackground\":true,\"marginTop\":\"1cm\",\"marginRight\":\"1cm\",\"marginBottom\":\"1cm\",\"marginLeft\":\"1cm\",\"timeout\":59956,\"margin\":{\"top\":\"1cm\",\"right\":\"1cm\",\"bottom\":\"1cm\",\"left\":\"1cm\"}}","meta":{"rootId":"eacxirr0c6k2y3o","id":"eacxirr0c6k2y3o"},"id":"lzmg56zzqqv6rji","previousOperationId":"ji448pijieahd5e"}
{"type":"operationEnd","operationId":"ji448pijieahd5e","timestamp":1707984553603,"id":"c6ek56gc41vtpqb","previousEventId":"7u2h86hyp3yecof","previousOperationId":"ji448pijieahd5e"}
{"type":"log","timestamp":1707984553604,"level":"debug","message":"Skipping storing report.","meta":{"rootId":"eacxirr0c6k2y3o","id":"eacxirr0c6k2y3o"},"id":"10qyx3pbycycmxv","previousOperationId":"ji448pijieahd5e"}
{"type":"log","timestamp":1707984553604,"level":"info","message":"Rendering request 25 finished in 478 ms","meta":{"rootId":"eacxirr0c6k2y3o","id":"eacxirr0c6k2y3o"},"id":"iwj2klgedlmn753","previousOperationId":"ji448pijieahd5e"}
{"type":"operationEnd","subtype":"render","operationId":"8p6emrtut09oznh","timestamp":1707984553604,"id":"okpf0yrnh0j8khi","previousEventId":"c6ek56gc41vtpqb","previousOperationId":"ji448pijieahd5e"}
{"type":"operationEnd","doDiffs":false,"previousEventId":"rc61cwxjant827v","previousOperationId":"v54g3yugafhb8fx","operationId":"v54g3yugafhb8fx","timestamp":1707984553609,"id":"9laa2yq8f3ia15e"}
