{"type":"operationStart","subtype":"profile","data":{"_id":"vtz8XSqGN9rZu3YR","timestamp":"2024-02-19T10:10:48.254Z","state":"queued","mode":"standard","creationDate":"2024-02-19T10:10:48.257Z","modificationDate":"2024-02-19T10:10:48.257Z","shortid":"3s5fr5u","$entitySet":"profiles"},"doDiffs":false,"timestamp":1708337448255,"id":"qhbd88718waifwh","previousOperationId":null,"operationId":"0iq41mmb23iel12"}
{"type":"log","level":"info","message":"Render request 9 queued for execution and waiting for available worker","previousOperationId":"0iq41mmb23iel12","timestamp":1708337448255,"id":"t2r3zye5kl40fdx"}
{"type":"operationStart","subtype":"render","name":"invoice-main","previousOperationId":"0iq41mmb23iel12","timestamp":1708337448278,"id":"2xwteuzzoilk0tc","previousEventId":"qhbd88718waifwh","operationId":"7gvmznaaw1enh17"}
{"type":"log","timestamp":1708337448278,"level":"info","message":"Starting rendering request 9","meta":{"rootId":"f456q4ohfl9nepb","id":"f456q4ohfl9nepb"},"id":"xu1a6yj5qz3hvi5","previousOperationId":"7gvmznaaw1enh17"}
{"type":"log","timestamp":1708337448278,"level":"info","message":"Rendering template { name: invoice-main, recipe: chrome-pdf, engine: handlebars, preview: false }","meta":{"rootId":"f456q4ohfl9nepb","id":"f456q4ohfl9nepb"},"id":"jtq0iqkt3d5l2ju","previousOperationId":"7gvmznaaw1enh17"}
{"type":"log","timestamp":1708337448279,"level":"debug","message":"Inline data specified.","meta":{"rootId":"f456q4ohfl9nepb","id":"f456q4ohfl9nepb"},"id":"ftvpawlee0jspyv","previousOperationId":"7gvmznaaw1enh17"}
{"type":"log","timestamp":1708337448298,"level":"debug","message":"Base url not specified, skipping its injection.","meta":{"rootId":"f456q4ohfl9nepb","id":"f456q4ohfl9nepb"},"id":"wh4yt1nnq45xac2","previousOperationId":"7gvmznaaw1enh17"}
{"type":"operationStart","subtype":"engine","name":"handlebars","timestamp":1708337448298,"id":"awtnxat3eh1a4ew","previousEventId":"2xwteuzzoilk0tc","operationId":"753efumkquot9u6","previousOperationId":"7gvmznaaw1enh17"}
{"type":"log","timestamp":1708337448298,"level":"debug","message":"Rendering engine handlebars","meta":{"rootId":"f456q4ohfl9nepb","id":"f456q4ohfl9nepb"},"id":"a1t82hl2uyk2158","previousOperationId":"753efumkquot9u6"}
{"type":"log","timestamp":1708337448340,"level":"debug","message":"(console:log) Calculating item undefined; you should see this message in debug run","meta":{"userLevel":true,"rootId":"f456q4ohfl9nepb","id":"f456q4ohfl9nepb"},"id":"6si5nn1p3493khk","previousOperationId":"753efumkquot9u6"}
{"type":"log","timestamp":1708337448340,"level":"debug","message":"(console:log) Calculating item undefined; you should see this message in debug run","meta":{"userLevel":true,"rootId":"f456q4ohfl9nepb","id":"f456q4ohfl9nepb"},"id":"t9gfiuzdldalp4t","previousOperationId":"753efumkquot9u6"}
{"type":"log","timestamp":1708337448340,"level":"debug","message":"(console:log) Calculating item undefined; you should see this message in debug run","meta":{"userLevel":true,"rootId":"f456q4ohfl9nepb","id":"f456q4ohfl9nepb"},"id":"w46cziit6cu842k","previousOperationId":"753efumkquot9u6"}
{"type":"log","timestamp":1708337448340,"level":"debug","message":"(console:log) Calculating item undefined; you should see this message in debug run","meta":{"userLevel":true,"rootId":"f456q4ohfl9nepb","id":"f456q4ohfl9nepb"},"id":"7uld5v0awk6em43","previousOperationId":"753efumkquot9u6"}
{"type":"operationEnd","operationId":"753efumkquot9u6","timestamp":1708337448345,"id":"d5tkyv216ttgl5a","previousEventId":"awtnxat3eh1a4ew","previousOperationId":"753efumkquot9u6"}
{"type":"operationStart","subtype":"recipe","name":"chrome-pdf","timestamp":1708337448346,"id":"nfhdn3c2q2jkoxb","previousEventId":"d5tkyv216ttgl5a","operationId":"y68ezts2plgc9ub","previousOperationId":"753efumkquot9u6"}
{"type":"log","timestamp":1708337448346,"level":"debug","message":"Executing recipe chrome-pdf","meta":{"rootId":"f456q4ohfl9nepb","id":"f456q4ohfl9nepb"},"id":"i6b5kfwvf1kwd9i","previousOperationId":"y68ezts2plgc9ub"}
{"type":"log","timestamp":1708337448374,"level":"debug","message":"Converting with chrome HeadlessChrome/117.0.5938.149 using chrome-pool strategy","meta":{"rootId":"f456q4ohfl9nepb","id":"f456q4ohfl9nepb"},"id":"7yr7lgdt5gv7z63","previousOperationId":"y68ezts2plgc9ub"}
{"type":"log","timestamp":1708337448515,"level":"debug","message":"Page request: GET (document) file:///C:/Users/USER/AppData/Local/Temp/jsreport/autocleanup/970e195f-a767-46f9-9296-69e28f06e034-chrome-pdf.html","meta":{"rootId":"f456q4ohfl9nepb","id":"f456q4ohfl9nepb"},"id":"zuz2n81w45kb7ub","previousOperationId":"y68ezts2plgc9ub"}
{"type":"log","timestamp":1708337448526,"level":"debug","message":"Page request finished: GET (document) 200 file:///C:/Users/USER/AppData/Local/Temp/jsreport/autocleanup/970e195f-a767-46f9-9296-69e28f06e034-chrome-pdf.html","meta":{"rootId":"f456q4ohfl9nepb","id":"f456q4ohfl9nepb"},"id":"1c912vnnzkc22vb","previousOperationId":"y68ezts2plgc9ub"}
{"type":"log","timestamp":1708337448551,"level":"debug","message":"Running chrome with params {\"printBackground\":true,\"marginTop\":\"1cm\",\"marginRight\":\"1cm\",\"marginBottom\":\"1cm\",\"marginLeft\":\"1cm\",\"timeout\":59890,\"margin\":{\"top\":\"1cm\",\"right\":\"1cm\",\"bottom\":\"1cm\",\"left\":\"1cm\"}}","meta":{"rootId":"f456q4ohfl9nepb","id":"f456q4ohfl9nepb"},"id":"nfp4x9mioct7otl","previousOperationId":"y68ezts2plgc9ub"}
{"type":"operationEnd","operationId":"y68ezts2plgc9ub","timestamp":1708337448780,"id":"hkjk1q5k4e95oel","previousEventId":"nfhdn3c2q2jkoxb","previousOperationId":"y68ezts2plgc9ub"}
{"type":"log","timestamp":1708337448780,"level":"debug","message":"Skipping storing report.","meta":{"rootId":"f456q4ohfl9nepb","id":"f456q4ohfl9nepb"},"id":"74d5b0p2270fmzz","previousOperationId":"y68ezts2plgc9ub"}
{"type":"log","timestamp":1708337448781,"level":"info","message":"Rendering request 9 finished in 527 ms","meta":{"rootId":"f456q4ohfl9nepb","id":"f456q4ohfl9nepb"},"id":"cocd992nsnqqgn4","previousOperationId":"y68ezts2plgc9ub"}
{"type":"operationEnd","subtype":"render","operationId":"7gvmznaaw1enh17","timestamp":1708337448781,"id":"gm6zxttybq8ict6","previousEventId":"hkjk1q5k4e95oel","previousOperationId":"y68ezts2plgc9ub"}
{"type":"operationEnd","doDiffs":false,"previousEventId":"qhbd88718waifwh","previousOperationId":"0iq41mmb23iel12","operationId":"0iq41mmb23iel12","timestamp":1708337448785,"id":"h59rcu4wxaglesp"}
