{"type":"operationStart","subtype":"profile","data":{"_id":"iNZpZ9w47xPPqEXi","timestamp":"2024-02-15T08:56:16.081Z","state":"queued","mode":"standard","creationDate":"2024-02-15T08:56:16.083Z","modificationDate":"2024-02-15T08:56:16.083Z","shortid":"hDH-q1n","$entitySet":"profiles"},"doDiffs":false,"timestamp":1707987376082,"id":"a1y8udqa40dbqsv","previousOperationId":null,"operationId":"isf92h5yw4fim9i"}
{"type":"log","level":"info","message":"Render request 42 queued for execution and waiting for available worker","previousOperationId":"isf92h5yw4fim9i","timestamp":1707987376082,"id":"gvp3aaxvxba3cco"}
{"type":"operationStart","subtype":"render","name":"invoice-main","previousOperationId":"isf92h5yw4fim9i","timestamp":1707987376104,"id":"171wk1sx0ibl1r7","previousEventId":"a1y8udqa40dbqsv","operationId":"ja4j5ab8msp0vs8"}
{"type":"log","timestamp":1707987376104,"level":"info","message":"Starting rendering request 42","meta":{"rootId":"f8u3nc5sgxsraq5","id":"f8u3nc5sgxsraq5"},"id":"z19ee1cfdwxpj8d","previousOperationId":"ja4j5ab8msp0vs8"}
{"type":"log","timestamp":1707987376105,"level":"info","message":"Rendering template { name: invoice-main, recipe: chrome-pdf, engine: handlebars, preview: true }","meta":{"rootId":"f8u3nc5sgxsraq5","id":"f8u3nc5sgxsraq5"},"id":"s04bfnils14d38w","previousOperationId":"ja4j5ab8msp0vs8"}
{"type":"log","timestamp":1707987376106,"level":"debug","message":"Inline data specified.","meta":{"rootId":"f8u3nc5sgxsraq5","id":"f8u3nc5sgxsraq5"},"id":"qwhtq62foqafyit","previousOperationId":"ja4j5ab8msp0vs8"}
{"type":"log","timestamp":1707987376108,"level":"debug","message":"Base url not specified, skipping its injection.","meta":{"rootId":"f8u3nc5sgxsraq5","id":"f8u3nc5sgxsraq5"},"id":"icf394k8dow7pkh","previousOperationId":"ja4j5ab8msp0vs8"}
{"type":"operationStart","subtype":"engine","name":"handlebars","timestamp":1707987376108,"id":"h8f9mjnvn4tyolv","previousEventId":"171wk1sx0ibl1r7","operationId":"gkaxq1hbws9t1cc","previousOperationId":"ja4j5ab8msp0vs8"}
{"type":"log","timestamp":1707987376108,"level":"debug","message":"Rendering engine handlebars","meta":{"rootId":"f8u3nc5sgxsraq5","id":"f8u3nc5sgxsraq5"},"id":"zbwc7d7ug07t40o","previousOperationId":"gkaxq1hbws9t1cc"}
{"type":"log","timestamp":1707987376132,"level":"debug","message":"(console:log) Calculating item undefined; you should see this message in debug run","meta":{"userLevel":true,"rootId":"f8u3nc5sgxsraq5","id":"f8u3nc5sgxsraq5"},"id":"hql3qlpxyskngf0","previousOperationId":"gkaxq1hbws9t1cc"}
{"type":"log","timestamp":1707987376132,"level":"debug","message":"(console:log) Calculating item undefined; you should see this message in debug run","meta":{"userLevel":true,"rootId":"f8u3nc5sgxsraq5","id":"f8u3nc5sgxsraq5"},"id":"q85ixlytec8d2wx","previousOperationId":"gkaxq1hbws9t1cc"}
{"type":"operationEnd","operationId":"gkaxq1hbws9t1cc","timestamp":1707987376134,"id":"kjpxoexvny8duia","previousEventId":"h8f9mjnvn4tyolv","previousOperationId":"gkaxq1hbws9t1cc"}
{"type":"operationStart","subtype":"recipe","name":"chrome-pdf","timestamp":1707987376135,"id":"7a6ztkbj0kp39nw","previousEventId":"kjpxoexvny8duia","operationId":"7rpe2144wmgur3h","previousOperationId":"gkaxq1hbws9t1cc"}
{"type":"log","timestamp":1707987376135,"level":"debug","message":"Executing recipe chrome-pdf","meta":{"rootId":"f8u3nc5sgxsraq5","id":"f8u3nc5sgxsraq5"},"id":"6pnuugh4l7o654r","previousOperationId":"7rpe2144wmgur3h"}
{"type":"log","timestamp":1707987376139,"level":"debug","message":"Converting with chrome HeadlessChrome/117.0.5938.149 using chrome-pool strategy","meta":{"rootId":"f8u3nc5sgxsraq5","id":"f8u3nc5sgxsraq5"},"id":"lrssvtv7yhxlwyb","previousOperationId":"7rpe2144wmgur3h"}
{"type":"log","timestamp":1707987376280,"level":"debug","message":"Page request: GET (document) file:///C:/Users/USER/AppData/Local/Temp/jsreport/autocleanup/aa8fe6ba-7d78-432d-9b20-fe5ddb5bb8e8-chrome-pdf.html","meta":{"rootId":"f8u3nc5sgxsraq5","id":"f8u3nc5sgxsraq5"},"id":"f7fl06hgjtlo8js","previousOperationId":"7rpe2144wmgur3h"}
{"type":"log","timestamp":1707987376289,"level":"debug","message":"Page request finished: GET (document) 200 file:///C:/Users/USER/AppData/Local/Temp/jsreport/autocleanup/aa8fe6ba-7d78-432d-9b20-fe5ddb5bb8e8-chrome-pdf.html","meta":{"rootId":"f8u3nc5sgxsraq5","id":"f8u3nc5sgxsraq5"},"id":"wdo6vfurr7xzuxd","previousOperationId":"7rpe2144wmgur3h"}
{"type":"log","timestamp":1707987376310,"level":"debug","message":"Running chrome with params {\"printBackground\":true,\"marginTop\":\"1cm\",\"marginRight\":\"1cm\",\"marginBottom\":\"1cm\",\"marginLeft\":\"1cm\",\"timeout\":59943,\"margin\":{\"top\":\"1cm\",\"right\":\"1cm\",\"bottom\":\"1cm\",\"left\":\"1cm\"}}","meta":{"rootId":"f8u3nc5sgxsraq5","id":"f8u3nc5sgxsraq5"},"id":"nj5116g654d4wjk","previousOperationId":"7rpe2144wmgur3h"}
{"type":"operationEnd","operationId":"7rpe2144wmgur3h","timestamp":1707987376491,"id":"lb95zhggkbohzoz","previousEventId":"7a6ztkbj0kp39nw","previousOperationId":"7rpe2144wmgur3h"}
{"type":"log","timestamp":1707987376491,"level":"debug","message":"Skipping storing report.","meta":{"rootId":"f8u3nc5sgxsraq5","id":"f8u3nc5sgxsraq5"},"id":"xjjxrh0wuhrf9qu","previousOperationId":"7rpe2144wmgur3h"}
{"type":"log","timestamp":1707987376491,"level":"info","message":"Rendering request 42 finished in 410 ms","meta":{"rootId":"f8u3nc5sgxsraq5","id":"f8u3nc5sgxsraq5"},"id":"4pser67k358l2b8","previousOperationId":"7rpe2144wmgur3h"}
{"type":"operationEnd","subtype":"render","operationId":"ja4j5ab8msp0vs8","timestamp":1707987376491,"id":"spr56n4rmk3dsdl","previousEventId":"lb95zhggkbohzoz","previousOperationId":"7rpe2144wmgur3h"}
{"type":"operationEnd","doDiffs":false,"previousEventId":"a1y8udqa40dbqsv","previousOperationId":"isf92h5yw4fim9i","operationId":"isf92h5yw4fim9i","timestamp":1707987376495,"id":"kcnmluxjqqku39e"}
