{"type":"operationStart","subtype":"profile","data":{"_id":"4y7vgtxKLbmUckut","timestamp":"2024-02-17T08:01:55.947Z","state":"queued","mode":"standard","creationDate":"2024-02-17T08:01:55.949Z","modificationDate":"2024-02-17T08:01:55.949Z","shortid":"aBGTQQT","$entitySet":"profiles"},"doDiffs":false,"timestamp":1708156915948,"id":"6p5qdxr2wlozw1i","previousOperationId":null,"operationId":"3a2wx7ie96t1r72"}
{"type":"log","level":"info","message":"Render request 10 queued for execution and waiting for available worker","previousOperationId":"3a2wx7ie96t1r72","timestamp":1708156915948,"id":"iq855aibprb42ag"}
{"type":"operationStart","subtype":"render","name":"invoice-main","previousOperationId":"3a2wx7ie96t1r72","timestamp":1708156915961,"id":"0mpfgqhu189lgfy","previousEventId":"6p5qdxr2wlozw1i","operationId":"p1azfu9ksnsncuw"}
{"type":"log","timestamp":1708156915961,"level":"info","message":"Starting rendering request 10","meta":{"rootId":"g3hvl3fw8qzjrcg","id":"g3hvl3fw8qzjrcg"},"id":"ycysvw5qe5xia0v","previousOperationId":"p1azfu9ksnsncuw"}
{"type":"log","timestamp":1708156915962,"level":"info","message":"Rendering template { name: invoice-main, recipe: chrome-pdf, engine: handlebars, preview: true }","meta":{"rootId":"g3hvl3fw8qzjrcg","id":"g3hvl3fw8qzjrcg"},"id":"uvut3oicaqesu42","previousOperationId":"p1azfu9ksnsncuw"}
{"type":"log","timestamp":1708156915964,"level":"debug","message":"Inline data specified.","meta":{"rootId":"g3hvl3fw8qzjrcg","id":"g3hvl3fw8qzjrcg"},"id":"ic59juqe5utld6p","previousOperationId":"p1azfu9ksnsncuw"}
{"type":"log","timestamp":1708156915969,"level":"debug","message":"Base url not specified, skipping its injection.","meta":{"rootId":"g3hvl3fw8qzjrcg","id":"g3hvl3fw8qzjrcg"},"id":"k583l7dms4zj5g2","previousOperationId":"p1azfu9ksnsncuw"}
{"type":"operationStart","subtype":"engine","name":"handlebars","timestamp":1708156915970,"id":"haj43pqae7uezd2","previousEventId":"0mpfgqhu189lgfy","operationId":"rbpk4bvft3y1s48","previousOperationId":"p1azfu9ksnsncuw"}
{"type":"log","timestamp":1708156915970,"level":"debug","message":"Rendering engine handlebars","meta":{"rootId":"g3hvl3fw8qzjrcg","id":"g3hvl3fw8qzjrcg"},"id":"elmywianurl7qh8","previousOperationId":"rbpk4bvft3y1s48"}
{"type":"log","timestamp":1708156916023,"level":"debug","message":"(console:log) Calculating item undefined; you should see this message in debug run","meta":{"userLevel":true,"rootId":"g3hvl3fw8qzjrcg","id":"g3hvl3fw8qzjrcg"},"id":"d48cozdyb8wk62e","previousOperationId":"rbpk4bvft3y1s48"}
{"type":"operationEnd","operationId":"rbpk4bvft3y1s48","timestamp":1708156916028,"id":"34p6a3jov40djm1","previousEventId":"haj43pqae7uezd2","previousOperationId":"rbpk4bvft3y1s48"}
{"type":"operationStart","subtype":"recipe","name":"chrome-pdf","timestamp":1708156916029,"id":"y674c2kjaht338r","previousEventId":"34p6a3jov40djm1","operationId":"loqc2vqnidwrrr1","previousOperationId":"rbpk4bvft3y1s48"}
{"type":"log","timestamp":1708156916029,"level":"debug","message":"Executing recipe chrome-pdf","meta":{"rootId":"g3hvl3fw8qzjrcg","id":"g3hvl3fw8qzjrcg"},"id":"gn925nf0k3hhyqt","previousOperationId":"loqc2vqnidwrrr1"}
{"type":"log","timestamp":1708156916576,"level":"debug","message":"Converting with chrome HeadlessChrome/117.0.5938.149 using chrome-pool strategy","meta":{"rootId":"g3hvl3fw8qzjrcg","id":"g3hvl3fw8qzjrcg"},"id":"5io8lcclle8px1b","previousOperationId":"loqc2vqnidwrrr1"}
{"type":"log","timestamp":1708156916810,"level":"debug","message":"Page request: GET (document) file:///C:/Users/USER/AppData/Local/Temp/jsreport/autocleanup/5942ddf1-e695-450e-aecf-269d99dd50f6-chrome-pdf.html","meta":{"rootId":"g3hvl3fw8qzjrcg","id":"g3hvl3fw8qzjrcg"},"id":"csaln3sv3f61ygs","previousOperationId":"loqc2vqnidwrrr1"}
{"type":"log","timestamp":1708156916824,"level":"debug","message":"Page request finished: GET (document) 200 file:///C:/Users/USER/AppData/Local/Temp/jsreport/autocleanup/5942ddf1-e695-450e-aecf-269d99dd50f6-chrome-pdf.html","meta":{"rootId":"g3hvl3fw8qzjrcg","id":"g3hvl3fw8qzjrcg"},"id":"poy8u07oargvxnh","previousOperationId":"loqc2vqnidwrrr1"}
{"type":"log","timestamp":1708156916854,"level":"debug","message":"Running chrome with params {\"printBackground\":true,\"marginTop\":\"1cm\",\"marginRight\":\"1cm\",\"marginBottom\":\"1cm\",\"marginLeft\":\"1cm\",\"timeout\":59911,\"margin\":{\"top\":\"1cm\",\"right\":\"1cm\",\"bottom\":\"1cm\",\"left\":\"1cm\"}}","meta":{"rootId":"g3hvl3fw8qzjrcg","id":"g3hvl3fw8qzjrcg"},"id":"2wtxdy3ukkq9imp","previousOperationId":"loqc2vqnidwrrr1"}
{"type":"operationEnd","operationId":"loqc2vqnidwrrr1","timestamp":1708156917048,"id":"8i0jgwx7i0uqwxi","previousEventId":"y674c2kjaht338r","previousOperationId":"loqc2vqnidwrrr1"}
{"type":"log","timestamp":1708156917049,"level":"debug","message":"Skipping storing report.","meta":{"rootId":"g3hvl3fw8qzjrcg","id":"g3hvl3fw8qzjrcg"},"id":"nb2banqshowos3z","previousOperationId":"loqc2vqnidwrrr1"}
{"type":"log","timestamp":1708156917049,"level":"info","message":"Rendering request 10 finished in 1103 ms","meta":{"rootId":"g3hvl3fw8qzjrcg","id":"g3hvl3fw8qzjrcg"},"id":"o7bquwq8flywhe4","previousOperationId":"loqc2vqnidwrrr1"}
{"type":"operationEnd","subtype":"render","operationId":"p1azfu9ksnsncuw","timestamp":1708156917049,"id":"uifsoum8nl3abyp","previousEventId":"8i0jgwx7i0uqwxi","previousOperationId":"loqc2vqnidwrrr1"}
{"type":"operationEnd","doDiffs":false,"previousEventId":"6p5qdxr2wlozw1i","previousOperationId":"3a2wx7ie96t1r72","operationId":"3a2wx7ie96t1r72","timestamp":1708156917054,"id":"6quwpxlyrea7sx9"}
