{"type":"operationStart","subtype":"profile","data":{"_id":"MDX8VJnAQq04hiSI","timestamp":"2024-02-16T12:50:16.493Z","state":"queued","mode":"standard","creationDate":"2024-02-16T12:50:16.498Z","modificationDate":"2024-02-16T12:50:16.498Z","shortid":"y7H5mjc","$entitySet":"profiles"},"doDiffs":false,"timestamp":1708087816495,"id":"wsi8kqp7off1pbl","previousOperationId":null,"operationId":"jm0galxy8duofdr"}
{"type":"log","level":"info","message":"Render request 2 queued for execution and waiting for available worker","previousOperationId":"jm0galxy8duofdr","timestamp":1708087816496,"id":"tc5hi7t65fxki4p"}
{"type":"operationStart","subtype":"render","name":"invoice-main","previousOperationId":"jm0galxy8duofdr","timestamp":1708087816522,"id":"r3ers90tq5gmisa","previousEventId":"wsi8kqp7off1pbl","operationId":"14svs7gmsg174uz"}
{"type":"log","timestamp":1708087816524,"level":"info","message":"Starting rendering request 2","meta":{"rootId":"g7puvw4qyzu00a7","id":"g7puvw4qyzu00a7"},"id":"04owip4hs3qm2ig","previousOperationId":"14svs7gmsg174uz"}
{"type":"log","timestamp":1708087816527,"level":"info","message":"Rendering template { name: invoice-main, recipe: chrome-pdf, engine: handlebars, preview: true }","meta":{"rootId":"g7puvw4qyzu00a7","id":"g7puvw4qyzu00a7"},"id":"p7w2tfya61yovtm","previousOperationId":"14svs7gmsg174uz"}
{"type":"log","timestamp":1708087816532,"level":"debug","message":"Adding sample data bIueE80","meta":{"rootId":"g7puvw4qyzu00a7","id":"g7puvw4qyzu00a7"},"id":"k9itssvolnuxhie","previousOperationId":"14svs7gmsg174uz"}
{"type":"log","timestamp":1708087816538,"level":"debug","message":"Base url not specified, skipping its injection.","meta":{"rootId":"g7puvw4qyzu00a7","id":"g7puvw4qyzu00a7"},"id":"449pze00fcf2o29","previousOperationId":"14svs7gmsg174uz"}
{"type":"operationStart","subtype":"engine","name":"handlebars","timestamp":1708087816542,"id":"1d1zidmyr2lddx1","previousEventId":"r3ers90tq5gmisa","operationId":"f9sw5afao2ar7u2","previousOperationId":"14svs7gmsg174uz"}
{"type":"log","timestamp":1708087816542,"level":"debug","message":"Rendering engine handlebars","meta":{"rootId":"g7puvw4qyzu00a7","id":"g7puvw4qyzu00a7"},"id":"oa9gsyxahr76idw","previousOperationId":"f9sw5afao2ar7u2"}
{"type":"log","timestamp":1708087818770,"level":"debug","message":"(console:log) Calculating item undefined; you should see this message in debug run","meta":{"userLevel":true,"rootId":"g7puvw4qyzu00a7","id":"g7puvw4qyzu00a7"},"id":"3ar5lb7t8wakjs3","previousOperationId":"f9sw5afao2ar7u2"}
{"type":"log","timestamp":1708087818771,"level":"debug","message":"(console:log) Calculating item undefined; you should see this message in debug run","meta":{"userLevel":true,"rootId":"g7puvw4qyzu00a7","id":"g7puvw4qyzu00a7"},"id":"u1gymbd4rhz92zq","previousOperationId":"f9sw5afao2ar7u2"}
{"type":"operationEnd","operationId":"f9sw5afao2ar7u2","timestamp":1708087818789,"id":"2i5fb1pnq147zsd","previousEventId":"1d1zidmyr2lddx1","previousOperationId":"f9sw5afao2ar7u2"}
{"type":"operationStart","subtype":"recipe","name":"chrome-pdf","timestamp":1708087818796,"id":"h7n04hlxuyhk5ug","previousEventId":"2i5fb1pnq147zsd","operationId":"chw0y8t1wx17ks1","previousOperationId":"f9sw5afao2ar7u2"}
{"type":"log","timestamp":1708087818796,"level":"debug","message":"Executing recipe chrome-pdf","meta":{"rootId":"g7puvw4qyzu00a7","id":"g7puvw4qyzu00a7"},"id":"g16mqr8ns7m9255","previousOperationId":"chw0y8t1wx17ks1"}
{"type":"log","timestamp":1708087819334,"level":"debug","message":"Converting with chrome HeadlessChrome/117.0.5938.149 using chrome-pool strategy","meta":{"rootId":"g7puvw4qyzu00a7","id":"g7puvw4qyzu00a7"},"id":"h5yuvtimevtwoij","previousOperationId":"chw0y8t1wx17ks1"}
{"type":"log","timestamp":1708087819588,"level":"debug","message":"Page request: GET (document) file:///C:/Users/USER/AppData/Local/Temp/jsreport/autocleanup/68fd1a59-9130-4558-bf81-7f21932e2cf8-chrome-pdf.html","meta":{"rootId":"g7puvw4qyzu00a7","id":"g7puvw4qyzu00a7"},"id":"kj1ppk60il55va7","previousOperationId":"chw0y8t1wx17ks1"}
{"type":"log","timestamp":1708087819607,"level":"debug","message":"Page request finished: GET (document) 200 file:///C:/Users/USER/AppData/Local/Temp/jsreport/autocleanup/68fd1a59-9130-4558-bf81-7f21932e2cf8-chrome-pdf.html","meta":{"rootId":"g7puvw4qyzu00a7","id":"g7puvw4qyzu00a7"},"id":"1q1nfmr0ndholb8","previousOperationId":"chw0y8t1wx17ks1"}
{"type":"log","timestamp":1708087819674,"level":"debug","message":"Running chrome with params {\"printBackground\":true,\"marginTop\":\"1cm\",\"marginRight\":\"1cm\",\"marginBottom\":\"1cm\",\"marginLeft\":\"1cm\",\"timeout\":57653,\"margin\":{\"top\":\"1cm\",\"right\":\"1cm\",\"bottom\":\"1cm\",\"left\":\"1cm\"}}","meta":{"rootId":"g7puvw4qyzu00a7","id":"g7puvw4qyzu00a7"},"id":"lhmmmjdqyuw8wsf","previousOperationId":"chw0y8t1wx17ks1"}
{"type":"operationEnd","operationId":"chw0y8t1wx17ks1","timestamp":1708087820379,"id":"qzjs9v1n2nuensx","previousEventId":"h7n04hlxuyhk5ug","previousOperationId":"chw0y8t1wx17ks1"}
{"type":"log","timestamp":1708087820383,"level":"debug","message":"Skipping storing report.","meta":{"rootId":"g7puvw4qyzu00a7","id":"g7puvw4qyzu00a7"},"id":"r6wnulzfqh8x83s","previousOperationId":"chw0y8t1wx17ks1"}
{"type":"log","timestamp":1708087820384,"level":"info","message":"Rendering request 2 finished in 3891 ms","meta":{"rootId":"g7puvw4qyzu00a7","id":"g7puvw4qyzu00a7"},"id":"a61walagp1dop2s","previousOperationId":"chw0y8t1wx17ks1"}
{"type":"operationEnd","subtype":"render","operationId":"14svs7gmsg174uz","timestamp":1708087820385,"id":"8b1wvrfhxj3oupr","previousEventId":"qzjs9v1n2nuensx","previousOperationId":"chw0y8t1wx17ks1"}
{"type":"operationEnd","doDiffs":false,"previousEventId":"wsi8kqp7off1pbl","previousOperationId":"jm0galxy8duofdr","operationId":"jm0galxy8duofdr","timestamp":1708087820403,"id":"d2szw39n4441omm"}
