{"type":"operationStart","subtype":"profile","data":{"_id":"jbwOpj4zEFnM8uuR","timestamp":"2024-02-15T07:36:54.290Z","state":"queued","mode":"standard","creationDate":"2024-02-15T07:36:54.292Z","modificationDate":"2024-02-15T07:36:54.292Z","shortid":"1OIAQsZ","$entitySet":"profiles"},"doDiffs":false,"timestamp":1707982614291,"id":"vdexnngshjrud6w","previousOperationId":null,"operationId":"0rm9dpk0aogt82r"}
{"type":"log","level":"info","message":"Render request 37 queued for execution and waiting for available worker","previousOperationId":"0rm9dpk0aogt82r","timestamp":1707982614291,"id":"uguomuam8156e0f"}
{"type":"operationStart","subtype":"render","name":"invoice-main","previousOperationId":"0rm9dpk0aogt82r","timestamp":1707982614301,"id":"w28cf3a5bx0td26","previousEventId":"vdexnngshjrud6w","operationId":"3bj6yaybywd61h2"}
{"type":"log","timestamp":1707982614302,"level":"info","message":"Starting rendering request 37","meta":{"rootId":"gaggh4c6ijpcwxt","id":"gaggh4c6ijpcwxt"},"id":"tmfdblzfcvfcz32","previousOperationId":"3bj6yaybywd61h2"}
{"type":"log","timestamp":1707982614302,"level":"info","message":"Rendering template { name: invoice-main, recipe: chrome-pdf, engine: handlebars, preview: true }","meta":{"rootId":"gaggh4c6ijpcwxt","id":"gaggh4c6ijpcwxt"},"id":"smaz2ne3kqc5ktb","previousOperationId":"3bj6yaybywd61h2"}
{"type":"log","timestamp":1707982614302,"level":"debug","message":"Inline data specified.","meta":{"rootId":"gaggh4c6ijpcwxt","id":"gaggh4c6ijpcwxt"},"id":"75bsnna49boi9j6","previousOperationId":"3bj6yaybywd61h2"}
{"type":"log","timestamp":1707982614304,"level":"debug","message":"Base url not specified, skipping its injection.","meta":{"rootId":"gaggh4c6ijpcwxt","id":"gaggh4c6ijpcwxt"},"id":"rba78ei65s7qp94","previousOperationId":"3bj6yaybywd61h2"}
{"type":"operationStart","subtype":"engine","name":"handlebars","timestamp":1707982614305,"id":"llwuirdudrrkjlt","previousEventId":"w28cf3a5bx0td26","operationId":"6w25xcq2bh6qmc0","previousOperationId":"3bj6yaybywd61h2"}
{"type":"log","timestamp":1707982614305,"level":"debug","message":"Rendering engine handlebars","meta":{"rootId":"gaggh4c6ijpcwxt","id":"gaggh4c6ijpcwxt"},"id":"dyk83a6j9x1wt6z","previousOperationId":"6w25xcq2bh6qmc0"}
{"type":"log","timestamp":1707982614339,"level":"debug","message":"(console:log) Calculating item undefined; you should see this message in debug run","meta":{"userLevel":true,"rootId":"gaggh4c6ijpcwxt","id":"gaggh4c6ijpcwxt"},"id":"3tcptclyl8cp0oc","previousOperationId":"6w25xcq2bh6qmc0"}
{"type":"operationEnd","operationId":"6w25xcq2bh6qmc0","timestamp":1707982614345,"id":"mqswtkgmvwadm5m","previousEventId":"llwuirdudrrkjlt","previousOperationId":"6w25xcq2bh6qmc0"}
{"type":"operationStart","subtype":"recipe","name":"chrome-pdf","timestamp":1707982614346,"id":"qmh7fwqhxhlls07","previousEventId":"mqswtkgmvwadm5m","operationId":"jv8q5cnonux3ffl","previousOperationId":"6w25xcq2bh6qmc0"}
{"type":"log","timestamp":1707982614346,"level":"debug","message":"Executing recipe chrome-pdf","meta":{"rootId":"gaggh4c6ijpcwxt","id":"gaggh4c6ijpcwxt"},"id":"uoov7iq3tft2q1f","previousOperationId":"jv8q5cnonux3ffl"}
{"type":"log","timestamp":1707982614350,"level":"debug","message":"Converting with chrome HeadlessChrome/117.0.5938.149 using chrome-pool strategy","meta":{"rootId":"gaggh4c6ijpcwxt","id":"gaggh4c6ijpcwxt"},"id":"thz8dmqjzma7di4","previousOperationId":"jv8q5cnonux3ffl"}
{"type":"log","timestamp":1707982614479,"level":"debug","message":"Page request: GET (document) file:///C:/Users/USER/AppData/Local/Temp/jsreport/autocleanup/8cb57fd8-6088-4c2b-8ff6-91328ca1af29-chrome-pdf.html","meta":{"rootId":"gaggh4c6ijpcwxt","id":"gaggh4c6ijpcwxt"},"id":"t7pnoylh2ma4rjg","previousOperationId":"jv8q5cnonux3ffl"}
{"type":"log","timestamp":1707982614489,"level":"debug","message":"Page request finished: GET (document) 200 file:///C:/Users/USER/AppData/Local/Temp/jsreport/autocleanup/8cb57fd8-6088-4c2b-8ff6-91328ca1af29-chrome-pdf.html","meta":{"rootId":"gaggh4c6ijpcwxt","id":"gaggh4c6ijpcwxt"},"id":"1wj8c59vh2dzxfw","previousOperationId":"jv8q5cnonux3ffl"}
{"type":"log","timestamp":1707982614512,"level":"debug","message":"Running chrome with params {\"printBackground\":true,\"marginTop\":\"1cm\",\"marginRight\":\"1cm\",\"marginBottom\":\"1cm\",\"marginLeft\":\"1cm\",\"timeout\":59942,\"margin\":{\"top\":\"1cm\",\"right\":\"1cm\",\"bottom\":\"1cm\",\"left\":\"1cm\"}}","meta":{"rootId":"gaggh4c6ijpcwxt","id":"gaggh4c6ijpcwxt"},"id":"ka9nhxmob5vvg53","previousOperationId":"jv8q5cnonux3ffl"}
{"type":"operationEnd","operationId":"jv8q5cnonux3ffl","timestamp":1707982614665,"id":"5bx10q2l8t3e6jf","previousEventId":"qmh7fwqhxhlls07","previousOperationId":"jv8q5cnonux3ffl"}
{"type":"log","timestamp":1707982614665,"level":"debug","message":"Skipping storing report.","meta":{"rootId":"gaggh4c6ijpcwxt","id":"gaggh4c6ijpcwxt"},"id":"u93w5gx0ow2u3c9","previousOperationId":"jv8q5cnonux3ffl"}
{"type":"log","timestamp":1707982614665,"level":"info","message":"Rendering request 37 finished in 375 ms","meta":{"rootId":"gaggh4c6ijpcwxt","id":"gaggh4c6ijpcwxt"},"id":"i5gw94yr5to13nk","previousOperationId":"jv8q5cnonux3ffl"}
{"type":"operationEnd","subtype":"render","operationId":"3bj6yaybywd61h2","timestamp":1707982614665,"id":"nim8szx4zz5cssq","previousEventId":"5bx10q2l8t3e6jf","previousOperationId":"jv8q5cnonux3ffl"}
{"type":"operationEnd","doDiffs":false,"previousEventId":"vdexnngshjrud6w","previousOperationId":"0rm9dpk0aogt82r","operationId":"0rm9dpk0aogt82r","timestamp":1707982614669,"id":"wpig019by1awh4q"}
