{"type":"operationStart","subtype":"profile","data":{"_id":"axtGKFY37xpt4tgb","timestamp":"2024-02-15T07:54:07.055Z","state":"queued","mode":"standard","creationDate":"2024-02-15T07:54:07.058Z","modificationDate":"2024-02-15T07:54:07.058Z","shortid":"D7uYkIw","$entitySet":"profiles"},"doDiffs":false,"timestamp":1707983647056,"id":"ngm3gu1j5ovpjra","previousOperationId":null,"operationId":"xoraswck2wwt3i6"}
{"type":"log","level":"info","message":"Render request 11 queued for execution and waiting for available worker","previousOperationId":"xoraswck2wwt3i6","timestamp":1707983647057,"id":"hrk3tilfkznxekt"}
{"type":"operationStart","subtype":"render","name":"invoice-main","previousOperationId":"xoraswck2wwt3i6","timestamp":1707983647068,"id":"ehd60uwh977pegn","previousEventId":"ngm3gu1j5ovpjra","operationId":"tx9e0cy19gy9dkb"}
{"type":"log","timestamp":1707983647068,"level":"info","message":"Starting rendering request 11","meta":{"rootId":"gf37uh01qjrvgwp","id":"gf37uh01qjrvgwp"},"id":"1zsyvel7g42hnk5","previousOperationId":"tx9e0cy19gy9dkb"}
{"type":"log","timestamp":1707983647068,"level":"info","message":"Rendering template { name: invoice-main, recipe: chrome-pdf, engine: handlebars, preview: true }","meta":{"rootId":"gf37uh01qjrvgwp","id":"gf37uh01qjrvgwp"},"id":"hki51it2dg3fn2b","previousOperationId":"tx9e0cy19gy9dkb"}
{"type":"log","timestamp":1707983647069,"level":"debug","message":"Inline data specified.","meta":{"rootId":"gf37uh01qjrvgwp","id":"gf37uh01qjrvgwp"},"id":"hjednzfd95m4mjf","previousOperationId":"tx9e0cy19gy9dkb"}
{"type":"log","timestamp":1707983647074,"level":"debug","message":"Base url not specified, skipping its injection.","meta":{"rootId":"gf37uh01qjrvgwp","id":"gf37uh01qjrvgwp"},"id":"ajr3sirjprqro81","previousOperationId":"tx9e0cy19gy9dkb"}
{"type":"operationStart","subtype":"engine","name":"handlebars","timestamp":1707983647075,"id":"4n3j34rxam7h4k2","previousEventId":"ehd60uwh977pegn","operationId":"463foyqkb6p4mdn","previousOperationId":"tx9e0cy19gy9dkb"}
{"type":"log","timestamp":1707983647075,"level":"debug","message":"Rendering engine handlebars","meta":{"rootId":"gf37uh01qjrvgwp","id":"gf37uh01qjrvgwp"},"id":"on57ir1jt96r606","previousOperationId":"463foyqkb6p4mdn"}
{"type":"log","timestamp":1707983647106,"level":"debug","message":"(console:log) Calculating item undefined; you should see this message in debug run","meta":{"userLevel":true,"rootId":"gf37uh01qjrvgwp","id":"gf37uh01qjrvgwp"},"id":"5g8imd1qg42yw1t","previousOperationId":"463foyqkb6p4mdn"}
{"type":"operationEnd","operationId":"463foyqkb6p4mdn","timestamp":1707983647107,"id":"l22j437l1eykdwv","previousEventId":"4n3j34rxam7h4k2","previousOperationId":"463foyqkb6p4mdn"}
{"type":"operationStart","subtype":"recipe","name":"chrome-pdf","timestamp":1707983647108,"id":"simb66w2l6oh66p","previousEventId":"l22j437l1eykdwv","operationId":"4hvv2h80xlo9n6f","previousOperationId":"463foyqkb6p4mdn"}
{"type":"log","timestamp":1707983647108,"level":"debug","message":"Executing recipe chrome-pdf","meta":{"rootId":"gf37uh01qjrvgwp","id":"gf37uh01qjrvgwp"},"id":"j5vnnz03z46f5z9","previousOperationId":"4hvv2h80xlo9n6f"}
{"type":"log","timestamp":1707983647110,"level":"debug","message":"Converting with chrome HeadlessChrome/117.0.5938.149 using chrome-pool strategy","meta":{"rootId":"gf37uh01qjrvgwp","id":"gf37uh01qjrvgwp"},"id":"95a450sz7h66z83","previousOperationId":"4hvv2h80xlo9n6f"}
{"type":"log","timestamp":1707983647212,"level":"debug","message":"Page request: GET (document) file:///C:/Users/USER/AppData/Local/Temp/jsreport/autocleanup/c4e0447e-7f2b-4a72-8264-ac40d085d67d-chrome-pdf.html","meta":{"rootId":"gf37uh01qjrvgwp","id":"gf37uh01qjrvgwp"},"id":"ymcbcz22si88nru","previousOperationId":"4hvv2h80xlo9n6f"}
{"type":"log","timestamp":1707983647219,"level":"debug","message":"Page request finished: GET (document) 200 file:///C:/Users/USER/AppData/Local/Temp/jsreport/autocleanup/c4e0447e-7f2b-4a72-8264-ac40d085d67d-chrome-pdf.html","meta":{"rootId":"gf37uh01qjrvgwp","id":"gf37uh01qjrvgwp"},"id":"8wkeso8nbydb6oe","previousOperationId":"4hvv2h80xlo9n6f"}
{"type":"log","timestamp":1707983647240,"level":"debug","message":"Running chrome with params {\"printBackground\":true,\"marginTop\":\"1cm\",\"marginRight\":\"1cm\",\"marginBottom\":\"1cm\",\"marginLeft\":\"1cm\",\"timeout\":59946,\"margin\":{\"top\":\"1cm\",\"right\":\"1cm\",\"bottom\":\"1cm\",\"left\":\"1cm\"}}","meta":{"rootId":"gf37uh01qjrvgwp","id":"gf37uh01qjrvgwp"},"id":"449jghhpy8pifte","previousOperationId":"4hvv2h80xlo9n6f"}
{"type":"operationEnd","operationId":"4hvv2h80xlo9n6f","timestamp":1707983647393,"id":"nzci3skghz5ae8j","previousEventId":"simb66w2l6oh66p","previousOperationId":"4hvv2h80xlo9n6f"}
{"type":"log","timestamp":1707983647393,"level":"debug","message":"Skipping storing report.","meta":{"rootId":"gf37uh01qjrvgwp","id":"gf37uh01qjrvgwp"},"id":"8ce58guclro5sxu","previousOperationId":"4hvv2h80xlo9n6f"}
{"type":"log","timestamp":1707983647393,"level":"info","message":"Rendering request 11 finished in 338 ms","meta":{"rootId":"gf37uh01qjrvgwp","id":"gf37uh01qjrvgwp"},"id":"bz3nd2zboa8u1dq","previousOperationId":"4hvv2h80xlo9n6f"}
{"type":"operationEnd","subtype":"render","operationId":"tx9e0cy19gy9dkb","timestamp":1707983647394,"id":"7qwfruuo1d14517","previousEventId":"nzci3skghz5ae8j","previousOperationId":"4hvv2h80xlo9n6f"}
{"type":"operationEnd","doDiffs":false,"previousEventId":"ngm3gu1j5ovpjra","previousOperationId":"xoraswck2wwt3i6","operationId":"xoraswck2wwt3i6","timestamp":1707983647399,"id":"x2jo90plb5qdec6"}
