{"type":"operationStart","subtype":"profile","data":{"_id":"h75XqvBQB3M07Ltn","timestamp":"2024-02-15T07:18:58.824Z","state":"queued","mode":"standard","creationDate":"2024-02-15T07:18:58.826Z","modificationDate":"2024-02-15T07:18:58.826Z","shortid":"mQhoPlq","$entitySet":"profiles"},"doDiffs":false,"timestamp":1707981538825,"id":"ymmmf2vqp0f7432","previousOperationId":null,"operationId":"p2fk4epbug7x8vr"}
{"type":"log","level":"info","message":"Render request 23 queued for execution and waiting for available worker","previousOperationId":"p2fk4epbug7x8vr","timestamp":1707981538825,"id":"h2zfyj0eb8i2kz9"}
{"type":"operationStart","subtype":"render","name":"invoice-main","previousOperationId":"p2fk4epbug7x8vr","timestamp":1707981538835,"id":"au06ml7r5e7yd58","previousEventId":"ymmmf2vqp0f7432","operationId":"d5jutoczv6o9r0f"}
{"type":"log","timestamp":1707981538836,"level":"info","message":"Starting rendering request 23","meta":{"rootId":"gg1idh3o13qgkij","id":"gg1idh3o13qgkij"},"id":"fskz3bpekk3cz0s","previousOperationId":"d5jutoczv6o9r0f"}
{"type":"log","timestamp":1707981538836,"level":"info","message":"Rendering template { name: invoice-main, recipe: chrome-pdf, engine: handlebars, preview: true }","meta":{"rootId":"gg1idh3o13qgkij","id":"gg1idh3o13qgkij"},"id":"zu0tio2a12ywuo8","previousOperationId":"d5jutoczv6o9r0f"}
{"type":"log","timestamp":1707981538836,"level":"debug","message":"Inline data specified.","meta":{"rootId":"gg1idh3o13qgkij","id":"gg1idh3o13qgkij"},"id":"cleduejjzx5e714","previousOperationId":"d5jutoczv6o9r0f"}
{"type":"log","timestamp":1707981538838,"level":"debug","message":"Base url not specified, skipping its injection.","meta":{"rootId":"gg1idh3o13qgkij","id":"gg1idh3o13qgkij"},"id":"o11fi6acsyxzxxx","previousOperationId":"d5jutoczv6o9r0f"}
{"type":"operationStart","subtype":"engine","name":"handlebars","timestamp":1707981538839,"id":"5lnyszyl7bnq4zr","previousEventId":"au06ml7r5e7yd58","operationId":"rrrsjrppnjnlrut","previousOperationId":"d5jutoczv6o9r0f"}
{"type":"log","timestamp":1707981538839,"level":"debug","message":"Rendering engine handlebars","meta":{"rootId":"gg1idh3o13qgkij","id":"gg1idh3o13qgkij"},"id":"jxcbivmpecz6hus","previousOperationId":"rrrsjrppnjnlrut"}
{"type":"log","timestamp":1707981538867,"level":"debug","message":"(console:log) Calculating item Website design; you should see this message in debug run","meta":{"userLevel":true,"rootId":"gg1idh3o13qgkij","id":"gg1idh3o13qgkij"},"id":"tyihlbfisjl28pw","previousOperationId":"rrrsjrppnjnlrut"}
{"type":"operationEnd","operationId":"rrrsjrppnjnlrut","timestamp":1707981538869,"id":"pu6gj1diu89bn3i","previousEventId":"5lnyszyl7bnq4zr","previousOperationId":"rrrsjrppnjnlrut"}
{"type":"operationStart","subtype":"recipe","name":"chrome-pdf","timestamp":1707981538869,"id":"l9cgskkm9oh0n8a","previousEventId":"pu6gj1diu89bn3i","operationId":"yfx0juy5gkhmo06","previousOperationId":"rrrsjrppnjnlrut"}
{"type":"log","timestamp":1707981538869,"level":"debug","message":"Executing recipe chrome-pdf","meta":{"rootId":"gg1idh3o13qgkij","id":"gg1idh3o13qgkij"},"id":"il5cuo3sk56el69","previousOperationId":"yfx0juy5gkhmo06"}
{"type":"log","timestamp":1707981538873,"level":"debug","message":"Converting with chrome HeadlessChrome/117.0.5938.149 using chrome-pool strategy","meta":{"rootId":"gg1idh3o13qgkij","id":"gg1idh3o13qgkij"},"id":"nlnh6x0wvmfnfzc","previousOperationId":"yfx0juy5gkhmo06"}
{"type":"log","timestamp":1707981539228,"level":"debug","message":"Page request: GET (document) file:///C:/Users/USER/AppData/Local/Temp/jsreport/autocleanup/872e1a9d-920f-447b-9c98-cab3e6ef84e2-chrome-pdf.html","meta":{"rootId":"gg1idh3o13qgkij","id":"gg1idh3o13qgkij"},"id":"r5m3kt97ajdzzwk","previousOperationId":"yfx0juy5gkhmo06"}
{"type":"log","timestamp":1707981539245,"level":"debug","message":"Page request: GET (stylesheet) file:///C:/Users/USER/AppData/Local/Temp/jsreport/autocleanup/invoice-styles.css","meta":{"rootId":"gg1idh3o13qgkij","id":"gg1idh3o13qgkij"},"id":"8gohlhwykw1gpky","previousOperationId":"yfx0juy5gkhmo06"}
{"type":"log","timestamp":1707981539247,"level":"debug","message":"Page request finished: GET (document) 200 file:///C:/Users/USER/AppData/Local/Temp/jsreport/autocleanup/872e1a9d-920f-447b-9c98-cab3e6ef84e2-chrome-pdf.html","meta":{"rootId":"gg1idh3o13qgkij","id":"gg1idh3o13qgkij"},"id":"urjri2ox937so3p","previousOperationId":"yfx0juy5gkhmo06"}
{"type":"log","timestamp":1707981539249,"level":"warn","message":"Page request failed: GET (stylesheet) file:///C:/Users/USER/AppData/Local/Temp/jsreport/autocleanup/invoice-styles.css, failure: net::ERR_ACCESS_DENIED","meta":{"rootId":"gg1idh3o13qgkij","id":"gg1idh3o13qgkij"},"id":"gja7j1o6jqqqcoz","previousOperationId":"yfx0juy5gkhmo06"}
{"type":"log","timestamp":1707981539249,"level":"debug","message":"(console:error) Failed to load resource: net::ERR_ACCESS_DENIED","meta":{"userLevel":true,"rootId":"gg1idh3o13qgkij","id":"gg1idh3o13qgkij"},"id":"rarns5lpa0pwr91","previousOperationId":"yfx0juy5gkhmo06"}
{"type":"log","timestamp":1707981539276,"level":"debug","message":"Running chrome with params {\"printBackground\":true,\"marginTop\":\"1cm\",\"marginRight\":\"1cm\",\"marginBottom\":\"1cm\",\"marginLeft\":\"1cm\",\"timeout\":59953,\"margin\":{\"top\":\"1cm\",\"right\":\"1cm\",\"bottom\":\"1cm\",\"left\":\"1cm\"}}","meta":{"rootId":"gg1idh3o13qgkij","id":"gg1idh3o13qgkij"},"id":"y2oca12sv4c8vk6","previousOperationId":"yfx0juy5gkhmo06"}
{"type":"operationEnd","operationId":"yfx0juy5gkhmo06","timestamp":1707981539344,"id":"dtqk6f35bpywg92","previousEventId":"l9cgskkm9oh0n8a","previousOperationId":"yfx0juy5gkhmo06"}
{"type":"log","timestamp":1707981539344,"level":"debug","message":"Skipping storing report.","meta":{"rootId":"gg1idh3o13qgkij","id":"gg1idh3o13qgkij"},"id":"z93xtvnd74tisg2","previousOperationId":"yfx0juy5gkhmo06"}
{"type":"log","timestamp":1707981539344,"level":"info","message":"Rendering request 23 finished in 520 ms","meta":{"rootId":"gg1idh3o13qgkij","id":"gg1idh3o13qgkij"},"id":"wmawtgjayunxa5o","previousOperationId":"yfx0juy5gkhmo06"}
{"type":"operationEnd","subtype":"render","operationId":"d5jutoczv6o9r0f","timestamp":1707981539344,"id":"d7ok1nd958374ip","previousEventId":"dtqk6f35bpywg92","previousOperationId":"yfx0juy5gkhmo06"}
{"type":"operationEnd","doDiffs":false,"previousEventId":"ymmmf2vqp0f7432","previousOperationId":"p2fk4epbug7x8vr","operationId":"p2fk4epbug7x8vr","timestamp":1707981539348,"id":"lkb8dpvm7r644r2"}
