{"type":"operationStart","subtype":"profile","data":{"_id":"IRsLo2F4m9YK5sC4","timestamp":"2024-02-15T08:07:46.112Z","state":"queued","mode":"standard","creationDate":"2024-02-15T08:07:46.114Z","modificationDate":"2024-02-15T08:07:46.114Z","shortid":"ZdVa5TC","$entitySet":"profiles"},"doDiffs":false,"timestamp":1707984466113,"id":"a0os3ohy8yyno6y","previousOperationId":null,"operationId":"xl4n7118osh816j"}
{"type":"log","level":"info","message":"Render request 24 queued for execution and waiting for available worker","previousOperationId":"xl4n7118osh816j","timestamp":1707984466113,"id":"cjcyd0opgf8b0pe"}
{"type":"operationStart","subtype":"render","name":"invoice-main","previousOperationId":"xl4n7118osh816j","timestamp":1707984466125,"id":"rck5jya9obkoq6v","previousEventId":"a0os3ohy8yyno6y","operationId":"pxvi1xknjoxemfg"}
{"type":"log","timestamp":1707984466125,"level":"info","message":"Starting rendering request 24","meta":{"rootId":"hhpc4tw0h4r2jkz","id":"hhpc4tw0h4r2jkz"},"id":"8qxb9trmifi2bk1","previousOperationId":"pxvi1xknjoxemfg"}
{"type":"log","timestamp":1707984466126,"level":"info","message":"Rendering template { name: invoice-main, recipe: chrome-pdf, engine: handlebars, preview: true }","meta":{"rootId":"hhpc4tw0h4r2jkz","id":"hhpc4tw0h4r2jkz"},"id":"ydhcskb3hkmcg2v","previousOperationId":"pxvi1xknjoxemfg"}
{"type":"log","timestamp":1707984466126,"level":"debug","message":"Inline data specified.","meta":{"rootId":"hhpc4tw0h4r2jkz","id":"hhpc4tw0h4r2jkz"},"id":"z8gv3fv1v9rfzbo","previousOperationId":"pxvi1xknjoxemfg"}
{"type":"log","timestamp":1707984466128,"level":"debug","message":"Base url not specified, skipping its injection.","meta":{"rootId":"hhpc4tw0h4r2jkz","id":"hhpc4tw0h4r2jkz"},"id":"ymgnfge3fsd4lze","previousOperationId":"pxvi1xknjoxemfg"}
{"type":"operationStart","subtype":"engine","name":"handlebars","timestamp":1707984466128,"id":"8za1fgfi16ldrqb","previousEventId":"rck5jya9obkoq6v","operationId":"5uc95defrychuso","previousOperationId":"pxvi1xknjoxemfg"}
{"type":"log","timestamp":1707984466128,"level":"debug","message":"Rendering engine handlebars","meta":{"rootId":"hhpc4tw0h4r2jkz","id":"hhpc4tw0h4r2jkz"},"id":"txh5j2tnyrp06s0","previousOperationId":"5uc95defrychuso"}
{"type":"log","timestamp":1707984466156,"level":"debug","message":"(console:log) Calculating item undefined; you should see this message in debug run","meta":{"userLevel":true,"rootId":"hhpc4tw0h4r2jkz","id":"hhpc4tw0h4r2jkz"},"id":"od1m5rev466gd7c","previousOperationId":"5uc95defrychuso"}
{"type":"operationEnd","operationId":"5uc95defrychuso","timestamp":1707984466158,"id":"li03tke50rq7tjd","previousEventId":"8za1fgfi16ldrqb","previousOperationId":"5uc95defrychuso"}
{"type":"operationStart","subtype":"recipe","name":"chrome-pdf","timestamp":1707984466158,"id":"xacnxtzn6myjyof","previousEventId":"li03tke50rq7tjd","operationId":"bf9xezejgnnryct","previousOperationId":"5uc95defrychuso"}
{"type":"log","timestamp":1707984466159,"level":"debug","message":"Executing recipe chrome-pdf","meta":{"rootId":"hhpc4tw0h4r2jkz","id":"hhpc4tw0h4r2jkz"},"id":"oy7pitdceo7egri","previousOperationId":"bf9xezejgnnryct"}
{"type":"log","timestamp":1707984466162,"level":"debug","message":"Converting with chrome HeadlessChrome/117.0.5938.149 using chrome-pool strategy","meta":{"rootId":"hhpc4tw0h4r2jkz","id":"hhpc4tw0h4r2jkz"},"id":"7m4phqannw8mijc","previousOperationId":"bf9xezejgnnryct"}
{"type":"log","timestamp":1707984466259,"level":"debug","message":"Page request: GET (document) file:///C:/Users/USER/AppData/Local/Temp/jsreport/autocleanup/f74d78b9-d97e-424e-a751-d852d178c111-chrome-pdf.html","meta":{"rootId":"hhpc4tw0h4r2jkz","id":"hhpc4tw0h4r2jkz"},"id":"s4ry1ab79usjgy3","previousOperationId":"bf9xezejgnnryct"}
{"type":"log","timestamp":1707984466267,"level":"debug","message":"Page request finished: GET (document) 200 file:///C:/Users/USER/AppData/Local/Temp/jsreport/autocleanup/f74d78b9-d97e-424e-a751-d852d178c111-chrome-pdf.html","meta":{"rootId":"hhpc4tw0h4r2jkz","id":"hhpc4tw0h4r2jkz"},"id":"7owb4n1zuv3b59o","previousOperationId":"bf9xezejgnnryct"}
{"type":"log","timestamp":1707984466285,"level":"debug","message":"Running chrome with params {\"printBackground\":true,\"marginTop\":\"1cm\",\"marginRight\":\"1cm\",\"marginBottom\":\"1cm\",\"marginLeft\":\"1cm\",\"timeout\":59951,\"margin\":{\"top\":\"1cm\",\"right\":\"1cm\",\"bottom\":\"1cm\",\"left\":\"1cm\"}}","meta":{"rootId":"hhpc4tw0h4r2jkz","id":"hhpc4tw0h4r2jkz"},"id":"z3y587xmuv5ivhx","previousOperationId":"bf9xezejgnnryct"}
{"type":"operationEnd","operationId":"bf9xezejgnnryct","timestamp":1707984466427,"id":"0c2g9hfg4s1f8c8","previousEventId":"xacnxtzn6myjyof","previousOperationId":"bf9xezejgnnryct"}
{"type":"log","timestamp":1707984466427,"level":"debug","message":"Skipping storing report.","meta":{"rootId":"hhpc4tw0h4r2jkz","id":"hhpc4tw0h4r2jkz"},"id":"3zncp80xi3lx6a8","previousOperationId":"bf9xezejgnnryct"}
{"type":"log","timestamp":1707984466427,"level":"info","message":"Rendering request 24 finished in 315 ms","meta":{"rootId":"hhpc4tw0h4r2jkz","id":"hhpc4tw0h4r2jkz"},"id":"d3uq11zcbamui2o","previousOperationId":"bf9xezejgnnryct"}
{"type":"operationEnd","subtype":"render","operationId":"pxvi1xknjoxemfg","timestamp":1707984466427,"id":"ljundwzx05rsn24","previousEventId":"0c2g9hfg4s1f8c8","previousOperationId":"bf9xezejgnnryct"}
{"type":"operationEnd","doDiffs":false,"previousEventId":"a0os3ohy8yyno6y","previousOperationId":"xl4n7118osh816j","operationId":"xl4n7118osh816j","timestamp":1707984466431,"id":"53g980dd6w4fltz"}
