{"type":"operationStart","subtype":"profile","data":{"_id":"zWI6uQ3WkjN57YDv","timestamp":"2024-02-15T07:35:59.868Z","state":"queued","mode":"standard","creationDate":"2024-02-15T07:35:59.870Z","modificationDate":"2024-02-15T07:35:59.870Z","shortid":"uTIAyOV","$entitySet":"profiles"},"doDiffs":false,"timestamp":1707982559869,"id":"hgoqg0phpv6yeky","previousOperationId":null,"operationId":"wvdlpcckvtk6ati"}
{"type":"log","level":"info","message":"Render request 35 queued for execution and waiting for available worker","previousOperationId":"wvdlpcckvtk6ati","timestamp":1707982559869,"id":"uli4bgeqhan34mc"}
{"type":"operationStart","subtype":"render","name":"invoice-main","previousOperationId":"wvdlpcckvtk6ati","timestamp":1707982559881,"id":"8q84o6vw3jprrok","previousEventId":"hgoqg0phpv6yeky","operationId":"9oizs9tikft4852"}
{"type":"log","timestamp":1707982559881,"level":"info","message":"Starting rendering request 35","meta":{"rootId":"igy4rxugh4mm2wi","id":"igy4rxugh4mm2wi"},"id":"i2ezrh1p8b0uh6f","previousOperationId":"9oizs9tikft4852"}
{"type":"log","timestamp":1707982559881,"level":"info","message":"Rendering template { name: invoice-main, recipe: chrome-pdf, engine: handlebars, preview: true }","meta":{"rootId":"igy4rxugh4mm2wi","id":"igy4rxugh4mm2wi"},"id":"qhc2qvtynbsqqv7","previousOperationId":"9oizs9tikft4852"}
{"type":"log","timestamp":1707982559882,"level":"debug","message":"Inline data specified.","meta":{"rootId":"igy4rxugh4mm2wi","id":"igy4rxugh4mm2wi"},"id":"q1xtuc6qwhetlie","previousOperationId":"9oizs9tikft4852"}
{"type":"log","timestamp":1707982559885,"level":"debug","message":"Base url not specified, skipping its injection.","meta":{"rootId":"igy4rxugh4mm2wi","id":"igy4rxugh4mm2wi"},"id":"fhggdg5ziyfwu02","previousOperationId":"9oizs9tikft4852"}
{"type":"operationStart","subtype":"engine","name":"handlebars","timestamp":1707982559885,"id":"yz3k690xy0216ad","previousEventId":"8q84o6vw3jprrok","operationId":"y1j1ccm3z62vzzh","previousOperationId":"9oizs9tikft4852"}
{"type":"log","timestamp":1707982559885,"level":"debug","message":"Rendering engine handlebars","meta":{"rootId":"igy4rxugh4mm2wi","id":"igy4rxugh4mm2wi"},"id":"4a5ytc2wihxn4z8","previousOperationId":"y1j1ccm3z62vzzh"}
{"type":"log","timestamp":1707982559917,"level":"debug","message":"(console:log) Calculating item undefined; you should see this message in debug run","meta":{"userLevel":true,"rootId":"igy4rxugh4mm2wi","id":"igy4rxugh4mm2wi"},"id":"8fs73c1a02zd3jz","previousOperationId":"y1j1ccm3z62vzzh"}
{"type":"operationEnd","operationId":"y1j1ccm3z62vzzh","timestamp":1707982559918,"id":"5k4qjlmpr2l6yqs","previousEventId":"yz3k690xy0216ad","previousOperationId":"y1j1ccm3z62vzzh"}
{"type":"operationStart","subtype":"recipe","name":"chrome-pdf","timestamp":1707982559919,"id":"yy31jjbniwcdmau","previousEventId":"5k4qjlmpr2l6yqs","operationId":"togl9k222e15ses","previousOperationId":"y1j1ccm3z62vzzh"}
{"type":"log","timestamp":1707982559919,"level":"debug","message":"Executing recipe chrome-pdf","meta":{"rootId":"igy4rxugh4mm2wi","id":"igy4rxugh4mm2wi"},"id":"ulecz677cbqay7k","previousOperationId":"togl9k222e15ses"}
{"type":"log","timestamp":1707982559922,"level":"debug","message":"Converting with chrome HeadlessChrome/117.0.5938.149 using chrome-pool strategy","meta":{"rootId":"igy4rxugh4mm2wi","id":"igy4rxugh4mm2wi"},"id":"hh6yhc8fv1yvsuf","previousOperationId":"togl9k222e15ses"}
{"type":"log","timestamp":1707982560048,"level":"debug","message":"Page request: GET (document) file:///C:/Users/USER/AppData/Local/Temp/jsreport/autocleanup/22847851-90e8-48dc-ac11-de9875c614a2-chrome-pdf.html","meta":{"rootId":"igy4rxugh4mm2wi","id":"igy4rxugh4mm2wi"},"id":"29kb0tsefjtc51g","previousOperationId":"togl9k222e15ses"}
{"type":"log","timestamp":1707982560057,"level":"debug","message":"Page request finished: GET (document) 200 file:///C:/Users/USER/AppData/Local/Temp/jsreport/autocleanup/22847851-90e8-48dc-ac11-de9875c614a2-chrome-pdf.html","meta":{"rootId":"igy4rxugh4mm2wi","id":"igy4rxugh4mm2wi"},"id":"pm7yxvtzmz0idfr","previousOperationId":"togl9k222e15ses"}
{"type":"log","timestamp":1707982560080,"level":"debug","message":"Running chrome with params {\"printBackground\":true,\"marginTop\":\"1cm\",\"marginRight\":\"1cm\",\"marginBottom\":\"1cm\",\"marginLeft\":\"1cm\",\"timeout\":59946,\"margin\":{\"top\":\"1cm\",\"right\":\"1cm\",\"bottom\":\"1cm\",\"left\":\"1cm\"}}","meta":{"rootId":"igy4rxugh4mm2wi","id":"igy4rxugh4mm2wi"},"id":"sm7qdp69ej1ry53","previousOperationId":"togl9k222e15ses"}
{"type":"operationEnd","operationId":"togl9k222e15ses","timestamp":1707982560256,"id":"n2u8e3aeix2bnae","previousEventId":"yy31jjbniwcdmau","previousOperationId":"togl9k222e15ses"}
{"type":"log","timestamp":1707982560256,"level":"debug","message":"Skipping storing report.","meta":{"rootId":"igy4rxugh4mm2wi","id":"igy4rxugh4mm2wi"},"id":"5hb59pkvahtox0n","previousOperationId":"togl9k222e15ses"}
{"type":"log","timestamp":1707982560256,"level":"info","message":"Rendering request 35 finished in 389 ms","meta":{"rootId":"igy4rxugh4mm2wi","id":"igy4rxugh4mm2wi"},"id":"xeaqlkjpq6z38uf","previousOperationId":"togl9k222e15ses"}
{"type":"operationEnd","subtype":"render","operationId":"9oizs9tikft4852","timestamp":1707982560256,"id":"wn69ogyfih5dnfi","previousEventId":"n2u8e3aeix2bnae","previousOperationId":"togl9k222e15ses"}
{"type":"operationEnd","doDiffs":false,"previousEventId":"hgoqg0phpv6yeky","previousOperationId":"wvdlpcckvtk6ati","operationId":"wvdlpcckvtk6ati","timestamp":1707982560261,"id":"ch0nvvnu3i6qluv"}
