{"type":"operationStart","subtype":"profile","data":{"_id":"l3LVs5hGR2ERxH1H","timestamp":"2024-02-15T06:39:44.041Z","state":"queued","mode":"standard","creationDate":"2024-02-15T06:39:44.043Z","modificationDate":"2024-02-15T06:39:44.043Z","shortid":"q0xzlNB","$entitySet":"profiles"},"doDiffs":false,"timestamp":1707979184042,"id":"exhptrsunlez0og","previousOperationId":null,"operationId":"f63sid6znwiw1k4"}
{"type":"log","level":"info","message":"Render request 21 queued for execution and waiting for available worker","previousOperationId":"f63sid6znwiw1k4","timestamp":1707979184042,"id":"dkfrk66akj8nlqo"}
{"type":"operationStart","subtype":"render","name":"invoice-main","previousOperationId":"f63sid6znwiw1k4","timestamp":1707979184050,"id":"khos50byixid2e7","previousEventId":"exhptrsunlez0og","operationId":"7y4bkgq82vhn6t3"}
{"type":"log","timestamp":1707979184050,"level":"info","message":"Starting rendering request 21","meta":{"rootId":"iii4rycjkwpj30r","id":"iii4rycjkwpj30r"},"id":"p8j4ln4g6ikehmo","previousOperationId":"7y4bkgq82vhn6t3"}
{"type":"log","timestamp":1707979184051,"level":"info","message":"Rendering template { name: invoice-main, recipe: chrome-pdf, engine: handlebars, preview: true }","meta":{"rootId":"iii4rycjkwpj30r","id":"iii4rycjkwpj30r"},"id":"bnv67bpe7o0ib4r","previousOperationId":"7y4bkgq82vhn6t3"}
{"type":"log","timestamp":1707979184053,"level":"debug","message":"Inline data specified.","meta":{"rootId":"iii4rycjkwpj30r","id":"iii4rycjkwpj30r"},"id":"xgfpf9hopy254qr","previousOperationId":"7y4bkgq82vhn6t3"}
{"type":"log","timestamp":1707979184056,"level":"debug","message":"Base url not specified, skipping its injection.","meta":{"rootId":"iii4rycjkwpj30r","id":"iii4rycjkwpj30r"},"id":"mnpnl7jzws894j3","previousOperationId":"7y4bkgq82vhn6t3"}
{"type":"operationStart","subtype":"engine","name":"handlebars","timestamp":1707979184056,"id":"zvo4fydfh7egp1r","previousEventId":"khos50byixid2e7","operationId":"edmndyvv9yqnlvn","previousOperationId":"7y4bkgq82vhn6t3"}
{"type":"log","timestamp":1707979184056,"level":"debug","message":"Rendering engine handlebars","meta":{"rootId":"iii4rycjkwpj30r","id":"iii4rycjkwpj30r"},"id":"z5cgn43uclf3g42","previousOperationId":"edmndyvv9yqnlvn"}
{"type":"log","timestamp":1707979184075,"level":"debug","message":"(console:log) Calculating item Website design; you should see this message in debug run","meta":{"userLevel":true,"rootId":"iii4rycjkwpj30r","id":"iii4rycjkwpj30r"},"id":"jrjtmyxa91fh2k5","previousOperationId":"edmndyvv9yqnlvn"}
{"type":"operationEnd","operationId":"edmndyvv9yqnlvn","timestamp":1707979184076,"id":"ldu6dl6bjkekkkj","previousEventId":"zvo4fydfh7egp1r","previousOperationId":"edmndyvv9yqnlvn"}
{"type":"operationStart","subtype":"recipe","name":"chrome-pdf","timestamp":1707979184077,"id":"qq5sc8qwh3klvqh","previousEventId":"ldu6dl6bjkekkkj","operationId":"btq1zuoki261j9y","previousOperationId":"edmndyvv9yqnlvn"}
{"type":"log","timestamp":1707979184077,"level":"debug","message":"Executing recipe chrome-pdf","meta":{"rootId":"iii4rycjkwpj30r","id":"iii4rycjkwpj30r"},"id":"hjeb664j11cgxe8","previousOperationId":"btq1zuoki261j9y"}
{"type":"log","timestamp":1707979184079,"level":"debug","message":"Converting with chrome HeadlessChrome/117.0.5938.149 using chrome-pool strategy","meta":{"rootId":"iii4rycjkwpj30r","id":"iii4rycjkwpj30r"},"id":"xcsqtsptgu65m82","previousOperationId":"btq1zuoki261j9y"}
{"type":"log","timestamp":1707979184181,"level":"debug","message":"Page request: GET (document) file:///C:/Users/USER/AppData/Local/Temp/jsreport/autocleanup/1db5e929-e5b5-4387-a4ff-f42770dd4609-chrome-pdf.html","meta":{"rootId":"iii4rycjkwpj30r","id":"iii4rycjkwpj30r"},"id":"t0lb1w20e84gmrr","previousOperationId":"btq1zuoki261j9y"}
{"type":"log","timestamp":1707979184189,"level":"debug","message":"Page request finished: GET (document) 200 file:///C:/Users/USER/AppData/Local/Temp/jsreport/autocleanup/1db5e929-e5b5-4387-a4ff-f42770dd4609-chrome-pdf.html","meta":{"rootId":"iii4rycjkwpj30r","id":"iii4rycjkwpj30r"},"id":"hj8tlxpexmmy99m","previousOperationId":"btq1zuoki261j9y"}
{"type":"log","timestamp":1707979184207,"level":"debug","message":"Running chrome with params {\"printBackground\":true,\"marginTop\":\"1cm\",\"marginRight\":\"1cm\",\"marginBottom\":\"1cm\",\"marginLeft\":\"1cm\",\"timeout\":59962,\"margin\":{\"top\":\"1cm\",\"right\":\"1cm\",\"bottom\":\"1cm\",\"left\":\"1cm\"}}","meta":{"rootId":"iii4rycjkwpj30r","id":"iii4rycjkwpj30r"},"id":"pj01va0i9o999sp","previousOperationId":"btq1zuoki261j9y"}
{"type":"operationEnd","operationId":"btq1zuoki261j9y","timestamp":1707979184347,"id":"jmola7vyodl665s","previousEventId":"qq5sc8qwh3klvqh","previousOperationId":"btq1zuoki261j9y"}
{"type":"log","timestamp":1707979184347,"level":"debug","message":"Skipping storing report.","meta":{"rootId":"iii4rycjkwpj30r","id":"iii4rycjkwpj30r"},"id":"5gqohbjg7jixg7h","previousOperationId":"btq1zuoki261j9y"}
{"type":"log","timestamp":1707979184347,"level":"info","message":"Rendering request 21 finished in 306 ms","meta":{"rootId":"iii4rycjkwpj30r","id":"iii4rycjkwpj30r"},"id":"8bb6n54tyhiq0rq","previousOperationId":"btq1zuoki261j9y"}
{"type":"operationEnd","subtype":"render","operationId":"7y4bkgq82vhn6t3","timestamp":1707979184347,"id":"e9yz93zebrq09jk","previousEventId":"jmola7vyodl665s","previousOperationId":"btq1zuoki261j9y"}
{"type":"operationEnd","doDiffs":false,"previousEventId":"exhptrsunlez0og","previousOperationId":"f63sid6znwiw1k4","operationId":"f63sid6znwiw1k4","timestamp":1707979184351,"id":"wrly8i3dag9lnaq"}
