{"type":"operationStart","subtype":"profile","data":{"_id":"XafAN0Ezq4DtNTwz","timestamp":"2024-02-15T08:07:40.311Z","state":"queued","mode":"standard","creationDate":"2024-02-15T08:07:40.313Z","modificationDate":"2024-02-15T08:07:40.313Z","shortid":"C7adhrP","$entitySet":"profiles"},"doDiffs":false,"timestamp":1707984460312,"id":"nu4acjwvuasbjv1","previousOperationId":null,"operationId":"wh36lv5r3a41yai"}
{"type":"log","level":"info","message":"Render request 23 queued for execution and waiting for available worker","previousOperationId":"wh36lv5r3a41yai","timestamp":1707984460312,"id":"90y2krfauhwklb7"}
{"type":"operationStart","subtype":"render","name":"invoice-main","previousOperationId":"wh36lv5r3a41yai","timestamp":1707984460322,"id":"iqg4ci73fjts10i","previousEventId":"nu4acjwvuasbjv1","operationId":"wygzmirzgdgd74m"}
{"type":"log","timestamp":1707984460322,"level":"info","message":"Starting rendering request 23","meta":{"rootId":"j0hf8wy0gimm6o6","id":"j0hf8wy0gimm6o6"},"id":"djcfwd3d2aufye7","previousOperationId":"wygzmirzgdgd74m"}
{"type":"log","timestamp":1707984460322,"level":"info","message":"Rendering template { name: invoice-main, recipe: chrome-pdf, engine: handlebars, preview: true }","meta":{"rootId":"j0hf8wy0gimm6o6","id":"j0hf8wy0gimm6o6"},"id":"ji8o03l73rwv39v","previousOperationId":"wygzmirzgdgd74m"}
{"type":"log","timestamp":1707984460325,"level":"debug","message":"Inline data specified.","meta":{"rootId":"j0hf8wy0gimm6o6","id":"j0hf8wy0gimm6o6"},"id":"umlu8dku5bcnhfd","previousOperationId":"wygzmirzgdgd74m"}
{"type":"log","timestamp":1707984460328,"level":"debug","message":"Base url not specified, skipping its injection.","meta":{"rootId":"j0hf8wy0gimm6o6","id":"j0hf8wy0gimm6o6"},"id":"13j565iwsakurb9","previousOperationId":"wygzmirzgdgd74m"}
{"type":"operationStart","subtype":"engine","name":"handlebars","timestamp":1707984460329,"id":"mr5pz8gvki5k7m9","previousEventId":"iqg4ci73fjts10i","operationId":"a2uolcoqs94bfno","previousOperationId":"wygzmirzgdgd74m"}
{"type":"log","timestamp":1707984460329,"level":"debug","message":"Rendering engine handlebars","meta":{"rootId":"j0hf8wy0gimm6o6","id":"j0hf8wy0gimm6o6"},"id":"qdpqd4cjkkmx22p","previousOperationId":"a2uolcoqs94bfno"}
{"type":"log","timestamp":1707984460372,"level":"debug","message":"(console:log) Calculating item undefined; you should see this message in debug run","meta":{"userLevel":true,"rootId":"j0hf8wy0gimm6o6","id":"j0hf8wy0gimm6o6"},"id":"o9cdl81kqz2ji8c","previousOperationId":"a2uolcoqs94bfno"}
{"type":"operationEnd","operationId":"a2uolcoqs94bfno","timestamp":1707984460373,"id":"ltmasjlr103sbxy","previousEventId":"mr5pz8gvki5k7m9","previousOperationId":"a2uolcoqs94bfno"}
{"type":"operationStart","subtype":"recipe","name":"chrome-pdf","timestamp":1707984460373,"id":"o89b30wqw3fitfd","previousEventId":"ltmasjlr103sbxy","operationId":"y9e6uqvja6vdr1w","previousOperationId":"a2uolcoqs94bfno"}
{"type":"log","timestamp":1707984460373,"level":"debug","message":"Executing recipe chrome-pdf","meta":{"rootId":"j0hf8wy0gimm6o6","id":"j0hf8wy0gimm6o6"},"id":"ft24xznbvfdexbg","previousOperationId":"y9e6uqvja6vdr1w"}
{"type":"log","timestamp":1707984460375,"level":"debug","message":"Converting with chrome HeadlessChrome/117.0.5938.149 using chrome-pool strategy","meta":{"rootId":"j0hf8wy0gimm6o6","id":"j0hf8wy0gimm6o6"},"id":"de2wq3sqal6knm9","previousOperationId":"y9e6uqvja6vdr1w"}
{"type":"log","timestamp":1707984460478,"level":"debug","message":"Page request: GET (document) file:///C:/Users/USER/AppData/Local/Temp/jsreport/autocleanup/17bc2f75-d6b1-4be2-bc1d-63d73e6ea2c8-chrome-pdf.html","meta":{"rootId":"j0hf8wy0gimm6o6","id":"j0hf8wy0gimm6o6"},"id":"ay0n08zx1cv66i4","previousOperationId":"y9e6uqvja6vdr1w"}
{"type":"log","timestamp":1707984460488,"level":"debug","message":"Page request finished: GET (document) 200 file:///C:/Users/USER/AppData/Local/Temp/jsreport/autocleanup/17bc2f75-d6b1-4be2-bc1d-63d73e6ea2c8-chrome-pdf.html","meta":{"rootId":"j0hf8wy0gimm6o6","id":"j0hf8wy0gimm6o6"},"id":"wx4vsqivfis33ui","previousOperationId":"y9e6uqvja6vdr1w"}
{"type":"log","timestamp":1707984460506,"level":"debug","message":"Running chrome with params {\"printBackground\":true,\"marginTop\":\"1cm\",\"marginRight\":\"1cm\",\"marginBottom\":\"1cm\",\"marginLeft\":\"1cm\",\"timeout\":59936,\"margin\":{\"top\":\"1cm\",\"right\":\"1cm\",\"bottom\":\"1cm\",\"left\":\"1cm\"}}","meta":{"rootId":"j0hf8wy0gimm6o6","id":"j0hf8wy0gimm6o6"},"id":"myo5sj4z2ot9pqp","previousOperationId":"y9e6uqvja6vdr1w"}
{"type":"operationEnd","operationId":"y9e6uqvja6vdr1w","timestamp":1707984460643,"id":"wj8xr341v05w5d1","previousEventId":"o89b30wqw3fitfd","previousOperationId":"y9e6uqvja6vdr1w"}
{"type":"log","timestamp":1707984460643,"level":"debug","message":"Skipping storing report.","meta":{"rootId":"j0hf8wy0gimm6o6","id":"j0hf8wy0gimm6o6"},"id":"0qxlbp5cch1bxx9","previousOperationId":"y9e6uqvja6vdr1w"}
{"type":"log","timestamp":1707984460643,"level":"info","message":"Rendering request 23 finished in 332 ms","meta":{"rootId":"j0hf8wy0gimm6o6","id":"j0hf8wy0gimm6o6"},"id":"yojc2zrunkidh0n","previousOperationId":"y9e6uqvja6vdr1w"}
{"type":"operationEnd","subtype":"render","operationId":"wygzmirzgdgd74m","timestamp":1707984460643,"id":"ynrool6tl8mpk4o","previousEventId":"wj8xr341v05w5d1","previousOperationId":"y9e6uqvja6vdr1w"}
{"type":"operationEnd","doDiffs":false,"previousEventId":"nu4acjwvuasbjv1","previousOperationId":"wh36lv5r3a41yai","operationId":"wh36lv5r3a41yai","timestamp":1707984460648,"id":"y0jv5wok4jy2gtg"}
