{"type":"operationStart","subtype":"profile","data":{"_id":"ncB0sZ6486sCtNmm","timestamp":"2024-02-15T08:06:26.969Z","state":"queued","mode":"standard","creationDate":"2024-02-15T08:06:26.971Z","modificationDate":"2024-02-15T08:06:26.971Z","shortid":"VAeCDh5","$entitySet":"profiles"},"doDiffs":false,"timestamp":1707984386970,"id":"dh0uu9wcj9gpjt0","previousOperationId":null,"operationId":"maoblr58yn8ef1e"}
{"type":"log","level":"info","message":"Render request 21 queued for execution and waiting for available worker","previousOperationId":"maoblr58yn8ef1e","timestamp":1707984386970,"id":"lxcmldab1lks2jb"}
{"type":"operationStart","subtype":"render","name":"invoice-main","previousOperationId":"maoblr58yn8ef1e","timestamp":1707984386982,"id":"xkab11i9tu6u2hg","previousEventId":"dh0uu9wcj9gpjt0","operationId":"p5tpq4imwlo7g07"}
{"type":"log","timestamp":1707984386982,"level":"info","message":"Starting rendering request 21","meta":{"rootId":"kbuof6ak90irsh8","id":"kbuof6ak90irsh8"},"id":"5tybg45b8cv21pv","previousOperationId":"p5tpq4imwlo7g07"}
{"type":"log","timestamp":1707984386982,"level":"info","message":"Rendering template { name: invoice-main, recipe: chrome-pdf, engine: handlebars, preview: true }","meta":{"rootId":"kbuof6ak90irsh8","id":"kbuof6ak90irsh8"},"id":"21cddbhfhs56ygj","previousOperationId":"p5tpq4imwlo7g07"}
{"type":"log","timestamp":1707984386983,"level":"debug","message":"Inline data specified.","meta":{"rootId":"kbuof6ak90irsh8","id":"kbuof6ak90irsh8"},"id":"cq8hu7rmb61nn3g","previousOperationId":"p5tpq4imwlo7g07"}
{"type":"log","timestamp":1707984386988,"level":"debug","message":"Base url not specified, skipping its injection.","meta":{"rootId":"kbuof6ak90irsh8","id":"kbuof6ak90irsh8"},"id":"67xl3ljw3gif379","previousOperationId":"p5tpq4imwlo7g07"}
{"type":"operationStart","subtype":"engine","name":"handlebars","timestamp":1707984386988,"id":"1734h09ui8vqybn","previousEventId":"xkab11i9tu6u2hg","operationId":"9pyocy8a2hk9t8b","previousOperationId":"p5tpq4imwlo7g07"}
{"type":"log","timestamp":1707984386988,"level":"debug","message":"Rendering engine handlebars","meta":{"rootId":"kbuof6ak90irsh8","id":"kbuof6ak90irsh8"},"id":"g4qs8ge4rdnqnjj","previousOperationId":"9pyocy8a2hk9t8b"}
{"type":"log","timestamp":1707984387008,"level":"debug","message":"(console:log) Calculating item undefined; you should see this message in debug run","meta":{"userLevel":true,"rootId":"kbuof6ak90irsh8","id":"kbuof6ak90irsh8"},"id":"ox91oc9s6hgzcx2","previousOperationId":"9pyocy8a2hk9t8b"}
{"type":"operationEnd","operationId":"9pyocy8a2hk9t8b","timestamp":1707984387010,"id":"sp6ejy39tq9akpp","previousEventId":"1734h09ui8vqybn","previousOperationId":"9pyocy8a2hk9t8b"}
{"type":"operationStart","subtype":"recipe","name":"chrome-pdf","timestamp":1707984387010,"id":"jts9hpy1haksgpe","previousEventId":"sp6ejy39tq9akpp","operationId":"2h0vp8u9q50cdpb","previousOperationId":"9pyocy8a2hk9t8b"}
{"type":"log","timestamp":1707984387010,"level":"debug","message":"Executing recipe chrome-pdf","meta":{"rootId":"kbuof6ak90irsh8","id":"kbuof6ak90irsh8"},"id":"020w1frvbxjohwi","previousOperationId":"2h0vp8u9q50cdpb"}
{"type":"log","timestamp":1707984387014,"level":"debug","message":"Converting with chrome HeadlessChrome/117.0.5938.149 using chrome-pool strategy","meta":{"rootId":"kbuof6ak90irsh8","id":"kbuof6ak90irsh8"},"id":"his251k8mx02fxb","previousOperationId":"2h0vp8u9q50cdpb"}
{"type":"log","timestamp":1707984387134,"level":"debug","message":"Page request: GET (document) file:///C:/Users/USER/AppData/Local/Temp/jsreport/autocleanup/174dc454-188b-4d5c-847e-454ab3e8fec3-chrome-pdf.html","meta":{"rootId":"kbuof6ak90irsh8","id":"kbuof6ak90irsh8"},"id":"wzbi2g0f0bhbdqh","previousOperationId":"2h0vp8u9q50cdpb"}
{"type":"log","timestamp":1707984387142,"level":"debug","message":"Page request finished: GET (document) 200 file:///C:/Users/USER/AppData/Local/Temp/jsreport/autocleanup/174dc454-188b-4d5c-847e-454ab3e8fec3-chrome-pdf.html","meta":{"rootId":"kbuof6ak90irsh8","id":"kbuof6ak90irsh8"},"id":"r9fozs1gooqjosc","previousOperationId":"2h0vp8u9q50cdpb"}
{"type":"log","timestamp":1707984387162,"level":"debug","message":"Running chrome with params {\"printBackground\":true,\"marginTop\":\"1cm\",\"marginRight\":\"1cm\",\"marginBottom\":\"1cm\",\"marginLeft\":\"1cm\",\"timeout\":59956,\"margin\":{\"top\":\"1cm\",\"right\":\"1cm\",\"bottom\":\"1cm\",\"left\":\"1cm\"}}","meta":{"rootId":"kbuof6ak90irsh8","id":"kbuof6ak90irsh8"},"id":"86cj2oi9h6tbt6o","previousOperationId":"2h0vp8u9q50cdpb"}
{"type":"operationEnd","operationId":"2h0vp8u9q50cdpb","timestamp":1707984387343,"id":"ea1pcnk07lmxfw2","previousEventId":"jts9hpy1haksgpe","previousOperationId":"2h0vp8u9q50cdpb"}
{"type":"log","timestamp":1707984387343,"level":"debug","message":"Skipping storing report.","meta":{"rootId":"kbuof6ak90irsh8","id":"kbuof6ak90irsh8"},"id":"r5v8dzlc4a1vyrb","previousOperationId":"2h0vp8u9q50cdpb"}
{"type":"log","timestamp":1707984387343,"level":"info","message":"Rendering request 21 finished in 374 ms","meta":{"rootId":"kbuof6ak90irsh8","id":"kbuof6ak90irsh8"},"id":"vwoio4gwtkrmv6t","previousOperationId":"2h0vp8u9q50cdpb"}
{"type":"operationEnd","subtype":"render","operationId":"p5tpq4imwlo7g07","timestamp":1707984387343,"id":"xxim8jzc8srqu90","previousEventId":"ea1pcnk07lmxfw2","previousOperationId":"2h0vp8u9q50cdpb"}
{"type":"operationEnd","doDiffs":false,"previousEventId":"dh0uu9wcj9gpjt0","previousOperationId":"maoblr58yn8ef1e","operationId":"maoblr58yn8ef1e","timestamp":1707984387347,"id":"8k9jmkutwcqu0z9"}
