{"type":"operationStart","subtype":"profile","data":{"_id":"cwOCx0qN6ZA4mgUv","timestamp":"2024-02-15T08:31:38.005Z","state":"queued","mode":"standard","creationDate":"2024-02-15T08:31:38.007Z","modificationDate":"2024-02-15T08:31:38.007Z","shortid":"M2JyEdu","$entitySet":"profiles"},"doDiffs":false,"timestamp":1707985898006,"id":"1r7llzzehhq59ah","previousOperationId":null,"operationId":"34gnur1bab3gbid"}
{"type":"log","level":"info","message":"Render request 30 queued for execution and waiting for available worker","previousOperationId":"34gnur1bab3gbid","timestamp":1707985898006,"id":"bbubye37ls6ocz5"}
{"type":"operationStart","subtype":"render","name":"invoice-main","previousOperationId":"34gnur1bab3gbid","timestamp":1707985898017,"id":"jyicp6v40vr6sb5","previousEventId":"1r7llzzehhq59ah","operationId":"rwzil743y2klnrf"}
{"type":"log","timestamp":1707985898018,"level":"info","message":"Starting rendering request 30","meta":{"rootId":"kheho3ios6x5xe7","id":"kheho3ios6x5xe7"},"id":"rlf7cutzjj3tp54","previousOperationId":"rwzil743y2klnrf"}
{"type":"log","timestamp":1707985898018,"level":"info","message":"Rendering template { name: invoice-main, recipe: chrome-pdf, engine: handlebars, preview: true }","meta":{"rootId":"kheho3ios6x5xe7","id":"kheho3ios6x5xe7"},"id":"ijc4jvif46vq9l2","previousOperationId":"rwzil743y2klnrf"}
{"type":"log","timestamp":1707985898019,"level":"debug","message":"Inline data specified.","meta":{"rootId":"kheho3ios6x5xe7","id":"kheho3ios6x5xe7"},"id":"ix8lkkmceog5caz","previousOperationId":"rwzil743y2klnrf"}
{"type":"log","timestamp":1707985898021,"level":"debug","message":"Base url not specified, skipping its injection.","meta":{"rootId":"kheho3ios6x5xe7","id":"kheho3ios6x5xe7"},"id":"9xiwhae1rt3kvke","previousOperationId":"rwzil743y2klnrf"}
{"type":"operationStart","subtype":"engine","name":"handlebars","timestamp":1707985898022,"id":"8yig47mfrzshac8","previousEventId":"jyicp6v40vr6sb5","operationId":"4ruabjm64vt577n","previousOperationId":"rwzil743y2klnrf"}
{"type":"log","timestamp":1707985898022,"level":"debug","message":"Rendering engine handlebars","meta":{"rootId":"kheho3ios6x5xe7","id":"kheho3ios6x5xe7"},"id":"nmbu50w5urlq0tc","previousOperationId":"4ruabjm64vt577n"}
{"type":"log","timestamp":1707985898054,"level":"debug","message":"(console:log) Calculating item undefined; you should see this message in debug run","meta":{"userLevel":true,"rootId":"kheho3ios6x5xe7","id":"kheho3ios6x5xe7"},"id":"yy1n75y4yqpxxx2","previousOperationId":"4ruabjm64vt577n"}
{"type":"operationEnd","operationId":"4ruabjm64vt577n","timestamp":1707985898056,"id":"l0yixpr963b9xpq","previousEventId":"8yig47mfrzshac8","previousOperationId":"4ruabjm64vt577n"}
{"type":"operationStart","subtype":"recipe","name":"chrome-pdf","timestamp":1707985898056,"id":"y0q2i5336ywslzl","previousEventId":"l0yixpr963b9xpq","operationId":"qivvjrjn14kfrq6","previousOperationId":"4ruabjm64vt577n"}
{"type":"log","timestamp":1707985898056,"level":"debug","message":"Executing recipe chrome-pdf","meta":{"rootId":"kheho3ios6x5xe7","id":"kheho3ios6x5xe7"},"id":"f71q7b0wusncs48","previousOperationId":"qivvjrjn14kfrq6"}
{"type":"log","timestamp":1707985898060,"level":"debug","message":"Converting with chrome HeadlessChrome/117.0.5938.149 using chrome-pool strategy","meta":{"rootId":"kheho3ios6x5xe7","id":"kheho3ios6x5xe7"},"id":"x0w1ncmmj93yk90","previousOperationId":"qivvjrjn14kfrq6"}
{"type":"log","timestamp":1707985898190,"level":"debug","message":"Page request: GET (document) file:///C:/Users/USER/AppData/Local/Temp/jsreport/autocleanup/ad1f6b5b-749f-4f15-875e-8c9fdd5f7198-chrome-pdf.html","meta":{"rootId":"kheho3ios6x5xe7","id":"kheho3ios6x5xe7"},"id":"hllc1e2hwa0xoru","previousOperationId":"qivvjrjn14kfrq6"}
{"type":"log","timestamp":1707985898199,"level":"debug","message":"Page request finished: GET (document) 200 file:///C:/Users/USER/AppData/Local/Temp/jsreport/autocleanup/ad1f6b5b-749f-4f15-875e-8c9fdd5f7198-chrome-pdf.html","meta":{"rootId":"kheho3ios6x5xe7","id":"kheho3ios6x5xe7"},"id":"4zb949sheekr19z","previousOperationId":"qivvjrjn14kfrq6"}
{"type":"log","timestamp":1707985898223,"level":"debug","message":"Running chrome with params {\"printBackground\":true,\"marginTop\":\"1cm\",\"marginRight\":\"1cm\",\"marginBottom\":\"1cm\",\"marginLeft\":\"1cm\",\"timeout\":59947,\"margin\":{\"top\":\"1cm\",\"right\":\"1cm\",\"bottom\":\"1cm\",\"left\":\"1cm\"}}","meta":{"rootId":"kheho3ios6x5xe7","id":"kheho3ios6x5xe7"},"id":"rn8immj3es7ilep","previousOperationId":"qivvjrjn14kfrq6"}
{"type":"operationEnd","operationId":"qivvjrjn14kfrq6","timestamp":1707985898449,"id":"xw6z98rozdyc1ch","previousEventId":"y0q2i5336ywslzl","previousOperationId":"qivvjrjn14kfrq6"}
{"type":"log","timestamp":1707985898450,"level":"debug","message":"Skipping storing report.","meta":{"rootId":"kheho3ios6x5xe7","id":"kheho3ios6x5xe7"},"id":"e2ifawpvaggavvk","previousOperationId":"qivvjrjn14kfrq6"}
{"type":"log","timestamp":1707985898450,"level":"info","message":"Rendering request 30 finished in 445 ms","meta":{"rootId":"kheho3ios6x5xe7","id":"kheho3ios6x5xe7"},"id":"ogq3fum1e50wmxg","previousOperationId":"qivvjrjn14kfrq6"}
{"type":"operationEnd","subtype":"render","operationId":"rwzil743y2klnrf","timestamp":1707985898450,"id":"7wejc0b957j95h7","previousEventId":"xw6z98rozdyc1ch","previousOperationId":"qivvjrjn14kfrq6"}
{"type":"operationEnd","doDiffs":false,"previousEventId":"1r7llzzehhq59ah","previousOperationId":"34gnur1bab3gbid","operationId":"34gnur1bab3gbid","timestamp":1707985898458,"id":"lvmewhph3stcxlt"}
