{"type":"operationStart","subtype":"profile","data":{"_id":"Yok4ezLL3AMUftB4","timestamp":"2024-02-19T06:37:52.575Z","state":"queued","mode":"standard","creationDate":"2024-02-19T06:37:52.578Z","modificationDate":"2024-02-19T06:37:52.578Z","shortid":"YnvKwVh","$entitySet":"profiles"},"doDiffs":false,"timestamp":1708324672577,"id":"7sz1f39tbzuinqr","previousOperationId":null,"operationId":"ugictty3wb6go68"}
{"type":"log","level":"info","message":"Render request 2 queued for execution and waiting for available worker","previousOperationId":"ugictty3wb6go68","timestamp":1708324672577,"id":"lrpswfz4z0cz3iv"}
{"type":"operationStart","subtype":"render","name":"invoice-main","previousOperationId":"ugictty3wb6go68","timestamp":1708324672596,"id":"ph52arr1cn1p75d","previousEventId":"7sz1f39tbzuinqr","operationId":"e1tgjnzxyy4yni2"}
{"type":"log","timestamp":1708324672598,"level":"info","message":"Starting rendering request 2","meta":{"rootId":"ktbzwdr7wnk8o6f","id":"ktbzwdr7wnk8o6f"},"id":"xtz38n919mxwtc7","previousOperationId":"e1tgjnzxyy4yni2"}
{"type":"log","timestamp":1708324672599,"level":"info","message":"Rendering template { name: invoice-main, recipe: chrome-pdf, engine: handlebars, preview: true }","meta":{"rootId":"ktbzwdr7wnk8o6f","id":"ktbzwdr7wnk8o6f"},"id":"ixkmfvw80h9hbjl","previousOperationId":"e1tgjnzxyy4yni2"}
{"type":"log","timestamp":1708324672604,"level":"debug","message":"Adding sample data bIueE80","meta":{"rootId":"ktbzwdr7wnk8o6f","id":"ktbzwdr7wnk8o6f"},"id":"oe6lacyhr122g1u","previousOperationId":"e1tgjnzxyy4yni2"}
{"type":"log","timestamp":1708324672613,"level":"debug","message":"Base url not specified, skipping its injection.","meta":{"rootId":"ktbzwdr7wnk8o6f","id":"ktbzwdr7wnk8o6f"},"id":"5s9evc0tgqpon4l","previousOperationId":"e1tgjnzxyy4yni2"}
{"type":"operationStart","subtype":"engine","name":"handlebars","timestamp":1708324672615,"id":"0tatn6b1qiq1m9u","previousEventId":"ph52arr1cn1p75d","operationId":"832lbmbqqq1b7bp","previousOperationId":"e1tgjnzxyy4yni2"}
{"type":"log","timestamp":1708324672615,"level":"debug","message":"Rendering engine handlebars","meta":{"rootId":"ktbzwdr7wnk8o6f","id":"ktbzwdr7wnk8o6f"},"id":"xzmck5s3ld5cwbi","previousOperationId":"832lbmbqqq1b7bp"}
{"type":"log","timestamp":1708324673383,"level":"debug","message":"(console:log) Calculating item undefined; you should see this message in debug run","meta":{"userLevel":true,"rootId":"ktbzwdr7wnk8o6f","id":"ktbzwdr7wnk8o6f"},"id":"z9ifu1h70384hh9","previousOperationId":"832lbmbqqq1b7bp"}
{"type":"log","timestamp":1708324673383,"level":"debug","message":"(console:log) Calculating item undefined; you should see this message in debug run","meta":{"userLevel":true,"rootId":"ktbzwdr7wnk8o6f","id":"ktbzwdr7wnk8o6f"},"id":"6p1v1dtzxeg7iy5","previousOperationId":"832lbmbqqq1b7bp"}
{"type":"log","timestamp":1708324673383,"level":"debug","message":"(console:log) Calculating item undefined; you should see this message in debug run","meta":{"userLevel":true,"rootId":"ktbzwdr7wnk8o6f","id":"ktbzwdr7wnk8o6f"},"id":"wcj2d3q4ttpmyrf","previousOperationId":"832lbmbqqq1b7bp"}
{"type":"log","timestamp":1708324673383,"level":"debug","message":"(console:log) Calculating item undefined; you should see this message in debug run","meta":{"userLevel":true,"rootId":"ktbzwdr7wnk8o6f","id":"ktbzwdr7wnk8o6f"},"id":"o6u70dmz73f76xl","previousOperationId":"832lbmbqqq1b7bp"}
{"type":"log","timestamp":1708324673383,"level":"debug","message":"(console:log) Calculating item undefined; you should see this message in debug run","meta":{"userLevel":true,"rootId":"ktbzwdr7wnk8o6f","id":"ktbzwdr7wnk8o6f"},"id":"nicu0a781rttblr","previousOperationId":"832lbmbqqq1b7bp"}
{"type":"log","timestamp":1708324673384,"level":"debug","message":"(console:log) Calculating item undefined; you should see this message in debug run","meta":{"userLevel":true,"rootId":"ktbzwdr7wnk8o6f","id":"ktbzwdr7wnk8o6f"},"id":"7ngbvixabu293st","previousOperationId":"832lbmbqqq1b7bp"}
{"type":"log","timestamp":1708324673384,"level":"debug","message":"(console:log) Calculating item undefined; you should see this message in debug run","meta":{"userLevel":true,"rootId":"ktbzwdr7wnk8o6f","id":"ktbzwdr7wnk8o6f"},"id":"0yq3iftcxyaikye","previousOperationId":"832lbmbqqq1b7bp"}
{"type":"log","timestamp":1708324673384,"level":"debug","message":"(console:log) Calculating item undefined; you should see this message in debug run","meta":{"userLevel":true,"rootId":"ktbzwdr7wnk8o6f","id":"ktbzwdr7wnk8o6f"},"id":"n40r9o60oqt4wfu","previousOperationId":"832lbmbqqq1b7bp"}
{"type":"log","timestamp":1708324673384,"level":"debug","message":"(console:log) Calculating item undefined; you should see this message in debug run","meta":{"userLevel":true,"rootId":"ktbzwdr7wnk8o6f","id":"ktbzwdr7wnk8o6f"},"id":"sgstzucyx7ec5w8","previousOperationId":"832lbmbqqq1b7bp"}
{"type":"log","timestamp":1708324673384,"level":"debug","message":"(console:log) Calculating item undefined; you should see this message in debug run","meta":{"userLevel":true,"rootId":"ktbzwdr7wnk8o6f","id":"ktbzwdr7wnk8o6f"},"id":"yj6ikh0tot5jhl5","previousOperationId":"832lbmbqqq1b7bp"}
{"type":"log","timestamp":1708324673384,"level":"debug","message":"(console:log) Calculating item undefined; you should see this message in debug run","meta":{"userLevel":true,"rootId":"ktbzwdr7wnk8o6f","id":"ktbzwdr7wnk8o6f"},"id":"448mxc74vi2dqdn","previousOperationId":"832lbmbqqq1b7bp"}
{"type":"log","timestamp":1708324673384,"level":"debug","message":"(console:log) Calculating item undefined; you should see this message in debug run","meta":{"userLevel":true,"rootId":"ktbzwdr7wnk8o6f","id":"ktbzwdr7wnk8o6f"},"id":"isq65w2f1p2y0r0","previousOperationId":"832lbmbqqq1b7bp"}
{"type":"log","timestamp":1708324673384,"level":"debug","message":"(console:log) Calculating item undefined; you should see this message in debug run","meta":{"userLevel":true,"rootId":"ktbzwdr7wnk8o6f","id":"ktbzwdr7wnk8o6f"},"id":"idhg0d46y0knnbb","previousOperationId":"832lbmbqqq1b7bp"}
{"type":"log","timestamp":1708324673384,"level":"debug","message":"(console:log) Calculating item undefined; you should see this message in debug run","meta":{"userLevel":true,"rootId":"ktbzwdr7wnk8o6f","id":"ktbzwdr7wnk8o6f"},"id":"et2om0acvach29d","previousOperationId":"832lbmbqqq1b7bp"}
{"type":"log","timestamp":1708324673384,"level":"debug","message":"(console:log) Calculating item undefined; you should see this message in debug run","meta":{"userLevel":true,"rootId":"ktbzwdr7wnk8o6f","id":"ktbzwdr7wnk8o6f"},"id":"jwkq3kxc6g51lj1","previousOperationId":"832lbmbqqq1b7bp"}
{"type":"log","timestamp":1708324673384,"level":"debug","message":"(console:log) Calculating item undefined; you should see this message in debug run","meta":{"userLevel":true,"rootId":"ktbzwdr7wnk8o6f","id":"ktbzwdr7wnk8o6f"},"id":"4i2lt7f1uox9p3w","previousOperationId":"832lbmbqqq1b7bp"}
{"type":"log","timestamp":1708324673384,"level":"debug","message":"(console:log) Calculating item undefined; you should see this message in debug run","meta":{"userLevel":true,"rootId":"ktbzwdr7wnk8o6f","id":"ktbzwdr7wnk8o6f"},"id":"6n6h6pcpi2oophm","previousOperationId":"832lbmbqqq1b7bp"}
{"type":"log","timestamp":1708324673384,"level":"debug","message":"(console:log) Calculating item undefined; you should see this message in debug run","meta":{"userLevel":true,"rootId":"ktbzwdr7wnk8o6f","id":"ktbzwdr7wnk8o6f"},"id":"tx7my3cn0uh58iq","previousOperationId":"832lbmbqqq1b7bp"}
{"type":"log","timestamp":1708324673384,"level":"debug","message":"(console:log) Calculating item undefined; you should see this message in debug run","meta":{"userLevel":true,"rootId":"ktbzwdr7wnk8o6f","id":"ktbzwdr7wnk8o6f"},"id":"canmgns61dd8yio","previousOperationId":"832lbmbqqq1b7bp"}
{"type":"operationEnd","operationId":"832lbmbqqq1b7bp","timestamp":1708324673415,"id":"ct7619rucgx7d74","previousEventId":"0tatn6b1qiq1m9u","previousOperationId":"832lbmbqqq1b7bp"}
{"type":"operationStart","subtype":"recipe","name":"chrome-pdf","timestamp":1708324673416,"id":"pppa09z5bianlc5","previousEventId":"ct7619rucgx7d74","operationId":"8fcm5pt6kp025dn","previousOperationId":"832lbmbqqq1b7bp"}
{"type":"log","timestamp":1708324673416,"level":"debug","message":"Executing recipe chrome-pdf","meta":{"rootId":"ktbzwdr7wnk8o6f","id":"ktbzwdr7wnk8o6f"},"id":"6fs21ulg2fqre79","previousOperationId":"8fcm5pt6kp025dn"}
{"type":"log","timestamp":1708324673657,"level":"debug","message":"Converting with chrome HeadlessChrome/117.0.5938.149 using chrome-pool strategy","meta":{"rootId":"ktbzwdr7wnk8o6f","id":"ktbzwdr7wnk8o6f"},"id":"ontm816ya90w2m6","previousOperationId":"8fcm5pt6kp025dn"}
{"type":"log","timestamp":1708324673839,"level":"debug","message":"Page request: GET (document) file:///C:/Users/USER/AppData/Local/Temp/jsreport/autocleanup/a6901468-2c07-49bb-a9d8-ed6856ae3c3f-chrome-pdf.html","meta":{"rootId":"ktbzwdr7wnk8o6f","id":"ktbzwdr7wnk8o6f"},"id":"uk7r2daw7w8i4dp","previousOperationId":"8fcm5pt6kp025dn"}
{"type":"log","timestamp":1708324673856,"level":"debug","message":"Page request finished: GET (document) 200 file:///C:/Users/USER/AppData/Local/Temp/jsreport/autocleanup/a6901468-2c07-49bb-a9d8-ed6856ae3c3f-chrome-pdf.html","meta":{"rootId":"ktbzwdr7wnk8o6f","id":"ktbzwdr7wnk8o6f"},"id":"51njrf16162e17z","previousOperationId":"8fcm5pt6kp025dn"}
{"type":"log","timestamp":1708324673903,"level":"debug","message":"Running chrome with params {\"printBackground\":true,\"marginTop\":\"1cm\",\"marginRight\":\"1cm\",\"marginBottom\":\"1cm\",\"marginLeft\":\"1cm\",\"timeout\":59149,\"margin\":{\"top\":\"1cm\",\"right\":\"1cm\",\"bottom\":\"1cm\",\"left\":\"1cm\"}}","meta":{"rootId":"ktbzwdr7wnk8o6f","id":"ktbzwdr7wnk8o6f"},"id":"i005gulxjg1df5m","previousOperationId":"8fcm5pt6kp025dn"}
{"type":"operationEnd","operationId":"8fcm5pt6kp025dn","timestamp":1708324674343,"id":"qgeqj9ee5brm4qg","previousEventId":"pppa09z5bianlc5","previousOperationId":"8fcm5pt6kp025dn"}
{"type":"log","timestamp":1708324674344,"level":"debug","message":"Skipping storing report.","meta":{"rootId":"ktbzwdr7wnk8o6f","id":"ktbzwdr7wnk8o6f"},"id":"6dyf6zclsjzkhf1","previousOperationId":"8fcm5pt6kp025dn"}
{"type":"log","timestamp":1708324674345,"level":"info","message":"Rendering request 2 finished in 1770 ms","meta":{"rootId":"ktbzwdr7wnk8o6f","id":"ktbzwdr7wnk8o6f"},"id":"6m637z06sxuus1f","previousOperationId":"8fcm5pt6kp025dn"}
{"type":"operationEnd","subtype":"render","operationId":"e1tgjnzxyy4yni2","timestamp":1708324674345,"id":"3b8l2yc7kjfcfj0","previousEventId":"qgeqj9ee5brm4qg","previousOperationId":"8fcm5pt6kp025dn"}
{"type":"operationEnd","doDiffs":false,"previousEventId":"7sz1f39tbzuinqr","previousOperationId":"ugictty3wb6go68","operationId":"ugictty3wb6go68","timestamp":1708324674360,"id":"18pcsynaceobbsw"}
