{"type":"operationStart","subtype":"profile","data":{"_id":"oj0mjr74rwIXr4g9","timestamp":"2024-02-15T07:35:19.639Z","state":"queued","mode":"standard","creationDate":"2024-02-15T07:35:19.641Z","modificationDate":"2024-02-15T07:35:19.641Z","shortid":"2mvSIGh","$entitySet":"profiles"},"doDiffs":false,"timestamp":1707982519640,"id":"dvncus3k5dtjtoc","previousOperationId":null,"operationId":"rjxj5pz6sxfshqu"}
{"type":"log","level":"info","message":"Render request 34 queued for execution and waiting for available worker","previousOperationId":"rjxj5pz6sxfshqu","timestamp":1707982519640,"id":"fidqvwxtdb8xnsg"}
{"type":"operationStart","subtype":"render","name":"invoice-main","previousOperationId":"rjxj5pz6sxfshqu","timestamp":1707982519650,"id":"qonxficbzw44xvt","previousEventId":"dvncus3k5dtjtoc","operationId":"l52exso2wmuewyl"}
{"type":"log","timestamp":1707982519650,"level":"info","message":"Starting rendering request 34","meta":{"rootId":"mzecunyuczvzye3","id":"mzecunyuczvzye3"},"id":"iedjvo8wzw3dmvu","previousOperationId":"l52exso2wmuewyl"}
{"type":"log","timestamp":1707982519651,"level":"info","message":"Rendering template { name: invoice-main, recipe: chrome-pdf, engine: handlebars, preview: true }","meta":{"rootId":"mzecunyuczvzye3","id":"mzecunyuczvzye3"},"id":"pbvhjw6u6jgaltn","previousOperationId":"l52exso2wmuewyl"}
{"type":"log","timestamp":1707982519651,"level":"debug","message":"Inline data specified.","meta":{"rootId":"mzecunyuczvzye3","id":"mzecunyuczvzye3"},"id":"1j5a9rpok29d23h","previousOperationId":"l52exso2wmuewyl"}
{"type":"log","timestamp":1707982519653,"level":"debug","message":"Base url not specified, skipping its injection.","meta":{"rootId":"mzecunyuczvzye3","id":"mzecunyuczvzye3"},"id":"vhxvu2ocw9h6luk","previousOperationId":"l52exso2wmuewyl"}
{"type":"operationStart","subtype":"engine","name":"handlebars","timestamp":1707982519654,"id":"aqmbiamliprgqgi","previousEventId":"qonxficbzw44xvt","operationId":"ibbur7kfmpc4s8v","previousOperationId":"l52exso2wmuewyl"}
{"type":"log","timestamp":1707982519655,"level":"debug","message":"Rendering engine handlebars","meta":{"rootId":"mzecunyuczvzye3","id":"mzecunyuczvzye3"},"id":"4sem1jq0af5z1az","previousOperationId":"ibbur7kfmpc4s8v"}
{"type":"log","timestamp":1707982519684,"level":"debug","message":"(console:log) Calculating item undefined; you should see this message in debug run","meta":{"userLevel":true,"rootId":"mzecunyuczvzye3","id":"mzecunyuczvzye3"},"id":"on4y85g7zd1vucn","previousOperationId":"ibbur7kfmpc4s8v"}
{"type":"operationEnd","operationId":"ibbur7kfmpc4s8v","timestamp":1707982519688,"id":"g6hrdh19f6g82wp","previousEventId":"aqmbiamliprgqgi","previousOperationId":"ibbur7kfmpc4s8v"}
{"type":"operationStart","subtype":"recipe","name":"chrome-pdf","timestamp":1707982519688,"id":"8cgjtska2l0iczd","previousEventId":"g6hrdh19f6g82wp","operationId":"zcxcxit16b578s6","previousOperationId":"ibbur7kfmpc4s8v"}
{"type":"log","timestamp":1707982519689,"level":"debug","message":"Executing recipe chrome-pdf","meta":{"rootId":"mzecunyuczvzye3","id":"mzecunyuczvzye3"},"id":"j5p78tkq1i2xceb","previousOperationId":"zcxcxit16b578s6"}
{"type":"log","timestamp":1707982519692,"level":"debug","message":"Converting with chrome HeadlessChrome/117.0.5938.149 using chrome-pool strategy","meta":{"rootId":"mzecunyuczvzye3","id":"mzecunyuczvzye3"},"id":"2kp0hfcg2llu1t8","previousOperationId":"zcxcxit16b578s6"}
{"type":"log","timestamp":1707982520016,"level":"debug","message":"Page request: GET (document) file:///C:/Users/USER/AppData/Local/Temp/jsreport/autocleanup/1c767be4-4c08-406e-8b21-7860be6ee6ea-chrome-pdf.html","meta":{"rootId":"mzecunyuczvzye3","id":"mzecunyuczvzye3"},"id":"2sgvtn6rd033onf","previousOperationId":"zcxcxit16b578s6"}
{"type":"log","timestamp":1707982520026,"level":"debug","message":"Page request finished: GET (document) 200 file:///C:/Users/USER/AppData/Local/Temp/jsreport/autocleanup/1c767be4-4c08-406e-8b21-7860be6ee6ea-chrome-pdf.html","meta":{"rootId":"mzecunyuczvzye3","id":"mzecunyuczvzye3"},"id":"eshzoi2q3l09jxa","previousOperationId":"zcxcxit16b578s6"}
{"type":"log","timestamp":1707982520047,"level":"debug","message":"Running chrome with params {\"printBackground\":true,\"marginTop\":\"1cm\",\"marginRight\":\"1cm\",\"marginBottom\":\"1cm\",\"marginLeft\":\"1cm\",\"timeout\":59949,\"margin\":{\"top\":\"1cm\",\"right\":\"1cm\",\"bottom\":\"1cm\",\"left\":\"1cm\"}}","meta":{"rootId":"mzecunyuczvzye3","id":"mzecunyuczvzye3"},"id":"2haxwfhmk8l3axw","previousOperationId":"zcxcxit16b578s6"}
{"type":"operationEnd","operationId":"zcxcxit16b578s6","timestamp":1707982520238,"id":"1s68mi3vcinhm9b","previousEventId":"8cgjtska2l0iczd","previousOperationId":"zcxcxit16b578s6"}
{"type":"log","timestamp":1707982520238,"level":"debug","message":"Skipping storing report.","meta":{"rootId":"mzecunyuczvzye3","id":"mzecunyuczvzye3"},"id":"6wh0wzxkcmmnj51","previousOperationId":"zcxcxit16b578s6"}
{"type":"log","timestamp":1707982520238,"level":"info","message":"Rendering request 34 finished in 599 ms","meta":{"rootId":"mzecunyuczvzye3","id":"mzecunyuczvzye3"},"id":"73aqjpecci71ri7","previousOperationId":"zcxcxit16b578s6"}
{"type":"operationEnd","subtype":"render","operationId":"l52exso2wmuewyl","timestamp":1707982520238,"id":"4ss6nfi0xqfk0p8","previousEventId":"1s68mi3vcinhm9b","previousOperationId":"zcxcxit16b578s6"}
{"type":"operationEnd","doDiffs":false,"previousEventId":"dvncus3k5dtjtoc","previousOperationId":"rjxj5pz6sxfshqu","operationId":"rjxj5pz6sxfshqu","timestamp":1707982520243,"id":"pn1lal89mklzq4m"}
