{"type":"operationStart","subtype":"profile","data":{"_id":"yi1gSJtpUHOJZ1X5","timestamp":"2024-02-16T12:56:05.127Z","state":"queued","mode":"standard","creationDate":"2024-02-16T12:56:05.131Z","modificationDate":"2024-02-16T12:56:05.131Z","shortid":"rBVP5Mr","$entitySet":"profiles"},"doDiffs":false,"timestamp":1708088165129,"id":"f4o0n7rxexcwdot","previousOperationId":null,"operationId":"pc72c83xw5hoikv"}
{"type":"log","level":"info","message":"Render request 2 queued for execution and waiting for available worker","previousOperationId":"pc72c83xw5hoikv","timestamp":1708088165129,"id":"gpbw8cerlyy3psm"}
{"type":"operationStart","subtype":"render","name":"invoice-main","previousOperationId":"pc72c83xw5hoikv","timestamp":1708088165157,"id":"mmr2nlwfg2u6who","previousEventId":"f4o0n7rxexcwdot","operationId":"ho4gsdek2dgx95m"}
{"type":"log","timestamp":1708088165159,"level":"info","message":"Starting rendering request 2","meta":{"rootId":"n28s54ep9p8mag3","id":"n28s54ep9p8mag3"},"id":"cprg7q7ocwtrvuv","previousOperationId":"ho4gsdek2dgx95m"}
{"type":"log","timestamp":1708088165162,"level":"info","message":"Rendering template { name: invoice-main, recipe: chrome-pdf, engine: handlebars, preview: true }","meta":{"rootId":"n28s54ep9p8mag3","id":"n28s54ep9p8mag3"},"id":"0thy2bzcuen4n4g","previousOperationId":"ho4gsdek2dgx95m"}
{"type":"log","timestamp":1708088165172,"level":"debug","message":"Adding sample data bIueE80","meta":{"rootId":"n28s54ep9p8mag3","id":"n28s54ep9p8mag3"},"id":"ou2acf1wj2m4j1o","previousOperationId":"ho4gsdek2dgx95m"}
{"type":"log","timestamp":1708088165186,"level":"debug","message":"Base url not specified, skipping its injection.","meta":{"rootId":"n28s54ep9p8mag3","id":"n28s54ep9p8mag3"},"id":"9h60moo0abtr4gp","previousOperationId":"ho4gsdek2dgx95m"}
{"type":"operationStart","subtype":"engine","name":"handlebars","timestamp":1708088165192,"id":"wny5zon0000o70b","previousEventId":"mmr2nlwfg2u6who","operationId":"56ybu1241ki6ctq","previousOperationId":"ho4gsdek2dgx95m"}
{"type":"log","timestamp":1708088165193,"level":"debug","message":"Rendering engine handlebars","meta":{"rootId":"n28s54ep9p8mag3","id":"n28s54ep9p8mag3"},"id":"vmtkzk0nw6fvd9t","previousOperationId":"56ybu1241ki6ctq"}
{"type":"log","timestamp":1708088166636,"level":"debug","message":"(console:log) Calculating item undefined; you should see this message in debug run","meta":{"userLevel":true,"rootId":"n28s54ep9p8mag3","id":"n28s54ep9p8mag3"},"id":"3jrj80syqinntbn","previousOperationId":"56ybu1241ki6ctq"}
{"type":"log","timestamp":1708088166637,"level":"debug","message":"(console:log) Calculating item undefined; you should see this message in debug run","meta":{"userLevel":true,"rootId":"n28s54ep9p8mag3","id":"n28s54ep9p8mag3"},"id":"xza8rh0fmopl5m7","previousOperationId":"56ybu1241ki6ctq"}
{"type":"operationEnd","operationId":"56ybu1241ki6ctq","timestamp":1708088166662,"id":"7bifva1ko2d1ykd","previousEventId":"wny5zon0000o70b","previousOperationId":"56ybu1241ki6ctq"}
{"type":"operationStart","subtype":"recipe","name":"chrome-pdf","timestamp":1708088166668,"id":"n1i9i4dnjpbk50w","previousEventId":"7bifva1ko2d1ykd","operationId":"qv9gfb749j29puw","previousOperationId":"56ybu1241ki6ctq"}
{"type":"log","timestamp":1708088166668,"level":"debug","message":"Executing recipe chrome-pdf","meta":{"rootId":"n28s54ep9p8mag3","id":"n28s54ep9p8mag3"},"id":"c65uhx8mdm8x6rd","previousOperationId":"qv9gfb749j29puw"}
{"type":"log","timestamp":1708088167145,"level":"debug","message":"Converting with chrome HeadlessChrome/117.0.5938.149 using chrome-pool strategy","meta":{"rootId":"n28s54ep9p8mag3","id":"n28s54ep9p8mag3"},"id":"0c0nwghmsfe4a2y","previousOperationId":"qv9gfb749j29puw"}
{"type":"log","timestamp":1708088167356,"level":"debug","message":"Page request: GET (document) file:///C:/Users/USER/AppData/Local/Temp/jsreport/autocleanup/f91ff45e-7eaf-4087-b440-ea0326fa8219-chrome-pdf.html","meta":{"rootId":"n28s54ep9p8mag3","id":"n28s54ep9p8mag3"},"id":"x1vv3cmurzszd9j","previousOperationId":"qv9gfb749j29puw"}
{"type":"log","timestamp":1708088167375,"level":"debug","message":"Page request finished: GET (document) 200 file:///C:/Users/USER/AppData/Local/Temp/jsreport/autocleanup/f91ff45e-7eaf-4087-b440-ea0326fa8219-chrome-pdf.html","meta":{"rootId":"n28s54ep9p8mag3","id":"n28s54ep9p8mag3"},"id":"ot83niar2o25szi","previousOperationId":"qv9gfb749j29puw"}
{"type":"log","timestamp":1708088167415,"level":"debug","message":"Running chrome with params {\"printBackground\":true,\"marginTop\":\"1cm\",\"marginRight\":\"1cm\",\"marginBottom\":\"1cm\",\"marginLeft\":\"1cm\",\"timeout\":58403,\"margin\":{\"top\":\"1cm\",\"right\":\"1cm\",\"bottom\":\"1cm\",\"left\":\"1cm\"}}","meta":{"rootId":"n28s54ep9p8mag3","id":"n28s54ep9p8mag3"},"id":"i8kd4dw3snnluv3","previousOperationId":"qv9gfb749j29puw"}
{"type":"operationEnd","operationId":"qv9gfb749j29puw","timestamp":1708088167687,"id":"ou7iq4cpn698u4i","previousEventId":"n1i9i4dnjpbk50w","previousOperationId":"qv9gfb749j29puw"}
{"type":"log","timestamp":1708088167689,"level":"debug","message":"Skipping storing report.","meta":{"rootId":"n28s54ep9p8mag3","id":"n28s54ep9p8mag3"},"id":"58uykldyk31h21r","previousOperationId":"qv9gfb749j29puw"}
{"type":"log","timestamp":1708088167689,"level":"info","message":"Rendering request 2 finished in 2562 ms","meta":{"rootId":"n28s54ep9p8mag3","id":"n28s54ep9p8mag3"},"id":"4ftlyef9zt2lwqr","previousOperationId":"qv9gfb749j29puw"}
{"type":"operationEnd","subtype":"render","operationId":"ho4gsdek2dgx95m","timestamp":1708088167690,"id":"sd3o5yh2ntvo4z9","previousEventId":"ou7iq4cpn698u4i","previousOperationId":"qv9gfb749j29puw"}
{"type":"operationEnd","doDiffs":false,"previousEventId":"f4o0n7rxexcwdot","previousOperationId":"pc72c83xw5hoikv","operationId":"pc72c83xw5hoikv","timestamp":1708088167702,"id":"w81h6ixgokk5c56"}
