{"type":"operationStart","subtype":"profile","data":{"_id":"wZF4fv2MvUZtK3Fr","timestamp":"2024-02-15T07:37:48.659Z","state":"queued","mode":"standard","creationDate":"2024-02-15T07:37:48.661Z","modificationDate":"2024-02-15T07:37:48.661Z","shortid":"pUEhXPx","$entitySet":"profiles"},"doDiffs":false,"timestamp":1707982668660,"id":"op9fqqeo0gxbxyg","previousOperationId":null,"operationId":"xsfv7i5z006sagi"}
{"type":"log","level":"info","message":"Render request 39 queued for execution and waiting for available worker","previousOperationId":"xsfv7i5z006sagi","timestamp":1707982668660,"id":"wxtoc2nudv09d0f"}
{"type":"operationStart","subtype":"render","name":"invoice-main","previousOperationId":"xsfv7i5z006sagi","timestamp":1707982668670,"id":"7t06g6j84rltl7l","previousEventId":"op9fqqeo0gxbxyg","operationId":"c22ze04110vi88y"}
{"type":"log","timestamp":1707982668670,"level":"info","message":"Starting rendering request 39","meta":{"rootId":"n8eoexnb8culpsl","id":"n8eoexnb8culpsl"},"id":"tx7hc2pnrx8atji","previousOperationId":"c22ze04110vi88y"}
{"type":"log","timestamp":1707982668670,"level":"info","message":"Rendering template { name: invoice-main, recipe: chrome-pdf, engine: handlebars, preview: true }","meta":{"rootId":"n8eoexnb8culpsl","id":"n8eoexnb8culpsl"},"id":"d6j0yt4kr3mmb34","previousOperationId":"c22ze04110vi88y"}
{"type":"log","timestamp":1707982668671,"level":"debug","message":"Inline data specified.","meta":{"rootId":"n8eoexnb8culpsl","id":"n8eoexnb8culpsl"},"id":"yc5v4k1o9zhci1v","previousOperationId":"c22ze04110vi88y"}
{"type":"log","timestamp":1707982668674,"level":"debug","message":"Base url not specified, skipping its injection.","meta":{"rootId":"n8eoexnb8culpsl","id":"n8eoexnb8culpsl"},"id":"7qbtml1sppfhe86","previousOperationId":"c22ze04110vi88y"}
{"type":"operationStart","subtype":"engine","name":"handlebars","timestamp":1707982668675,"id":"8ntxz3q41n6mggh","previousEventId":"7t06g6j84rltl7l","operationId":"fy64px6ji1jmx0r","previousOperationId":"c22ze04110vi88y"}
{"type":"log","timestamp":1707982668675,"level":"debug","message":"Rendering engine handlebars","meta":{"rootId":"n8eoexnb8culpsl","id":"n8eoexnb8culpsl"},"id":"nb4hzgeb1ycez99","previousOperationId":"fy64px6ji1jmx0r"}
{"type":"log","timestamp":1707982668712,"level":"debug","message":"(console:log) Calculating item undefined; you should see this message in debug run","meta":{"userLevel":true,"rootId":"n8eoexnb8culpsl","id":"n8eoexnb8culpsl"},"id":"4rmwc4wu8nxiqyy","previousOperationId":"fy64px6ji1jmx0r"}
{"type":"operationEnd","operationId":"fy64px6ji1jmx0r","timestamp":1707982668715,"id":"ddoxj25b2fq66lm","previousEventId":"8ntxz3q41n6mggh","previousOperationId":"fy64px6ji1jmx0r"}
{"type":"operationStart","subtype":"recipe","name":"chrome-pdf","timestamp":1707982668715,"id":"ghpdisxp54g5l67","previousEventId":"ddoxj25b2fq66lm","operationId":"vl1tc0no2vfxxka","previousOperationId":"fy64px6ji1jmx0r"}
{"type":"log","timestamp":1707982668715,"level":"debug","message":"Executing recipe chrome-pdf","meta":{"rootId":"n8eoexnb8culpsl","id":"n8eoexnb8culpsl"},"id":"4bhqnbmpmv21yj7","previousOperationId":"vl1tc0no2vfxxka"}
{"type":"log","timestamp":1707982668718,"level":"debug","message":"Converting with chrome HeadlessChrome/117.0.5938.149 using chrome-pool strategy","meta":{"rootId":"n8eoexnb8culpsl","id":"n8eoexnb8culpsl"},"id":"jhojsiqmw73ls58","previousOperationId":"vl1tc0no2vfxxka"}
{"type":"log","timestamp":1707982668838,"level":"debug","message":"Page request: GET (document) file:///C:/Users/USER/AppData/Local/Temp/jsreport/autocleanup/886daa15-6c63-4279-ad5e-df1d2b4d92b0-chrome-pdf.html","meta":{"rootId":"n8eoexnb8culpsl","id":"n8eoexnb8culpsl"},"id":"cjye8vfv8d83csc","previousOperationId":"vl1tc0no2vfxxka"}
{"type":"log","timestamp":1707982668847,"level":"debug","message":"Page request finished: GET (document) 200 file:///C:/Users/USER/AppData/Local/Temp/jsreport/autocleanup/886daa15-6c63-4279-ad5e-df1d2b4d92b0-chrome-pdf.html","meta":{"rootId":"n8eoexnb8culpsl","id":"n8eoexnb8culpsl"},"id":"vzntljqlgr3d0jj","previousOperationId":"vl1tc0no2vfxxka"}
{"type":"log","timestamp":1707982668867,"level":"debug","message":"Running chrome with params {\"printBackground\":true,\"marginTop\":\"1cm\",\"marginRight\":\"1cm\",\"marginBottom\":\"1cm\",\"marginLeft\":\"1cm\",\"timeout\":59942,\"margin\":{\"top\":\"1cm\",\"right\":\"1cm\",\"bottom\":\"1cm\",\"left\":\"1cm\"}}","meta":{"rootId":"n8eoexnb8culpsl","id":"n8eoexnb8culpsl"},"id":"rkge0gzlichh94l","previousOperationId":"vl1tc0no2vfxxka"}
{"type":"operationEnd","operationId":"vl1tc0no2vfxxka","timestamp":1707982669010,"id":"h4cssr4n07rc5ca","previousEventId":"ghpdisxp54g5l67","previousOperationId":"vl1tc0no2vfxxka"}
{"type":"log","timestamp":1707982669010,"level":"debug","message":"Skipping storing report.","meta":{"rootId":"n8eoexnb8culpsl","id":"n8eoexnb8culpsl"},"id":"thfgsgcfabnv7yc","previousOperationId":"vl1tc0no2vfxxka"}
{"type":"log","timestamp":1707982669010,"level":"info","message":"Rendering request 39 finished in 351 ms","meta":{"rootId":"n8eoexnb8culpsl","id":"n8eoexnb8culpsl"},"id":"0gcbbwglwc9rtpk","previousOperationId":"vl1tc0no2vfxxka"}
{"type":"operationEnd","subtype":"render","operationId":"c22ze04110vi88y","timestamp":1707982669010,"id":"qsvkj2jws72og3f","previousEventId":"h4cssr4n07rc5ca","previousOperationId":"vl1tc0no2vfxxka"}
{"type":"operationEnd","doDiffs":false,"previousEventId":"op9fqqeo0gxbxyg","previousOperationId":"xsfv7i5z006sagi","operationId":"xsfv7i5z006sagi","timestamp":1707982669013,"id":"9mee71ahkjx1qc9"}
