{"type":"operationStart","subtype":"profile","data":{"_id":"IXWHKYGfxsgmTGsx","timestamp":"2024-02-19T06:38:51.204Z","state":"queued","mode":"standard","creationDate":"2024-02-19T06:38:51.206Z","modificationDate":"2024-02-19T06:38:51.206Z","shortid":"DVUui6C","$entitySet":"profiles"},"doDiffs":false,"timestamp":1708324731206,"id":"78ycls0ha773x10","previousOperationId":null,"operationId":"bny4uab8tnvdp8d"}
{"type":"log","level":"info","message":"Render request 3 queued for execution and waiting for available worker","previousOperationId":"bny4uab8tnvdp8d","timestamp":1708324731206,"id":"vh7b1kzuzlq37ln"}
{"type":"operationStart","subtype":"render","name":"invoice-main","previousOperationId":"bny4uab8tnvdp8d","timestamp":1708324731216,"id":"wyjgjfkk5g2rpws","previousEventId":"78ycls0ha773x10","operationId":"ejr9or9flo1t9nr"}
{"type":"log","timestamp":1708324731216,"level":"info","message":"Starting rendering request 3","meta":{"rootId":"oj3eoyqa7h2y1wa","id":"oj3eoyqa7h2y1wa"},"id":"q0s6md3de3v5j57","previousOperationId":"ejr9or9flo1t9nr"}
{"type":"log","timestamp":1708324731216,"level":"info","message":"Rendering template { name: invoice-main, recipe: chrome-pdf, engine: handlebars, preview: false }","meta":{"rootId":"oj3eoyqa7h2y1wa","id":"oj3eoyqa7h2y1wa"},"id":"6e8bv1e6gj0b66v","previousOperationId":"ejr9or9flo1t9nr"}
{"type":"log","timestamp":1708324731217,"level":"debug","message":"Inline data specified.","meta":{"rootId":"oj3eoyqa7h2y1wa","id":"oj3eoyqa7h2y1wa"},"id":"po414lrqrdq5hf6","previousOperationId":"ejr9or9flo1t9nr"}
{"type":"log","timestamp":1708324731221,"level":"debug","message":"Base url not specified, skipping its injection.","meta":{"rootId":"oj3eoyqa7h2y1wa","id":"oj3eoyqa7h2y1wa"},"id":"35zalkrngp4g4nf","previousOperationId":"ejr9or9flo1t9nr"}
{"type":"operationStart","subtype":"engine","name":"handlebars","timestamp":1708324731222,"id":"bnc5n6t6goou0gr","previousEventId":"wyjgjfkk5g2rpws","operationId":"iwd0kd6ek92xj4q","previousOperationId":"ejr9or9flo1t9nr"}
{"type":"log","timestamp":1708324731222,"level":"debug","message":"Rendering engine handlebars","meta":{"rootId":"oj3eoyqa7h2y1wa","id":"oj3eoyqa7h2y1wa"},"id":"dpot8ijp4f1uvb2","previousOperationId":"iwd0kd6ek92xj4q"}
{"type":"log","timestamp":1708324731270,"level":"debug","message":"(console:log) Calculating item undefined; you should see this message in debug run","meta":{"userLevel":true,"rootId":"oj3eoyqa7h2y1wa","id":"oj3eoyqa7h2y1wa"},"id":"kxt6p944nopa7jh","previousOperationId":"iwd0kd6ek92xj4q"}
{"type":"operationEnd","operationId":"iwd0kd6ek92xj4q","timestamp":1708324731272,"id":"0lrip8izozbc1dp","previousEventId":"bnc5n6t6goou0gr","previousOperationId":"iwd0kd6ek92xj4q"}
{"type":"operationStart","subtype":"recipe","name":"chrome-pdf","timestamp":1708324731272,"id":"w01whuq550r3kvn","previousEventId":"0lrip8izozbc1dp","operationId":"don9c5dtaojhntj","previousOperationId":"iwd0kd6ek92xj4q"}
{"type":"log","timestamp":1708324731272,"level":"debug","message":"Executing recipe chrome-pdf","meta":{"rootId":"oj3eoyqa7h2y1wa","id":"oj3eoyqa7h2y1wa"},"id":"dct5bjbk8cf7tc9","previousOperationId":"don9c5dtaojhntj"}
{"type":"log","timestamp":1708324731279,"level":"debug","message":"Converting with chrome HeadlessChrome/117.0.5938.149 using chrome-pool strategy","meta":{"rootId":"oj3eoyqa7h2y1wa","id":"oj3eoyqa7h2y1wa"},"id":"r4lqef3pq96lh2a","previousOperationId":"don9c5dtaojhntj"}
{"type":"log","timestamp":1708324731420,"level":"debug","message":"Page request: GET (document) file:///C:/Users/USER/AppData/Local/Temp/jsreport/autocleanup/30dd78b9-34d0-4302-b7c5-49230aee2fff-chrome-pdf.html","meta":{"rootId":"oj3eoyqa7h2y1wa","id":"oj3eoyqa7h2y1wa"},"id":"e1qc14sbnitj6qx","previousOperationId":"don9c5dtaojhntj"}
{"type":"log","timestamp":1708324731430,"level":"debug","message":"Page request finished: GET (document) 200 file:///C:/Users/USER/AppData/Local/Temp/jsreport/autocleanup/30dd78b9-34d0-4302-b7c5-49230aee2fff-chrome-pdf.html","meta":{"rootId":"oj3eoyqa7h2y1wa","id":"oj3eoyqa7h2y1wa"},"id":"bfqskhk0jxmzimt","previousOperationId":"don9c5dtaojhntj"}
{"type":"log","timestamp":1708324731452,"level":"debug","message":"Running chrome with params {\"printBackground\":true,\"marginTop\":\"1cm\",\"marginRight\":\"1cm\",\"marginBottom\":\"1cm\",\"marginLeft\":\"1cm\",\"timeout\":59929,\"margin\":{\"top\":\"1cm\",\"right\":\"1cm\",\"bottom\":\"1cm\",\"left\":\"1cm\"}}","meta":{"rootId":"oj3eoyqa7h2y1wa","id":"oj3eoyqa7h2y1wa"},"id":"psjnldrd0arc8qt","previousOperationId":"don9c5dtaojhntj"}
{"type":"operationEnd","operationId":"don9c5dtaojhntj","timestamp":1708324731606,"id":"7a1p7aijwz33uox","previousEventId":"w01whuq550r3kvn","previousOperationId":"don9c5dtaojhntj"}
{"type":"log","timestamp":1708324731607,"level":"debug","message":"Skipping storing report.","meta":{"rootId":"oj3eoyqa7h2y1wa","id":"oj3eoyqa7h2y1wa"},"id":"3et2fvr4ecxaz8h","previousOperationId":"don9c5dtaojhntj"}
{"type":"log","timestamp":1708324731607,"level":"info","message":"Rendering request 3 finished in 403 ms","meta":{"rootId":"oj3eoyqa7h2y1wa","id":"oj3eoyqa7h2y1wa"},"id":"fyggcs7fgdwz1il","previousOperationId":"don9c5dtaojhntj"}
{"type":"operationEnd","subtype":"render","operationId":"ejr9or9flo1t9nr","timestamp":1708324731607,"id":"6rxf0ucgycys4zk","previousEventId":"7a1p7aijwz33uox","previousOperationId":"don9c5dtaojhntj"}
{"type":"operationEnd","doDiffs":false,"previousEventId":"78ycls0ha773x10","previousOperationId":"bny4uab8tnvdp8d","operationId":"bny4uab8tnvdp8d","timestamp":1708324731611,"id":"8e8byhf24ln9ql2"}
