{"type":"operationStart","subtype":"profile","data":{"_id":"7j07QbFf8yoMXyRF","timestamp":"2024-02-15T06:39:57.674Z","state":"queued","mode":"standard","creationDate":"2024-02-15T06:39:57.676Z","modificationDate":"2024-02-15T06:39:57.676Z","shortid":"jAKRtWc","$entitySet":"profiles"},"doDiffs":false,"timestamp":1707979197675,"id":"z4anwbhv24s98m0","previousOperationId":null,"operationId":"fpdrv6rj0nvn0w8"}
{"type":"log","level":"info","message":"Render request 22 queued for execution and waiting for available worker","previousOperationId":"fpdrv6rj0nvn0w8","timestamp":1707979197675,"id":"47b2sjnoxws1avl"}
{"type":"operationStart","subtype":"render","name":"invoice-main","previousOperationId":"fpdrv6rj0nvn0w8","timestamp":1707979197686,"id":"togu6gpdarmer1f","previousEventId":"z4anwbhv24s98m0","operationId":"agsueyrnt1cvrtn"}
{"type":"log","timestamp":1707979197686,"level":"info","message":"Starting rendering request 22","meta":{"rootId":"p0tszpnatkculji","id":"p0tszpnatkculji"},"id":"5rj9jzhahofc93r","previousOperationId":"agsueyrnt1cvrtn"}
{"type":"log","timestamp":1707979197686,"level":"info","message":"Rendering template { name: invoice-main, recipe: chrome-pdf, engine: handlebars, preview: true }","meta":{"rootId":"p0tszpnatkculji","id":"p0tszpnatkculji"},"id":"p2zbqhmlq6j1j0o","previousOperationId":"agsueyrnt1cvrtn"}
{"type":"log","timestamp":1707979197687,"level":"debug","message":"Inline data specified.","meta":{"rootId":"p0tszpnatkculji","id":"p0tszpnatkculji"},"id":"mez73h0nmabv39z","previousOperationId":"agsueyrnt1cvrtn"}
{"type":"log","timestamp":1707979197691,"level":"debug","message":"Base url not specified, skipping its injection.","meta":{"rootId":"p0tszpnatkculji","id":"p0tszpnatkculji"},"id":"tgsc6f11q8dwmtt","previousOperationId":"agsueyrnt1cvrtn"}
{"type":"operationStart","subtype":"engine","name":"handlebars","timestamp":1707979197691,"id":"fmu9l4vn68566ap","previousEventId":"togu6gpdarmer1f","operationId":"3axk8max5613tae","previousOperationId":"agsueyrnt1cvrtn"}
{"type":"log","timestamp":1707979197692,"level":"debug","message":"Rendering engine handlebars","meta":{"rootId":"p0tszpnatkculji","id":"p0tszpnatkculji"},"id":"ui0kvoxz25v62v7","previousOperationId":"3axk8max5613tae"}
{"type":"log","timestamp":1707979197708,"level":"debug","message":"(console:log) Calculating item Website design; you should see this message in debug run","meta":{"userLevel":true,"rootId":"p0tszpnatkculji","id":"p0tszpnatkculji"},"id":"kf51fgwtcjq2ec4","previousOperationId":"3axk8max5613tae"}
{"type":"operationEnd","operationId":"3axk8max5613tae","timestamp":1707979197710,"id":"x4rg6jf7cwa8q5e","previousEventId":"fmu9l4vn68566ap","previousOperationId":"3axk8max5613tae"}
{"type":"operationStart","subtype":"recipe","name":"chrome-pdf","timestamp":1707979197710,"id":"egvwjg9oh9liwbl","previousEventId":"x4rg6jf7cwa8q5e","operationId":"nottl3tqbqw5ypo","previousOperationId":"3axk8max5613tae"}
{"type":"log","timestamp":1707979197710,"level":"debug","message":"Executing recipe chrome-pdf","meta":{"rootId":"p0tszpnatkculji","id":"p0tszpnatkculji"},"id":"97jo00xd10ma8as","previousOperationId":"nottl3tqbqw5ypo"}
{"type":"log","timestamp":1707979197714,"level":"debug","message":"Converting with chrome HeadlessChrome/117.0.5938.149 using chrome-pool strategy","meta":{"rootId":"p0tszpnatkculji","id":"p0tszpnatkculji"},"id":"vjk7figtrqnq3qw","previousOperationId":"nottl3tqbqw5ypo"}
{"type":"log","timestamp":1707979197819,"level":"debug","message":"Page request: GET (document) file:///C:/Users/USER/AppData/Local/Temp/jsreport/autocleanup/6b4397be-4503-47be-a325-bf6c962d6b2b-chrome-pdf.html","meta":{"rootId":"p0tszpnatkculji","id":"p0tszpnatkculji"},"id":"ihqnbtel9z7de9c","previousOperationId":"nottl3tqbqw5ypo"}
{"type":"log","timestamp":1707979197828,"level":"debug","message":"Page request finished: GET (document) 200 file:///C:/Users/USER/AppData/Local/Temp/jsreport/autocleanup/6b4397be-4503-47be-a325-bf6c962d6b2b-chrome-pdf.html","meta":{"rootId":"p0tszpnatkculji","id":"p0tszpnatkculji"},"id":"brba22ooz9pvkgi","previousOperationId":"nottl3tqbqw5ypo"}
{"type":"log","timestamp":1707979197845,"level":"debug","message":"Running chrome with params {\"printBackground\":true,\"marginTop\":\"1cm\",\"marginRight\":\"1cm\",\"marginBottom\":\"1cm\",\"marginLeft\":\"1cm\",\"timeout\":59961,\"margin\":{\"top\":\"1cm\",\"right\":\"1cm\",\"bottom\":\"1cm\",\"left\":\"1cm\"}}","meta":{"rootId":"p0tszpnatkculji","id":"p0tszpnatkculji"},"id":"4zv3wcxsr13vdn4","previousOperationId":"nottl3tqbqw5ypo"}
{"type":"operationEnd","operationId":"nottl3tqbqw5ypo","timestamp":1707979198003,"id":"045dkqqwm2fcdah","previousEventId":"egvwjg9oh9liwbl","previousOperationId":"nottl3tqbqw5ypo"}
{"type":"log","timestamp":1707979198003,"level":"debug","message":"Skipping storing report.","meta":{"rootId":"p0tszpnatkculji","id":"p0tszpnatkculji"},"id":"8ljcxn0ecwidb2g","previousOperationId":"nottl3tqbqw5ypo"}
{"type":"log","timestamp":1707979198003,"level":"info","message":"Rendering request 22 finished in 329 ms","meta":{"rootId":"p0tszpnatkculji","id":"p0tszpnatkculji"},"id":"a7uw4ipe00r3hos","previousOperationId":"nottl3tqbqw5ypo"}
{"type":"operationEnd","subtype":"render","operationId":"agsueyrnt1cvrtn","timestamp":1707979198003,"id":"fbm305y3kc2ecfp","previousEventId":"045dkqqwm2fcdah","previousOperationId":"nottl3tqbqw5ypo"}
{"type":"operationEnd","doDiffs":false,"previousEventId":"z4anwbhv24s98m0","previousOperationId":"fpdrv6rj0nvn0w8","operationId":"fpdrv6rj0nvn0w8","timestamp":1707979198008,"id":"y8qodj2b4ao78zp"}
