{"type":"operationStart","subtype":"profile","data":{"_id":"vNcNAzwKIAYlvREB","timestamp":"2024-02-15T08:01:19.346Z","state":"queued","mode":"standard","creationDate":"2024-02-15T08:01:19.348Z","modificationDate":"2024-02-15T08:01:19.348Z","shortid":"QEa3StH","$entitySet":"profiles"},"doDiffs":false,"timestamp":1707984079347,"id":"l9q1dzbf4f6lcgo","previousOperationId":null,"operationId":"gpjs4smfsxdnwaf"}
{"type":"log","level":"info","message":"Render request 18 queued for execution and waiting for available worker","previousOperationId":"gpjs4smfsxdnwaf","timestamp":1707984079347,"id":"ugt7qke5851wwrr"}
{"type":"operationStart","subtype":"render","name":"invoice-main","previousOperationId":"gpjs4smfsxdnwaf","timestamp":1707984079357,"id":"m3342rrzz2j5cyb","previousEventId":"l9q1dzbf4f6lcgo","operationId":"liz849uy3e837ys"}
{"type":"log","timestamp":1707984079357,"level":"info","message":"Starting rendering request 18","meta":{"rootId":"p9vz6v4ykhugr0w","id":"p9vz6v4ykhugr0w"},"id":"rms082683eu3o29","previousOperationId":"liz849uy3e837ys"}
{"type":"log","timestamp":1707984079357,"level":"info","message":"Rendering template { name: invoice-main, recipe: chrome-pdf, engine: handlebars, preview: true }","meta":{"rootId":"p9vz6v4ykhugr0w","id":"p9vz6v4ykhugr0w"},"id":"5ll4i4czdoq8tmb","previousOperationId":"liz849uy3e837ys"}
{"type":"log","timestamp":1707984079358,"level":"debug","message":"Inline data specified.","meta":{"rootId":"p9vz6v4ykhugr0w","id":"p9vz6v4ykhugr0w"},"id":"9n69oh3qqq3koc7","previousOperationId":"liz849uy3e837ys"}
{"type":"log","timestamp":1707984079361,"level":"debug","message":"Base url not specified, skipping its injection.","meta":{"rootId":"p9vz6v4ykhugr0w","id":"p9vz6v4ykhugr0w"},"id":"jibw6ivhtq0tzmh","previousOperationId":"liz849uy3e837ys"}
{"type":"operationStart","subtype":"engine","name":"handlebars","timestamp":1707984079362,"id":"voh6rdz5ptdt6xo","previousEventId":"m3342rrzz2j5cyb","operationId":"keo2gjt592fo5ph","previousOperationId":"liz849uy3e837ys"}
{"type":"log","timestamp":1707984079362,"level":"debug","message":"Rendering engine handlebars","meta":{"rootId":"p9vz6v4ykhugr0w","id":"p9vz6v4ykhugr0w"},"id":"jlocp79w5vkemms","previousOperationId":"keo2gjt592fo5ph"}
{"type":"log","timestamp":1707984079378,"level":"debug","message":"(console:log) Calculating item undefined; you should see this message in debug run","meta":{"userLevel":true,"rootId":"p9vz6v4ykhugr0w","id":"p9vz6v4ykhugr0w"},"id":"hvnv94jetibnq7d","previousOperationId":"keo2gjt592fo5ph"}
{"type":"operationEnd","operationId":"keo2gjt592fo5ph","timestamp":1707984079380,"id":"u977uey2mfrd35n","previousEventId":"voh6rdz5ptdt6xo","previousOperationId":"keo2gjt592fo5ph"}
{"type":"operationStart","subtype":"recipe","name":"chrome-pdf","timestamp":1707984079381,"id":"mard44x8w1lxe0l","previousEventId":"u977uey2mfrd35n","operationId":"ezrwcm1jm62vojy","previousOperationId":"keo2gjt592fo5ph"}
{"type":"log","timestamp":1707984079381,"level":"debug","message":"Executing recipe chrome-pdf","meta":{"rootId":"p9vz6v4ykhugr0w","id":"p9vz6v4ykhugr0w"},"id":"t9ncuqpii8rno5v","previousOperationId":"ezrwcm1jm62vojy"}
{"type":"log","timestamp":1707984079384,"level":"debug","message":"Converting with chrome HeadlessChrome/117.0.5938.149 using chrome-pool strategy","meta":{"rootId":"p9vz6v4ykhugr0w","id":"p9vz6v4ykhugr0w"},"id":"1q7uokwvz4c73db","previousOperationId":"ezrwcm1jm62vojy"}
{"type":"log","timestamp":1707984079477,"level":"debug","message":"Page request: GET (document) file:///C:/Users/USER/AppData/Local/Temp/jsreport/autocleanup/b8725761-06e7-482b-89f2-6a257eb6fe10-chrome-pdf.html","meta":{"rootId":"p9vz6v4ykhugr0w","id":"p9vz6v4ykhugr0w"},"id":"pig4lgsz0jkb19y","previousOperationId":"ezrwcm1jm62vojy"}
{"type":"log","timestamp":1707984079484,"level":"debug","message":"Page request finished: GET (document) 200 file:///C:/Users/USER/AppData/Local/Temp/jsreport/autocleanup/b8725761-06e7-482b-89f2-6a257eb6fe10-chrome-pdf.html","meta":{"rootId":"p9vz6v4ykhugr0w","id":"p9vz6v4ykhugr0w"},"id":"it6qxp8y2woigu4","previousOperationId":"ezrwcm1jm62vojy"}
{"type":"log","timestamp":1707984079502,"level":"debug","message":"Running chrome with params {\"printBackground\":true,\"marginTop\":\"1cm\",\"marginRight\":\"1cm\",\"marginBottom\":\"1cm\",\"marginLeft\":\"1cm\",\"timeout\":59964,\"margin\":{\"top\":\"1cm\",\"right\":\"1cm\",\"bottom\":\"1cm\",\"left\":\"1cm\"}}","meta":{"rootId":"p9vz6v4ykhugr0w","id":"p9vz6v4ykhugr0w"},"id":"xgde5vbp2h3lb1s","previousOperationId":"ezrwcm1jm62vojy"}
{"type":"operationEnd","operationId":"ezrwcm1jm62vojy","timestamp":1707984079632,"id":"6zvdzv54pi9vkfg","previousEventId":"mard44x8w1lxe0l","previousOperationId":"ezrwcm1jm62vojy"}
{"type":"log","timestamp":1707984079632,"level":"debug","message":"Skipping storing report.","meta":{"rootId":"p9vz6v4ykhugr0w","id":"p9vz6v4ykhugr0w"},"id":"v9oeafy6dftdc7b","previousOperationId":"ezrwcm1jm62vojy"}
{"type":"log","timestamp":1707984079632,"level":"info","message":"Rendering request 18 finished in 286 ms","meta":{"rootId":"p9vz6v4ykhugr0w","id":"p9vz6v4ykhugr0w"},"id":"n3qa1p20qd2sy0o","previousOperationId":"ezrwcm1jm62vojy"}
{"type":"operationEnd","subtype":"render","operationId":"liz849uy3e837ys","timestamp":1707984079632,"id":"o5x357vxm7ny93u","previousEventId":"6zvdzv54pi9vkfg","previousOperationId":"ezrwcm1jm62vojy"}
{"type":"operationEnd","doDiffs":false,"previousEventId":"l9q1dzbf4f6lcgo","previousOperationId":"gpjs4smfsxdnwaf","operationId":"gpjs4smfsxdnwaf","timestamp":1707984079636,"id":"xvmrhr216l2qj0a"}
