{"type":"operationStart","subtype":"profile","data":{"_id":"hh1a6fJFudvepoee","timestamp":"2024-02-16T08:42:27.427Z","state":"queued","mode":"standard","creationDate":"2024-02-16T08:42:27.431Z","modificationDate":"2024-02-16T08:42:27.431Z","shortid":"NwLDj9c","$entitySet":"profiles"},"doDiffs":false,"timestamp":1708072947429,"id":"1ch6w11lcxwsyzh","previousOperationId":null,"operationId":"f4zjt228okhth3z"}
{"type":"log","level":"info","message":"Render request 2 queued for execution and waiting for available worker","previousOperationId":"f4zjt228okhth3z","timestamp":1708072947430,"id":"19kf6emdgzvcfqu"}
{"type":"operationStart","subtype":"render","name":"invoice-main","previousOperationId":"f4zjt228okhth3z","timestamp":1708072947444,"id":"kth0n2rnn5tnqmr","previousEventId":"1ch6w11lcxwsyzh","operationId":"8z3r1riyv4qwpmw"}
{"type":"log","timestamp":1708072947445,"level":"info","message":"Starting rendering request 2","meta":{"rootId":"qo87jv9zb0yt432","id":"qo87jv9zb0yt432"},"id":"1xsarpjdw5xniew","previousOperationId":"8z3r1riyv4qwpmw"}
{"type":"log","timestamp":1708072947449,"level":"info","message":"Rendering template { name: invoice-main, recipe: chrome-pdf, engine: handlebars, preview: true }","meta":{"rootId":"qo87jv9zb0yt432","id":"qo87jv9zb0yt432"},"id":"cuw8o4vzutvm7o6","previousOperationId":"8z3r1riyv4qwpmw"}
{"type":"log","timestamp":1708072947455,"level":"debug","message":"Adding sample data bIueE80","meta":{"rootId":"qo87jv9zb0yt432","id":"qo87jv9zb0yt432"},"id":"t79og97lreoioth","previousOperationId":"8z3r1riyv4qwpmw"}
{"type":"log","timestamp":1708072947459,"level":"debug","message":"Base url not specified, skipping its injection.","meta":{"rootId":"qo87jv9zb0yt432","id":"qo87jv9zb0yt432"},"id":"qg9gypxdkns0g71","previousOperationId":"8z3r1riyv4qwpmw"}
{"type":"operationStart","subtype":"engine","name":"handlebars","timestamp":1708072947461,"id":"caqvzr3ci84vz4b","previousEventId":"kth0n2rnn5tnqmr","operationId":"vxett5ikl1mplet","previousOperationId":"8z3r1riyv4qwpmw"}
{"type":"log","timestamp":1708072947461,"level":"debug","message":"Rendering engine handlebars","meta":{"rootId":"qo87jv9zb0yt432","id":"qo87jv9zb0yt432"},"id":"f159krzj2w1h6u5","previousOperationId":"vxett5ikl1mplet"}
{"type":"log","timestamp":1708072948160,"level":"debug","message":"(console:log) Calculating item undefined; you should see this message in debug run","meta":{"userLevel":true,"rootId":"qo87jv9zb0yt432","id":"qo87jv9zb0yt432"},"id":"77ohfqmjmkwaatt","previousOperationId":"vxett5ikl1mplet"}
{"type":"log","timestamp":1708072948160,"level":"debug","message":"(console:log) Calculating item undefined; you should see this message in debug run","meta":{"userLevel":true,"rootId":"qo87jv9zb0yt432","id":"qo87jv9zb0yt432"},"id":"1l7y29qsmxt9i3q","previousOperationId":"vxett5ikl1mplet"}
{"type":"operationEnd","operationId":"vxett5ikl1mplet","timestamp":1708072948162,"id":"nlfvh0sbh0x6ixb","previousEventId":"caqvzr3ci84vz4b","previousOperationId":"vxett5ikl1mplet"}
{"type":"operationStart","subtype":"recipe","name":"chrome-pdf","timestamp":1708072948163,"id":"5kwp172sdei9hb2","previousEventId":"nlfvh0sbh0x6ixb","operationId":"bai7b0scon7718z","previousOperationId":"vxett5ikl1mplet"}
{"type":"log","timestamp":1708072948163,"level":"debug","message":"Executing recipe chrome-pdf","meta":{"rootId":"qo87jv9zb0yt432","id":"qo87jv9zb0yt432"},"id":"mth2i1m8ni9mysm","previousOperationId":"bai7b0scon7718z"}
{"type":"log","timestamp":1708072948620,"level":"debug","message":"Converting with chrome HeadlessChrome/117.0.5938.149 using chrome-pool strategy","meta":{"rootId":"qo87jv9zb0yt432","id":"qo87jv9zb0yt432"},"id":"2jr0ddtn3o5g2z4","previousOperationId":"bai7b0scon7718z"}
{"type":"log","timestamp":1708072948812,"level":"debug","message":"Page request: GET (document) file:///C:/Users/USER/AppData/Local/Temp/jsreport/autocleanup/657b6ccc-6de9-432c-adfe-dcaf10a457bb-chrome-pdf.html","meta":{"rootId":"qo87jv9zb0yt432","id":"qo87jv9zb0yt432"},"id":"axqrslxjto0wneu","previousOperationId":"bai7b0scon7718z"}
{"type":"log","timestamp":1708072948822,"level":"debug","message":"Page request finished: GET (document) 200 file:///C:/Users/USER/AppData/Local/Temp/jsreport/autocleanup/657b6ccc-6de9-432c-adfe-dcaf10a457bb-chrome-pdf.html","meta":{"rootId":"qo87jv9zb0yt432","id":"qo87jv9zb0yt432"},"id":"b7fs691w6ybg0e2","previousOperationId":"bai7b0scon7718z"}
{"type":"log","timestamp":1708072948841,"level":"debug","message":"Running chrome with params {\"printBackground\":true,\"marginTop\":\"1cm\",\"marginRight\":\"1cm\",\"marginBottom\":\"1cm\",\"marginLeft\":\"1cm\",\"timeout\":59256,\"margin\":{\"top\":\"1cm\",\"right\":\"1cm\",\"bottom\":\"1cm\",\"left\":\"1cm\"}}","meta":{"rootId":"qo87jv9zb0yt432","id":"qo87jv9zb0yt432"},"id":"epbhteyxj8lr6kc","previousOperationId":"bai7b0scon7718z"}
{"type":"operationEnd","operationId":"bai7b0scon7718z","timestamp":1708072949053,"id":"eprjznktf95lseo","previousEventId":"5kwp172sdei9hb2","previousOperationId":"bai7b0scon7718z"}
{"type":"log","timestamp":1708072949054,"level":"debug","message":"Skipping storing report.","meta":{"rootId":"qo87jv9zb0yt432","id":"qo87jv9zb0yt432"},"id":"asz7d541oaqjnss","previousOperationId":"bai7b0scon7718z"}
{"type":"log","timestamp":1708072949054,"level":"info","message":"Rendering request 2 finished in 1627 ms","meta":{"rootId":"qo87jv9zb0yt432","id":"qo87jv9zb0yt432"},"id":"yug1nncf2lat08m","previousOperationId":"bai7b0scon7718z"}
{"type":"operationEnd","subtype":"render","operationId":"8z3r1riyv4qwpmw","timestamp":1708072949055,"id":"ehq78ytydpxa8i6","previousEventId":"eprjznktf95lseo","previousOperationId":"bai7b0scon7718z"}
{"type":"operationEnd","doDiffs":false,"previousEventId":"1ch6w11lcxwsyzh","previousOperationId":"f4zjt228okhth3z","operationId":"f4zjt228okhth3z","timestamp":1708072949060,"id":"2iyatwwkzw2k6y5"}
