{"type":"operationStart","subtype":"profile","data":{"_id":"VoKYKXQorz3yku6P","timestamp":"2024-02-17T08:01:51.858Z","state":"queued","mode":"standard","creationDate":"2024-02-17T08:01:51.861Z","modificationDate":"2024-02-17T08:01:51.861Z","shortid":"CkHjkjU","$entitySet":"profiles"},"doDiffs":false,"timestamp":1708156911860,"id":"2z59m2cgh2ilvc5","previousOperationId":null,"operationId":"xfi3om0nj4efjou"}
{"type":"log","level":"info","message":"Render request 9 queued for execution and waiting for available worker","previousOperationId":"xfi3om0nj4efjou","timestamp":1708156911860,"id":"h1bzb2zxd66249y"}
{"type":"operationStart","subtype":"render","name":"invoice-main","previousOperationId":"xfi3om0nj4efjou","timestamp":1708156911876,"id":"y3tqjzdyz4gswwv","previousEventId":"2z59m2cgh2ilvc5","operationId":"f5k0xnjm1sxxxhc"}
{"type":"log","timestamp":1708156911877,"level":"info","message":"Starting rendering request 9","meta":{"rootId":"qrgh2vt7khnn1m0","id":"qrgh2vt7khnn1m0"},"id":"s69nq13zy8aii1r","previousOperationId":"f5k0xnjm1sxxxhc"}
{"type":"log","timestamp":1708156911877,"level":"info","message":"Rendering template { name: invoice-main, recipe: chrome-pdf, engine: handlebars, preview: true }","meta":{"rootId":"qrgh2vt7khnn1m0","id":"qrgh2vt7khnn1m0"},"id":"g8ydclzl3ye1zjz","previousOperationId":"f5k0xnjm1sxxxhc"}
{"type":"log","timestamp":1708156911879,"level":"debug","message":"Inline data specified.","meta":{"rootId":"qrgh2vt7khnn1m0","id":"qrgh2vt7khnn1m0"},"id":"awn8z8hk7nnsovr","previousOperationId":"f5k0xnjm1sxxxhc"}
{"type":"log","timestamp":1708156911885,"level":"debug","message":"Base url not specified, skipping its injection.","meta":{"rootId":"qrgh2vt7khnn1m0","id":"qrgh2vt7khnn1m0"},"id":"hjzsd6acbsjp4xu","previousOperationId":"f5k0xnjm1sxxxhc"}
{"type":"operationStart","subtype":"engine","name":"handlebars","timestamp":1708156911886,"id":"yvnoh2zj5zs3sva","previousEventId":"y3tqjzdyz4gswwv","operationId":"miizbd6pmryopqr","previousOperationId":"f5k0xnjm1sxxxhc"}
{"type":"log","timestamp":1708156911886,"level":"debug","message":"Rendering engine handlebars","meta":{"rootId":"qrgh2vt7khnn1m0","id":"qrgh2vt7khnn1m0"},"id":"mtpv4zev7vxv6jr","previousOperationId":"miizbd6pmryopqr"}
{"type":"log","timestamp":1708156911927,"level":"debug","message":"(console:log) Calculating item undefined; you should see this message in debug run","meta":{"userLevel":true,"rootId":"qrgh2vt7khnn1m0","id":"qrgh2vt7khnn1m0"},"id":"yye7lgowgl8fsz7","previousOperationId":"miizbd6pmryopqr"}
{"type":"operationEnd","operationId":"miizbd6pmryopqr","timestamp":1708156911931,"id":"6ysh131c468c2g2","previousEventId":"yvnoh2zj5zs3sva","previousOperationId":"miizbd6pmryopqr"}
{"type":"operationStart","subtype":"recipe","name":"chrome-pdf","timestamp":1708156911932,"id":"djbqquavuad215n","previousEventId":"6ysh131c468c2g2","operationId":"p1orp0mhjas5aar","previousOperationId":"miizbd6pmryopqr"}
{"type":"log","timestamp":1708156911932,"level":"debug","message":"Executing recipe chrome-pdf","meta":{"rootId":"qrgh2vt7khnn1m0","id":"qrgh2vt7khnn1m0"},"id":"9jcpr9qwnkcufbp","previousOperationId":"p1orp0mhjas5aar"}
{"type":"log","timestamp":1708156912492,"level":"debug","message":"Converting with chrome HeadlessChrome/117.0.5938.149 using chrome-pool strategy","meta":{"rootId":"qrgh2vt7khnn1m0","id":"qrgh2vt7khnn1m0"},"id":"qcun0k4dqzit75q","previousOperationId":"p1orp0mhjas5aar"}
{"type":"log","timestamp":1708156912739,"level":"debug","message":"Page request: GET (document) file:///C:/Users/USER/AppData/Local/Temp/jsreport/autocleanup/cf9373b0-899e-4136-9d8b-8faeecb49e94-chrome-pdf.html","meta":{"rootId":"qrgh2vt7khnn1m0","id":"qrgh2vt7khnn1m0"},"id":"14hjlrfah3cdrba","previousOperationId":"p1orp0mhjas5aar"}
{"type":"log","timestamp":1708156912756,"level":"debug","message":"Page request finished: GET (document) 200 file:///C:/Users/USER/AppData/Local/Temp/jsreport/autocleanup/cf9373b0-899e-4136-9d8b-8faeecb49e94-chrome-pdf.html","meta":{"rootId":"qrgh2vt7khnn1m0","id":"qrgh2vt7khnn1m0"},"id":"ot0i8g8hnh7fevz","previousOperationId":"p1orp0mhjas5aar"}
{"type":"log","timestamp":1708156912785,"level":"debug","message":"Running chrome with params {\"printBackground\":true,\"marginTop\":\"1cm\",\"marginRight\":\"1cm\",\"marginBottom\":\"1cm\",\"marginLeft\":\"1cm\",\"timeout\":59922,\"margin\":{\"top\":\"1cm\",\"right\":\"1cm\",\"bottom\":\"1cm\",\"left\":\"1cm\"}}","meta":{"rootId":"qrgh2vt7khnn1m0","id":"qrgh2vt7khnn1m0"},"id":"wreyjy2kt2yii6x","previousOperationId":"p1orp0mhjas5aar"}
{"type":"operationEnd","operationId":"p1orp0mhjas5aar","timestamp":1708156912982,"id":"7cr2q8jk13oawxs","previousEventId":"djbqquavuad215n","previousOperationId":"p1orp0mhjas5aar"}
{"type":"log","timestamp":1708156912982,"level":"debug","message":"Skipping storing report.","meta":{"rootId":"qrgh2vt7khnn1m0","id":"qrgh2vt7khnn1m0"},"id":"9jw3uc3c6u8upbl","previousOperationId":"p1orp0mhjas5aar"}
{"type":"log","timestamp":1708156912982,"level":"info","message":"Rendering request 9 finished in 1125 ms","meta":{"rootId":"qrgh2vt7khnn1m0","id":"qrgh2vt7khnn1m0"},"id":"4dymrwirwn0xolk","previousOperationId":"p1orp0mhjas5aar"}
{"type":"operationEnd","subtype":"render","operationId":"f5k0xnjm1sxxxhc","timestamp":1708156912982,"id":"pyb44myoxfhe674","previousEventId":"7cr2q8jk13oawxs","previousOperationId":"p1orp0mhjas5aar"}
{"type":"operationEnd","doDiffs":false,"previousEventId":"2z59m2cgh2ilvc5","previousOperationId":"xfi3om0nj4efjou","operationId":"xfi3om0nj4efjou","timestamp":1708156912986,"id":"tiemlyhqoq1vvsz"}
