{"type":"operationStart","subtype":"profile","data":{"_id":"kTRY0klniW7HCfDD","timestamp":"2024-02-15T06:39:35.945Z","state":"queued","mode":"standard","creationDate":"2024-02-15T06:39:35.948Z","modificationDate":"2024-02-15T06:39:35.948Z","shortid":"RUriHUT","$entitySet":"profiles"},"doDiffs":false,"timestamp":1707979175947,"id":"7a04z4pgo258ic6","previousOperationId":null,"operationId":"y1hn6q9f0qrxhdo"}
{"type":"log","level":"info","message":"Render request 20 queued for execution and waiting for available worker","previousOperationId":"y1hn6q9f0qrxhdo","timestamp":1707979175948,"id":"nkeuri2yj0q3lfe"}
{"type":"operationStart","subtype":"render","name":"invoice-main","previousOperationId":"y1hn6q9f0qrxhdo","timestamp":1707979175960,"id":"dgbofaxbqzpdblv","previousEventId":"7a04z4pgo258ic6","operationId":"bpp021hqct3s43i"}
{"type":"log","timestamp":1707979175960,"level":"info","message":"Starting rendering request 20","meta":{"rootId":"qxhf3nburm3ro6t","id":"qxhf3nburm3ro6t"},"id":"fn5z0ze8iqowndb","previousOperationId":"bpp021hqct3s43i"}
{"type":"log","timestamp":1707979175960,"level":"info","message":"Rendering template { name: invoice-main, recipe: chrome-pdf, engine: handlebars, preview: true }","meta":{"rootId":"qxhf3nburm3ro6t","id":"qxhf3nburm3ro6t"},"id":"rdyctkzx9ll8gjq","previousOperationId":"bpp021hqct3s43i"}
{"type":"log","timestamp":1707979175961,"level":"debug","message":"Inline data specified.","meta":{"rootId":"qxhf3nburm3ro6t","id":"qxhf3nburm3ro6t"},"id":"75w68c39cijqoaa","previousOperationId":"bpp021hqct3s43i"}
{"type":"log","timestamp":1707979175963,"level":"debug","message":"Base url not specified, skipping its injection.","meta":{"rootId":"qxhf3nburm3ro6t","id":"qxhf3nburm3ro6t"},"id":"t5tda6h9plgw0u8","previousOperationId":"bpp021hqct3s43i"}
{"type":"operationStart","subtype":"engine","name":"handlebars","timestamp":1707979175964,"id":"769a3nsewvskomo","previousEventId":"dgbofaxbqzpdblv","operationId":"tgcpdc44d0jfwx6","previousOperationId":"bpp021hqct3s43i"}
{"type":"log","timestamp":1707979175964,"level":"debug","message":"Rendering engine handlebars","meta":{"rootId":"qxhf3nburm3ro6t","id":"qxhf3nburm3ro6t"},"id":"8ra77q30v2p6am7","previousOperationId":"tgcpdc44d0jfwx6"}
{"type":"log","timestamp":1707979175986,"level":"debug","message":"(console:log) Calculating item Website design; you should see this message in debug run","meta":{"userLevel":true,"rootId":"qxhf3nburm3ro6t","id":"qxhf3nburm3ro6t"},"id":"jnv076pvumn9vuh","previousOperationId":"tgcpdc44d0jfwx6"}
{"type":"operationEnd","operationId":"tgcpdc44d0jfwx6","timestamp":1707979175988,"id":"ynmpe7wx758ldp2","previousEventId":"769a3nsewvskomo","previousOperationId":"tgcpdc44d0jfwx6"}
{"type":"operationStart","subtype":"recipe","name":"chrome-pdf","timestamp":1707979175989,"id":"cyxsxwstc6so994","previousEventId":"ynmpe7wx758ldp2","operationId":"dbvz2t2vgo97x8g","previousOperationId":"tgcpdc44d0jfwx6"}
{"type":"log","timestamp":1707979175989,"level":"debug","message":"Executing recipe chrome-pdf","meta":{"rootId":"qxhf3nburm3ro6t","id":"qxhf3nburm3ro6t"},"id":"yfznb9wt96qgprp","previousOperationId":"dbvz2t2vgo97x8g"}
{"type":"log","timestamp":1707979175994,"level":"debug","message":"Converting with chrome HeadlessChrome/117.0.5938.149 using chrome-pool strategy","meta":{"rootId":"qxhf3nburm3ro6t","id":"qxhf3nburm3ro6t"},"id":"ja8anwpsu1t9ml5","previousOperationId":"dbvz2t2vgo97x8g"}
{"type":"log","timestamp":1707979176112,"level":"debug","message":"Page request: GET (document) file:///C:/Users/USER/AppData/Local/Temp/jsreport/autocleanup/827834ce-b9a8-4499-834a-8bea6afdae8c-chrome-pdf.html","meta":{"rootId":"qxhf3nburm3ro6t","id":"qxhf3nburm3ro6t"},"id":"r3ov2eq6ggs7q3u","previousOperationId":"dbvz2t2vgo97x8g"}
{"type":"log","timestamp":1707979176120,"level":"debug","message":"Page request finished: GET (document) 200 file:///C:/Users/USER/AppData/Local/Temp/jsreport/autocleanup/827834ce-b9a8-4499-834a-8bea6afdae8c-chrome-pdf.html","meta":{"rootId":"qxhf3nburm3ro6t","id":"qxhf3nburm3ro6t"},"id":"i0f19hwmvxs807k","previousOperationId":"dbvz2t2vgo97x8g"}
{"type":"log","timestamp":1707979176143,"level":"debug","message":"Running chrome with params {\"printBackground\":true,\"marginTop\":\"1cm\",\"marginRight\":\"1cm\",\"marginBottom\":\"1cm\",\"marginLeft\":\"1cm\",\"timeout\":59954,\"margin\":{\"top\":\"1cm\",\"right\":\"1cm\",\"bottom\":\"1cm\",\"left\":\"1cm\"}}","meta":{"rootId":"qxhf3nburm3ro6t","id":"qxhf3nburm3ro6t"},"id":"tpb3c6iybyqvju9","previousOperationId":"dbvz2t2vgo97x8g"}
{"type":"operationEnd","operationId":"dbvz2t2vgo97x8g","timestamp":1707979176306,"id":"qzewsmvq8ep7jfx","previousEventId":"cyxsxwstc6so994","previousOperationId":"dbvz2t2vgo97x8g"}
{"type":"log","timestamp":1707979176306,"level":"debug","message":"Skipping storing report.","meta":{"rootId":"qxhf3nburm3ro6t","id":"qxhf3nburm3ro6t"},"id":"yuh6wa7nk1b8a8i","previousOperationId":"dbvz2t2vgo97x8g"}
{"type":"log","timestamp":1707979176306,"level":"info","message":"Rendering request 20 finished in 361 ms","meta":{"rootId":"qxhf3nburm3ro6t","id":"qxhf3nburm3ro6t"},"id":"iy1yjzzj93vju64","previousOperationId":"dbvz2t2vgo97x8g"}
{"type":"operationEnd","subtype":"render","operationId":"bpp021hqct3s43i","timestamp":1707979176306,"id":"5dqkdgv6phi57ed","previousEventId":"qzewsmvq8ep7jfx","previousOperationId":"dbvz2t2vgo97x8g"}
{"type":"operationEnd","doDiffs":false,"previousEventId":"7a04z4pgo258ic6","previousOperationId":"y1hn6q9f0qrxhdo","operationId":"y1hn6q9f0qrxhdo","timestamp":1707979176311,"id":"2f9vn541fv88qql"}
