{"type":"operationStart","subtype":"profile","data":{"_id":"Z4cxLIR1KGrOv23a","timestamp":"2024-02-15T08:39:48.309Z","state":"queued","mode":"standard","creationDate":"2024-02-15T08:39:48.311Z","modificationDate":"2024-02-15T08:39:48.311Z","shortid":"kHyovCx","$entitySet":"profiles"},"doDiffs":false,"timestamp":1707986388310,"id":"k2pyrzufi9ddoxq","previousOperationId":null,"operationId":"7f5fcr3zsxyd2vh"}
{"type":"log","level":"info","message":"Render request 33 queued for execution and waiting for available worker","previousOperationId":"7f5fcr3zsxyd2vh","timestamp":1707986388310,"id":"mdpkdoi9l960ikg"}
{"type":"operationStart","subtype":"render","name":"invoice-main","previousOperationId":"7f5fcr3zsxyd2vh","timestamp":1707986388321,"id":"me5rg6n3xox9dud","previousEventId":"k2pyrzufi9ddoxq","operationId":"oxpm9c55ww5kn7a"}
{"type":"log","timestamp":1707986388322,"level":"info","message":"Starting rendering request 33","meta":{"rootId":"r0l7b6r0neq9gf6","id":"r0l7b6r0neq9gf6"},"id":"q9kxttqutzsvz8e","previousOperationId":"oxpm9c55ww5kn7a"}
{"type":"log","timestamp":1707986388322,"level":"info","message":"Rendering template { name: invoice-main, recipe: chrome-pdf, engine: handlebars, preview: true }","meta":{"rootId":"r0l7b6r0neq9gf6","id":"r0l7b6r0neq9gf6"},"id":"8inj0x0mttj09uz","previousOperationId":"oxpm9c55ww5kn7a"}
{"type":"log","timestamp":1707986388323,"level":"debug","message":"Inline data specified.","meta":{"rootId":"r0l7b6r0neq9gf6","id":"r0l7b6r0neq9gf6"},"id":"0l4q497xpm4o2i1","previousOperationId":"oxpm9c55ww5kn7a"}
{"type":"log","timestamp":1707986388325,"level":"debug","message":"Base url not specified, skipping its injection.","meta":{"rootId":"r0l7b6r0neq9gf6","id":"r0l7b6r0neq9gf6"},"id":"ih1mo2jdfuscdvo","previousOperationId":"oxpm9c55ww5kn7a"}
{"type":"operationStart","subtype":"engine","name":"handlebars","timestamp":1707986388325,"id":"cipf2ok2brt1kno","previousEventId":"me5rg6n3xox9dud","operationId":"n5sykj90jsccwhq","previousOperationId":"oxpm9c55ww5kn7a"}
{"type":"log","timestamp":1707986388325,"level":"debug","message":"Rendering engine handlebars","meta":{"rootId":"r0l7b6r0neq9gf6","id":"r0l7b6r0neq9gf6"},"id":"kvm6la1gb2g5tmy","previousOperationId":"n5sykj90jsccwhq"}
{"type":"log","timestamp":1707986388347,"level":"debug","message":"(console:log) Calculating item undefined; you should see this message in debug run","meta":{"userLevel":true,"rootId":"r0l7b6r0neq9gf6","id":"r0l7b6r0neq9gf6"},"id":"m65gujx1d2gvijk","previousOperationId":"n5sykj90jsccwhq"}
{"type":"log","timestamp":1707986388347,"level":"debug","message":"(console:log) Calculating item undefined; you should see this message in debug run","meta":{"userLevel":true,"rootId":"r0l7b6r0neq9gf6","id":"r0l7b6r0neq9gf6"},"id":"grtavs4zqkhzemh","previousOperationId":"n5sykj90jsccwhq"}
{"type":"operationEnd","operationId":"n5sykj90jsccwhq","timestamp":1707986388348,"id":"zh113z1xucoivg6","previousEventId":"cipf2ok2brt1kno","previousOperationId":"n5sykj90jsccwhq"}
{"type":"operationStart","subtype":"recipe","name":"chrome-pdf","timestamp":1707986388349,"id":"utk5zoohj6pf79g","previousEventId":"zh113z1xucoivg6","operationId":"9uqhfq3wnnoqpw5","previousOperationId":"n5sykj90jsccwhq"}
{"type":"log","timestamp":1707986388349,"level":"debug","message":"Executing recipe chrome-pdf","meta":{"rootId":"r0l7b6r0neq9gf6","id":"r0l7b6r0neq9gf6"},"id":"3cutv46aq5jmwgd","previousOperationId":"9uqhfq3wnnoqpw5"}
{"type":"log","timestamp":1707986388353,"level":"debug","message":"Converting with chrome HeadlessChrome/117.0.5938.149 using chrome-pool strategy","meta":{"rootId":"r0l7b6r0neq9gf6","id":"r0l7b6r0neq9gf6"},"id":"bqiyijf5yeiqnc8","previousOperationId":"9uqhfq3wnnoqpw5"}
{"type":"log","timestamp":1707986388475,"level":"debug","message":"Page request: GET (document) file:///C:/Users/USER/AppData/Local/Temp/jsreport/autocleanup/ab55ae2a-f920-42b4-a974-82acdd7790ef-chrome-pdf.html","meta":{"rootId":"r0l7b6r0neq9gf6","id":"r0l7b6r0neq9gf6"},"id":"lgru3gtfyyuib5k","previousOperationId":"9uqhfq3wnnoqpw5"}
{"type":"log","timestamp":1707986388482,"level":"debug","message":"Page request finished: GET (document) 200 file:///C:/Users/USER/AppData/Local/Temp/jsreport/autocleanup/ab55ae2a-f920-42b4-a974-82acdd7790ef-chrome-pdf.html","meta":{"rootId":"r0l7b6r0neq9gf6","id":"r0l7b6r0neq9gf6"},"id":"5xg8d92dcaq49qa","previousOperationId":"9uqhfq3wnnoqpw5"}
{"type":"log","timestamp":1707986388501,"level":"debug","message":"Running chrome with params {\"printBackground\":true,\"marginTop\":\"1cm\",\"marginRight\":\"1cm\",\"marginBottom\":\"1cm\",\"marginLeft\":\"1cm\",\"timeout\":59957,\"margin\":{\"top\":\"1cm\",\"right\":\"1cm\",\"bottom\":\"1cm\",\"left\":\"1cm\"}}","meta":{"rootId":"r0l7b6r0neq9gf6","id":"r0l7b6r0neq9gf6"},"id":"xqn3czpsv2af8uc","previousOperationId":"9uqhfq3wnnoqpw5"}
{"type":"operationEnd","operationId":"9uqhfq3wnnoqpw5","timestamp":1707986388695,"id":"oohrdzekloqfk8n","previousEventId":"utk5zoohj6pf79g","previousOperationId":"9uqhfq3wnnoqpw5"}
{"type":"log","timestamp":1707986388695,"level":"debug","message":"Skipping storing report.","meta":{"rootId":"r0l7b6r0neq9gf6","id":"r0l7b6r0neq9gf6"},"id":"9l8cd6hx5sy9ky4","previousOperationId":"9uqhfq3wnnoqpw5"}
{"type":"log","timestamp":1707986388695,"level":"info","message":"Rendering request 33 finished in 387 ms","meta":{"rootId":"r0l7b6r0neq9gf6","id":"r0l7b6r0neq9gf6"},"id":"udgv3loo5k521ju","previousOperationId":"9uqhfq3wnnoqpw5"}
{"type":"operationEnd","subtype":"render","operationId":"oxpm9c55ww5kn7a","timestamp":1707986388695,"id":"4ljy3q9epee45i9","previousEventId":"oohrdzekloqfk8n","previousOperationId":"9uqhfq3wnnoqpw5"}
{"type":"operationEnd","doDiffs":false,"previousEventId":"k2pyrzufi9ddoxq","previousOperationId":"7f5fcr3zsxyd2vh","operationId":"7f5fcr3zsxyd2vh","timestamp":1707986388700,"id":"ycgc7frm8azzmnd"}
