{"type":"operationStart","subtype":"profile","data":{"_id":"qGxEMTEs60ulNQ5e","timestamp":"2024-02-15T07:38:21.638Z","state":"queued","mode":"standard","creationDate":"2024-02-15T07:38:21.640Z","modificationDate":"2024-02-15T07:38:21.640Z","shortid":"sWwENwY","$entitySet":"profiles"},"doDiffs":false,"timestamp":1707982701639,"id":"jqn19hoc4l0d9lp","previousOperationId":null,"operationId":"8vkt8teghodyg10"}
{"type":"log","level":"info","message":"Render request 42 queued for execution and waiting for available worker","previousOperationId":"8vkt8teghodyg10","timestamp":1707982701639,"id":"bqzhvygj5m76v7y"}
{"type":"operationStart","subtype":"render","name":"invoice-main","previousOperationId":"8vkt8teghodyg10","timestamp":1707982701650,"id":"5ced9zek4upbuit","previousEventId":"jqn19hoc4l0d9lp","operationId":"fldmtt0g08ya9dq"}
{"type":"log","timestamp":1707982701650,"level":"info","message":"Starting rendering request 42","meta":{"rootId":"rcedvr6wvwuxmxj","id":"rcedvr6wvwuxmxj"},"id":"u7z9471x5zfbor8","previousOperationId":"fldmtt0g08ya9dq"}
{"type":"log","timestamp":1707982701650,"level":"info","message":"Rendering template { name: invoice-main, recipe: chrome-pdf, engine: handlebars, preview: true }","meta":{"rootId":"rcedvr6wvwuxmxj","id":"rcedvr6wvwuxmxj"},"id":"ty3o4xx3hde5yk4","previousOperationId":"fldmtt0g08ya9dq"}
{"type":"log","timestamp":1707982701650,"level":"debug","message":"Inline data specified.","meta":{"rootId":"rcedvr6wvwuxmxj","id":"rcedvr6wvwuxmxj"},"id":"1gqsqz0u52o9ee9","previousOperationId":"fldmtt0g08ya9dq"}
{"type":"log","timestamp":1707982701653,"level":"debug","message":"Base url not specified, skipping its injection.","meta":{"rootId":"rcedvr6wvwuxmxj","id":"rcedvr6wvwuxmxj"},"id":"wgp2yr28d06j16h","previousOperationId":"fldmtt0g08ya9dq"}
{"type":"operationStart","subtype":"engine","name":"handlebars","timestamp":1707982701653,"id":"5619mz9i1bxi92i","previousEventId":"5ced9zek4upbuit","operationId":"o6esse1gzqerq4v","previousOperationId":"fldmtt0g08ya9dq"}
{"type":"log","timestamp":1707982701653,"level":"debug","message":"Rendering engine handlebars","meta":{"rootId":"rcedvr6wvwuxmxj","id":"rcedvr6wvwuxmxj"},"id":"u9bpnjerhxr07co","previousOperationId":"o6esse1gzqerq4v"}
{"type":"log","timestamp":1707982701674,"level":"debug","message":"(console:log) Calculating item undefined; you should see this message in debug run","meta":{"userLevel":true,"rootId":"rcedvr6wvwuxmxj","id":"rcedvr6wvwuxmxj"},"id":"bii4iys0zmme08o","previousOperationId":"o6esse1gzqerq4v"}
{"type":"operationEnd","operationId":"o6esse1gzqerq4v","timestamp":1707982701676,"id":"ey5ozexqtirmtdo","previousEventId":"5619mz9i1bxi92i","previousOperationId":"o6esse1gzqerq4v"}
{"type":"operationStart","subtype":"recipe","name":"chrome-pdf","timestamp":1707982701676,"id":"fu9xsadh9ke2v3d","previousEventId":"ey5ozexqtirmtdo","operationId":"jkj380pgxpmrkzs","previousOperationId":"o6esse1gzqerq4v"}
{"type":"log","timestamp":1707982701676,"level":"debug","message":"Executing recipe chrome-pdf","meta":{"rootId":"rcedvr6wvwuxmxj","id":"rcedvr6wvwuxmxj"},"id":"cltbt7gjnns9qfu","previousOperationId":"jkj380pgxpmrkzs"}
{"type":"log","timestamp":1707982701679,"level":"debug","message":"Converting with chrome HeadlessChrome/117.0.5938.149 using chrome-pool strategy","meta":{"rootId":"rcedvr6wvwuxmxj","id":"rcedvr6wvwuxmxj"},"id":"cchxebx6yernu5r","previousOperationId":"jkj380pgxpmrkzs"}
{"type":"log","timestamp":1707982701800,"level":"debug","message":"Page request: GET (document) file:///C:/Users/USER/AppData/Local/Temp/jsreport/autocleanup/32c80b8a-f639-45c2-836c-eb5f9983c3f2-chrome-pdf.html","meta":{"rootId":"rcedvr6wvwuxmxj","id":"rcedvr6wvwuxmxj"},"id":"ar6jweo5qfushzr","previousOperationId":"jkj380pgxpmrkzs"}
{"type":"log","timestamp":1707982701810,"level":"debug","message":"Page request finished: GET (document) 200 file:///C:/Users/USER/AppData/Local/Temp/jsreport/autocleanup/32c80b8a-f639-45c2-836c-eb5f9983c3f2-chrome-pdf.html","meta":{"rootId":"rcedvr6wvwuxmxj","id":"rcedvr6wvwuxmxj"},"id":"wse6j2p91wgivke","previousOperationId":"jkj380pgxpmrkzs"}
{"type":"log","timestamp":1707982701829,"level":"debug","message":"Running chrome with params {\"printBackground\":true,\"marginTop\":\"1cm\",\"marginRight\":\"1cm\",\"marginBottom\":\"1cm\",\"marginLeft\":\"1cm\",\"timeout\":59959,\"margin\":{\"top\":\"1cm\",\"right\":\"1cm\",\"bottom\":\"1cm\",\"left\":\"1cm\"}}","meta":{"rootId":"rcedvr6wvwuxmxj","id":"rcedvr6wvwuxmxj"},"id":"vyfasktfh93xsw3","previousOperationId":"jkj380pgxpmrkzs"}
{"type":"operationEnd","operationId":"jkj380pgxpmrkzs","timestamp":1707982702004,"id":"jbtq1nqdx9l8dyw","previousEventId":"fu9xsadh9ke2v3d","previousOperationId":"jkj380pgxpmrkzs"}
{"type":"log","timestamp":1707982702004,"level":"debug","message":"Skipping storing report.","meta":{"rootId":"rcedvr6wvwuxmxj","id":"rcedvr6wvwuxmxj"},"id":"7i8cl45chiw44mc","previousOperationId":"jkj380pgxpmrkzs"}
{"type":"log","timestamp":1707982702004,"level":"info","message":"Rendering request 42 finished in 367 ms","meta":{"rootId":"rcedvr6wvwuxmxj","id":"rcedvr6wvwuxmxj"},"id":"o0idvrb10dcqyv7","previousOperationId":"jkj380pgxpmrkzs"}
{"type":"operationEnd","subtype":"render","operationId":"fldmtt0g08ya9dq","timestamp":1707982702004,"id":"gta3f13atkhmpa0","previousEventId":"jbtq1nqdx9l8dyw","previousOperationId":"jkj380pgxpmrkzs"}
{"type":"operationEnd","doDiffs":false,"previousEventId":"jqn19hoc4l0d9lp","previousOperationId":"8vkt8teghodyg10","operationId":"8vkt8teghodyg10","timestamp":1707982702012,"id":"e1u4y4ywm2gt8u8"}
