{"type":"operationStart","subtype":"profile","data":{"_id":"lncIURAI668nLqj7","timestamp":"2024-02-15T07:19:20.520Z","state":"queued","mode":"standard","creationDate":"2024-02-15T07:19:20.523Z","modificationDate":"2024-02-15T07:19:20.523Z","shortid":"4dXqwex","$entitySet":"profiles"},"doDiffs":false,"timestamp":1707981560522,"id":"is2v8rzbgml9p51","previousOperationId":null,"operationId":"42z1g3f2msq4kp2"}
{"type":"log","level":"info","message":"Render request 25 queued for execution and waiting for available worker","previousOperationId":"42z1g3f2msq4kp2","timestamp":1707981560522,"id":"h7p6n611knmqriq"}
{"type":"operationStart","subtype":"render","name":"invoice-main","previousOperationId":"42z1g3f2msq4kp2","timestamp":1707981560532,"id":"ulsewojsrsnvr9u","previousEventId":"is2v8rzbgml9p51","operationId":"8dut1waewu06vz2"}
{"type":"log","timestamp":1707981560533,"level":"info","message":"Starting rendering request 25","meta":{"rootId":"rsxo94e6q9mg8ne","id":"rsxo94e6q9mg8ne"},"id":"fnfcrkbqyzmxtb1","previousOperationId":"8dut1waewu06vz2"}
{"type":"log","timestamp":1707981560533,"level":"info","message":"Rendering template { name: invoice-main, recipe: chrome-pdf, engine: handlebars, preview: true }","meta":{"rootId":"rsxo94e6q9mg8ne","id":"rsxo94e6q9mg8ne"},"id":"7ciuhl5seyy89tn","previousOperationId":"8dut1waewu06vz2"}
{"type":"log","timestamp":1707981560534,"level":"debug","message":"Inline data specified.","meta":{"rootId":"rsxo94e6q9mg8ne","id":"rsxo94e6q9mg8ne"},"id":"ubdty27zc2dup0g","previousOperationId":"8dut1waewu06vz2"}
{"type":"log","timestamp":1707981560535,"level":"debug","message":"Base url not specified, skipping its injection.","meta":{"rootId":"rsxo94e6q9mg8ne","id":"rsxo94e6q9mg8ne"},"id":"tpo9t5zmxm1g6h6","previousOperationId":"8dut1waewu06vz2"}
{"type":"operationStart","subtype":"engine","name":"handlebars","timestamp":1707981560535,"id":"xdy3xqi8rnlk87n","previousEventId":"ulsewojsrsnvr9u","operationId":"zz2nuka7auzmczj","previousOperationId":"8dut1waewu06vz2"}
{"type":"log","timestamp":1707981560536,"level":"debug","message":"Rendering engine handlebars","meta":{"rootId":"rsxo94e6q9mg8ne","id":"rsxo94e6q9mg8ne"},"id":"9ewidpch35nsoe7","previousOperationId":"zz2nuka7auzmczj"}
{"type":"log","timestamp":1707981560561,"level":"debug","message":"(console:log) Calculating item Website design; you should see this message in debug run","meta":{"userLevel":true,"rootId":"rsxo94e6q9mg8ne","id":"rsxo94e6q9mg8ne"},"id":"za6xf8l6ml8hyk3","previousOperationId":"zz2nuka7auzmczj"}
{"type":"operationEnd","operationId":"zz2nuka7auzmczj","timestamp":1707981560563,"id":"u0yuh3nlpi2n9iw","previousEventId":"xdy3xqi8rnlk87n","previousOperationId":"zz2nuka7auzmczj"}
{"type":"operationStart","subtype":"recipe","name":"chrome-pdf","timestamp":1707981560564,"id":"inw7f34xhw8emjc","previousEventId":"u0yuh3nlpi2n9iw","operationId":"z491zg1p0wsvba4","previousOperationId":"zz2nuka7auzmczj"}
{"type":"log","timestamp":1707981560564,"level":"debug","message":"Executing recipe chrome-pdf","meta":{"rootId":"rsxo94e6q9mg8ne","id":"rsxo94e6q9mg8ne"},"id":"31ignrp08ujb12v","previousOperationId":"z491zg1p0wsvba4"}
{"type":"log","timestamp":1707981560570,"level":"debug","message":"Converting with chrome HeadlessChrome/117.0.5938.149 using chrome-pool strategy","meta":{"rootId":"rsxo94e6q9mg8ne","id":"rsxo94e6q9mg8ne"},"id":"ziipq5yz3ibwmnf","previousOperationId":"z491zg1p0wsvba4"}
{"type":"log","timestamp":1707981560682,"level":"debug","message":"Page request: GET (document) file:///C:/Users/USER/AppData/Local/Temp/jsreport/autocleanup/0c73b71e-63a1-48b8-a617-4d9027e101c8-chrome-pdf.html","meta":{"rootId":"rsxo94e6q9mg8ne","id":"rsxo94e6q9mg8ne"},"id":"6hcbw54z152edt3","previousOperationId":"z491zg1p0wsvba4"}
{"type":"log","timestamp":1707981560690,"level":"debug","message":"Page request finished: GET (document) 200 file:///C:/Users/USER/AppData/Local/Temp/jsreport/autocleanup/0c73b71e-63a1-48b8-a617-4d9027e101c8-chrome-pdf.html","meta":{"rootId":"rsxo94e6q9mg8ne","id":"rsxo94e6q9mg8ne"},"id":"6vjgn9svjlyw2g9","previousOperationId":"z491zg1p0wsvba4"}
{"type":"log","timestamp":1707981560712,"level":"debug","message":"Running chrome with params {\"printBackground\":true,\"marginTop\":\"1cm\",\"marginRight\":\"1cm\",\"marginBottom\":\"1cm\",\"marginLeft\":\"1cm\",\"timeout\":59952,\"margin\":{\"top\":\"1cm\",\"right\":\"1cm\",\"bottom\":\"1cm\",\"left\":\"1cm\"}}","meta":{"rootId":"rsxo94e6q9mg8ne","id":"rsxo94e6q9mg8ne"},"id":"ffy30fhgcg1z406","previousOperationId":"z491zg1p0wsvba4"}
{"type":"operationEnd","operationId":"z491zg1p0wsvba4","timestamp":1707981560861,"id":"jgu4qczsnkmjf46","previousEventId":"inw7f34xhw8emjc","previousOperationId":"z491zg1p0wsvba4"}
{"type":"log","timestamp":1707981560861,"level":"debug","message":"Skipping storing report.","meta":{"rootId":"rsxo94e6q9mg8ne","id":"rsxo94e6q9mg8ne"},"id":"q8w2muuasy9psf4","previousOperationId":"z491zg1p0wsvba4"}
{"type":"log","timestamp":1707981560862,"level":"info","message":"Rendering request 25 finished in 342 ms","meta":{"rootId":"rsxo94e6q9mg8ne","id":"rsxo94e6q9mg8ne"},"id":"9yurpg5cc6sedyd","previousOperationId":"z491zg1p0wsvba4"}
{"type":"operationEnd","subtype":"render","operationId":"8dut1waewu06vz2","timestamp":1707981560862,"id":"vq32tlxzhf0iv3z","previousEventId":"jgu4qczsnkmjf46","previousOperationId":"z491zg1p0wsvba4"}
{"type":"operationEnd","doDiffs":false,"previousEventId":"is2v8rzbgml9p51","previousOperationId":"42z1g3f2msq4kp2","operationId":"42z1g3f2msq4kp2","timestamp":1707981560865,"id":"rmqzcuoputl6huf"}
