{"type":"operationStart","subtype":"profile","data":{"_id":"K81wDEOkF28Tkyhp","timestamp":"2024-02-15T07:20:02.434Z","state":"queued","mode":"standard","creationDate":"2024-02-15T07:20:02.436Z","modificationDate":"2024-02-15T07:20:02.436Z","shortid":"IrGJ9Oj","$entitySet":"profiles"},"doDiffs":false,"timestamp":1707981602435,"id":"bb46ttnlszzqdbm","previousOperationId":null,"operationId":"6a237lvhp0obqvd"}
{"type":"log","level":"info","message":"Render request 28 queued for execution and waiting for available worker","previousOperationId":"6a237lvhp0obqvd","timestamp":1707981602435,"id":"odjz2m30zualijp"}
{"type":"operationStart","subtype":"render","name":"invoice-main","previousOperationId":"6a237lvhp0obqvd","timestamp":1707981602448,"id":"ryfxrfv7jxmiwov","previousEventId":"bb46ttnlszzqdbm","operationId":"fpbpo3wsxpmm2et"}
{"type":"log","timestamp":1707981602448,"level":"info","message":"Starting rendering request 28","meta":{"rootId":"s16mu2cotp0goqz","id":"s16mu2cotp0goqz"},"id":"odlq532npvpxi49","previousOperationId":"fpbpo3wsxpmm2et"}
{"type":"log","timestamp":1707981602449,"level":"info","message":"Rendering template { name: invoice-main, recipe: chrome-pdf, engine: handlebars, preview: true }","meta":{"rootId":"s16mu2cotp0goqz","id":"s16mu2cotp0goqz"},"id":"y9nj0m3o6uflabt","previousOperationId":"fpbpo3wsxpmm2et"}
{"type":"log","timestamp":1707981602450,"level":"debug","message":"Inline data specified.","meta":{"rootId":"s16mu2cotp0goqz","id":"s16mu2cotp0goqz"},"id":"b733wshu1vtgpio","previousOperationId":"fpbpo3wsxpmm2et"}
{"type":"log","timestamp":1707981602453,"level":"debug","message":"Base url not specified, skipping its injection.","meta":{"rootId":"s16mu2cotp0goqz","id":"s16mu2cotp0goqz"},"id":"da0ho1uhi0zrywc","previousOperationId":"fpbpo3wsxpmm2et"}
{"type":"operationStart","subtype":"engine","name":"handlebars","timestamp":1707981602453,"id":"qe01kia8a7k0guf","previousEventId":"ryfxrfv7jxmiwov","operationId":"gx88dpizye7sxqz","previousOperationId":"fpbpo3wsxpmm2et"}
{"type":"log","timestamp":1707981602453,"level":"debug","message":"Rendering engine handlebars","meta":{"rootId":"s16mu2cotp0goqz","id":"s16mu2cotp0goqz"},"id":"c1oc340hmxcgl09","previousOperationId":"gx88dpizye7sxqz"}
{"type":"log","timestamp":1707981602492,"level":"debug","message":"(console:log) Calculating item Website design; you should see this message in debug run","meta":{"userLevel":true,"rootId":"s16mu2cotp0goqz","id":"s16mu2cotp0goqz"},"id":"9107ozs9r4nw4ik","previousOperationId":"gx88dpizye7sxqz"}
{"type":"operationEnd","operationId":"gx88dpizye7sxqz","timestamp":1707981602495,"id":"ru4knvlj3io4rab","previousEventId":"qe01kia8a7k0guf","previousOperationId":"gx88dpizye7sxqz"}
{"type":"operationStart","subtype":"recipe","name":"chrome-pdf","timestamp":1707981602496,"id":"tq82w9dof081b9v","previousEventId":"ru4knvlj3io4rab","operationId":"kavms5mw7z3f51o","previousOperationId":"gx88dpizye7sxqz"}
{"type":"log","timestamp":1707981602496,"level":"debug","message":"Executing recipe chrome-pdf","meta":{"rootId":"s16mu2cotp0goqz","id":"s16mu2cotp0goqz"},"id":"60czv0hae11dgoq","previousOperationId":"kavms5mw7z3f51o"}
{"type":"log","timestamp":1707981602500,"level":"debug","message":"Converting with chrome HeadlessChrome/117.0.5938.149 using chrome-pool strategy","meta":{"rootId":"s16mu2cotp0goqz","id":"s16mu2cotp0goqz"},"id":"w2mixoufsncbz4p","previousOperationId":"kavms5mw7z3f51o"}
{"type":"log","timestamp":1707981602622,"level":"debug","message":"Page request: GET (document) file:///C:/Users/USER/AppData/Local/Temp/jsreport/autocleanup/eba85efb-f541-418c-8166-74a2fb604f46-chrome-pdf.html","meta":{"rootId":"s16mu2cotp0goqz","id":"s16mu2cotp0goqz"},"id":"3b71s0xwcgioy3r","previousOperationId":"kavms5mw7z3f51o"}
{"type":"log","timestamp":1707981602631,"level":"debug","message":"Page request finished: GET (document) 200 file:///C:/Users/USER/AppData/Local/Temp/jsreport/autocleanup/eba85efb-f541-418c-8166-74a2fb604f46-chrome-pdf.html","meta":{"rootId":"s16mu2cotp0goqz","id":"s16mu2cotp0goqz"},"id":"tmaj7l77h8g4of1","previousOperationId":"kavms5mw7z3f51o"}
{"type":"log","timestamp":1707981602649,"level":"debug","message":"Running chrome with params {\"printBackground\":true,\"marginTop\":\"1cm\",\"marginRight\":\"1cm\",\"marginBottom\":\"1cm\",\"marginLeft\":\"1cm\",\"timeout\":59935,\"margin\":{\"top\":\"1cm\",\"right\":\"1cm\",\"bottom\":\"1cm\",\"left\":\"1cm\"}}","meta":{"rootId":"s16mu2cotp0goqz","id":"s16mu2cotp0goqz"},"id":"ctzp26th61zmegk","previousOperationId":"kavms5mw7z3f51o"}
{"type":"operationEnd","operationId":"kavms5mw7z3f51o","timestamp":1707981602806,"id":"iqhefeusmk009we","previousEventId":"tq82w9dof081b9v","previousOperationId":"kavms5mw7z3f51o"}
{"type":"log","timestamp":1707981602806,"level":"debug","message":"Skipping storing report.","meta":{"rootId":"s16mu2cotp0goqz","id":"s16mu2cotp0goqz"},"id":"dh8kp0mnsa4u61e","previousOperationId":"kavms5mw7z3f51o"}
{"type":"log","timestamp":1707981602806,"level":"info","message":"Rendering request 28 finished in 372 ms","meta":{"rootId":"s16mu2cotp0goqz","id":"s16mu2cotp0goqz"},"id":"fd2mqqyfosphboj","previousOperationId":"kavms5mw7z3f51o"}
{"type":"operationEnd","subtype":"render","operationId":"fpbpo3wsxpmm2et","timestamp":1707981602806,"id":"lbv3b3xus4a7ndd","previousEventId":"iqhefeusmk009we","previousOperationId":"kavms5mw7z3f51o"}
{"type":"operationEnd","doDiffs":false,"previousEventId":"bb46ttnlszzqdbm","previousOperationId":"6a237lvhp0obqvd","operationId":"6a237lvhp0obqvd","timestamp":1707981602813,"id":"a9fk6u7kn02d12b"}
