{"type":"operationStart","subtype":"profile","data":{"_id":"EJTM4b1F35ZmjoHc","timestamp":"2024-02-15T07:37:54.087Z","state":"queued","mode":"standard","creationDate":"2024-02-15T07:37:54.088Z","modificationDate":"2024-02-15T07:37:54.088Z","shortid":"0EPWbkz","$entitySet":"profiles"},"doDiffs":false,"timestamp":1707982674088,"id":"p9p3r964c9yca1h","previousOperationId":null,"operationId":"ljzg9p430rap7il"}
{"type":"log","level":"info","message":"Render request 40 queued for execution and waiting for available worker","previousOperationId":"ljzg9p430rap7il","timestamp":1707982674088,"id":"gbwc6g19l12f2xz"}
{"type":"operationStart","subtype":"render","name":"invoice-main","previousOperationId":"ljzg9p430rap7il","timestamp":1707982674110,"id":"j8eflwwlmm9p9y0","previousEventId":"p9p3r964c9yca1h","operationId":"l0a18s163iri3l5"}
{"type":"log","timestamp":1707982674110,"level":"info","message":"Starting rendering request 40","meta":{"rootId":"sbmhitpo4vg0en7","id":"sbmhitpo4vg0en7"},"id":"f9nvybgz15pw8sd","previousOperationId":"l0a18s163iri3l5"}
{"type":"log","timestamp":1707982674110,"level":"info","message":"Rendering template { name: invoice-main, recipe: chrome-pdf, engine: handlebars, preview: true }","meta":{"rootId":"sbmhitpo4vg0en7","id":"sbmhitpo4vg0en7"},"id":"lmhu3ieqnxg6yc8","previousOperationId":"l0a18s163iri3l5"}
{"type":"log","timestamp":1707982674111,"level":"debug","message":"Inline data specified.","meta":{"rootId":"sbmhitpo4vg0en7","id":"sbmhitpo4vg0en7"},"id":"dnx7p7hvwr9ljy7","previousOperationId":"l0a18s163iri3l5"}
{"type":"log","timestamp":1707982674113,"level":"debug","message":"Base url not specified, skipping its injection.","meta":{"rootId":"sbmhitpo4vg0en7","id":"sbmhitpo4vg0en7"},"id":"rttvldcbdofuz5x","previousOperationId":"l0a18s163iri3l5"}
{"type":"operationStart","subtype":"engine","name":"handlebars","timestamp":1707982674113,"id":"1575ulyg8zdv0bc","previousEventId":"j8eflwwlmm9p9y0","operationId":"6ra753k2kr7r2nt","previousOperationId":"l0a18s163iri3l5"}
{"type":"log","timestamp":1707982674113,"level":"debug","message":"Rendering engine handlebars","meta":{"rootId":"sbmhitpo4vg0en7","id":"sbmhitpo4vg0en7"},"id":"gl4rlxjpxywb4e4","previousOperationId":"6ra753k2kr7r2nt"}
{"type":"log","timestamp":1707982674154,"level":"debug","message":"(console:log) Calculating item undefined; you should see this message in debug run","meta":{"userLevel":true,"rootId":"sbmhitpo4vg0en7","id":"sbmhitpo4vg0en7"},"id":"we4760593hqm5eo","previousOperationId":"6ra753k2kr7r2nt"}
{"type":"operationEnd","operationId":"6ra753k2kr7r2nt","timestamp":1707982674158,"id":"wb43i4m0rq4uoo4","previousEventId":"1575ulyg8zdv0bc","previousOperationId":"6ra753k2kr7r2nt"}
{"type":"operationStart","subtype":"recipe","name":"chrome-pdf","timestamp":1707982674159,"id":"5e926mhpteoztja","previousEventId":"wb43i4m0rq4uoo4","operationId":"zrjch7rw2bevn8a","previousOperationId":"6ra753k2kr7r2nt"}
{"type":"log","timestamp":1707982674159,"level":"debug","message":"Executing recipe chrome-pdf","meta":{"rootId":"sbmhitpo4vg0en7","id":"sbmhitpo4vg0en7"},"id":"b9pklojn8wwy2gt","previousOperationId":"zrjch7rw2bevn8a"}
{"type":"log","timestamp":1707982674163,"level":"debug","message":"Converting with chrome HeadlessChrome/117.0.5938.149 using chrome-pool strategy","meta":{"rootId":"sbmhitpo4vg0en7","id":"sbmhitpo4vg0en7"},"id":"7v6vo1y97x4mgw9","previousOperationId":"zrjch7rw2bevn8a"}
{"type":"log","timestamp":1707982674315,"level":"debug","message":"Page request: GET (document) file:///C:/Users/USER/AppData/Local/Temp/jsreport/autocleanup/a986dc8b-0bdd-4730-9a9e-fa84520beab3-chrome-pdf.html","meta":{"rootId":"sbmhitpo4vg0en7","id":"sbmhitpo4vg0en7"},"id":"vbtkx0olyhha7rq","previousOperationId":"zrjch7rw2bevn8a"}
{"type":"log","timestamp":1707982674327,"level":"debug","message":"Page request finished: GET (document) 200 file:///C:/Users/USER/AppData/Local/Temp/jsreport/autocleanup/a986dc8b-0bdd-4730-9a9e-fa84520beab3-chrome-pdf.html","meta":{"rootId":"sbmhitpo4vg0en7","id":"sbmhitpo4vg0en7"},"id":"g3ly87dxwnbjmee","previousOperationId":"zrjch7rw2bevn8a"}
{"type":"log","timestamp":1707982674351,"level":"debug","message":"Running chrome with params {\"printBackground\":true,\"marginTop\":\"1cm\",\"marginRight\":\"1cm\",\"marginBottom\":\"1cm\",\"marginLeft\":\"1cm\",\"timeout\":59925,\"margin\":{\"top\":\"1cm\",\"right\":\"1cm\",\"bottom\":\"1cm\",\"left\":\"1cm\"}}","meta":{"rootId":"sbmhitpo4vg0en7","id":"sbmhitpo4vg0en7"},"id":"xwj6m1k3lkf1p85","previousOperationId":"zrjch7rw2bevn8a"}
{"type":"operationEnd","operationId":"zrjch7rw2bevn8a","timestamp":1707982674521,"id":"a5686y5v3bfokaf","previousEventId":"5e926mhpteoztja","previousOperationId":"zrjch7rw2bevn8a"}
{"type":"log","timestamp":1707982674521,"level":"debug","message":"Skipping storing report.","meta":{"rootId":"sbmhitpo4vg0en7","id":"sbmhitpo4vg0en7"},"id":"ydfh9rsi227ihuy","previousOperationId":"zrjch7rw2bevn8a"}
{"type":"log","timestamp":1707982674521,"level":"info","message":"Rendering request 40 finished in 434 ms","meta":{"rootId":"sbmhitpo4vg0en7","id":"sbmhitpo4vg0en7"},"id":"0sf0hfes8ilg580","previousOperationId":"zrjch7rw2bevn8a"}
{"type":"operationEnd","subtype":"render","operationId":"l0a18s163iri3l5","timestamp":1707982674521,"id":"0y66mukwdntwo5w","previousEventId":"a5686y5v3bfokaf","previousOperationId":"zrjch7rw2bevn8a"}
{"type":"operationEnd","doDiffs":false,"previousEventId":"p9p3r964c9yca1h","previousOperationId":"ljzg9p430rap7il","operationId":"ljzg9p430rap7il","timestamp":1707982674527,"id":"5quav51ztn7r2v7"}
