{"type":"operationStart","subtype":"profile","data":{"_id":"0zaqybyqZ4GHVHf2","timestamp":"2024-02-15T08:53:23.279Z","state":"queued","mode":"standard","creationDate":"2024-02-15T08:53:23.280Z","modificationDate":"2024-02-15T08:53:23.280Z","shortid":"WBVe53A","$entitySet":"profiles"},"doDiffs":false,"timestamp":1707987203280,"id":"crhs1ame5nwhq9c","previousOperationId":null,"operationId":"z5n5mdvmtfclma2"}
{"type":"log","level":"info","message":"Render request 36 queued for execution and waiting for available worker","previousOperationId":"z5n5mdvmtfclma2","timestamp":1707987203280,"id":"h9txwv5ojcvsdth"}
{"type":"operationStart","subtype":"render","name":"invoice-main","previousOperationId":"z5n5mdvmtfclma2","timestamp":1707987203291,"id":"vmc2nqmsjpywlnx","previousEventId":"crhs1ame5nwhq9c","operationId":"gso8tmaqkx9l2qw"}
{"type":"log","timestamp":1707987203291,"level":"info","message":"Starting rendering request 36","meta":{"rootId":"tb6k8tyj0kwbq1y","id":"tb6k8tyj0kwbq1y"},"id":"kl5vc90l1gjyvai","previousOperationId":"gso8tmaqkx9l2qw"}
{"type":"log","timestamp":1707987203291,"level":"info","message":"Rendering template { name: invoice-main, recipe: chrome-pdf, engine: handlebars, preview: true }","meta":{"rootId":"tb6k8tyj0kwbq1y","id":"tb6k8tyj0kwbq1y"},"id":"seb3tzlufws63vw","previousOperationId":"gso8tmaqkx9l2qw"}
{"type":"log","timestamp":1707987203292,"level":"debug","message":"Inline data specified.","meta":{"rootId":"tb6k8tyj0kwbq1y","id":"tb6k8tyj0kwbq1y"},"id":"fzh57ijkipqpvyq","previousOperationId":"gso8tmaqkx9l2qw"}
{"type":"log","timestamp":1707987203295,"level":"debug","message":"Base url not specified, skipping its injection.","meta":{"rootId":"tb6k8tyj0kwbq1y","id":"tb6k8tyj0kwbq1y"},"id":"2bizbt6n0amlfxz","previousOperationId":"gso8tmaqkx9l2qw"}
{"type":"operationStart","subtype":"engine","name":"handlebars","timestamp":1707987203295,"id":"htxu1gh4m5wqnh9","previousEventId":"vmc2nqmsjpywlnx","operationId":"7i3v64uvh5cvume","previousOperationId":"gso8tmaqkx9l2qw"}
{"type":"log","timestamp":1707987203296,"level":"debug","message":"Rendering engine handlebars","meta":{"rootId":"tb6k8tyj0kwbq1y","id":"tb6k8tyj0kwbq1y"},"id":"798ql7jymtd12l8","previousOperationId":"7i3v64uvh5cvume"}
{"type":"log","timestamp":1707987203326,"level":"debug","message":"(console:log) Calculating item undefined; you should see this message in debug run","meta":{"userLevel":true,"rootId":"tb6k8tyj0kwbq1y","id":"tb6k8tyj0kwbq1y"},"id":"vvu8d6s36nv64ff","previousOperationId":"7i3v64uvh5cvume"}
{"type":"log","timestamp":1707987203326,"level":"debug","message":"(console:log) Calculating item undefined; you should see this message in debug run","meta":{"userLevel":true,"rootId":"tb6k8tyj0kwbq1y","id":"tb6k8tyj0kwbq1y"},"id":"mdqgffwvz8m3w3z","previousOperationId":"7i3v64uvh5cvume"}
{"type":"operationEnd","operationId":"7i3v64uvh5cvume","timestamp":1707987203327,"id":"rqbykzovkgajqxy","previousEventId":"htxu1gh4m5wqnh9","previousOperationId":"7i3v64uvh5cvume"}
{"type":"operationStart","subtype":"recipe","name":"chrome-pdf","timestamp":1707987203328,"id":"xc3pteon8cedpcm","previousEventId":"rqbykzovkgajqxy","operationId":"rn2o08zip79xemz","previousOperationId":"7i3v64uvh5cvume"}
{"type":"log","timestamp":1707987203328,"level":"debug","message":"Executing recipe chrome-pdf","meta":{"rootId":"tb6k8tyj0kwbq1y","id":"tb6k8tyj0kwbq1y"},"id":"plngskbqhhh1now","previousOperationId":"rn2o08zip79xemz"}
{"type":"log","timestamp":1707987203330,"level":"debug","message":"Converting with chrome HeadlessChrome/117.0.5938.149 using chrome-pool strategy","meta":{"rootId":"tb6k8tyj0kwbq1y","id":"tb6k8tyj0kwbq1y"},"id":"rz8cow51mvg5yc0","previousOperationId":"rn2o08zip79xemz"}
{"type":"log","timestamp":1707987203451,"level":"debug","message":"Page request: GET (document) file:///C:/Users/USER/AppData/Local/Temp/jsreport/autocleanup/934de3c2-66f7-4fa4-9d69-02814ffbca97-chrome-pdf.html","meta":{"rootId":"tb6k8tyj0kwbq1y","id":"tb6k8tyj0kwbq1y"},"id":"h83ntykeagwtzie","previousOperationId":"rn2o08zip79xemz"}
{"type":"log","timestamp":1707987203459,"level":"debug","message":"Page request finished: GET (document) 200 file:///C:/Users/USER/AppData/Local/Temp/jsreport/autocleanup/934de3c2-66f7-4fa4-9d69-02814ffbca97-chrome-pdf.html","meta":{"rootId":"tb6k8tyj0kwbq1y","id":"tb6k8tyj0kwbq1y"},"id":"ncst7ck8fjz7vqo","previousOperationId":"rn2o08zip79xemz"}
{"type":"log","timestamp":1707987203478,"level":"debug","message":"Running chrome with params {\"printBackground\":true,\"marginTop\":\"1cm\",\"marginRight\":\"1cm\",\"marginBottom\":\"1cm\",\"marginLeft\":\"1cm\",\"timeout\":59950,\"margin\":{\"top\":\"1cm\",\"right\":\"1cm\",\"bottom\":\"1cm\",\"left\":\"1cm\"}}","meta":{"rootId":"tb6k8tyj0kwbq1y","id":"tb6k8tyj0kwbq1y"},"id":"7exqiy8csit6s5q","previousOperationId":"rn2o08zip79xemz"}
{"type":"operationEnd","operationId":"rn2o08zip79xemz","timestamp":1707987203646,"id":"gmz95cvqdolyyv3","previousEventId":"xc3pteon8cedpcm","previousOperationId":"rn2o08zip79xemz"}
{"type":"log","timestamp":1707987203646,"level":"debug","message":"Skipping storing report.","meta":{"rootId":"tb6k8tyj0kwbq1y","id":"tb6k8tyj0kwbq1y"},"id":"l7cfbrlikw55t2w","previousOperationId":"rn2o08zip79xemz"}
{"type":"log","timestamp":1707987203646,"level":"info","message":"Rendering request 36 finished in 367 ms","meta":{"rootId":"tb6k8tyj0kwbq1y","id":"tb6k8tyj0kwbq1y"},"id":"1vhfm265kq02fkt","previousOperationId":"rn2o08zip79xemz"}
{"type":"operationEnd","subtype":"render","operationId":"gso8tmaqkx9l2qw","timestamp":1707987203646,"id":"y9pkxpr0ye5ktip","previousEventId":"gmz95cvqdolyyv3","previousOperationId":"rn2o08zip79xemz"}
{"type":"operationEnd","doDiffs":false,"previousEventId":"crhs1ame5nwhq9c","previousOperationId":"z5n5mdvmtfclma2","operationId":"z5n5mdvmtfclma2","timestamp":1707987203653,"id":"gb1qjn6n8mggfyp"}
