{"type":"operationStart","subtype":"profile","data":{"_id":"qrVKp1VWBZ8KOQT0","timestamp":"2024-02-15T06:39:07.693Z","state":"queued","mode":"standard","creationDate":"2024-02-15T06:39:07.695Z","modificationDate":"2024-02-15T06:39:07.695Z","shortid":"Sq1aTH7","$entitySet":"profiles"},"doDiffs":false,"timestamp":1707979147693,"id":"wturkvqt41l5vo2","previousOperationId":null,"operationId":"weydfw01b7u0pcl"}
{"type":"log","level":"info","message":"Render request 17 queued for execution and waiting for available worker","previousOperationId":"weydfw01b7u0pcl","timestamp":1707979147694,"id":"rmee0a8zfg2yg1e"}
{"type":"operationStart","subtype":"render","name":"invoice-main","previousOperationId":"weydfw01b7u0pcl","timestamp":1707979147707,"id":"jbrpec315qgjchv","previousEventId":"wturkvqt41l5vo2","operationId":"ns4f4toica19rgg"}
{"type":"log","timestamp":1707979147707,"level":"info","message":"Starting rendering request 17","meta":{"rootId":"tpa0pdha9wmjf12","id":"tpa0pdha9wmjf12"},"id":"awwfcy2gewlbz57","previousOperationId":"ns4f4toica19rgg"}
{"type":"log","timestamp":1707979147708,"level":"info","message":"Rendering template { name: invoice-main, recipe: chrome-pdf, engine: handlebars, preview: true }","meta":{"rootId":"tpa0pdha9wmjf12","id":"tpa0pdha9wmjf12"},"id":"bbigujrt5ji6wkl","previousOperationId":"ns4f4toica19rgg"}
{"type":"log","timestamp":1707979147709,"level":"debug","message":"Inline data specified.","meta":{"rootId":"tpa0pdha9wmjf12","id":"tpa0pdha9wmjf12"},"id":"kqqz80abo06cu84","previousOperationId":"ns4f4toica19rgg"}
{"type":"log","timestamp":1707979147711,"level":"debug","message":"Base url not specified, skipping its injection.","meta":{"rootId":"tpa0pdha9wmjf12","id":"tpa0pdha9wmjf12"},"id":"800inkrb2b676mu","previousOperationId":"ns4f4toica19rgg"}
{"type":"operationStart","subtype":"engine","name":"handlebars","timestamp":1707979147711,"id":"0p9nkxh3vqpa3rw","previousEventId":"jbrpec315qgjchv","operationId":"rnru9ognmhffqry","previousOperationId":"ns4f4toica19rgg"}
{"type":"log","timestamp":1707979147711,"level":"debug","message":"Rendering engine handlebars","meta":{"rootId":"tpa0pdha9wmjf12","id":"tpa0pdha9wmjf12"},"id":"pf9figx6czb0k8o","previousOperationId":"rnru9ognmhffqry"}
{"type":"log","timestamp":1707979147742,"level":"debug","message":"(console:log) Calculating item Website design; you should see this message in debug run","meta":{"userLevel":true,"rootId":"tpa0pdha9wmjf12","id":"tpa0pdha9wmjf12"},"id":"kgrrcary7t6gig3","previousOperationId":"rnru9ognmhffqry"}
{"type":"operationEnd","operationId":"rnru9ognmhffqry","timestamp":1707979147746,"id":"uyup9n73kx9280n","previousEventId":"0p9nkxh3vqpa3rw","previousOperationId":"rnru9ognmhffqry"}
{"type":"operationStart","subtype":"recipe","name":"chrome-pdf","timestamp":1707979147746,"id":"jv1d7sayyasg2rs","previousEventId":"uyup9n73kx9280n","operationId":"q0mxfbgkpd3w9dd","previousOperationId":"rnru9ognmhffqry"}
{"type":"log","timestamp":1707979147746,"level":"debug","message":"Executing recipe chrome-pdf","meta":{"rootId":"tpa0pdha9wmjf12","id":"tpa0pdha9wmjf12"},"id":"7kgxnrv4j0xacsd","previousOperationId":"q0mxfbgkpd3w9dd"}
{"type":"log","timestamp":1707979147749,"level":"debug","message":"Converting with chrome HeadlessChrome/117.0.5938.149 using chrome-pool strategy","meta":{"rootId":"tpa0pdha9wmjf12","id":"tpa0pdha9wmjf12"},"id":"4rddd04k4yv9zuz","previousOperationId":"q0mxfbgkpd3w9dd"}
{"type":"log","timestamp":1707979147881,"level":"debug","message":"Page request: GET (document) file:///C:/Users/USER/AppData/Local/Temp/jsreport/autocleanup/fadf847a-5b99-44b8-bfe5-26e5a53badd9-chrome-pdf.html","meta":{"rootId":"tpa0pdha9wmjf12","id":"tpa0pdha9wmjf12"},"id":"4zz45ypfcw1wz5u","previousOperationId":"q0mxfbgkpd3w9dd"}
{"type":"log","timestamp":1707979147891,"level":"debug","message":"Page request finished: GET (document) 200 file:///C:/Users/USER/AppData/Local/Temp/jsreport/autocleanup/fadf847a-5b99-44b8-bfe5-26e5a53badd9-chrome-pdf.html","meta":{"rootId":"tpa0pdha9wmjf12","id":"tpa0pdha9wmjf12"},"id":"0v0tg3thrpmxc1f","previousOperationId":"q0mxfbgkpd3w9dd"}
{"type":"log","timestamp":1707979147914,"level":"debug","message":"Running chrome with params {\"printBackground\":true,\"marginTop\":\"1cm\",\"marginRight\":\"1cm\",\"marginBottom\":\"1cm\",\"marginLeft\":\"1cm\",\"timeout\":59945,\"margin\":{\"top\":\"1cm\",\"right\":\"1cm\",\"bottom\":\"1cm\",\"left\":\"1cm\"}}","meta":{"rootId":"tpa0pdha9wmjf12","id":"tpa0pdha9wmjf12"},"id":"w5dzno4qh5ize0g","previousOperationId":"q0mxfbgkpd3w9dd"}
{"type":"operationEnd","operationId":"q0mxfbgkpd3w9dd","timestamp":1707979148072,"id":"hhiil82u3ob246y","previousEventId":"jv1d7sayyasg2rs","previousOperationId":"q0mxfbgkpd3w9dd"}
{"type":"log","timestamp":1707979148072,"level":"debug","message":"Skipping storing report.","meta":{"rootId":"tpa0pdha9wmjf12","id":"tpa0pdha9wmjf12"},"id":"7ez7kzr46aj0n4a","previousOperationId":"q0mxfbgkpd3w9dd"}
{"type":"log","timestamp":1707979148072,"level":"info","message":"Rendering request 17 finished in 379 ms","meta":{"rootId":"tpa0pdha9wmjf12","id":"tpa0pdha9wmjf12"},"id":"tu54s3s3bfctew1","previousOperationId":"q0mxfbgkpd3w9dd"}
{"type":"operationEnd","subtype":"render","operationId":"ns4f4toica19rgg","timestamp":1707979148072,"id":"hk1oy2w5yug3h51","previousEventId":"hhiil82u3ob246y","previousOperationId":"q0mxfbgkpd3w9dd"}
{"type":"operationEnd","doDiffs":false,"previousEventId":"wturkvqt41l5vo2","previousOperationId":"weydfw01b7u0pcl","operationId":"weydfw01b7u0pcl","timestamp":1707979148076,"id":"4bajqryp2ogr3ug"}
