{"type":"operationStart","subtype":"profile","data":{"_id":"2V9NOab8Mvl5Ix92","timestamp":"2024-02-15T07:59:05.246Z","state":"queued","mode":"standard","creationDate":"2024-02-15T07:59:05.248Z","modificationDate":"2024-02-15T07:59:05.248Z","shortid":"269bw7P","$entitySet":"profiles"},"doDiffs":false,"timestamp":1707983945247,"id":"kc2caau5l7c56pm","previousOperationId":null,"operationId":"jeh02kq508sbumk"}
{"type":"log","level":"info","message":"Render request 13 queued for execution and waiting for available worker","previousOperationId":"jeh02kq508sbumk","timestamp":1707983945247,"id":"jlagypksyln7b90"}
{"type":"operationStart","subtype":"render","name":"invoice-main","previousOperationId":"jeh02kq508sbumk","timestamp":1707983945256,"id":"uvgeb8cdln02h04","previousEventId":"kc2caau5l7c56pm","operationId":"fdrnl8ccmyrquqv"}
{"type":"log","timestamp":1707983945257,"level":"info","message":"Starting rendering request 13","meta":{"rootId":"u00kuibiguf6pc8","id":"u00kuibiguf6pc8"},"id":"gsxwzmlp2ebtwwd","previousOperationId":"fdrnl8ccmyrquqv"}
{"type":"log","timestamp":1707983945257,"level":"info","message":"Rendering template { name: invoice-main, recipe: chrome-pdf, engine: handlebars, preview: true }","meta":{"rootId":"u00kuibiguf6pc8","id":"u00kuibiguf6pc8"},"id":"z1zbok7bzqjkfac","previousOperationId":"fdrnl8ccmyrquqv"}
{"type":"log","timestamp":1707983945258,"level":"debug","message":"Inline data specified.","meta":{"rootId":"u00kuibiguf6pc8","id":"u00kuibiguf6pc8"},"id":"yhmn60zvyh5y8om","previousOperationId":"fdrnl8ccmyrquqv"}
{"type":"log","timestamp":1707983945261,"level":"debug","message":"Base url not specified, skipping its injection.","meta":{"rootId":"u00kuibiguf6pc8","id":"u00kuibiguf6pc8"},"id":"adk7gokfk9zljy0","previousOperationId":"fdrnl8ccmyrquqv"}
{"type":"operationStart","subtype":"engine","name":"handlebars","timestamp":1707983945262,"id":"knrr8slub17rhcl","previousEventId":"uvgeb8cdln02h04","operationId":"t52n9kljjcq7h4b","previousOperationId":"fdrnl8ccmyrquqv"}
{"type":"log","timestamp":1707983945262,"level":"debug","message":"Rendering engine handlebars","meta":{"rootId":"u00kuibiguf6pc8","id":"u00kuibiguf6pc8"},"id":"4q7reelxcwh4vec","previousOperationId":"t52n9kljjcq7h4b"}
{"type":"log","timestamp":1707983945291,"level":"debug","message":"(console:log) Calculating item undefined; you should see this message in debug run","meta":{"userLevel":true,"rootId":"u00kuibiguf6pc8","id":"u00kuibiguf6pc8"},"id":"lp5yve7kgy5ybn6","previousOperationId":"t52n9kljjcq7h4b"}
{"type":"operationEnd","operationId":"t52n9kljjcq7h4b","timestamp":1707983945293,"id":"ratzztux4wxej2o","previousEventId":"knrr8slub17rhcl","previousOperationId":"t52n9kljjcq7h4b"}
{"type":"operationStart","subtype":"recipe","name":"chrome-pdf","timestamp":1707983945294,"id":"siw59w9m8gx6w1o","previousEventId":"ratzztux4wxej2o","operationId":"b2m03wmbflupvgu","previousOperationId":"t52n9kljjcq7h4b"}
{"type":"log","timestamp":1707983945294,"level":"debug","message":"Executing recipe chrome-pdf","meta":{"rootId":"u00kuibiguf6pc8","id":"u00kuibiguf6pc8"},"id":"hqplaa57396vg17","previousOperationId":"b2m03wmbflupvgu"}
{"type":"log","timestamp":1707983945297,"level":"debug","message":"Converting with chrome HeadlessChrome/117.0.5938.149 using chrome-pool strategy","meta":{"rootId":"u00kuibiguf6pc8","id":"u00kuibiguf6pc8"},"id":"nq9iw5ukm4p0h0p","previousOperationId":"b2m03wmbflupvgu"}
{"type":"log","timestamp":1707983945391,"level":"debug","message":"Page request: GET (document) file:///C:/Users/USER/AppData/Local/Temp/jsreport/autocleanup/a252c9ea-4826-49d9-ac91-d8c09f283af8-chrome-pdf.html","meta":{"rootId":"u00kuibiguf6pc8","id":"u00kuibiguf6pc8"},"id":"lgs9j5rxfkj366r","previousOperationId":"b2m03wmbflupvgu"}
{"type":"log","timestamp":1707983945398,"level":"debug","message":"Page request finished: GET (document) 200 file:///C:/Users/USER/AppData/Local/Temp/jsreport/autocleanup/a252c9ea-4826-49d9-ac91-d8c09f283af8-chrome-pdf.html","meta":{"rootId":"u00kuibiguf6pc8","id":"u00kuibiguf6pc8"},"id":"261rhzawe2up0tu","previousOperationId":"b2m03wmbflupvgu"}
{"type":"log","timestamp":1707983945414,"level":"debug","message":"Running chrome with params {\"printBackground\":true,\"marginTop\":\"1cm\",\"marginRight\":\"1cm\",\"marginBottom\":\"1cm\",\"marginLeft\":\"1cm\",\"timeout\":59951,\"margin\":{\"top\":\"1cm\",\"right\":\"1cm\",\"bottom\":\"1cm\",\"left\":\"1cm\"}}","meta":{"rootId":"u00kuibiguf6pc8","id":"u00kuibiguf6pc8"},"id":"peavyc3n0mzlwcy","previousOperationId":"b2m03wmbflupvgu"}
{"type":"operationEnd","operationId":"b2m03wmbflupvgu","timestamp":1707983945535,"id":"h4d0zcvn7dracdn","previousEventId":"siw59w9m8gx6w1o","previousOperationId":"b2m03wmbflupvgu"}
{"type":"log","timestamp":1707983945535,"level":"debug","message":"Skipping storing report.","meta":{"rootId":"u00kuibiguf6pc8","id":"u00kuibiguf6pc8"},"id":"a3sxwuvjggwx4mb","previousOperationId":"b2m03wmbflupvgu"}
{"type":"log","timestamp":1707983945535,"level":"info","message":"Rendering request 13 finished in 289 ms","meta":{"rootId":"u00kuibiguf6pc8","id":"u00kuibiguf6pc8"},"id":"7pge5l8euc9m4q4","previousOperationId":"b2m03wmbflupvgu"}
{"type":"operationEnd","subtype":"render","operationId":"fdrnl8ccmyrquqv","timestamp":1707983945535,"id":"85b7s5kuduu3jmw","previousEventId":"h4d0zcvn7dracdn","previousOperationId":"b2m03wmbflupvgu"}
{"type":"operationEnd","doDiffs":false,"previousEventId":"kc2caau5l7c56pm","previousOperationId":"jeh02kq508sbumk","operationId":"jeh02kq508sbumk","timestamp":1707983945539,"id":"844ogp3ehro9oav"}
