{"type":"operationStart","subtype":"profile","data":{"_id":"9mt7oNHOqHLcwEyy","timestamp":"2024-02-15T08:53:46.089Z","state":"queued","mode":"standard","creationDate":"2024-02-15T08:53:46.090Z","modificationDate":"2024-02-15T08:53:46.090Z","shortid":"NXOK8au","$entitySet":"profiles"},"doDiffs":false,"timestamp":1707987226089,"id":"a77f1faywu3yy1o","previousOperationId":null,"operationId":"bxvpsnmeiaksbjs"}
{"type":"log","level":"info","message":"Render request 38 queued for execution and waiting for available worker","previousOperationId":"bxvpsnmeiaksbjs","timestamp":1707987226090,"id":"ao0nj5zxg9opzr1"}
{"type":"operationStart","subtype":"render","name":"invoice-main","previousOperationId":"bxvpsnmeiaksbjs","timestamp":1707987226101,"id":"mw8rlzbdbqpf940","previousEventId":"a77f1faywu3yy1o","operationId":"qd4oho3u8zyw2zb"}
{"type":"log","timestamp":1707987226101,"level":"info","message":"Starting rendering request 38","meta":{"rootId":"u1dt0nzgjchz1p5","id":"u1dt0nzgjchz1p5"},"id":"5nk8krwtx3b8it6","previousOperationId":"qd4oho3u8zyw2zb"}
{"type":"log","timestamp":1707987226101,"level":"info","message":"Rendering template { name: invoice-main, recipe: chrome-pdf, engine: handlebars, preview: true }","meta":{"rootId":"u1dt0nzgjchz1p5","id":"u1dt0nzgjchz1p5"},"id":"s98ugy0dx3kfsrn","previousOperationId":"qd4oho3u8zyw2zb"}
{"type":"log","timestamp":1707987226102,"level":"debug","message":"Inline data specified.","meta":{"rootId":"u1dt0nzgjchz1p5","id":"u1dt0nzgjchz1p5"},"id":"wk31iyholufwv4v","previousOperationId":"qd4oho3u8zyw2zb"}
{"type":"log","timestamp":1707987226105,"level":"debug","message":"Base url not specified, skipping its injection.","meta":{"rootId":"u1dt0nzgjchz1p5","id":"u1dt0nzgjchz1p5"},"id":"5zj1uyl95o1hnr7","previousOperationId":"qd4oho3u8zyw2zb"}
{"type":"operationStart","subtype":"engine","name":"handlebars","timestamp":1707987226105,"id":"bvxt0qylkzlkl7t","previousEventId":"mw8rlzbdbqpf940","operationId":"nrtxcrd2x294r1t","previousOperationId":"qd4oho3u8zyw2zb"}
{"type":"log","timestamp":1707987226105,"level":"debug","message":"Rendering engine handlebars","meta":{"rootId":"u1dt0nzgjchz1p5","id":"u1dt0nzgjchz1p5"},"id":"kgg6h52ait152x2","previousOperationId":"nrtxcrd2x294r1t"}
{"type":"log","timestamp":1707987226126,"level":"debug","message":"(console:log) Calculating item undefined; you should see this message in debug run","meta":{"userLevel":true,"rootId":"u1dt0nzgjchz1p5","id":"u1dt0nzgjchz1p5"},"id":"f7tqdef6sv8vhzv","previousOperationId":"nrtxcrd2x294r1t"}
{"type":"log","timestamp":1707987226126,"level":"debug","message":"(console:log) Calculating item undefined; you should see this message in debug run","meta":{"userLevel":true,"rootId":"u1dt0nzgjchz1p5","id":"u1dt0nzgjchz1p5"},"id":"n77pcwjcaasl5ro","previousOperationId":"nrtxcrd2x294r1t"}
{"type":"operationEnd","operationId":"nrtxcrd2x294r1t","timestamp":1707987226128,"id":"ol8hr9zxwoms5x3","previousEventId":"bvxt0qylkzlkl7t","previousOperationId":"nrtxcrd2x294r1t"}
{"type":"operationStart","subtype":"recipe","name":"chrome-pdf","timestamp":1707987226128,"id":"lckl6szocr813aa","previousEventId":"ol8hr9zxwoms5x3","operationId":"4at7071qzpjytij","previousOperationId":"nrtxcrd2x294r1t"}
{"type":"log","timestamp":1707987226128,"level":"debug","message":"Executing recipe chrome-pdf","meta":{"rootId":"u1dt0nzgjchz1p5","id":"u1dt0nzgjchz1p5"},"id":"ej71dr047wchscb","previousOperationId":"4at7071qzpjytij"}
{"type":"log","timestamp":1707987226131,"level":"debug","message":"Converting with chrome HeadlessChrome/117.0.5938.149 using chrome-pool strategy","meta":{"rootId":"u1dt0nzgjchz1p5","id":"u1dt0nzgjchz1p5"},"id":"wzajkctdj3jrklg","previousOperationId":"4at7071qzpjytij"}
{"type":"log","timestamp":1707987226254,"level":"debug","message":"Page request: GET (document) file:///C:/Users/USER/AppData/Local/Temp/jsreport/autocleanup/0bac1f64-7297-4f19-aabf-0e433cf4f6dc-chrome-pdf.html","meta":{"rootId":"u1dt0nzgjchz1p5","id":"u1dt0nzgjchz1p5"},"id":"ekjlnxy9omz83e2","previousOperationId":"4at7071qzpjytij"}
{"type":"log","timestamp":1707987226261,"level":"debug","message":"Page request finished: GET (document) 200 file:///C:/Users/USER/AppData/Local/Temp/jsreport/autocleanup/0bac1f64-7297-4f19-aabf-0e433cf4f6dc-chrome-pdf.html","meta":{"rootId":"u1dt0nzgjchz1p5","id":"u1dt0nzgjchz1p5"},"id":"72ygj69tbn1isuw","previousOperationId":"4at7071qzpjytij"}
{"type":"log","timestamp":1707987226282,"level":"debug","message":"Running chrome with params {\"printBackground\":true,\"marginTop\":\"1cm\",\"marginRight\":\"1cm\",\"marginBottom\":\"1cm\",\"marginLeft\":\"1cm\",\"timeout\":59958,\"margin\":{\"top\":\"1cm\",\"right\":\"1cm\",\"bottom\":\"1cm\",\"left\":\"1cm\"}}","meta":{"rootId":"u1dt0nzgjchz1p5","id":"u1dt0nzgjchz1p5"},"id":"o2x42lf45zag4kp","previousOperationId":"4at7071qzpjytij"}
{"type":"operationEnd","operationId":"4at7071qzpjytij","timestamp":1707987226457,"id":"wotxz0fzxk30yoe","previousEventId":"lckl6szocr813aa","previousOperationId":"4at7071qzpjytij"}
{"type":"log","timestamp":1707987226457,"level":"debug","message":"Skipping storing report.","meta":{"rootId":"u1dt0nzgjchz1p5","id":"u1dt0nzgjchz1p5"},"id":"hzg7i6sfrxxhf8i","previousOperationId":"4at7071qzpjytij"}
{"type":"log","timestamp":1707987226457,"level":"info","message":"Rendering request 38 finished in 369 ms","meta":{"rootId":"u1dt0nzgjchz1p5","id":"u1dt0nzgjchz1p5"},"id":"rb4ptczp95bwy8e","previousOperationId":"4at7071qzpjytij"}
{"type":"operationEnd","subtype":"render","operationId":"qd4oho3u8zyw2zb","timestamp":1707987226457,"id":"1mrc6iy4l2vl0g9","previousEventId":"wotxz0fzxk30yoe","previousOperationId":"4at7071qzpjytij"}
{"type":"operationEnd","doDiffs":false,"previousEventId":"a77f1faywu3yy1o","previousOperationId":"bxvpsnmeiaksbjs","operationId":"bxvpsnmeiaksbjs","timestamp":1707987226461,"id":"5jfwqoirnd309y5"}
