{"type":"operationStart","subtype":"profile","data":{"_id":"EeivsumaP39LkE9J","timestamp":"2024-02-15T08:06:15.303Z","state":"queued","mode":"standard","creationDate":"2024-02-15T08:06:15.305Z","modificationDate":"2024-02-15T08:06:15.305Z","shortid":"6wFe1DF","$entitySet":"profiles"},"doDiffs":false,"timestamp":1707984375303,"id":"u4foi20vep76gcs","previousOperationId":null,"operationId":"ntxek7s0fxnpof7"}
{"type":"log","level":"info","message":"Render request 20 queued for execution and waiting for available worker","previousOperationId":"ntxek7s0fxnpof7","timestamp":1707984375304,"id":"ii0wzfkmkal3yje"}
{"type":"operationStart","subtype":"render","name":"invoice-main","previousOperationId":"ntxek7s0fxnpof7","timestamp":1707984375316,"id":"1f67m4v9iqrtkcd","previousEventId":"u4foi20vep76gcs","operationId":"07bq1hvix1x4h7d"}
{"type":"log","timestamp":1707984375316,"level":"info","message":"Starting rendering request 20","meta":{"rootId":"u59ckvt0yth9z0b","id":"u59ckvt0yth9z0b"},"id":"ly00ynpxm9go0mt","previousOperationId":"07bq1hvix1x4h7d"}
{"type":"log","timestamp":1707984375316,"level":"info","message":"Rendering template { name: invoice-main, recipe: chrome-pdf, engine: handlebars, preview: true }","meta":{"rootId":"u59ckvt0yth9z0b","id":"u59ckvt0yth9z0b"},"id":"qncokmmlausa0hs","previousOperationId":"07bq1hvix1x4h7d"}
{"type":"log","timestamp":1707984375317,"level":"debug","message":"Inline data specified.","meta":{"rootId":"u59ckvt0yth9z0b","id":"u59ckvt0yth9z0b"},"id":"cc25ggatjryo61j","previousOperationId":"07bq1hvix1x4h7d"}
{"type":"log","timestamp":1707984375319,"level":"debug","message":"Base url not specified, skipping its injection.","meta":{"rootId":"u59ckvt0yth9z0b","id":"u59ckvt0yth9z0b"},"id":"ndceiyb8oisjfd1","previousOperationId":"07bq1hvix1x4h7d"}
{"type":"operationStart","subtype":"engine","name":"handlebars","timestamp":1707984375319,"id":"i8i35m1judg5ili","previousEventId":"1f67m4v9iqrtkcd","operationId":"7gf0fdkl4v6ssvc","previousOperationId":"07bq1hvix1x4h7d"}
{"type":"log","timestamp":1707984375319,"level":"debug","message":"Rendering engine handlebars","meta":{"rootId":"u59ckvt0yth9z0b","id":"u59ckvt0yth9z0b"},"id":"9xo82utw0l91ffc","previousOperationId":"7gf0fdkl4v6ssvc"}
{"type":"log","timestamp":1707984375349,"level":"debug","message":"(console:log) Calculating item undefined; you should see this message in debug run","meta":{"userLevel":true,"rootId":"u59ckvt0yth9z0b","id":"u59ckvt0yth9z0b"},"id":"pkzv8vx69e85vta","previousOperationId":"7gf0fdkl4v6ssvc"}
{"type":"operationEnd","operationId":"7gf0fdkl4v6ssvc","timestamp":1707984375351,"id":"wchsm42lp3csn04","previousEventId":"i8i35m1judg5ili","previousOperationId":"7gf0fdkl4v6ssvc"}
{"type":"operationStart","subtype":"recipe","name":"chrome-pdf","timestamp":1707984375351,"id":"nqj4c1sb8dskmy5","previousEventId":"wchsm42lp3csn04","operationId":"bthh3xk6fa29sas","previousOperationId":"7gf0fdkl4v6ssvc"}
{"type":"log","timestamp":1707984375351,"level":"debug","message":"Executing recipe chrome-pdf","meta":{"rootId":"u59ckvt0yth9z0b","id":"u59ckvt0yth9z0b"},"id":"awq61qy8fvu2dki","previousOperationId":"bthh3xk6fa29sas"}
{"type":"log","timestamp":1707984375354,"level":"debug","message":"Converting with chrome HeadlessChrome/117.0.5938.149 using chrome-pool strategy","meta":{"rootId":"u59ckvt0yth9z0b","id":"u59ckvt0yth9z0b"},"id":"wet1gfus55mlwym","previousOperationId":"bthh3xk6fa29sas"}
{"type":"log","timestamp":1707984375469,"level":"debug","message":"Page request: GET (document) file:///C:/Users/USER/AppData/Local/Temp/jsreport/autocleanup/94d5b019-23b8-481f-91bf-cf10d7a37aac-chrome-pdf.html","meta":{"rootId":"u59ckvt0yth9z0b","id":"u59ckvt0yth9z0b"},"id":"23tsmr98dsjy77l","previousOperationId":"bthh3xk6fa29sas"}
{"type":"log","timestamp":1707984375477,"level":"debug","message":"Page request finished: GET (document) 200 file:///C:/Users/USER/AppData/Local/Temp/jsreport/autocleanup/94d5b019-23b8-481f-91bf-cf10d7a37aac-chrome-pdf.html","meta":{"rootId":"u59ckvt0yth9z0b","id":"u59ckvt0yth9z0b"},"id":"7qnbck97xan3n2m","previousOperationId":"bthh3xk6fa29sas"}
{"type":"log","timestamp":1707984375497,"level":"debug","message":"Running chrome with params {\"printBackground\":true,\"marginTop\":\"1cm\",\"marginRight\":\"1cm\",\"marginBottom\":\"1cm\",\"marginLeft\":\"1cm\",\"timeout\":59950,\"margin\":{\"top\":\"1cm\",\"right\":\"1cm\",\"bottom\":\"1cm\",\"left\":\"1cm\"}}","meta":{"rootId":"u59ckvt0yth9z0b","id":"u59ckvt0yth9z0b"},"id":"gmuk8dd6f8m2wzz","previousOperationId":"bthh3xk6fa29sas"}
{"type":"operationEnd","operationId":"bthh3xk6fa29sas","timestamp":1707984375635,"id":"93ua85gdjxdtocc","previousEventId":"nqj4c1sb8dskmy5","previousOperationId":"bthh3xk6fa29sas"}
{"type":"log","timestamp":1707984375635,"level":"debug","message":"Skipping storing report.","meta":{"rootId":"u59ckvt0yth9z0b","id":"u59ckvt0yth9z0b"},"id":"ofg3lmmjg7mn935","previousOperationId":"bthh3xk6fa29sas"}
{"type":"log","timestamp":1707984375635,"level":"info","message":"Rendering request 20 finished in 332 ms","meta":{"rootId":"u59ckvt0yth9z0b","id":"u59ckvt0yth9z0b"},"id":"02c5fdkzo5fbt82","previousOperationId":"bthh3xk6fa29sas"}
{"type":"operationEnd","subtype":"render","operationId":"07bq1hvix1x4h7d","timestamp":1707984375635,"id":"4kg1f2hsho8ep6j","previousEventId":"93ua85gdjxdtocc","previousOperationId":"bthh3xk6fa29sas"}
{"type":"operationEnd","doDiffs":false,"previousEventId":"u4foi20vep76gcs","previousOperationId":"ntxek7s0fxnpof7","operationId":"ntxek7s0fxnpof7","timestamp":1707984375639,"id":"730ahxltm8er9mx"}
