{"type":"operationStart","subtype":"profile","data":{"_id":"cjuW3PAlXN2Glx9M","timestamp":"2024-02-17T06:31:28.734Z","state":"queued","mode":"standard","creationDate":"2024-02-17T06:31:28.750Z","modificationDate":"2024-02-17T06:31:28.750Z","shortid":"8k6gTgE","$entitySet":"profiles"},"doDiffs":false,"timestamp":1708151488741,"id":"xp095rqc2ar6yg2","previousOperationId":null,"operationId":"vs2gcwl4p11cg4f"}
{"type":"log","level":"info","message":"Render request 1 queued for execution and waiting for available worker","previousOperationId":"vs2gcwl4p11cg4f","timestamp":1708151488743,"id":"rmms1akaa0n8lnw"}
{"type":"operationStart","subtype":"render","name":"invoice-main","previousOperationId":"vs2gcwl4p11cg4f","timestamp":1708151488910,"id":"lvl1bh3u3jdv7tc","previousEventId":"xp095rqc2ar6yg2","operationId":"18ne623ma6jxweo"}
{"type":"log","timestamp":1708151488914,"level":"info","message":"Starting rendering request 1","meta":{"rootId":"v3lreedo2z9rrxu","id":"v3lreedo2z9rrxu"},"id":"3ig9rc4s1sjs0pu","previousOperationId":"18ne623ma6jxweo"}
{"type":"log","timestamp":1708151488916,"level":"info","message":"Rendering template { name: invoice-main, recipe: chrome-pdf, engine: handlebars, preview: true }","meta":{"rootId":"v3lreedo2z9rrxu","id":"v3lreedo2z9rrxu"},"id":"9zafolkht0ubfxx","previousOperationId":"18ne623ma6jxweo"}
{"type":"log","timestamp":1708151488923,"level":"debug","message":"Adding sample data bIueE80","meta":{"rootId":"v3lreedo2z9rrxu","id":"v3lreedo2z9rrxu"},"id":"tnh00demzn0yi07","previousOperationId":"18ne623ma6jxweo"}
{"type":"log","timestamp":1708151488930,"level":"debug","message":"Base url not specified, skipping its injection.","meta":{"rootId":"v3lreedo2z9rrxu","id":"v3lreedo2z9rrxu"},"id":"28e4cjlbk3kz3sn","previousOperationId":"18ne623ma6jxweo"}
{"type":"operationStart","subtype":"engine","name":"handlebars","timestamp":1708151488934,"id":"03s8ad8i0gf5hca","previousEventId":"lvl1bh3u3jdv7tc","operationId":"pr9bsra7i0uzow4","previousOperationId":"18ne623ma6jxweo"}
{"type":"log","timestamp":1708151488934,"level":"debug","message":"Rendering engine handlebars","meta":{"rootId":"v3lreedo2z9rrxu","id":"v3lreedo2z9rrxu"},"id":"pol1xod9qgv0b43","previousOperationId":"pr9bsra7i0uzow4"}
{"type":"log","timestamp":1708151499166,"level":"debug","message":"(console:log) Calculating item undefined; you should see this message in debug run","meta":{"userLevel":true,"rootId":"v3lreedo2z9rrxu","id":"v3lreedo2z9rrxu"},"id":"sa5ooi4bfqn8ar7","previousOperationId":"pr9bsra7i0uzow4"}
{"type":"log","timestamp":1708151499166,"level":"debug","message":"(console:log) Calculating item undefined; you should see this message in debug run","meta":{"userLevel":true,"rootId":"v3lreedo2z9rrxu","id":"v3lreedo2z9rrxu"},"id":"kd4ahbopz1ha7qd","previousOperationId":"pr9bsra7i0uzow4"}
{"type":"operationEnd","operationId":"pr9bsra7i0uzow4","timestamp":1708151499189,"id":"81q2b9iashzeur4","previousEventId":"03s8ad8i0gf5hca","previousOperationId":"pr9bsra7i0uzow4"}
{"type":"operationStart","subtype":"recipe","name":"chrome-pdf","timestamp":1708151499192,"id":"3pwykqz4isptu11","previousEventId":"81q2b9iashzeur4","operationId":"91cdm92ubrz5rce","previousOperationId":"pr9bsra7i0uzow4"}
{"type":"log","timestamp":1708151499192,"level":"debug","message":"Executing recipe chrome-pdf","meta":{"rootId":"v3lreedo2z9rrxu","id":"v3lreedo2z9rrxu"},"id":"aq2gdq72gbjg1f9","previousOperationId":"91cdm92ubrz5rce"}
{"type":"log","timestamp":1708151502275,"level":"debug","message":"Converting with chrome HeadlessChrome/117.0.5938.149 using chrome-pool strategy","meta":{"rootId":"v3lreedo2z9rrxu","id":"v3lreedo2z9rrxu"},"id":"ezi4k8ui4g4tiez","previousOperationId":"91cdm92ubrz5rce"}
{"type":"log","timestamp":1708151503070,"level":"debug","message":"Page request: GET (document) file:///C:/Users/USER/AppData/Local/Temp/jsreport/autocleanup/4402c1f1-78a7-4b5c-8511-ae1b694f5599-chrome-pdf.html","meta":{"rootId":"v3lreedo2z9rrxu","id":"v3lreedo2z9rrxu"},"id":"qep2zj4e0co7h6q","previousOperationId":"91cdm92ubrz5rce"}
{"type":"log","timestamp":1708151503090,"level":"debug","message":"Page request finished: GET (document) 200 file:///C:/Users/USER/AppData/Local/Temp/jsreport/autocleanup/4402c1f1-78a7-4b5c-8511-ae1b694f5599-chrome-pdf.html","meta":{"rootId":"v3lreedo2z9rrxu","id":"v3lreedo2z9rrxu"},"id":"kf08oamhghzc4ho","previousOperationId":"91cdm92ubrz5rce"}
{"type":"log","timestamp":1708151503133,"level":"debug","message":"Running chrome with params {\"printBackground\":true,\"marginTop\":\"1cm\",\"marginRight\":\"1cm\",\"marginBottom\":\"1cm\",\"marginLeft\":\"1cm\",\"timeout\":49341,\"margin\":{\"top\":\"1cm\",\"right\":\"1cm\",\"bottom\":\"1cm\",\"left\":\"1cm\"}}","meta":{"rootId":"v3lreedo2z9rrxu","id":"v3lreedo2z9rrxu"},"id":"o1161fulpl73q7u","previousOperationId":"91cdm92ubrz5rce"}
{"type":"operationEnd","operationId":"91cdm92ubrz5rce","timestamp":1708151503400,"id":"cttzz9mmk110oow","previousEventId":"3pwykqz4isptu11","previousOperationId":"91cdm92ubrz5rce"}
{"type":"log","timestamp":1708151503402,"level":"debug","message":"Skipping storing report.","meta":{"rootId":"v3lreedo2z9rrxu","id":"v3lreedo2z9rrxu"},"id":"vg0hajsavth7d8j","previousOperationId":"91cdm92ubrz5rce"}
{"type":"log","timestamp":1708151503402,"level":"info","message":"Rendering request 1 finished in 14670 ms","meta":{"rootId":"v3lreedo2z9rrxu","id":"v3lreedo2z9rrxu"},"id":"yif5qcg10jk7zdt","previousOperationId":"91cdm92ubrz5rce"}
{"type":"operationEnd","subtype":"render","operationId":"18ne623ma6jxweo","timestamp":1708151503402,"id":"f0wgz8q1i4s6etn","previousEventId":"cttzz9mmk110oow","previousOperationId":"91cdm92ubrz5rce"}
{"type":"operationEnd","doDiffs":false,"previousEventId":"xp095rqc2ar6yg2","previousOperationId":"vs2gcwl4p11cg4f","operationId":"vs2gcwl4p11cg4f","timestamp":1708151503415,"id":"sd66lzgzvloudoe"}
