{"type":"operationStart","subtype":"profile","data":{"_id":"OHauqiOawQeVCUV7","timestamp":"2024-02-15T07:28:28.481Z","state":"queued","mode":"standard","creationDate":"2024-02-15T07:28:28.483Z","modificationDate":"2024-02-15T07:28:28.483Z","shortid":"qVYjXm0","$entitySet":"profiles"},"doDiffs":false,"timestamp":1707982108482,"id":"lmkh0qy8ji3pwcc","previousOperationId":null,"operationId":"can0hc9eijapykx"}
{"type":"log","level":"info","message":"Render request 32 queued for execution and waiting for available worker","previousOperationId":"can0hc9eijapykx","timestamp":1707982108482,"id":"fo9tepsyrni5nri"}
{"type":"operationStart","subtype":"render","name":"invoice-main","previousOperationId":"can0hc9eijapykx","timestamp":1707982108493,"id":"h29ls5ktro7pwy8","previousEventId":"lmkh0qy8ji3pwcc","operationId":"ufgq3jc6cu4wnsc"}
{"type":"log","timestamp":1707982108493,"level":"info","message":"Starting rendering request 32","meta":{"rootId":"vj2qfmhvethvrn4","id":"vj2qfmhvethvrn4"},"id":"kkpgnzd3rqwnkt9","previousOperationId":"ufgq3jc6cu4wnsc"}
{"type":"log","timestamp":1707982108493,"level":"info","message":"Rendering template { name: invoice-main, recipe: chrome-pdf, engine: handlebars, preview: true }","meta":{"rootId":"vj2qfmhvethvrn4","id":"vj2qfmhvethvrn4"},"id":"5w5qdnwyrym6ou7","previousOperationId":"ufgq3jc6cu4wnsc"}
{"type":"log","timestamp":1707982108493,"level":"debug","message":"Inline data specified.","meta":{"rootId":"vj2qfmhvethvrn4","id":"vj2qfmhvethvrn4"},"id":"w06tm8ffb97pp1r","previousOperationId":"ufgq3jc6cu4wnsc"}
{"type":"log","timestamp":1707982108495,"level":"debug","message":"Base url not specified, skipping its injection.","meta":{"rootId":"vj2qfmhvethvrn4","id":"vj2qfmhvethvrn4"},"id":"fc819kojl6qbsxu","previousOperationId":"ufgq3jc6cu4wnsc"}
{"type":"operationStart","subtype":"engine","name":"handlebars","timestamp":1707982108495,"id":"l9yg2pixwretg4m","previousEventId":"h29ls5ktro7pwy8","operationId":"je9uv5vseer7tm9","previousOperationId":"ufgq3jc6cu4wnsc"}
{"type":"log","timestamp":1707982108495,"level":"debug","message":"Rendering engine handlebars","meta":{"rootId":"vj2qfmhvethvrn4","id":"vj2qfmhvethvrn4"},"id":"80vcs95jkqfiygr","previousOperationId":"je9uv5vseer7tm9"}
{"type":"log","timestamp":1707982108528,"level":"debug","message":"(console:log) Calculating item undefined; you should see this message in debug run","meta":{"userLevel":true,"rootId":"vj2qfmhvethvrn4","id":"vj2qfmhvethvrn4"},"id":"eqefeixhvyypvix","previousOperationId":"je9uv5vseer7tm9"}
{"type":"operationEnd","operationId":"je9uv5vseer7tm9","timestamp":1707982108530,"id":"ahkesvx0rkk44ft","previousEventId":"l9yg2pixwretg4m","previousOperationId":"je9uv5vseer7tm9"}
{"type":"operationStart","subtype":"recipe","name":"chrome-pdf","timestamp":1707982108530,"id":"4o3re832m3sborb","previousEventId":"ahkesvx0rkk44ft","operationId":"kqykwx4eb7wc9vs","previousOperationId":"je9uv5vseer7tm9"}
{"type":"log","timestamp":1707982108530,"level":"debug","message":"Executing recipe chrome-pdf","meta":{"rootId":"vj2qfmhvethvrn4","id":"vj2qfmhvethvrn4"},"id":"u2lezr4wgkp2cf3","previousOperationId":"kqykwx4eb7wc9vs"}
{"type":"log","timestamp":1707982108533,"level":"debug","message":"Converting with chrome HeadlessChrome/117.0.5938.149 using chrome-pool strategy","meta":{"rootId":"vj2qfmhvethvrn4","id":"vj2qfmhvethvrn4"},"id":"g4pht2w026vuz5f","previousOperationId":"kqykwx4eb7wc9vs"}
{"type":"log","timestamp":1707982108666,"level":"debug","message":"Page request: GET (document) file:///C:/Users/USER/AppData/Local/Temp/jsreport/autocleanup/a96c81dd-3be3-44fe-85f2-3287a2045419-chrome-pdf.html","meta":{"rootId":"vj2qfmhvethvrn4","id":"vj2qfmhvethvrn4"},"id":"5c8mqzl4sdy3r9x","previousOperationId":"kqykwx4eb7wc9vs"}
{"type":"log","timestamp":1707982108677,"level":"debug","message":"Page request finished: GET (document) 200 file:///C:/Users/USER/AppData/Local/Temp/jsreport/autocleanup/a96c81dd-3be3-44fe-85f2-3287a2045419-chrome-pdf.html","meta":{"rootId":"vj2qfmhvethvrn4","id":"vj2qfmhvethvrn4"},"id":"b5vtxhpri22beqa","previousOperationId":"kqykwx4eb7wc9vs"}
{"type":"log","timestamp":1707982108698,"level":"debug","message":"Running chrome with params {\"printBackground\":true,\"marginTop\":\"1cm\",\"marginRight\":\"1cm\",\"marginBottom\":\"1cm\",\"marginLeft\":\"1cm\",\"timeout\":59949,\"margin\":{\"top\":\"1cm\",\"right\":\"1cm\",\"bottom\":\"1cm\",\"left\":\"1cm\"}}","meta":{"rootId":"vj2qfmhvethvrn4","id":"vj2qfmhvethvrn4"},"id":"8n4h4c4rh6ydn0j","previousOperationId":"kqykwx4eb7wc9vs"}
{"type":"operationEnd","operationId":"kqykwx4eb7wc9vs","timestamp":1707982108864,"id":"4zdenv41sq09de0","previousEventId":"4o3re832m3sborb","previousOperationId":"kqykwx4eb7wc9vs"}
{"type":"log","timestamp":1707982108864,"level":"debug","message":"Skipping storing report.","meta":{"rootId":"vj2qfmhvethvrn4","id":"vj2qfmhvethvrn4"},"id":"sva3tnuhxguxkyb","previousOperationId":"kqykwx4eb7wc9vs"}
{"type":"log","timestamp":1707982108864,"level":"info","message":"Rendering request 32 finished in 383 ms","meta":{"rootId":"vj2qfmhvethvrn4","id":"vj2qfmhvethvrn4"},"id":"kg0vdyzyznfwrc4","previousOperationId":"kqykwx4eb7wc9vs"}
{"type":"operationEnd","subtype":"render","operationId":"ufgq3jc6cu4wnsc","timestamp":1707982108864,"id":"vadwg151xardccc","previousEventId":"4zdenv41sq09de0","previousOperationId":"kqykwx4eb7wc9vs"}
{"type":"operationEnd","doDiffs":false,"previousEventId":"lmkh0qy8ji3pwcc","previousOperationId":"can0hc9eijapykx","operationId":"can0hc9eijapykx","timestamp":1707982108869,"id":"my4hx4woqpbs0r7"}
