{"type":"operationStart","subtype":"profile","data":{"_id":"MWKgdLGSYG0mRLCa","timestamp":"2024-02-15T06:29:03.212Z","state":"queued","mode":"standard","creationDate":"2024-02-15T06:29:03.215Z","modificationDate":"2024-02-15T06:29:03.215Z","shortid":"337ayFq","$entitySet":"profiles"},"doDiffs":false,"timestamp":1707978543213,"id":"gxvvxiwuwxmie4l","previousOperationId":null,"operationId":"9uqr5gfp9pfur0w"}
{"type":"log","level":"info","message":"Render request 2 queued for execution and waiting for available worker","previousOperationId":"9uqr5gfp9pfur0w","timestamp":1707978543214,"id":"ykb64tt9h5g7d5v"}
{"type":"operationStart","subtype":"render","name":"invoice-main","previousOperationId":"9uqr5gfp9pfur0w","timestamp":1707978543250,"id":"9fw6151ehm600f5","previousEventId":"gxvvxiwuwxmie4l","operationId":"v4kbay3i4gwp8va"}
{"type":"log","timestamp":1707978543255,"level":"info","message":"Starting rendering request 2","meta":{"rootId":"vydyys052vla087","id":"vydyys052vla087"},"id":"9wl8ysp6fj0h6df","previousOperationId":"v4kbay3i4gwp8va"}
{"type":"log","timestamp":1707978543260,"level":"info","message":"Rendering template { name: invoice-main, recipe: chrome-pdf, engine: handlebars, preview: true }","meta":{"rootId":"vydyys052vla087","id":"vydyys052vla087"},"id":"iv7glt4ibdhhrer","previousOperationId":"v4kbay3i4gwp8va"}
{"type":"log","timestamp":1707978543264,"level":"debug","message":"Inline data specified.","meta":{"rootId":"vydyys052vla087","id":"vydyys052vla087"},"id":"lgf09cptdn8p5gk","previousOperationId":"v4kbay3i4gwp8va"}
{"type":"log","timestamp":1707978543272,"level":"debug","message":"Base url not specified, skipping its injection.","meta":{"rootId":"vydyys052vla087","id":"vydyys052vla087"},"id":"o0lkqh1ttoelv5c","previousOperationId":"v4kbay3i4gwp8va"}
{"type":"operationStart","subtype":"engine","name":"handlebars","timestamp":1707978543276,"id":"7036rpjslghntdh","previousEventId":"9fw6151ehm600f5","operationId":"ywa7xt9p9evp9dy","previousOperationId":"v4kbay3i4gwp8va"}
{"type":"log","timestamp":1707978543276,"level":"debug","message":"Rendering engine handlebars","meta":{"rootId":"vydyys052vla087","id":"vydyys052vla087"},"id":"wcdho8s7onaer0g","previousOperationId":"ywa7xt9p9evp9dy"}
{"type":"log","timestamp":1707978544211,"level":"debug","message":"(console:log) Calculating item Website design; you should see this message in debug run","meta":{"userLevel":true,"rootId":"vydyys052vla087","id":"vydyys052vla087"},"id":"m7ebm4odqd08qjv","previousOperationId":"ywa7xt9p9evp9dy"}
{"type":"operationEnd","operationId":"ywa7xt9p9evp9dy","timestamp":1707978544216,"id":"w7bheu3o8nzmfix","previousEventId":"7036rpjslghntdh","previousOperationId":"ywa7xt9p9evp9dy"}
{"type":"operationStart","subtype":"recipe","name":"chrome-pdf","timestamp":1707978544218,"id":"3j4i6rkc4979opi","previousEventId":"w7bheu3o8nzmfix","operationId":"ee1wj34aqdc3np4","previousOperationId":"ywa7xt9p9evp9dy"}
{"type":"log","timestamp":1707978544218,"level":"debug","message":"Executing recipe chrome-pdf","meta":{"rootId":"vydyys052vla087","id":"vydyys052vla087"},"id":"3wqfv96iftxvm5l","previousOperationId":"ee1wj34aqdc3np4"}
{"type":"log","timestamp":1707978544672,"level":"debug","message":"Converting with chrome HeadlessChrome/117.0.5938.149 using chrome-pool strategy","meta":{"rootId":"vydyys052vla087","id":"vydyys052vla087"},"id":"n78c02sk9ntvqkn","previousOperationId":"ee1wj34aqdc3np4"}
{"type":"log","timestamp":1707978544881,"level":"debug","message":"Page request: GET (document) file:///C:/Users/USER/AppData/Local/Temp/jsreport/autocleanup/151be55a-96d4-4e55-b33e-e5a0cc84fcc2-chrome-pdf.html","meta":{"rootId":"vydyys052vla087","id":"vydyys052vla087"},"id":"c0rp502ufsv6k0u","previousOperationId":"ee1wj34aqdc3np4"}
{"type":"log","timestamp":1707978544891,"level":"debug","message":"Page request: GET (stylesheet) file:///C:/Users/USER/AppData/Local/Temp/jsreport/autocleanup/invoice-styles.css","meta":{"rootId":"vydyys052vla087","id":"vydyys052vla087"},"id":"cg17cricurlzcxh","previousOperationId":"ee1wj34aqdc3np4"}
{"type":"log","timestamp":1707978544892,"level":"debug","message":"Page request: GET (image) file:///C:/Users/USER/AppData/Local/Temp/jsreport/autocleanup/invoice-logo.png","meta":{"rootId":"vydyys052vla087","id":"vydyys052vla087"},"id":"01r6jzd9cp5ct21","previousOperationId":"ee1wj34aqdc3np4"}
{"type":"log","timestamp":1707978544894,"level":"debug","message":"Page request finished: GET (document) 200 file:///C:/Users/USER/AppData/Local/Temp/jsreport/autocleanup/151be55a-96d4-4e55-b33e-e5a0cc84fcc2-chrome-pdf.html","meta":{"rootId":"vydyys052vla087","id":"vydyys052vla087"},"id":"2coyg7lk00kybju","previousOperationId":"ee1wj34aqdc3np4"}
{"type":"log","timestamp":1707978544894,"level":"warn","message":"Page request failed: GET (stylesheet) file:///C:/Users/USER/AppData/Local/Temp/jsreport/autocleanup/invoice-styles.css, failure: net::ERR_ACCESS_DENIED","meta":{"rootId":"vydyys052vla087","id":"vydyys052vla087"},"id":"3msw5yolyk8xrqq","previousOperationId":"ee1wj34aqdc3np4"}
{"type":"log","timestamp":1707978544895,"level":"debug","message":"(console:error) Failed to load resource: net::ERR_ACCESS_DENIED","meta":{"userLevel":true,"rootId":"vydyys052vla087","id":"vydyys052vla087"},"id":"0l26qpdl83seylg","previousOperationId":"ee1wj34aqdc3np4"}
{"type":"log","timestamp":1707978544895,"level":"warn","message":"Page request failed: GET (image) file:///C:/Users/USER/AppData/Local/Temp/jsreport/autocleanup/invoice-logo.png, failure: net::ERR_ACCESS_DENIED","meta":{"rootId":"vydyys052vla087","id":"vydyys052vla087"},"id":"bchjjl5t6lykkk3","previousOperationId":"ee1wj34aqdc3np4"}
{"type":"log","timestamp":1707978544895,"level":"debug","message":"(console:error) Failed to load resource: net::ERR_ACCESS_DENIED","meta":{"userLevel":true,"rootId":"vydyys052vla087","id":"vydyys052vla087"},"id":"6l5phqu7y7ofbcx","previousOperationId":"ee1wj34aqdc3np4"}
{"type":"log","timestamp":1707978544911,"level":"debug","message":"Running chrome with params {\"printBackground\":true,\"marginTop\":\"1cm\",\"marginRight\":\"1cm\",\"marginBottom\":\"1cm\",\"marginLeft\":\"1cm\",\"timeout\":58981,\"margin\":{\"top\":\"1cm\",\"right\":\"1cm\",\"bottom\":\"1cm\",\"left\":\"1cm\"}}","meta":{"rootId":"vydyys052vla087","id":"vydyys052vla087"},"id":"zl4618bfv55wzws","previousOperationId":"ee1wj34aqdc3np4"}
{"type":"operationEnd","operationId":"ee1wj34aqdc3np4","timestamp":1707978544987,"id":"2apj5b06jmcvznw","previousEventId":"3j4i6rkc4979opi","previousOperationId":"ee1wj34aqdc3np4"}
{"type":"log","timestamp":1707978544988,"level":"debug","message":"Skipping storing report.","meta":{"rootId":"vydyys052vla087","id":"vydyys052vla087"},"id":"b1l7f2rmthpifov","previousOperationId":"ee1wj34aqdc3np4"}
{"type":"log","timestamp":1707978544988,"level":"info","message":"Rendering request 2 finished in 1777 ms","meta":{"rootId":"vydyys052vla087","id":"vydyys052vla087"},"id":"5omwtwq8dkg7ntu","previousOperationId":"ee1wj34aqdc3np4"}
{"type":"operationEnd","subtype":"render","operationId":"v4kbay3i4gwp8va","timestamp":1707978544988,"id":"1uyotnj6g6vdpav","previousEventId":"2apj5b06jmcvznw","previousOperationId":"ee1wj34aqdc3np4"}
{"type":"operationEnd","doDiffs":false,"previousEventId":"gxvvxiwuwxmie4l","previousOperationId":"9uqr5gfp9pfur0w","operationId":"9uqr5gfp9pfur0w","timestamp":1707978544998,"id":"4z83jwo995nad98"}
