{"type":"operationStart","subtype":"profile","data":{"_id":"StfG6HYCTshqPQPq","timestamp":"2024-02-15T08:00:44.287Z","state":"queued","mode":"standard","creationDate":"2024-02-15T08:00:44.290Z","modificationDate":"2024-02-15T08:00:44.290Z","shortid":"olGoxOB","$entitySet":"profiles"},"doDiffs":false,"timestamp":1707984044288,"id":"vcbak15mnwqua9h","previousOperationId":null,"operationId":"a3cwe4tps6ktztp"}
{"type":"log","level":"info","message":"Render request 16 queued for execution and waiting for available worker","previousOperationId":"a3cwe4tps6ktztp","timestamp":1707984044289,"id":"4gqmqv9b144aji2"}
{"type":"operationStart","subtype":"render","name":"invoice-main","previousOperationId":"a3cwe4tps6ktztp","timestamp":1707984044300,"id":"eslpf1c0jjz7s9z","previousEventId":"vcbak15mnwqua9h","operationId":"2ppro8d76gqmt4n"}
{"type":"log","timestamp":1707984044300,"level":"info","message":"Starting rendering request 16","meta":{"rootId":"vz6gk3unozqfvav","id":"vz6gk3unozqfvav"},"id":"0tun1vzmcxg4sfp","previousOperationId":"2ppro8d76gqmt4n"}
{"type":"log","timestamp":1707984044301,"level":"info","message":"Rendering template { name: invoice-main, recipe: chrome-pdf, engine: handlebars, preview: true }","meta":{"rootId":"vz6gk3unozqfvav","id":"vz6gk3unozqfvav"},"id":"j7q1pri31kmxcm6","previousOperationId":"2ppro8d76gqmt4n"}
{"type":"log","timestamp":1707984044302,"level":"debug","message":"Inline data specified.","meta":{"rootId":"vz6gk3unozqfvav","id":"vz6gk3unozqfvav"},"id":"8wgyqr6v61mvlc6","previousOperationId":"2ppro8d76gqmt4n"}
{"type":"log","timestamp":1707984044305,"level":"debug","message":"Base url not specified, skipping its injection.","meta":{"rootId":"vz6gk3unozqfvav","id":"vz6gk3unozqfvav"},"id":"qhkq7fqabj8gtj2","previousOperationId":"2ppro8d76gqmt4n"}
{"type":"operationStart","subtype":"engine","name":"handlebars","timestamp":1707984044305,"id":"qpk357yogxxqv5m","previousEventId":"eslpf1c0jjz7s9z","operationId":"uiuaasgn1zak6mf","previousOperationId":"2ppro8d76gqmt4n"}
{"type":"log","timestamp":1707984044305,"level":"debug","message":"Rendering engine handlebars","meta":{"rootId":"vz6gk3unozqfvav","id":"vz6gk3unozqfvav"},"id":"fddirljhydj5prq","previousOperationId":"uiuaasgn1zak6mf"}
{"type":"log","timestamp":1707984044335,"level":"debug","message":"(console:log) Calculating item undefined; you should see this message in debug run","meta":{"userLevel":true,"rootId":"vz6gk3unozqfvav","id":"vz6gk3unozqfvav"},"id":"sc6euw18vmbbc48","previousOperationId":"uiuaasgn1zak6mf"}
{"type":"operationEnd","operationId":"uiuaasgn1zak6mf","timestamp":1707984044338,"id":"3dp5sxaxc7uhu3b","previousEventId":"qpk357yogxxqv5m","previousOperationId":"uiuaasgn1zak6mf"}
{"type":"operationStart","subtype":"recipe","name":"chrome-pdf","timestamp":1707984044338,"id":"v9mez4jp62v9d9h","previousEventId":"3dp5sxaxc7uhu3b","operationId":"aa2ll5ebvr0w2ab","previousOperationId":"uiuaasgn1zak6mf"}
{"type":"log","timestamp":1707984044338,"level":"debug","message":"Executing recipe chrome-pdf","meta":{"rootId":"vz6gk3unozqfvav","id":"vz6gk3unozqfvav"},"id":"t4s0h3c6plloaxu","previousOperationId":"aa2ll5ebvr0w2ab"}
{"type":"log","timestamp":1707984044341,"level":"debug","message":"Converting with chrome HeadlessChrome/117.0.5938.149 using chrome-pool strategy","meta":{"rootId":"vz6gk3unozqfvav","id":"vz6gk3unozqfvav"},"id":"98yjjfcm3yj7nv6","previousOperationId":"aa2ll5ebvr0w2ab"}
{"type":"log","timestamp":1707984044459,"level":"debug","message":"Page request: GET (document) file:///C:/Users/USER/AppData/Local/Temp/jsreport/autocleanup/f6b8d45e-6e59-4c8e-97cc-dfaea35f5c2a-chrome-pdf.html","meta":{"rootId":"vz6gk3unozqfvav","id":"vz6gk3unozqfvav"},"id":"aon0rire57eo5xo","previousOperationId":"aa2ll5ebvr0w2ab"}
{"type":"log","timestamp":1707984044466,"level":"debug","message":"Page request finished: GET (document) 200 file:///C:/Users/USER/AppData/Local/Temp/jsreport/autocleanup/f6b8d45e-6e59-4c8e-97cc-dfaea35f5c2a-chrome-pdf.html","meta":{"rootId":"vz6gk3unozqfvav","id":"vz6gk3unozqfvav"},"id":"b7vgpttjq2hwwcd","previousOperationId":"aa2ll5ebvr0w2ab"}
{"type":"log","timestamp":1707984044482,"level":"debug","message":"Running chrome with params {\"printBackground\":true,\"marginTop\":\"1cm\",\"marginRight\":\"1cm\",\"marginBottom\":\"1cm\",\"marginLeft\":\"1cm\",\"timeout\":59947,\"margin\":{\"top\":\"1cm\",\"right\":\"1cm\",\"bottom\":\"1cm\",\"left\":\"1cm\"}}","meta":{"rootId":"vz6gk3unozqfvav","id":"vz6gk3unozqfvav"},"id":"oxd1f0toi26rrqw","previousOperationId":"aa2ll5ebvr0w2ab"}
{"type":"operationEnd","operationId":"aa2ll5ebvr0w2ab","timestamp":1707984044612,"id":"4ywgjswriu2dm5t","previousEventId":"v9mez4jp62v9d9h","previousOperationId":"aa2ll5ebvr0w2ab"}
{"type":"log","timestamp":1707984044612,"level":"debug","message":"Skipping storing report.","meta":{"rootId":"vz6gk3unozqfvav","id":"vz6gk3unozqfvav"},"id":"xh0dlbwcjq9uqjl","previousOperationId":"aa2ll5ebvr0w2ab"}
{"type":"log","timestamp":1707984044612,"level":"info","message":"Rendering request 16 finished in 325 ms","meta":{"rootId":"vz6gk3unozqfvav","id":"vz6gk3unozqfvav"},"id":"5l5tiwmtcw7foue","previousOperationId":"aa2ll5ebvr0w2ab"}
{"type":"operationEnd","subtype":"render","operationId":"2ppro8d76gqmt4n","timestamp":1707984044613,"id":"er3t5y6v7ikzwgb","previousEventId":"4ywgjswriu2dm5t","previousOperationId":"aa2ll5ebvr0w2ab"}
{"type":"operationEnd","doDiffs":false,"previousEventId":"vcbak15mnwqua9h","previousOperationId":"a3cwe4tps6ktztp","operationId":"a3cwe4tps6ktztp","timestamp":1707984044617,"id":"zroucm7iyovdjgy"}
