{"type":"operationStart","subtype":"profile","data":{"_id":"AbNR1I8c2q2fAqlk","timestamp":"2024-02-15T07:23:40.869Z","state":"queued","mode":"standard","creationDate":"2024-02-15T07:23:40.871Z","modificationDate":"2024-02-15T07:23:40.871Z","shortid":"7VNgp31","$entitySet":"profiles"},"doDiffs":false,"timestamp":1707981820870,"id":"brxcri4a95n6yb6","previousOperationId":null,"operationId":"6v914xtmy6ifii7"}
{"type":"log","level":"info","message":"Render request 29 queued for execution and waiting for available worker","previousOperationId":"6v914xtmy6ifii7","timestamp":1707981820870,"id":"9v7hdgwvpvxuluu"}
{"type":"operationStart","subtype":"render","name":"invoice-main","previousOperationId":"6v914xtmy6ifii7","timestamp":1707981820881,"id":"uimeqgvz1w684y1","previousEventId":"brxcri4a95n6yb6","operationId":"cjgzppmkfihzm3u"}
{"type":"log","timestamp":1707981820881,"level":"info","message":"Starting rendering request 29","meta":{"rootId":"w77p7f3k256dkhl","id":"w77p7f3k256dkhl"},"id":"dkmq47oaijy1ode","previousOperationId":"cjgzppmkfihzm3u"}
{"type":"log","timestamp":1707981820881,"level":"info","message":"Rendering template { name: invoice-main, recipe: chrome-pdf, engine: handlebars, preview: true }","meta":{"rootId":"w77p7f3k256dkhl","id":"w77p7f3k256dkhl"},"id":"zzq39qknbjkrt30","previousOperationId":"cjgzppmkfihzm3u"}
{"type":"log","timestamp":1707981820884,"level":"debug","message":"Inline data specified.","meta":{"rootId":"w77p7f3k256dkhl","id":"w77p7f3k256dkhl"},"id":"9886xyrzofvt7fb","previousOperationId":"cjgzppmkfihzm3u"}
{"type":"log","timestamp":1707981820886,"level":"debug","message":"Base url not specified, skipping its injection.","meta":{"rootId":"w77p7f3k256dkhl","id":"w77p7f3k256dkhl"},"id":"f48xsq7i267kisz","previousOperationId":"cjgzppmkfihzm3u"}
{"type":"operationStart","subtype":"engine","name":"handlebars","timestamp":1707981820887,"id":"djiz15q30a3vlos","previousEventId":"uimeqgvz1w684y1","operationId":"ao0i66idqv3xny0","previousOperationId":"cjgzppmkfihzm3u"}
{"type":"log","timestamp":1707981820887,"level":"debug","message":"Rendering engine handlebars","meta":{"rootId":"w77p7f3k256dkhl","id":"w77p7f3k256dkhl"},"id":"93qnz17wcad8hjm","previousOperationId":"ao0i66idqv3xny0"}
{"type":"log","timestamp":1707981821174,"level":"debug","message":"(console:log) Calculating item Website design; you should see this message in debug run","meta":{"userLevel":true,"rootId":"w77p7f3k256dkhl","id":"w77p7f3k256dkhl"},"id":"zspyoycdrulv0g6","previousOperationId":"ao0i66idqv3xny0"}
{"type":"operationEnd","operationId":"ao0i66idqv3xny0","timestamp":1707981821176,"id":"30cediu9cddkltj","previousEventId":"djiz15q30a3vlos","previousOperationId":"ao0i66idqv3xny0"}
{"type":"operationStart","subtype":"recipe","name":"chrome-pdf","timestamp":1707981821176,"id":"iglm20clu1x1fso","previousEventId":"30cediu9cddkltj","operationId":"7d9wfym6cpi5qoo","previousOperationId":"ao0i66idqv3xny0"}
{"type":"log","timestamp":1707981821176,"level":"debug","message":"Executing recipe chrome-pdf","meta":{"rootId":"w77p7f3k256dkhl","id":"w77p7f3k256dkhl"},"id":"7hzveyi9wjfgvo2","previousOperationId":"7d9wfym6cpi5qoo"}
{"type":"log","timestamp":1707981821186,"level":"debug","message":"Converting with chrome HeadlessChrome/117.0.5938.149 using chrome-pool strategy","meta":{"rootId":"w77p7f3k256dkhl","id":"w77p7f3k256dkhl"},"id":"knvjf2eg7opreej","previousOperationId":"7d9wfym6cpi5qoo"}
{"type":"log","timestamp":1707981821288,"level":"debug","message":"Page request: GET (document) file:///C:/Users/USER/AppData/Local/Temp/jsreport/autocleanup/82386f4c-31f4-4c25-82a0-930ce1c14307-chrome-pdf.html","meta":{"rootId":"w77p7f3k256dkhl","id":"w77p7f3k256dkhl"},"id":"8e24had7qy6wzc1","previousOperationId":"7d9wfym6cpi5qoo"}
{"type":"log","timestamp":1707981821301,"level":"debug","message":"Page request finished: GET (document) 200 file:///C:/Users/USER/AppData/Local/Temp/jsreport/autocleanup/82386f4c-31f4-4c25-82a0-930ce1c14307-chrome-pdf.html","meta":{"rootId":"w77p7f3k256dkhl","id":"w77p7f3k256dkhl"},"id":"g5pzzqbzd0jzhy1","previousOperationId":"7d9wfym6cpi5qoo"}
{"type":"log","timestamp":1707981821321,"level":"debug","message":"Running chrome with params {\"printBackground\":true,\"marginTop\":\"1cm\",\"marginRight\":\"1cm\",\"marginBottom\":\"1cm\",\"marginLeft\":\"1cm\",\"timeout\":59685,\"margin\":{\"top\":\"1cm\",\"right\":\"1cm\",\"bottom\":\"1cm\",\"left\":\"1cm\"}}","meta":{"rootId":"w77p7f3k256dkhl","id":"w77p7f3k256dkhl"},"id":"awmbhlwum9e0ynz","previousOperationId":"7d9wfym6cpi5qoo"}
{"type":"operationEnd","operationId":"7d9wfym6cpi5qoo","timestamp":1707981821503,"id":"u7di98lytmmfr8i","previousEventId":"iglm20clu1x1fso","previousOperationId":"7d9wfym6cpi5qoo"}
{"type":"log","timestamp":1707981821504,"level":"debug","message":"Skipping storing report.","meta":{"rootId":"w77p7f3k256dkhl","id":"w77p7f3k256dkhl"},"id":"mdot1d6dpki1m76","previousOperationId":"7d9wfym6cpi5qoo"}
{"type":"log","timestamp":1707981821504,"level":"info","message":"Rendering request 29 finished in 635 ms","meta":{"rootId":"w77p7f3k256dkhl","id":"w77p7f3k256dkhl"},"id":"x04g75jyam2gngj","previousOperationId":"7d9wfym6cpi5qoo"}
{"type":"operationEnd","subtype":"render","operationId":"cjgzppmkfihzm3u","timestamp":1707981821504,"id":"xmms7x18tsc83kv","previousEventId":"u7di98lytmmfr8i","previousOperationId":"7d9wfym6cpi5qoo"}
{"type":"operationEnd","doDiffs":false,"previousEventId":"brxcri4a95n6yb6","previousOperationId":"6v914xtmy6ifii7","operationId":"6v914xtmy6ifii7","timestamp":1707981821509,"id":"jug1kk79fa8lj8t"}
