{"type":"operationStart","subtype":"profile","data":{"_id":"pU3z4U9HlqYteuRN","timestamp":"2024-02-16T08:10:36.676Z","state":"queued","mode":"standard","creationDate":"2024-02-16T08:10:36.681Z","modificationDate":"2024-02-16T08:10:36.681Z","shortid":"g5Mq4CB","$entitySet":"profiles"},"doDiffs":false,"timestamp":1708071036678,"id":"61l9twxz53id2tr","previousOperationId":null,"operationId":"5mfhv4p8wa5ktxy"}
{"type":"log","level":"info","message":"Render request 1 queued for execution and waiting for available worker","previousOperationId":"5mfhv4p8wa5ktxy","timestamp":1708071036679,"id":"z11znvew69xpvzu"}
{"type":"operationStart","subtype":"render","name":"invoice-main","previousOperationId":"5mfhv4p8wa5ktxy","timestamp":1708071036718,"id":"c3rhvh5lrwryazi","previousEventId":"61l9twxz53id2tr","operationId":"aaw94etbqx9b2ev"}
{"type":"log","timestamp":1708071036720,"level":"info","message":"Starting rendering request 1","meta":{"rootId":"wr9qzv6iyplnkpf","id":"wr9qzv6iyplnkpf"},"id":"e8ol5q565etqhnd","previousOperationId":"aaw94etbqx9b2ev"}
{"type":"log","timestamp":1708071036722,"level":"info","message":"Rendering template { name: invoice-main, recipe: chrome-pdf, engine: handlebars, preview: true }","meta":{"rootId":"wr9qzv6iyplnkpf","id":"wr9qzv6iyplnkpf"},"id":"edjfu76tb7cf0d2","previousOperationId":"aaw94etbqx9b2ev"}
{"type":"log","timestamp":1708071036728,"level":"debug","message":"Adding sample data bIueE80","meta":{"rootId":"wr9qzv6iyplnkpf","id":"wr9qzv6iyplnkpf"},"id":"rlzob16ko20pqvb","previousOperationId":"aaw94etbqx9b2ev"}
{"type":"log","timestamp":1708071036733,"level":"debug","message":"Base url not specified, skipping its injection.","meta":{"rootId":"wr9qzv6iyplnkpf","id":"wr9qzv6iyplnkpf"},"id":"eo2ymyq7px25gj3","previousOperationId":"aaw94etbqx9b2ev"}
{"type":"operationStart","subtype":"engine","name":"handlebars","timestamp":1708071036736,"id":"mtceat8707zlrsu","previousEventId":"c3rhvh5lrwryazi","operationId":"xn90bk053z3kz6a","previousOperationId":"aaw94etbqx9b2ev"}
{"type":"log","timestamp":1708071036736,"level":"debug","message":"Rendering engine handlebars","meta":{"rootId":"wr9qzv6iyplnkpf","id":"wr9qzv6iyplnkpf"},"id":"33bav4b8xxgjij6","previousOperationId":"xn90bk053z3kz6a"}
{"type":"log","timestamp":1708071037559,"level":"debug","message":"(console:log) Calculating item undefined; you should see this message in debug run","meta":{"userLevel":true,"rootId":"wr9qzv6iyplnkpf","id":"wr9qzv6iyplnkpf"},"id":"jvi8p5opil0q2b7","previousOperationId":"xn90bk053z3kz6a"}
{"type":"log","timestamp":1708071037560,"level":"debug","message":"(console:log) Calculating item undefined; you should see this message in debug run","meta":{"userLevel":true,"rootId":"wr9qzv6iyplnkpf","id":"wr9qzv6iyplnkpf"},"id":"z9vecr99fahksl5","previousOperationId":"xn90bk053z3kz6a"}
{"type":"operationEnd","operationId":"xn90bk053z3kz6a","timestamp":1708071037565,"id":"b5qbcrl3vua554a","previousEventId":"mtceat8707zlrsu","previousOperationId":"xn90bk053z3kz6a"}
{"type":"operationStart","subtype":"recipe","name":"chrome-pdf","timestamp":1708071037566,"id":"7ctsyx19gwu1wrb","previousEventId":"b5qbcrl3vua554a","operationId":"giklwwowr3c3eap","previousOperationId":"xn90bk053z3kz6a"}
{"type":"log","timestamp":1708071037566,"level":"debug","message":"Executing recipe chrome-pdf","meta":{"rootId":"wr9qzv6iyplnkpf","id":"wr9qzv6iyplnkpf"},"id":"w1cvaj16h8km0c5","previousOperationId":"giklwwowr3c3eap"}
{"type":"log","timestamp":1708071038403,"level":"debug","message":"Converting with chrome HeadlessChrome/117.0.5938.149 using chrome-pool strategy","meta":{"rootId":"wr9qzv6iyplnkpf","id":"wr9qzv6iyplnkpf"},"id":"uhj0i47j35c2w55","previousOperationId":"giklwwowr3c3eap"}
{"type":"log","timestamp":1708071038563,"level":"debug","message":"Page request: GET (document) file:///C:/Users/USER/AppData/Local/Temp/jsreport/autocleanup/a1e89d2f-c433-4ae5-9ecf-cbe4ed151472-chrome-pdf.html","meta":{"rootId":"wr9qzv6iyplnkpf","id":"wr9qzv6iyplnkpf"},"id":"paq7prdcydwativ","previousOperationId":"giklwwowr3c3eap"}
{"type":"log","timestamp":1708071038575,"level":"debug","message":"Page request finished: GET (document) 200 file:///C:/Users/USER/AppData/Local/Temp/jsreport/autocleanup/a1e89d2f-c433-4ae5-9ecf-cbe4ed151472-chrome-pdf.html","meta":{"rootId":"wr9qzv6iyplnkpf","id":"wr9qzv6iyplnkpf"},"id":"1atnzz893oahq06","previousOperationId":"giklwwowr3c3eap"}
{"type":"log","timestamp":1708071038599,"level":"debug","message":"Running chrome with params {\"printBackground\":true,\"marginTop\":\"1cm\",\"marginRight\":\"1cm\",\"marginBottom\":\"1cm\",\"marginLeft\":\"1cm\",\"timeout\":59099,\"margin\":{\"top\":\"1cm\",\"right\":\"1cm\",\"bottom\":\"1cm\",\"left\":\"1cm\"}}","meta":{"rootId":"wr9qzv6iyplnkpf","id":"wr9qzv6iyplnkpf"},"id":"lsmljqm0mxtjxzy","previousOperationId":"giklwwowr3c3eap"}
{"type":"operationEnd","operationId":"giklwwowr3c3eap","timestamp":1708071038774,"id":"arhb8o7s30ajpcg","previousEventId":"7ctsyx19gwu1wrb","previousOperationId":"giklwwowr3c3eap"}
{"type":"log","timestamp":1708071038775,"level":"debug","message":"Skipping storing report.","meta":{"rootId":"wr9qzv6iyplnkpf","id":"wr9qzv6iyplnkpf"},"id":"k18851dewxnesev","previousOperationId":"giklwwowr3c3eap"}
{"type":"log","timestamp":1708071038775,"level":"info","message":"Rendering request 1 finished in 2099 ms","meta":{"rootId":"wr9qzv6iyplnkpf","id":"wr9qzv6iyplnkpf"},"id":"jxo74itn8npt9sk","previousOperationId":"giklwwowr3c3eap"}
{"type":"operationEnd","subtype":"render","operationId":"aaw94etbqx9b2ev","timestamp":1708071038776,"id":"twfek8pqbiq6lr3","previousEventId":"arhb8o7s30ajpcg","previousOperationId":"giklwwowr3c3eap"}
{"type":"operationEnd","doDiffs":false,"previousEventId":"61l9twxz53id2tr","previousOperationId":"5mfhv4p8wa5ktxy","operationId":"5mfhv4p8wa5ktxy","timestamp":1708071038784,"id":"x2o8tdraa6cmuao"}
