{"type":"operationStart","subtype":"profile","data":{"_id":"n77resnjoH2pPhfb","timestamp":"2024-02-19T06:34:07.126Z","state":"queued","mode":"standard","creationDate":"2024-02-19T06:34:07.131Z","modificationDate":"2024-02-19T06:34:07.131Z","shortid":"nPgGpro","$entitySet":"profiles"},"doDiffs":false,"timestamp":1708324447128,"id":"o3ftg1k0zu1x9ke","previousOperationId":null,"operationId":"jn2l4cl2ceyukie"}
{"type":"log","level":"info","message":"Render request 1 queued for execution and waiting for available worker","previousOperationId":"jn2l4cl2ceyukie","timestamp":1708324447129,"id":"2pi1s5ssb3z7d5n"}
{"type":"operationStart","subtype":"render","name":"invoice-main","previousOperationId":"jn2l4cl2ceyukie","timestamp":1708324447179,"id":"0mupiw3rjvm4l0v","previousEventId":"o3ftg1k0zu1x9ke","operationId":"ekc8ahx0tyadszu"}
{"type":"log","timestamp":1708324447180,"level":"info","message":"Starting rendering request 1","meta":{"rootId":"wuc1vl28nkwsa68","id":"wuc1vl28nkwsa68"},"id":"1o9eq9ejy5knwso","previousOperationId":"ekc8ahx0tyadszu"}
{"type":"log","timestamp":1708324447182,"level":"info","message":"Rendering template { name: invoice-main, recipe: chrome-pdf, engine: handlebars, preview: true }","meta":{"rootId":"wuc1vl28nkwsa68","id":"wuc1vl28nkwsa68"},"id":"j0i2jzmvyyaokif","previousOperationId":"ekc8ahx0tyadszu"}
{"type":"log","timestamp":1708324447189,"level":"debug","message":"Adding sample data bIueE80","meta":{"rootId":"wuc1vl28nkwsa68","id":"wuc1vl28nkwsa68"},"id":"7eboonlo4pta1c0","previousOperationId":"ekc8ahx0tyadszu"}
{"type":"log","timestamp":1708324447198,"level":"debug","message":"Base url not specified, skipping its injection.","meta":{"rootId":"wuc1vl28nkwsa68","id":"wuc1vl28nkwsa68"},"id":"8nb8szysozuxes9","previousOperationId":"ekc8ahx0tyadszu"}
{"type":"operationStart","subtype":"engine","name":"handlebars","timestamp":1708324447200,"id":"tlehvstdr7wi3hz","previousEventId":"0mupiw3rjvm4l0v","operationId":"p4tw7yj1vdntmcb","previousOperationId":"ekc8ahx0tyadszu"}
{"type":"log","timestamp":1708324447201,"level":"debug","message":"Rendering engine handlebars","meta":{"rootId":"wuc1vl28nkwsa68","id":"wuc1vl28nkwsa68"},"id":"03hm7kfjxnvzwud","previousOperationId":"p4tw7yj1vdntmcb"}
{"type":"log","timestamp":1708324452932,"level":"debug","message":"(console:log) Calculating item undefined; you should see this message in debug run","meta":{"userLevel":true,"rootId":"wuc1vl28nkwsa68","id":"wuc1vl28nkwsa68"},"id":"yx0q1ql8chlouxg","previousOperationId":"p4tw7yj1vdntmcb"}
{"type":"log","timestamp":1708324452933,"level":"debug","message":"(console:log) Calculating item undefined; you should see this message in debug run","meta":{"userLevel":true,"rootId":"wuc1vl28nkwsa68","id":"wuc1vl28nkwsa68"},"id":"8ifecn40wtaxc8f","previousOperationId":"p4tw7yj1vdntmcb"}
{"type":"log","timestamp":1708324452933,"level":"debug","message":"(console:log) Calculating item undefined; you should see this message in debug run","meta":{"userLevel":true,"rootId":"wuc1vl28nkwsa68","id":"wuc1vl28nkwsa68"},"id":"e68mo5t1rf8dmz6","previousOperationId":"p4tw7yj1vdntmcb"}
{"type":"log","timestamp":1708324452933,"level":"debug","message":"(console:log) Calculating item undefined; you should see this message in debug run","meta":{"userLevel":true,"rootId":"wuc1vl28nkwsa68","id":"wuc1vl28nkwsa68"},"id":"4ghyls5x5xrhg0j","previousOperationId":"p4tw7yj1vdntmcb"}
{"type":"log","timestamp":1708324452933,"level":"debug","message":"(console:log) Calculating item undefined; you should see this message in debug run","meta":{"userLevel":true,"rootId":"wuc1vl28nkwsa68","id":"wuc1vl28nkwsa68"},"id":"r81y7bgb178jo28","previousOperationId":"p4tw7yj1vdntmcb"}
{"type":"log","timestamp":1708324452933,"level":"debug","message":"(console:log) Calculating item undefined; you should see this message in debug run","meta":{"userLevel":true,"rootId":"wuc1vl28nkwsa68","id":"wuc1vl28nkwsa68"},"id":"ki61xy7mt9d5smw","previousOperationId":"p4tw7yj1vdntmcb"}
{"type":"log","timestamp":1708324452934,"level":"debug","message":"(console:log) Calculating item undefined; you should see this message in debug run","meta":{"userLevel":true,"rootId":"wuc1vl28nkwsa68","id":"wuc1vl28nkwsa68"},"id":"1aqukym2ezfljra","previousOperationId":"p4tw7yj1vdntmcb"}
{"type":"log","timestamp":1708324452934,"level":"debug","message":"(console:log) Calculating item undefined; you should see this message in debug run","meta":{"userLevel":true,"rootId":"wuc1vl28nkwsa68","id":"wuc1vl28nkwsa68"},"id":"tgvv181v85vewoo","previousOperationId":"p4tw7yj1vdntmcb"}
{"type":"log","timestamp":1708324452934,"level":"debug","message":"(console:log) Calculating item undefined; you should see this message in debug run","meta":{"userLevel":true,"rootId":"wuc1vl28nkwsa68","id":"wuc1vl28nkwsa68"},"id":"9r2qk9jad266rac","previousOperationId":"p4tw7yj1vdntmcb"}
{"type":"log","timestamp":1708324452934,"level":"debug","message":"(console:log) Calculating item undefined; you should see this message in debug run","meta":{"userLevel":true,"rootId":"wuc1vl28nkwsa68","id":"wuc1vl28nkwsa68"},"id":"74k1xn2pq9gklue","previousOperationId":"p4tw7yj1vdntmcb"}
{"type":"log","timestamp":1708324452934,"level":"debug","message":"(console:log) Calculating item undefined; you should see this message in debug run","meta":{"userLevel":true,"rootId":"wuc1vl28nkwsa68","id":"wuc1vl28nkwsa68"},"id":"pd702u01pygbufk","previousOperationId":"p4tw7yj1vdntmcb"}
{"type":"log","timestamp":1708324452934,"level":"debug","message":"(console:log) Calculating item undefined; you should see this message in debug run","meta":{"userLevel":true,"rootId":"wuc1vl28nkwsa68","id":"wuc1vl28nkwsa68"},"id":"3vrx4gn9tufsb90","previousOperationId":"p4tw7yj1vdntmcb"}
{"type":"log","timestamp":1708324452934,"level":"debug","message":"(console:log) Calculating item undefined; you should see this message in debug run","meta":{"userLevel":true,"rootId":"wuc1vl28nkwsa68","id":"wuc1vl28nkwsa68"},"id":"416ij15uar96dyf","previousOperationId":"p4tw7yj1vdntmcb"}
{"type":"log","timestamp":1708324452934,"level":"debug","message":"(console:log) Calculating item undefined; you should see this message in debug run","meta":{"userLevel":true,"rootId":"wuc1vl28nkwsa68","id":"wuc1vl28nkwsa68"},"id":"tjtzk25m4f14jnt","previousOperationId":"p4tw7yj1vdntmcb"}
{"type":"log","timestamp":1708324452934,"level":"debug","message":"(console:log) Calculating item undefined; you should see this message in debug run","meta":{"userLevel":true,"rootId":"wuc1vl28nkwsa68","id":"wuc1vl28nkwsa68"},"id":"npfzmw5n4l7wu8s","previousOperationId":"p4tw7yj1vdntmcb"}
{"type":"log","timestamp":1708324452934,"level":"debug","message":"(console:log) Calculating item undefined; you should see this message in debug run","meta":{"userLevel":true,"rootId":"wuc1vl28nkwsa68","id":"wuc1vl28nkwsa68"},"id":"a1no5xa2vh7aoi1","previousOperationId":"p4tw7yj1vdntmcb"}
{"type":"log","timestamp":1708324452934,"level":"debug","message":"(console:log) Calculating item undefined; you should see this message in debug run","meta":{"userLevel":true,"rootId":"wuc1vl28nkwsa68","id":"wuc1vl28nkwsa68"},"id":"xbuear81a3xx79r","previousOperationId":"p4tw7yj1vdntmcb"}
{"type":"log","timestamp":1708324452934,"level":"debug","message":"(console:log) Calculating item undefined; you should see this message in debug run","meta":{"userLevel":true,"rootId":"wuc1vl28nkwsa68","id":"wuc1vl28nkwsa68"},"id":"cd278dcxcypc02s","previousOperationId":"p4tw7yj1vdntmcb"}
{"type":"log","timestamp":1708324452934,"level":"debug","message":"(console:log) Calculating item undefined; you should see this message in debug run","meta":{"userLevel":true,"rootId":"wuc1vl28nkwsa68","id":"wuc1vl28nkwsa68"},"id":"a4g6chfk6wplglc","previousOperationId":"p4tw7yj1vdntmcb"}
{"type":"operationEnd","operationId":"p4tw7yj1vdntmcb","timestamp":1708324452989,"id":"ocp4fpozpau42ua","previousEventId":"tlehvstdr7wi3hz","previousOperationId":"p4tw7yj1vdntmcb"}
{"type":"operationStart","subtype":"recipe","name":"chrome-pdf","timestamp":1708324452994,"id":"sbo0l14aqfovhnm","previousEventId":"ocp4fpozpau42ua","operationId":"kdkyyhloz325efb","previousOperationId":"p4tw7yj1vdntmcb"}
{"type":"log","timestamp":1708324452994,"level":"debug","message":"Executing recipe chrome-pdf","meta":{"rootId":"wuc1vl28nkwsa68","id":"wuc1vl28nkwsa68"},"id":"ab912gi484zble5","previousOperationId":"kdkyyhloz325efb"}
{"type":"log","timestamp":1708324454842,"level":"debug","message":"Converting with chrome HeadlessChrome/117.0.5938.149 using chrome-pool strategy","meta":{"rootId":"wuc1vl28nkwsa68","id":"wuc1vl28nkwsa68"},"id":"3n9dktopwmxxdj9","previousOperationId":"kdkyyhloz325efb"}
{"type":"log","timestamp":1708324455295,"level":"debug","message":"Page request: GET (document) file:///C:/Users/USER/AppData/Local/Temp/jsreport/autocleanup/b0a2eb66-9493-4620-b40e-87412e561fdd-chrome-pdf.html","meta":{"rootId":"wuc1vl28nkwsa68","id":"wuc1vl28nkwsa68"},"id":"0pv6hg0rzqdf3bj","previousOperationId":"kdkyyhloz325efb"}
{"type":"log","timestamp":1708324455306,"level":"debug","message":"Page request finished: GET (document) 200 file:///C:/Users/USER/AppData/Local/Temp/jsreport/autocleanup/b0a2eb66-9493-4620-b40e-87412e561fdd-chrome-pdf.html","meta":{"rootId":"wuc1vl28nkwsa68","id":"wuc1vl28nkwsa68"},"id":"1hljapsgtz2mwp9","previousOperationId":"kdkyyhloz325efb"}
{"type":"log","timestamp":1708324455333,"level":"debug","message":"Running chrome with params {\"printBackground\":true,\"marginTop\":\"1cm\",\"marginRight\":\"1cm\",\"marginBottom\":\"1cm\",\"marginLeft\":\"1cm\",\"timeout\":54042,\"margin\":{\"top\":\"1cm\",\"right\":\"1cm\",\"bottom\":\"1cm\",\"left\":\"1cm\"}}","meta":{"rootId":"wuc1vl28nkwsa68","id":"wuc1vl28nkwsa68"},"id":"pd6bmvrly6e755f","previousOperationId":"kdkyyhloz325efb"}
{"type":"operationEnd","operationId":"kdkyyhloz325efb","timestamp":1708324455686,"id":"sg4yq0z8davwria","previousEventId":"sbo0l14aqfovhnm","previousOperationId":"kdkyyhloz325efb"}
{"type":"log","timestamp":1708324455687,"level":"debug","message":"Skipping storing report.","meta":{"rootId":"wuc1vl28nkwsa68","id":"wuc1vl28nkwsa68"},"id":"q6romb3at4wi5s7","previousOperationId":"kdkyyhloz325efb"}
{"type":"log","timestamp":1708324455688,"level":"info","message":"Rendering request 1 finished in 8563 ms","meta":{"rootId":"wuc1vl28nkwsa68","id":"wuc1vl28nkwsa68"},"id":"4h2yjy2qdu01suw","previousOperationId":"kdkyyhloz325efb"}
{"type":"operationEnd","subtype":"render","operationId":"ekc8ahx0tyadszu","timestamp":1708324455688,"id":"pi9ch0s18yl776m","previousEventId":"sg4yq0z8davwria","previousOperationId":"kdkyyhloz325efb"}
{"type":"operationEnd","doDiffs":false,"previousEventId":"o3ftg1k0zu1x9ke","previousOperationId":"jn2l4cl2ceyukie","operationId":"jn2l4cl2ceyukie","timestamp":1708324455694,"id":"avi06nza7roe8c1"}
