{"type":"operationStart","subtype":"profile","data":{"_id":"NSSPOlMWP3BQ1hCv","timestamp":"2024-02-17T08:02:06.137Z","state":"queued","mode":"standard","creationDate":"2024-02-17T08:02:06.140Z","modificationDate":"2024-02-17T08:02:06.140Z","shortid":"9LHflUp","$entitySet":"profiles"},"doDiffs":false,"timestamp":1708156926139,"id":"c7jb57ng2wo22tc","previousOperationId":null,"operationId":"ghz4w53y4r2hm0m"}
{"type":"log","level":"info","message":"Render request 11 queued for execution and waiting for available worker","previousOperationId":"ghz4w53y4r2hm0m","timestamp":1708156926139,"id":"vcl5ydmlp8qpvkl"}
{"type":"operationStart","subtype":"render","name":"invoice-main","previousOperationId":"ghz4w53y4r2hm0m","timestamp":1708156926149,"id":"9lump1m0wk0sxc6","previousEventId":"c7jb57ng2wo22tc","operationId":"q3o5xcd44nxhxon"}
{"type":"log","timestamp":1708156926149,"level":"info","message":"Starting rendering request 11","meta":{"rootId":"x6scaoa28axwllf","id":"x6scaoa28axwllf"},"id":"1qki9g9wamobzx6","previousOperationId":"q3o5xcd44nxhxon"}
{"type":"log","timestamp":1708156926149,"level":"info","message":"Rendering template { name: invoice-main, recipe: chrome-pdf, engine: handlebars, preview: false }","meta":{"rootId":"x6scaoa28axwllf","id":"x6scaoa28axwllf"},"id":"0us4d0eq4hpdixo","previousOperationId":"q3o5xcd44nxhxon"}
{"type":"log","timestamp":1708156926150,"level":"debug","message":"Inline data specified.","meta":{"rootId":"x6scaoa28axwllf","id":"x6scaoa28axwllf"},"id":"65g0mne6hv8057g","previousOperationId":"q3o5xcd44nxhxon"}
{"type":"log","timestamp":1708156926153,"level":"debug","message":"Base url not specified, skipping its injection.","meta":{"rootId":"x6scaoa28axwllf","id":"x6scaoa28axwllf"},"id":"of6mim0otpmd2gz","previousOperationId":"q3o5xcd44nxhxon"}
{"type":"operationStart","subtype":"engine","name":"handlebars","timestamp":1708156926153,"id":"zfhtp1rjgi9embx","previousEventId":"9lump1m0wk0sxc6","operationId":"dpre1wqt5599mww","previousOperationId":"q3o5xcd44nxhxon"}
{"type":"log","timestamp":1708156926153,"level":"debug","message":"Rendering engine handlebars","meta":{"rootId":"x6scaoa28axwllf","id":"x6scaoa28axwllf"},"id":"cencu8bwybmwmfe","previousOperationId":"dpre1wqt5599mww"}
{"type":"log","timestamp":1708156926178,"level":"debug","message":"(console:log) Calculating item undefined; you should see this message in debug run","meta":{"userLevel":true,"rootId":"x6scaoa28axwllf","id":"x6scaoa28axwllf"},"id":"j4r152h6znx1o3p","previousOperationId":"dpre1wqt5599mww"}
{"type":"operationEnd","operationId":"dpre1wqt5599mww","timestamp":1708156926179,"id":"3ckdo9gnb2ebvgr","previousEventId":"zfhtp1rjgi9embx","previousOperationId":"dpre1wqt5599mww"}
{"type":"operationStart","subtype":"recipe","name":"chrome-pdf","timestamp":1708156926180,"id":"wr039mmz6w855b6","previousEventId":"3ckdo9gnb2ebvgr","operationId":"oq50fim7nadgdyb","previousOperationId":"dpre1wqt5599mww"}
{"type":"log","timestamp":1708156926180,"level":"debug","message":"Executing recipe chrome-pdf","meta":{"rootId":"x6scaoa28axwllf","id":"x6scaoa28axwllf"},"id":"3j1qp5m4rfg0mop","previousOperationId":"oq50fim7nadgdyb"}
{"type":"log","timestamp":1708156926183,"level":"debug","message":"Converting with chrome HeadlessChrome/117.0.5938.149 using chrome-pool strategy","meta":{"rootId":"x6scaoa28axwllf","id":"x6scaoa28axwllf"},"id":"4355a7tvjixt0jk","previousOperationId":"oq50fim7nadgdyb"}
{"type":"log","timestamp":1708156926336,"level":"debug","message":"Page request: GET (document) file:///C:/Users/USER/AppData/Local/Temp/jsreport/autocleanup/a714fd2b-a095-4b7d-a1ab-6ab567c29ecb-chrome-pdf.html","meta":{"rootId":"x6scaoa28axwllf","id":"x6scaoa28axwllf"},"id":"4pyy28w3qbhf8ky","previousOperationId":"oq50fim7nadgdyb"}
{"type":"log","timestamp":1708156926346,"level":"debug","message":"Page request finished: GET (document) 200 file:///C:/Users/USER/AppData/Local/Temp/jsreport/autocleanup/a714fd2b-a095-4b7d-a1ab-6ab567c29ecb-chrome-pdf.html","meta":{"rootId":"x6scaoa28axwllf","id":"x6scaoa28axwllf"},"id":"zdhcohgiw5xjqrm","previousOperationId":"oq50fim7nadgdyb"}
{"type":"log","timestamp":1708156926387,"level":"debug","message":"Running chrome with params {\"printBackground\":true,\"marginTop\":\"1cm\",\"marginRight\":\"1cm\",\"marginBottom\":\"1cm\",\"marginLeft\":\"1cm\",\"timeout\":59954,\"margin\":{\"top\":\"1cm\",\"right\":\"1cm\",\"bottom\":\"1cm\",\"left\":\"1cm\"}}","meta":{"rootId":"x6scaoa28axwllf","id":"x6scaoa28axwllf"},"id":"g22s97h3k6dktf9","previousOperationId":"oq50fim7nadgdyb"}
{"type":"operationEnd","operationId":"oq50fim7nadgdyb","timestamp":1708156926729,"id":"bj5qnr8ljihqvq5","previousEventId":"wr039mmz6w855b6","previousOperationId":"oq50fim7nadgdyb"}
{"type":"log","timestamp":1708156926729,"level":"debug","message":"Skipping storing report.","meta":{"rootId":"x6scaoa28axwllf","id":"x6scaoa28axwllf"},"id":"gcoisl5bd83k4u1","previousOperationId":"oq50fim7nadgdyb"}
{"type":"log","timestamp":1708156926729,"level":"info","message":"Rendering request 11 finished in 593 ms","meta":{"rootId":"x6scaoa28axwllf","id":"x6scaoa28axwllf"},"id":"sedopsjvljoplqz","previousOperationId":"oq50fim7nadgdyb"}
{"type":"operationEnd","subtype":"render","operationId":"q3o5xcd44nxhxon","timestamp":1708156926729,"id":"3wg1l5zvq0u3tqs","previousEventId":"bj5qnr8ljihqvq5","previousOperationId":"oq50fim7nadgdyb"}
{"type":"operationEnd","doDiffs":false,"previousEventId":"c7jb57ng2wo22tc","previousOperationId":"ghz4w53y4r2hm0m","operationId":"ghz4w53y4r2hm0m","timestamp":1708156926732,"id":"xceiatkjpd1zvtv"}
