{"type":"operationStart","subtype":"profile","data":{"_id":"zusPixYzU2njbjoV","timestamp":"2024-02-15T08:54:33.079Z","state":"queued","mode":"standard","creationDate":"2024-02-15T08:54:33.081Z","modificationDate":"2024-02-15T08:54:33.081Z","shortid":"6xmfrP2","$entitySet":"profiles"},"doDiffs":false,"timestamp":1707987273080,"id":"w5df02o0icf8154","previousOperationId":null,"operationId":"0zqs1ykla5pjp5o"}
{"type":"log","level":"info","message":"Render request 41 queued for execution and waiting for available worker","previousOperationId":"0zqs1ykla5pjp5o","timestamp":1707987273080,"id":"3jfvgfwn6grgram"}
{"type":"operationStart","subtype":"render","name":"invoice-main","previousOperationId":"0zqs1ykla5pjp5o","timestamp":1707987273092,"id":"7tg0wp3au41n8q1","previousEventId":"w5df02o0icf8154","operationId":"7n1gpresnikexxf"}
{"type":"log","timestamp":1707987273092,"level":"info","message":"Starting rendering request 41","meta":{"rootId":"x972zma93c4kq6u","id":"x972zma93c4kq6u"},"id":"1azf5y0ucj8gzgg","previousOperationId":"7n1gpresnikexxf"}
{"type":"log","timestamp":1707987273092,"level":"info","message":"Rendering template { name: invoice-main, recipe: chrome-pdf, engine: handlebars, preview: true }","meta":{"rootId":"x972zma93c4kq6u","id":"x972zma93c4kq6u"},"id":"y761fsg14giecap","previousOperationId":"7n1gpresnikexxf"}
{"type":"log","timestamp":1707987273093,"level":"debug","message":"Inline data specified.","meta":{"rootId":"x972zma93c4kq6u","id":"x972zma93c4kq6u"},"id":"r7cemlh3tqpv8oz","previousOperationId":"7n1gpresnikexxf"}
{"type":"log","timestamp":1707987273094,"level":"debug","message":"Base url not specified, skipping its injection.","meta":{"rootId":"x972zma93c4kq6u","id":"x972zma93c4kq6u"},"id":"wbjdtmxcgsgz1s8","previousOperationId":"7n1gpresnikexxf"}
{"type":"operationStart","subtype":"engine","name":"handlebars","timestamp":1707987273094,"id":"e49br4txj1mwlgj","previousEventId":"7tg0wp3au41n8q1","operationId":"v4eskltpopfzs9u","previousOperationId":"7n1gpresnikexxf"}
{"type":"log","timestamp":1707987273094,"level":"debug","message":"Rendering engine handlebars","meta":{"rootId":"x972zma93c4kq6u","id":"x972zma93c4kq6u"},"id":"w9heg5os0fjc1nj","previousOperationId":"v4eskltpopfzs9u"}
{"type":"log","timestamp":1707987273112,"level":"debug","message":"(console:log) Calculating item undefined; you should see this message in debug run","meta":{"userLevel":true,"rootId":"x972zma93c4kq6u","id":"x972zma93c4kq6u"},"id":"mgt4cupwtu9ctlc","previousOperationId":"v4eskltpopfzs9u"}
{"type":"log","timestamp":1707987273112,"level":"debug","message":"(console:log) Calculating item undefined; you should see this message in debug run","meta":{"userLevel":true,"rootId":"x972zma93c4kq6u","id":"x972zma93c4kq6u"},"id":"7klashjrikajx0a","previousOperationId":"v4eskltpopfzs9u"}
{"type":"operationEnd","operationId":"v4eskltpopfzs9u","timestamp":1707987273113,"id":"alt5ic39lxzonyx","previousEventId":"e49br4txj1mwlgj","previousOperationId":"v4eskltpopfzs9u"}
{"type":"operationStart","subtype":"recipe","name":"chrome-pdf","timestamp":1707987273114,"id":"41z20qcnbkc1cv9","previousEventId":"alt5ic39lxzonyx","operationId":"711m27fpt6ovc46","previousOperationId":"v4eskltpopfzs9u"}
{"type":"log","timestamp":1707987273114,"level":"debug","message":"Executing recipe chrome-pdf","meta":{"rootId":"x972zma93c4kq6u","id":"x972zma93c4kq6u"},"id":"6uvkphw71zp2biv","previousOperationId":"711m27fpt6ovc46"}
{"type":"log","timestamp":1707987273118,"level":"debug","message":"Converting with chrome HeadlessChrome/117.0.5938.149 using chrome-pool strategy","meta":{"rootId":"x972zma93c4kq6u","id":"x972zma93c4kq6u"},"id":"1vut8hwqxxeh0xu","previousOperationId":"711m27fpt6ovc46"}
{"type":"log","timestamp":1707987273255,"level":"debug","message":"Page request: GET (document) file:///C:/Users/USER/AppData/Local/Temp/jsreport/autocleanup/20fa43de-2571-4c5d-947e-fa658df3c877-chrome-pdf.html","meta":{"rootId":"x972zma93c4kq6u","id":"x972zma93c4kq6u"},"id":"mgvlowrhyq4n3xx","previousOperationId":"711m27fpt6ovc46"}
{"type":"log","timestamp":1707987273264,"level":"debug","message":"Page request finished: GET (document) 200 file:///C:/Users/USER/AppData/Local/Temp/jsreport/autocleanup/20fa43de-2571-4c5d-947e-fa658df3c877-chrome-pdf.html","meta":{"rootId":"x972zma93c4kq6u","id":"x972zma93c4kq6u"},"id":"00381rbr9uts7fv","previousOperationId":"711m27fpt6ovc46"}
{"type":"log","timestamp":1707987273291,"level":"debug","message":"Running chrome with params {\"printBackground\":true,\"marginTop\":\"1cm\",\"marginRight\":\"1cm\",\"marginBottom\":\"1cm\",\"marginLeft\":\"1cm\",\"timeout\":59963,\"margin\":{\"top\":\"1cm\",\"right\":\"1cm\",\"bottom\":\"1cm\",\"left\":\"1cm\"}}","meta":{"rootId":"x972zma93c4kq6u","id":"x972zma93c4kq6u"},"id":"96cpnquh3rvkl1x","previousOperationId":"711m27fpt6ovc46"}
{"type":"operationEnd","operationId":"711m27fpt6ovc46","timestamp":1707987273522,"id":"o7wpl3d6wixagz8","previousEventId":"41z20qcnbkc1cv9","previousOperationId":"711m27fpt6ovc46"}
{"type":"log","timestamp":1707987273522,"level":"debug","message":"Skipping storing report.","meta":{"rootId":"x972zma93c4kq6u","id":"x972zma93c4kq6u"},"id":"rax3nsq69prv4nx","previousOperationId":"711m27fpt6ovc46"}
{"type":"log","timestamp":1707987273523,"level":"info","message":"Rendering request 41 finished in 444 ms","meta":{"rootId":"x972zma93c4kq6u","id":"x972zma93c4kq6u"},"id":"wkh3tt67qmgl5h3","previousOperationId":"711m27fpt6ovc46"}
{"type":"operationEnd","subtype":"render","operationId":"7n1gpresnikexxf","timestamp":1707987273523,"id":"pa5bquezvcz706m","previousEventId":"o7wpl3d6wixagz8","previousOperationId":"711m27fpt6ovc46"}
{"type":"operationEnd","doDiffs":false,"previousEventId":"w5df02o0icf8154","previousOperationId":"0zqs1ykla5pjp5o","operationId":"0zqs1ykla5pjp5o","timestamp":1707987273528,"id":"iuuhybtxtk0c9yk"}
