{"type":"operationStart","subtype":"profile","data":{"_id":"OkLWtN35nEjEJD58","timestamp":"2024-02-15T06:38:23.457Z","state":"queued","mode":"standard","creationDate":"2024-02-15T06:38:23.459Z","modificationDate":"2024-02-15T06:38:23.459Z","shortid":"fc_9aY5","$entitySet":"profiles"},"doDiffs":false,"timestamp":1707979103458,"id":"xlrpyw5awfrh3iv","previousOperationId":null,"operationId":"fowdj8380yusx1n"}
{"type":"log","level":"info","message":"Render request 15 queued for execution and waiting for available worker","previousOperationId":"fowdj8380yusx1n","timestamp":1707979103458,"id":"amqpom57qfa9pob"}
{"type":"operationStart","subtype":"render","name":"invoice-main","previousOperationId":"fowdj8380yusx1n","timestamp":1707979103467,"id":"y9d93k7m7h39thx","previousEventId":"xlrpyw5awfrh3iv","operationId":"a3hoq12lajtjh6y"}
{"type":"log","timestamp":1707979103467,"level":"info","message":"Starting rendering request 15","meta":{"rootId":"x9iuvjmrlbzxdmm","id":"x9iuvjmrlbzxdmm"},"id":"onhbn0hnjnchzgi","previousOperationId":"a3hoq12lajtjh6y"}
{"type":"log","timestamp":1707979103467,"level":"info","message":"Rendering template { name: invoice-main, recipe: chrome-pdf, engine: handlebars, preview: true }","meta":{"rootId":"x9iuvjmrlbzxdmm","id":"x9iuvjmrlbzxdmm"},"id":"zm24ft7oiu1ykn7","previousOperationId":"a3hoq12lajtjh6y"}
{"type":"log","timestamp":1707979103469,"level":"debug","message":"Inline data specified.","meta":{"rootId":"x9iuvjmrlbzxdmm","id":"x9iuvjmrlbzxdmm"},"id":"5fku53cha5cl93z","previousOperationId":"a3hoq12lajtjh6y"}
{"type":"log","timestamp":1707979103477,"level":"debug","message":"Base url not specified, skipping its injection.","meta":{"rootId":"x9iuvjmrlbzxdmm","id":"x9iuvjmrlbzxdmm"},"id":"jb2dtksyg3ydomi","previousOperationId":"a3hoq12lajtjh6y"}
{"type":"operationStart","subtype":"engine","name":"handlebars","timestamp":1707979103478,"id":"kiz0klk37djyj9j","previousEventId":"y9d93k7m7h39thx","operationId":"hqncdz3b7ewsibt","previousOperationId":"a3hoq12lajtjh6y"}
{"type":"log","timestamp":1707979103478,"level":"debug","message":"Rendering engine handlebars","meta":{"rootId":"x9iuvjmrlbzxdmm","id":"x9iuvjmrlbzxdmm"},"id":"zkemw0eki4sa6go","previousOperationId":"hqncdz3b7ewsibt"}
{"type":"log","timestamp":1707979103504,"level":"debug","message":"(console:log) Calculating item Website design; you should see this message in debug run","meta":{"userLevel":true,"rootId":"x9iuvjmrlbzxdmm","id":"x9iuvjmrlbzxdmm"},"id":"a2x28hq1bp9v7tn","previousOperationId":"hqncdz3b7ewsibt"}
{"type":"operationEnd","operationId":"hqncdz3b7ewsibt","timestamp":1707979103507,"id":"butrp20hka34c5b","previousEventId":"kiz0klk37djyj9j","previousOperationId":"hqncdz3b7ewsibt"}
{"type":"operationStart","subtype":"recipe","name":"chrome-pdf","timestamp":1707979103507,"id":"fa8y0tjw5iriti0","previousEventId":"butrp20hka34c5b","operationId":"r0uukg3ex0ah9cn","previousOperationId":"hqncdz3b7ewsibt"}
{"type":"log","timestamp":1707979103507,"level":"debug","message":"Executing recipe chrome-pdf","meta":{"rootId":"x9iuvjmrlbzxdmm","id":"x9iuvjmrlbzxdmm"},"id":"x9illgl9i6wakg3","previousOperationId":"r0uukg3ex0ah9cn"}
{"type":"log","timestamp":1707979103511,"level":"debug","message":"Converting with chrome HeadlessChrome/117.0.5938.149 using chrome-pool strategy","meta":{"rootId":"x9iuvjmrlbzxdmm","id":"x9iuvjmrlbzxdmm"},"id":"20br37661nc8igr","previousOperationId":"r0uukg3ex0ah9cn"}
{"type":"log","timestamp":1707979103616,"level":"debug","message":"Page request: GET (document) file:///C:/Users/USER/AppData/Local/Temp/jsreport/autocleanup/58d97d80-4af8-4afe-9534-19d12bef2371-chrome-pdf.html","meta":{"rootId":"x9iuvjmrlbzxdmm","id":"x9iuvjmrlbzxdmm"},"id":"0fmz72eaz2x4zds","previousOperationId":"r0uukg3ex0ah9cn"}
{"type":"log","timestamp":1707979103625,"level":"debug","message":"Page request finished: GET (document) 200 file:///C:/Users/USER/AppData/Local/Temp/jsreport/autocleanup/58d97d80-4af8-4afe-9534-19d12bef2371-chrome-pdf.html","meta":{"rootId":"x9iuvjmrlbzxdmm","id":"x9iuvjmrlbzxdmm"},"id":"6whj9stfriorkfu","previousOperationId":"r0uukg3ex0ah9cn"}
{"type":"log","timestamp":1707979103642,"level":"debug","message":"Running chrome with params {\"printBackground\":true,\"marginTop\":\"1cm\",\"marginRight\":\"1cm\",\"marginBottom\":\"1cm\",\"marginLeft\":\"1cm\",\"timeout\":59948,\"margin\":{\"top\":\"1cm\",\"right\":\"1cm\",\"bottom\":\"1cm\",\"left\":\"1cm\"}}","meta":{"rootId":"x9iuvjmrlbzxdmm","id":"x9iuvjmrlbzxdmm"},"id":"h7iqfeehireflrm","previousOperationId":"r0uukg3ex0ah9cn"}
{"type":"operationEnd","operationId":"r0uukg3ex0ah9cn","timestamp":1707979103785,"id":"8355xwq1v0b6zs1","previousEventId":"fa8y0tjw5iriti0","previousOperationId":"r0uukg3ex0ah9cn"}
{"type":"log","timestamp":1707979103786,"level":"debug","message":"Skipping storing report.","meta":{"rootId":"x9iuvjmrlbzxdmm","id":"x9iuvjmrlbzxdmm"},"id":"n5fvgyn0lridcwz","previousOperationId":"r0uukg3ex0ah9cn"}
{"type":"log","timestamp":1707979103786,"level":"info","message":"Rendering request 15 finished in 329 ms","meta":{"rootId":"x9iuvjmrlbzxdmm","id":"x9iuvjmrlbzxdmm"},"id":"4e10yppgv9w44pj","previousOperationId":"r0uukg3ex0ah9cn"}
{"type":"operationEnd","subtype":"render","operationId":"a3hoq12lajtjh6y","timestamp":1707979103786,"id":"oqf828h3wzooekc","previousEventId":"8355xwq1v0b6zs1","previousOperationId":"r0uukg3ex0ah9cn"}
{"type":"operationEnd","doDiffs":false,"previousEventId":"xlrpyw5awfrh3iv","previousOperationId":"fowdj8380yusx1n","operationId":"fowdj8380yusx1n","timestamp":1707979103790,"id":"zaxzsg53wvhjddc"}
