{"type":"operationStart","subtype":"profile","data":{"_id":"dB50IjUcQMmCJx2M","timestamp":"2024-02-16T13:01:08.126Z","state":"queued","mode":"standard","creationDate":"2024-02-16T13:01:08.134Z","modificationDate":"2024-02-16T13:01:08.134Z","shortid":"H9qDrnn","$entitySet":"profiles"},"doDiffs":false,"timestamp":1708088468130,"id":"xdsjt3a9508ml4m","previousOperationId":null,"operationId":"n5c7b0g4etea8hs"}
{"type":"log","level":"info","message":"Render request 3 queued for execution and waiting for available worker","previousOperationId":"n5c7b0g4etea8hs","timestamp":1708088468130,"id":"f407j7nplvwlvrn"}
{"type":"operationStart","subtype":"render","name":"invoice-main","previousOperationId":"n5c7b0g4etea8hs","timestamp":1708088468164,"id":"vxzxgvwgn3q20kv","previousEventId":"xdsjt3a9508ml4m","operationId":"4npx7jm4wj4xjn9"}
{"type":"log","timestamp":1708088468165,"level":"info","message":"Starting rendering request 3","meta":{"rootId":"x9tp7euue6y69q1","id":"x9tp7euue6y69q1"},"id":"equuqg2xgiem0m0","previousOperationId":"4npx7jm4wj4xjn9"}
{"type":"log","timestamp":1708088468166,"level":"info","message":"Rendering template { name: invoice-main, recipe: chrome-pdf, engine: handlebars, preview: false }","meta":{"rootId":"x9tp7euue6y69q1","id":"x9tp7euue6y69q1"},"id":"vvdouzoqlbwy2qr","previousOperationId":"4npx7jm4wj4xjn9"}
{"type":"log","timestamp":1708088468171,"level":"debug","message":"Adding sample data bIueE80","meta":{"rootId":"x9tp7euue6y69q1","id":"x9tp7euue6y69q1"},"id":"sgkmfzzgupeqwy6","previousOperationId":"4npx7jm4wj4xjn9"}
{"type":"log","timestamp":1708088468186,"level":"debug","message":"Base url not specified, skipping its injection.","meta":{"rootId":"x9tp7euue6y69q1","id":"x9tp7euue6y69q1"},"id":"da0ecl81tye7erk","previousOperationId":"4npx7jm4wj4xjn9"}
{"type":"operationStart","subtype":"engine","name":"handlebars","timestamp":1708088468188,"id":"c0htfkjjmruwxcf","previousEventId":"vxzxgvwgn3q20kv","operationId":"9s2vp57te9lr58a","previousOperationId":"4npx7jm4wj4xjn9"}
{"type":"log","timestamp":1708088468189,"level":"debug","message":"Rendering engine handlebars","meta":{"rootId":"x9tp7euue6y69q1","id":"x9tp7euue6y69q1"},"id":"9qyhbf623w6eqhk","previousOperationId":"9s2vp57te9lr58a"}
{"type":"log","timestamp":1708088468641,"level":"debug","message":"(console:log) Calculating item undefined; you should see this message in debug run","meta":{"userLevel":true,"rootId":"x9tp7euue6y69q1","id":"x9tp7euue6y69q1"},"id":"3u9km8n2antu6ox","previousOperationId":"9s2vp57te9lr58a"}
{"type":"log","timestamp":1708088468641,"level":"debug","message":"(console:log) Calculating item undefined; you should see this message in debug run","meta":{"userLevel":true,"rootId":"x9tp7euue6y69q1","id":"x9tp7euue6y69q1"},"id":"v5p9lt1mqbpvlj0","previousOperationId":"9s2vp57te9lr58a"}
{"type":"operationEnd","operationId":"9s2vp57te9lr58a","timestamp":1708088468643,"id":"07uvc5mh3h68lov","previousEventId":"c0htfkjjmruwxcf","previousOperationId":"9s2vp57te9lr58a"}
{"type":"operationStart","subtype":"recipe","name":"chrome-pdf","timestamp":1708088468644,"id":"rjbkurilmr141r0","previousEventId":"07uvc5mh3h68lov","operationId":"8o0yr5e8rclal86","previousOperationId":"9s2vp57te9lr58a"}
{"type":"log","timestamp":1708088468644,"level":"debug","message":"Executing recipe chrome-pdf","meta":{"rootId":"x9tp7euue6y69q1","id":"x9tp7euue6y69q1"},"id":"poiasatko7v1lmn","previousOperationId":"8o0yr5e8rclal86"}
{"type":"log","timestamp":1708088468648,"level":"debug","message":"Converting with chrome HeadlessChrome/117.0.5938.149 using chrome-pool strategy","meta":{"rootId":"x9tp7euue6y69q1","id":"x9tp7euue6y69q1"},"id":"qk4esq4gsxlbrzn","previousOperationId":"8o0yr5e8rclal86"}
{"type":"log","timestamp":1708088468862,"level":"debug","message":"Page request: GET (document) file:///C:/Users/USER/AppData/Local/Temp/jsreport/autocleanup/6b97507a-52ea-41e4-ada6-a7a1892dc735-chrome-pdf.html","meta":{"rootId":"x9tp7euue6y69q1","id":"x9tp7euue6y69q1"},"id":"0ufm8msrr1kl6gn","previousOperationId":"8o0yr5e8rclal86"}
{"type":"log","timestamp":1708088468880,"level":"debug","message":"Page request finished: GET (document) 200 file:///C:/Users/USER/AppData/Local/Temp/jsreport/autocleanup/6b97507a-52ea-41e4-ada6-a7a1892dc735-chrome-pdf.html","meta":{"rootId":"x9tp7euue6y69q1","id":"x9tp7euue6y69q1"},"id":"vsv1l1962jv3k1z","previousOperationId":"8o0yr5e8rclal86"}
{"type":"log","timestamp":1708088468943,"level":"debug","message":"Running chrome with params {\"printBackground\":true,\"marginTop\":\"1cm\",\"marginRight\":\"1cm\",\"marginBottom\":\"1cm\",\"marginLeft\":\"1cm\",\"timeout\":59479,\"margin\":{\"top\":\"1cm\",\"right\":\"1cm\",\"bottom\":\"1cm\",\"left\":\"1cm\"}}","meta":{"rootId":"x9tp7euue6y69q1","id":"x9tp7euue6y69q1"},"id":"hda98xy7lzehuen","previousOperationId":"8o0yr5e8rclal86"}
{"type":"operationEnd","operationId":"8o0yr5e8rclal86","timestamp":1708088469353,"id":"rgc0uwj922q9t6t","previousEventId":"rjbkurilmr141r0","previousOperationId":"8o0yr5e8rclal86"}
{"type":"log","timestamp":1708088469353,"level":"debug","message":"Skipping storing report.","meta":{"rootId":"x9tp7euue6y69q1","id":"x9tp7euue6y69q1"},"id":"7isymcv83dnfxoq","previousOperationId":"8o0yr5e8rclal86"}
{"type":"log","timestamp":1708088469354,"level":"info","message":"Rendering request 3 finished in 1229 ms","meta":{"rootId":"x9tp7euue6y69q1","id":"x9tp7euue6y69q1"},"id":"mshdb2ear50ztty","previousOperationId":"8o0yr5e8rclal86"}
{"type":"operationEnd","subtype":"render","operationId":"4npx7jm4wj4xjn9","timestamp":1708088469354,"id":"w6179r9ueh523tc","previousEventId":"rgc0uwj922q9t6t","previousOperationId":"8o0yr5e8rclal86"}
{"type":"operationEnd","doDiffs":false,"previousEventId":"xdsjt3a9508ml4m","previousOperationId":"n5c7b0g4etea8hs","operationId":"n5c7b0g4etea8hs","timestamp":1708088469366,"id":"ltz2dh4tak6u7vl"}
