{"type":"operationStart","subtype":"profile","data":{"_id":"odxzk0matDgmWXin","timestamp":"2024-02-15T08:01:12.665Z","state":"queued","mode":"standard","creationDate":"2024-02-15T08:01:12.666Z","modificationDate":"2024-02-15T08:01:12.666Z","shortid":"xz_lWmU","$entitySet":"profiles"},"doDiffs":false,"timestamp":1707984072666,"id":"vif7hq0ygcrph51","previousOperationId":null,"operationId":"gpfgmtlv5tluf1u"}
{"type":"log","level":"info","message":"Render request 17 queued for execution and waiting for available worker","previousOperationId":"gpfgmtlv5tluf1u","timestamp":1707984072666,"id":"tmpnr9pwowz68wp"}
{"type":"operationStart","subtype":"render","name":"invoice-main","previousOperationId":"gpfgmtlv5tluf1u","timestamp":1707984072676,"id":"1ubi0zsdkaqo5jk","previousEventId":"vif7hq0ygcrph51","operationId":"n8hz537jgllssjr"}
{"type":"log","timestamp":1707984072677,"level":"info","message":"Starting rendering request 17","meta":{"rootId":"xevodvzxrjtv1vf","id":"xevodvzxrjtv1vf"},"id":"otn5nzizvtuf9fr","previousOperationId":"n8hz537jgllssjr"}
{"type":"log","timestamp":1707984072677,"level":"info","message":"Rendering template { name: invoice-main, recipe: chrome-pdf, engine: handlebars, preview: true }","meta":{"rootId":"xevodvzxrjtv1vf","id":"xevodvzxrjtv1vf"},"id":"i8rdq26hnf29f7n","previousOperationId":"n8hz537jgllssjr"}
{"type":"log","timestamp":1707984072678,"level":"debug","message":"Inline data specified.","meta":{"rootId":"xevodvzxrjtv1vf","id":"xevodvzxrjtv1vf"},"id":"tngsu9d3crjkad8","previousOperationId":"n8hz537jgllssjr"}
{"type":"log","timestamp":1707984072682,"level":"debug","message":"Base url not specified, skipping its injection.","meta":{"rootId":"xevodvzxrjtv1vf","id":"xevodvzxrjtv1vf"},"id":"tijtp3f0yij3e2e","previousOperationId":"n8hz537jgllssjr"}
{"type":"operationStart","subtype":"engine","name":"handlebars","timestamp":1707984072682,"id":"9hx1ofs22vdb3hf","previousEventId":"1ubi0zsdkaqo5jk","operationId":"n87h9qho7q2bnlm","previousOperationId":"n8hz537jgllssjr"}
{"type":"log","timestamp":1707984072682,"level":"debug","message":"Rendering engine handlebars","meta":{"rootId":"xevodvzxrjtv1vf","id":"xevodvzxrjtv1vf"},"id":"4e9wghi4vwpqgu0","previousOperationId":"n87h9qho7q2bnlm"}
{"type":"log","timestamp":1707984072712,"level":"debug","message":"(console:log) Calculating item undefined; you should see this message in debug run","meta":{"userLevel":true,"rootId":"xevodvzxrjtv1vf","id":"xevodvzxrjtv1vf"},"id":"lkdyt5btqlfh5g7","previousOperationId":"n87h9qho7q2bnlm"}
{"type":"operationEnd","operationId":"n87h9qho7q2bnlm","timestamp":1707984072714,"id":"pm0n3qai6zpha5p","previousEventId":"9hx1ofs22vdb3hf","previousOperationId":"n87h9qho7q2bnlm"}
{"type":"operationStart","subtype":"recipe","name":"chrome-pdf","timestamp":1707984072714,"id":"cg3c682hxujuzja","previousEventId":"pm0n3qai6zpha5p","operationId":"4aoo9x9snotr9yg","previousOperationId":"n87h9qho7q2bnlm"}
{"type":"log","timestamp":1707984072714,"level":"debug","message":"Executing recipe chrome-pdf","meta":{"rootId":"xevodvzxrjtv1vf","id":"xevodvzxrjtv1vf"},"id":"63umpays07cz1w5","previousOperationId":"4aoo9x9snotr9yg"}
{"type":"log","timestamp":1707984072717,"level":"debug","message":"Converting with chrome HeadlessChrome/117.0.5938.149 using chrome-pool strategy","meta":{"rootId":"xevodvzxrjtv1vf","id":"xevodvzxrjtv1vf"},"id":"810rwq2mi54kbgx","previousOperationId":"4aoo9x9snotr9yg"}
{"type":"log","timestamp":1707984072804,"level":"debug","message":"Page request: GET (document) file:///C:/Users/USER/AppData/Local/Temp/jsreport/autocleanup/251d7871-d3dd-4a03-9b23-8c25fb802a12-chrome-pdf.html","meta":{"rootId":"xevodvzxrjtv1vf","id":"xevodvzxrjtv1vf"},"id":"7bw2xcdwxggiy79","previousOperationId":"4aoo9x9snotr9yg"}
{"type":"log","timestamp":1707984072812,"level":"debug","message":"Page request finished: GET (document) 200 file:///C:/Users/USER/AppData/Local/Temp/jsreport/autocleanup/251d7871-d3dd-4a03-9b23-8c25fb802a12-chrome-pdf.html","meta":{"rootId":"xevodvzxrjtv1vf","id":"xevodvzxrjtv1vf"},"id":"9a4ttonj59yzl0z","previousOperationId":"4aoo9x9snotr9yg"}
{"type":"log","timestamp":1707984072829,"level":"debug","message":"Running chrome with params {\"printBackground\":true,\"marginTop\":\"1cm\",\"marginRight\":\"1cm\",\"marginBottom\":\"1cm\",\"marginLeft\":\"1cm\",\"timeout\":59949,\"margin\":{\"top\":\"1cm\",\"right\":\"1cm\",\"bottom\":\"1cm\",\"left\":\"1cm\"}}","meta":{"rootId":"xevodvzxrjtv1vf","id":"xevodvzxrjtv1vf"},"id":"0622f4tnd4jk61w","previousOperationId":"4aoo9x9snotr9yg"}
{"type":"operationEnd","operationId":"4aoo9x9snotr9yg","timestamp":1707984072951,"id":"qtpesp7t8wjsfnb","previousEventId":"cg3c682hxujuzja","previousOperationId":"4aoo9x9snotr9yg"}
{"type":"log","timestamp":1707984072951,"level":"debug","message":"Skipping storing report.","meta":{"rootId":"xevodvzxrjtv1vf","id":"xevodvzxrjtv1vf"},"id":"o67atuvoo6jnp8k","previousOperationId":"4aoo9x9snotr9yg"}
{"type":"log","timestamp":1707984072952,"level":"info","message":"Rendering request 17 finished in 287 ms","meta":{"rootId":"xevodvzxrjtv1vf","id":"xevodvzxrjtv1vf"},"id":"tgpme1bkhm1r18g","previousOperationId":"4aoo9x9snotr9yg"}
{"type":"operationEnd","subtype":"render","operationId":"n8hz537jgllssjr","timestamp":1707984072952,"id":"ivdevhs0aod5sjo","previousEventId":"qtpesp7t8wjsfnb","previousOperationId":"4aoo9x9snotr9yg"}
{"type":"operationEnd","doDiffs":false,"previousEventId":"vif7hq0ygcrph51","previousOperationId":"gpfgmtlv5tluf1u","operationId":"gpfgmtlv5tluf1u","timestamp":1707984072955,"id":"vdcwcx35zn0w2js"}
