{"type":"operationStart","subtype":"profile","data":{"_id":"5ajHjdFlvI9cEyJW","timestamp":"2024-02-15T07:39:31.919Z","state":"queued","mode":"standard","creationDate":"2024-02-15T07:39:31.921Z","modificationDate":"2024-02-15T07:39:31.921Z","shortid":"m2_jaIY","$entitySet":"profiles"},"doDiffs":false,"timestamp":1707982771921,"id":"1sfwzl0eznkxy2n","previousOperationId":null,"operationId":"5iod5g5vlae9536"}
{"type":"log","level":"info","message":"Render request 45 queued for execution and waiting for available worker","previousOperationId":"5iod5g5vlae9536","timestamp":1707982771921,"id":"0urwefo0hmbc6nb"}
{"type":"operationStart","subtype":"render","name":"invoice-main","previousOperationId":"5iod5g5vlae9536","timestamp":1707982771933,"id":"siewo3f3a4uj575","previousEventId":"1sfwzl0eznkxy2n","operationId":"zhc7aekhp1j4hwg"}
{"type":"log","timestamp":1707982771933,"level":"info","message":"Starting rendering request 45","meta":{"rootId":"xv1q9mk18jh4u48","id":"xv1q9mk18jh4u48"},"id":"jxew9ze3i99nm4y","previousOperationId":"zhc7aekhp1j4hwg"}
{"type":"log","timestamp":1707982771933,"level":"info","message":"Rendering template { name: invoice-main, recipe: chrome-pdf, engine: handlebars, preview: true }","meta":{"rootId":"xv1q9mk18jh4u48","id":"xv1q9mk18jh4u48"},"id":"z7371bslsvj7fmc","previousOperationId":"zhc7aekhp1j4hwg"}
{"type":"log","timestamp":1707982771934,"level":"debug","message":"Inline data specified.","meta":{"rootId":"xv1q9mk18jh4u48","id":"xv1q9mk18jh4u48"},"id":"0k0ku7dak7pia4u","previousOperationId":"zhc7aekhp1j4hwg"}
{"type":"log","timestamp":1707982771936,"level":"debug","message":"Base url not specified, skipping its injection.","meta":{"rootId":"xv1q9mk18jh4u48","id":"xv1q9mk18jh4u48"},"id":"p97ccyswyn1wj4w","previousOperationId":"zhc7aekhp1j4hwg"}
{"type":"operationStart","subtype":"engine","name":"handlebars","timestamp":1707982771936,"id":"a0l3l2askbosywg","previousEventId":"siewo3f3a4uj575","operationId":"n7b7csv1g49z1ds","previousOperationId":"zhc7aekhp1j4hwg"}
{"type":"log","timestamp":1707982771936,"level":"debug","message":"Rendering engine handlebars","meta":{"rootId":"xv1q9mk18jh4u48","id":"xv1q9mk18jh4u48"},"id":"9andhh9jrkdupa7","previousOperationId":"n7b7csv1g49z1ds"}
{"type":"log","timestamp":1707982771958,"level":"debug","message":"(console:log) Calculating item undefined; you should see this message in debug run","meta":{"userLevel":true,"rootId":"xv1q9mk18jh4u48","id":"xv1q9mk18jh4u48"},"id":"e4v89wozbo1qr07","previousOperationId":"n7b7csv1g49z1ds"}
{"type":"operationEnd","operationId":"n7b7csv1g49z1ds","timestamp":1707982771962,"id":"h3tb4h9wa3lw82f","previousEventId":"a0l3l2askbosywg","previousOperationId":"n7b7csv1g49z1ds"}
{"type":"operationStart","subtype":"recipe","name":"chrome-pdf","timestamp":1707982771962,"id":"7j4b2h2fcumiuf9","previousEventId":"h3tb4h9wa3lw82f","operationId":"o8lsjcntgdyjvpz","previousOperationId":"n7b7csv1g49z1ds"}
{"type":"log","timestamp":1707982771962,"level":"debug","message":"Executing recipe chrome-pdf","meta":{"rootId":"xv1q9mk18jh4u48","id":"xv1q9mk18jh4u48"},"id":"brlsvzzm4qmnjrv","previousOperationId":"o8lsjcntgdyjvpz"}
{"type":"log","timestamp":1707982771965,"level":"debug","message":"Converting with chrome HeadlessChrome/117.0.5938.149 using chrome-pool strategy","meta":{"rootId":"xv1q9mk18jh4u48","id":"xv1q9mk18jh4u48"},"id":"jlcsrjjdi7gogba","previousOperationId":"o8lsjcntgdyjvpz"}
{"type":"log","timestamp":1707982772111,"level":"debug","message":"Page request: GET (document) file:///C:/Users/USER/AppData/Local/Temp/jsreport/autocleanup/627e340c-c532-4583-9dd0-0ddf77052cca-chrome-pdf.html","meta":{"rootId":"xv1q9mk18jh4u48","id":"xv1q9mk18jh4u48"},"id":"twtdocub0219moc","previousOperationId":"o8lsjcntgdyjvpz"}
{"type":"log","timestamp":1707982772118,"level":"debug","message":"Page request finished: GET (document) 200 file:///C:/Users/USER/AppData/Local/Temp/jsreport/autocleanup/627e340c-c532-4583-9dd0-0ddf77052cca-chrome-pdf.html","meta":{"rootId":"xv1q9mk18jh4u48","id":"xv1q9mk18jh4u48"},"id":"jtdt35cyut7b3rn","previousOperationId":"o8lsjcntgdyjvpz"}
{"type":"log","timestamp":1707982772136,"level":"debug","message":"Running chrome with params {\"printBackground\":true,\"marginTop\":\"1cm\",\"marginRight\":\"1cm\",\"marginBottom\":\"1cm\",\"marginLeft\":\"1cm\",\"timeout\":59955,\"margin\":{\"top\":\"1cm\",\"right\":\"1cm\",\"bottom\":\"1cm\",\"left\":\"1cm\"}}","meta":{"rootId":"xv1q9mk18jh4u48","id":"xv1q9mk18jh4u48"},"id":"xps0rz1npv7naw5","previousOperationId":"o8lsjcntgdyjvpz"}
{"type":"operationEnd","operationId":"o8lsjcntgdyjvpz","timestamp":1707982772301,"id":"nf7wtwz0w7ova5d","previousEventId":"7j4b2h2fcumiuf9","previousOperationId":"o8lsjcntgdyjvpz"}
{"type":"log","timestamp":1707982772302,"level":"debug","message":"Skipping storing report.","meta":{"rootId":"xv1q9mk18jh4u48","id":"xv1q9mk18jh4u48"},"id":"knleug36smwosnb","previousOperationId":"o8lsjcntgdyjvpz"}
{"type":"log","timestamp":1707982772302,"level":"info","message":"Rendering request 45 finished in 383 ms","meta":{"rootId":"xv1q9mk18jh4u48","id":"xv1q9mk18jh4u48"},"id":"nud3wzscjo4vxkh","previousOperationId":"o8lsjcntgdyjvpz"}
{"type":"operationEnd","subtype":"render","operationId":"zhc7aekhp1j4hwg","timestamp":1707982772302,"id":"u29s1aqbf72qawv","previousEventId":"nf7wtwz0w7ova5d","previousOperationId":"o8lsjcntgdyjvpz"}
{"type":"operationEnd","doDiffs":false,"previousEventId":"1sfwzl0eznkxy2n","previousOperationId":"5iod5g5vlae9536","operationId":"5iod5g5vlae9536","timestamp":1707982772305,"id":"7zge9ivzstk4zsv"}
