{"type":"operationStart","subtype":"profile","data":{"_id":"klr2LkLJa8DtnGS1","timestamp":"2024-02-15T07:59:22.535Z","state":"queued","mode":"standard","creationDate":"2024-02-15T07:59:22.538Z","modificationDate":"2024-02-15T07:59:22.538Z","shortid":"2UdDLNF","$entitySet":"profiles"},"doDiffs":false,"timestamp":1707983962536,"id":"4al51ukeeoqzyh2","previousOperationId":null,"operationId":"p5x1qnpyuzodgxj"}
{"type":"log","level":"info","message":"Render request 14 queued for execution and waiting for available worker","previousOperationId":"p5x1qnpyuzodgxj","timestamp":1707983962536,"id":"d32rp30er3v6xv8"}
{"type":"operationStart","subtype":"render","name":"invoice-main","previousOperationId":"p5x1qnpyuzodgxj","timestamp":1707983962549,"id":"hz4dommvb0vgu0u","previousEventId":"4al51ukeeoqzyh2","operationId":"i3807qi4qpd5plw"}
{"type":"log","timestamp":1707983962549,"level":"info","message":"Starting rendering request 14","meta":{"rootId":"y9acsiohbvda0jt","id":"y9acsiohbvda0jt"},"id":"5gmet79vt5gyc2k","previousOperationId":"i3807qi4qpd5plw"}
{"type":"log","timestamp":1707983962549,"level":"info","message":"Rendering template { name: invoice-main, recipe: chrome-pdf, engine: handlebars, preview: true }","meta":{"rootId":"y9acsiohbvda0jt","id":"y9acsiohbvda0jt"},"id":"au0artdpqlublff","previousOperationId":"i3807qi4qpd5plw"}
{"type":"log","timestamp":1707983962550,"level":"debug","message":"Inline data specified.","meta":{"rootId":"y9acsiohbvda0jt","id":"y9acsiohbvda0jt"},"id":"slywn59qu7xo1dm","previousOperationId":"i3807qi4qpd5plw"}
{"type":"log","timestamp":1707983962552,"level":"debug","message":"Base url not specified, skipping its injection.","meta":{"rootId":"y9acsiohbvda0jt","id":"y9acsiohbvda0jt"},"id":"duzy3xpcdqvp9xo","previousOperationId":"i3807qi4qpd5plw"}
{"type":"operationStart","subtype":"engine","name":"handlebars","timestamp":1707983962552,"id":"hyrs35z96376az3","previousEventId":"hz4dommvb0vgu0u","operationId":"d6i87jcmezopfs7","previousOperationId":"i3807qi4qpd5plw"}
{"type":"log","timestamp":1707983962552,"level":"debug","message":"Rendering engine handlebars","meta":{"rootId":"y9acsiohbvda0jt","id":"y9acsiohbvda0jt"},"id":"ovdyehwt0i2mpha","previousOperationId":"d6i87jcmezopfs7"}
{"type":"log","timestamp":1707983962568,"level":"debug","message":"(console:log) Calculating item undefined; you should see this message in debug run","meta":{"userLevel":true,"rootId":"y9acsiohbvda0jt","id":"y9acsiohbvda0jt"},"id":"lmdyau5sbz9bg10","previousOperationId":"d6i87jcmezopfs7"}
{"type":"operationEnd","operationId":"d6i87jcmezopfs7","timestamp":1707983962570,"id":"rwinvfkfgvsbikr","previousEventId":"hyrs35z96376az3","previousOperationId":"d6i87jcmezopfs7"}
{"type":"operationStart","subtype":"recipe","name":"chrome-pdf","timestamp":1707983962570,"id":"p0abez1mfcw2vwm","previousEventId":"rwinvfkfgvsbikr","operationId":"si7k5ooy4bo3qeu","previousOperationId":"d6i87jcmezopfs7"}
{"type":"log","timestamp":1707983962570,"level":"debug","message":"Executing recipe chrome-pdf","meta":{"rootId":"y9acsiohbvda0jt","id":"y9acsiohbvda0jt"},"id":"ou5omubt6b4ic57","previousOperationId":"si7k5ooy4bo3qeu"}
{"type":"log","timestamp":1707983962573,"level":"debug","message":"Converting with chrome HeadlessChrome/117.0.5938.149 using chrome-pool strategy","meta":{"rootId":"y9acsiohbvda0jt","id":"y9acsiohbvda0jt"},"id":"zzc6xcieg14shab","previousOperationId":"si7k5ooy4bo3qeu"}
{"type":"log","timestamp":1707983962687,"level":"debug","message":"Page request: GET (document) file:///C:/Users/USER/AppData/Local/Temp/jsreport/autocleanup/c66816e3-4e5e-4bab-a593-5035a8ffb9be-chrome-pdf.html","meta":{"rootId":"y9acsiohbvda0jt","id":"y9acsiohbvda0jt"},"id":"c5h1q1gq0pha8lh","previousOperationId":"si7k5ooy4bo3qeu"}
{"type":"log","timestamp":1707983962695,"level":"debug","message":"Page request finished: GET (document) 200 file:///C:/Users/USER/AppData/Local/Temp/jsreport/autocleanup/c66816e3-4e5e-4bab-a593-5035a8ffb9be-chrome-pdf.html","meta":{"rootId":"y9acsiohbvda0jt","id":"y9acsiohbvda0jt"},"id":"yjijfo3ur3j09si","previousOperationId":"si7k5ooy4bo3qeu"}
{"type":"log","timestamp":1707983962715,"level":"debug","message":"Running chrome with params {\"printBackground\":true,\"marginTop\":\"1cm\",\"marginRight\":\"1cm\",\"marginBottom\":\"1cm\",\"marginLeft\":\"1cm\",\"timeout\":59963,\"margin\":{\"top\":\"1cm\",\"right\":\"1cm\",\"bottom\":\"1cm\",\"left\":\"1cm\"}}","meta":{"rootId":"y9acsiohbvda0jt","id":"y9acsiohbvda0jt"},"id":"vtyfnkacsifu2tf","previousOperationId":"si7k5ooy4bo3qeu"}
{"type":"operationEnd","operationId":"si7k5ooy4bo3qeu","timestamp":1707983962854,"id":"wvagevn80d85fl3","previousEventId":"p0abez1mfcw2vwm","previousOperationId":"si7k5ooy4bo3qeu"}
{"type":"log","timestamp":1707983962854,"level":"debug","message":"Skipping storing report.","meta":{"rootId":"y9acsiohbvda0jt","id":"y9acsiohbvda0jt"},"id":"83kezkqonw3t00v","previousOperationId":"si7k5ooy4bo3qeu"}
{"type":"log","timestamp":1707983962855,"level":"info","message":"Rendering request 14 finished in 320 ms","meta":{"rootId":"y9acsiohbvda0jt","id":"y9acsiohbvda0jt"},"id":"4soul6pxlzpruz6","previousOperationId":"si7k5ooy4bo3qeu"}
{"type":"operationEnd","subtype":"render","operationId":"i3807qi4qpd5plw","timestamp":1707983962855,"id":"q7ihp31uy2ke0rm","previousEventId":"wvagevn80d85fl3","previousOperationId":"si7k5ooy4bo3qeu"}
{"type":"operationEnd","doDiffs":false,"previousEventId":"4al51ukeeoqzyh2","previousOperationId":"p5x1qnpyuzodgxj","operationId":"p5x1qnpyuzodgxj","timestamp":1707983962860,"id":"wd1knf0uf6i5szt"}
