{"type":"operationStart","subtype":"profile","data":{"_id":"73J4TtF7Fo3P71pI","timestamp":"2024-02-15T08:54:26.077Z","state":"queued","mode":"standard","creationDate":"2024-02-15T08:54:26.080Z","modificationDate":"2024-02-15T08:54:26.080Z","shortid":"nwYOPkD","$entitySet":"profiles"},"doDiffs":false,"timestamp":1707987266079,"id":"6sjy77haugwdr53","previousOperationId":null,"operationId":"8kiaqzgqtc7ihc6"}
{"type":"log","level":"info","message":"Render request 40 queued for execution and waiting for available worker","previousOperationId":"8kiaqzgqtc7ihc6","timestamp":1707987266079,"id":"mxdv2si0sdwqn3q"}
{"type":"operationStart","subtype":"render","name":"invoice-main","previousOperationId":"8kiaqzgqtc7ihc6","timestamp":1707987266090,"id":"xn8r16vfe7j213e","previousEventId":"6sjy77haugwdr53","operationId":"0jcsfbkmjqo6zf1"}
{"type":"log","timestamp":1707987266090,"level":"info","message":"Starting rendering request 40","meta":{"rootId":"z25ba5n0xghiwzs","id":"z25ba5n0xghiwzs"},"id":"99r6wwqrwmekq3i","previousOperationId":"0jcsfbkmjqo6zf1"}
{"type":"log","timestamp":1707987266090,"level":"info","message":"Rendering template { name: invoice-main, recipe: chrome-pdf, engine: handlebars, preview: true }","meta":{"rootId":"z25ba5n0xghiwzs","id":"z25ba5n0xghiwzs"},"id":"8rw1vkeg5loe66j","previousOperationId":"0jcsfbkmjqo6zf1"}
{"type":"log","timestamp":1707987266091,"level":"debug","message":"Inline data specified.","meta":{"rootId":"z25ba5n0xghiwzs","id":"z25ba5n0xghiwzs"},"id":"v7yndjo509tpr15","previousOperationId":"0jcsfbkmjqo6zf1"}
{"type":"log","timestamp":1707987266093,"level":"debug","message":"Base url not specified, skipping its injection.","meta":{"rootId":"z25ba5n0xghiwzs","id":"z25ba5n0xghiwzs"},"id":"1itg06mmqhqmjv1","previousOperationId":"0jcsfbkmjqo6zf1"}
{"type":"operationStart","subtype":"engine","name":"handlebars","timestamp":1707987266093,"id":"adktcczzaue5xbl","previousEventId":"xn8r16vfe7j213e","operationId":"uzsplubnh7qwupc","previousOperationId":"0jcsfbkmjqo6zf1"}
{"type":"log","timestamp":1707987266093,"level":"debug","message":"Rendering engine handlebars","meta":{"rootId":"z25ba5n0xghiwzs","id":"z25ba5n0xghiwzs"},"id":"uk4dh071bneil1u","previousOperationId":"uzsplubnh7qwupc"}
{"type":"log","timestamp":1707987266127,"level":"debug","message":"(console:log) Calculating item undefined; you should see this message in debug run","meta":{"userLevel":true,"rootId":"z25ba5n0xghiwzs","id":"z25ba5n0xghiwzs"},"id":"sr8je04qt8m2skw","previousOperationId":"uzsplubnh7qwupc"}
{"type":"log","timestamp":1707987266127,"level":"debug","message":"(console:log) Calculating item undefined; you should see this message in debug run","meta":{"userLevel":true,"rootId":"z25ba5n0xghiwzs","id":"z25ba5n0xghiwzs"},"id":"5d8brmxq5cvaxck","previousOperationId":"uzsplubnh7qwupc"}
{"type":"operationEnd","operationId":"uzsplubnh7qwupc","timestamp":1707987266128,"id":"mdufket58xrda63","previousEventId":"adktcczzaue5xbl","previousOperationId":"uzsplubnh7qwupc"}
{"type":"operationStart","subtype":"recipe","name":"chrome-pdf","timestamp":1707987266129,"id":"04j5eic42uz1pbn","previousEventId":"mdufket58xrda63","operationId":"ktk5ka4nz5f2xz8","previousOperationId":"uzsplubnh7qwupc"}
{"type":"log","timestamp":1707987266129,"level":"debug","message":"Executing recipe chrome-pdf","meta":{"rootId":"z25ba5n0xghiwzs","id":"z25ba5n0xghiwzs"},"id":"yuumy2xe681w8cl","previousOperationId":"ktk5ka4nz5f2xz8"}
{"type":"log","timestamp":1707987266132,"level":"debug","message":"Converting with chrome HeadlessChrome/117.0.5938.149 using chrome-pool strategy","meta":{"rootId":"z25ba5n0xghiwzs","id":"z25ba5n0xghiwzs"},"id":"yep9yqn2r0pfxnt","previousOperationId":"ktk5ka4nz5f2xz8"}
{"type":"log","timestamp":1707987266325,"level":"debug","message":"Page request: GET (document) file:///C:/Users/USER/AppData/Local/Temp/jsreport/autocleanup/c71301fe-7313-4e67-b4aa-9fce604908f5-chrome-pdf.html","meta":{"rootId":"z25ba5n0xghiwzs","id":"z25ba5n0xghiwzs"},"id":"01ky916cp8ku0gt","previousOperationId":"ktk5ka4nz5f2xz8"}
{"type":"log","timestamp":1707987266335,"level":"debug","message":"Page request finished: GET (document) 200 file:///C:/Users/USER/AppData/Local/Temp/jsreport/autocleanup/c71301fe-7313-4e67-b4aa-9fce604908f5-chrome-pdf.html","meta":{"rootId":"z25ba5n0xghiwzs","id":"z25ba5n0xghiwzs"},"id":"czw0qu108x44fld","previousOperationId":"ktk5ka4nz5f2xz8"}
{"type":"log","timestamp":1707987266358,"level":"debug","message":"Running chrome with params {\"printBackground\":true,\"marginTop\":\"1cm\",\"marginRight\":\"1cm\",\"marginBottom\":\"1cm\",\"marginLeft\":\"1cm\",\"timeout\":59947,\"margin\":{\"top\":\"1cm\",\"right\":\"1cm\",\"bottom\":\"1cm\",\"left\":\"1cm\"}}","meta":{"rootId":"z25ba5n0xghiwzs","id":"z25ba5n0xghiwzs"},"id":"4wwc7cqh2alktk4","previousOperationId":"ktk5ka4nz5f2xz8"}
{"type":"operationEnd","operationId":"ktk5ka4nz5f2xz8","timestamp":1707987266559,"id":"o4bs57w0rtsnzaw","previousEventId":"04j5eic42uz1pbn","previousOperationId":"ktk5ka4nz5f2xz8"}
{"type":"log","timestamp":1707987266559,"level":"debug","message":"Skipping storing report.","meta":{"rootId":"z25ba5n0xghiwzs","id":"z25ba5n0xghiwzs"},"id":"ao2auazla4tg4r9","previousOperationId":"ktk5ka4nz5f2xz8"}
{"type":"log","timestamp":1707987266559,"level":"info","message":"Rendering request 40 finished in 482 ms","meta":{"rootId":"z25ba5n0xghiwzs","id":"z25ba5n0xghiwzs"},"id":"j0bduh4sm68ewtr","previousOperationId":"ktk5ka4nz5f2xz8"}
{"type":"operationEnd","subtype":"render","operationId":"0jcsfbkmjqo6zf1","timestamp":1707987266559,"id":"hpslzkbr4j9a6oj","previousEventId":"o4bs57w0rtsnzaw","previousOperationId":"ktk5ka4nz5f2xz8"}
{"type":"operationEnd","doDiffs":false,"previousEventId":"6sjy77haugwdr53","previousOperationId":"8kiaqzgqtc7ihc6","operationId":"8kiaqzgqtc7ihc6","timestamp":1707987266563,"id":"x14d3bbbw49m2rh"}
