{"type":"operationStart","subtype":"profile","data":{"_id":"yyd7qSP4GMbLQGTk","timestamp":"2024-02-15T07:19:25.033Z","state":"queued","mode":"standard","creationDate":"2024-02-15T07:19:25.034Z","modificationDate":"2024-02-15T07:19:25.034Z","shortid":"qnzDGh4","$entitySet":"profiles"},"doDiffs":false,"timestamp":1707981565033,"id":"5s11pqmhmdxgety","previousOperationId":null,"operationId":"zbmcpr6zspi387e"}
{"type":"log","level":"info","message":"Render request 26 queued for execution and waiting for available worker","previousOperationId":"zbmcpr6zspi387e","timestamp":1707981565034,"id":"h9cs2x6zcq792zz"}
{"type":"operationStart","subtype":"render","name":"invoice-main","previousOperationId":"zbmcpr6zspi387e","timestamp":1707981565043,"id":"qf93kcast1er1dl","previousEventId":"5s11pqmhmdxgety","operationId":"vba8f4i7n8qy6ou"}
{"type":"log","timestamp":1707981565043,"level":"info","message":"Starting rendering request 26","meta":{"rootId":"z5t6ogo5wkioutw","id":"z5t6ogo5wkioutw"},"id":"c19c4a41xbxlvpc","previousOperationId":"vba8f4i7n8qy6ou"}
{"type":"log","timestamp":1707981565043,"level":"info","message":"Rendering template { name: invoice-main, recipe: chrome-pdf, engine: handlebars, preview: true }","meta":{"rootId":"z5t6ogo5wkioutw","id":"z5t6ogo5wkioutw"},"id":"x6ruld9ckf9ljqg","previousOperationId":"vba8f4i7n8qy6ou"}
{"type":"log","timestamp":1707981565045,"level":"debug","message":"Inline data specified.","meta":{"rootId":"z5t6ogo5wkioutw","id":"z5t6ogo5wkioutw"},"id":"ab2xyzbcw621yhq","previousOperationId":"vba8f4i7n8qy6ou"}
{"type":"log","timestamp":1707981565048,"level":"debug","message":"Base url not specified, skipping its injection.","meta":{"rootId":"z5t6ogo5wkioutw","id":"z5t6ogo5wkioutw"},"id":"yp2zb12tf5nmy1v","previousOperationId":"vba8f4i7n8qy6ou"}
{"type":"operationStart","subtype":"engine","name":"handlebars","timestamp":1707981565049,"id":"s0ybbtb908qgobj","previousEventId":"qf93kcast1er1dl","operationId":"ym1cy0ow3iauyqw","previousOperationId":"vba8f4i7n8qy6ou"}
{"type":"log","timestamp":1707981565049,"level":"debug","message":"Rendering engine handlebars","meta":{"rootId":"z5t6ogo5wkioutw","id":"z5t6ogo5wkioutw"},"id":"bpz71hfw6q8chf0","previousOperationId":"ym1cy0ow3iauyqw"}
{"type":"log","timestamp":1707981565067,"level":"debug","message":"(console:log) Calculating item Website design; you should see this message in debug run","meta":{"userLevel":true,"rootId":"z5t6ogo5wkioutw","id":"z5t6ogo5wkioutw"},"id":"vhx6grh6qge4nfa","previousOperationId":"ym1cy0ow3iauyqw"}
{"type":"operationEnd","operationId":"ym1cy0ow3iauyqw","timestamp":1707981565069,"id":"6foi9pgzs33wzev","previousEventId":"s0ybbtb908qgobj","previousOperationId":"ym1cy0ow3iauyqw"}
{"type":"operationStart","subtype":"recipe","name":"chrome-pdf","timestamp":1707981565070,"id":"fvbjyyl7g8smk7b","previousEventId":"6foi9pgzs33wzev","operationId":"kqr5ox9bmcsxxdq","previousOperationId":"ym1cy0ow3iauyqw"}
{"type":"log","timestamp":1707981565070,"level":"debug","message":"Executing recipe chrome-pdf","meta":{"rootId":"z5t6ogo5wkioutw","id":"z5t6ogo5wkioutw"},"id":"5htgo2jm5jn4aqx","previousOperationId":"kqr5ox9bmcsxxdq"}
{"type":"log","timestamp":1707981565073,"level":"debug","message":"Converting with chrome HeadlessChrome/117.0.5938.149 using chrome-pool strategy","meta":{"rootId":"z5t6ogo5wkioutw","id":"z5t6ogo5wkioutw"},"id":"3tnin6i5xjxexkf","previousOperationId":"kqr5ox9bmcsxxdq"}
{"type":"log","timestamp":1707981565209,"level":"debug","message":"Page request: GET (document) file:///C:/Users/USER/AppData/Local/Temp/jsreport/autocleanup/31f6678c-3f9a-483f-8119-2d7cfa07a1f4-chrome-pdf.html","meta":{"rootId":"z5t6ogo5wkioutw","id":"z5t6ogo5wkioutw"},"id":"xdakdb2c1hmhrn4","previousOperationId":"kqr5ox9bmcsxxdq"}
{"type":"log","timestamp":1707981565216,"level":"debug","message":"Page request finished: GET (document) 200 file:///C:/Users/USER/AppData/Local/Temp/jsreport/autocleanup/31f6678c-3f9a-483f-8119-2d7cfa07a1f4-chrome-pdf.html","meta":{"rootId":"z5t6ogo5wkioutw","id":"z5t6ogo5wkioutw"},"id":"0vl4m9vt0n80v2u","previousOperationId":"kqr5ox9bmcsxxdq"}
{"type":"log","timestamp":1707981565233,"level":"debug","message":"Running chrome with params {\"printBackground\":true,\"marginTop\":\"1cm\",\"marginRight\":\"1cm\",\"marginBottom\":\"1cm\",\"marginLeft\":\"1cm\",\"timeout\":59961,\"margin\":{\"top\":\"1cm\",\"right\":\"1cm\",\"bottom\":\"1cm\",\"left\":\"1cm\"}}","meta":{"rootId":"z5t6ogo5wkioutw","id":"z5t6ogo5wkioutw"},"id":"e14uqh52fdfca6w","previousOperationId":"kqr5ox9bmcsxxdq"}
{"type":"operationEnd","operationId":"kqr5ox9bmcsxxdq","timestamp":1707981565392,"id":"y23f489c4oqy8ws","previousEventId":"fvbjyyl7g8smk7b","previousOperationId":"kqr5ox9bmcsxxdq"}
{"type":"log","timestamp":1707981565392,"level":"debug","message":"Skipping storing report.","meta":{"rootId":"z5t6ogo5wkioutw","id":"z5t6ogo5wkioutw"},"id":"xa7ir6unn7gi920","previousOperationId":"kqr5ox9bmcsxxdq"}
{"type":"log","timestamp":1707981565392,"level":"info","message":"Rendering request 26 finished in 360 ms","meta":{"rootId":"z5t6ogo5wkioutw","id":"z5t6ogo5wkioutw"},"id":"9ysbhnz5rse2vsv","previousOperationId":"kqr5ox9bmcsxxdq"}
{"type":"operationEnd","subtype":"render","operationId":"vba8f4i7n8qy6ou","timestamp":1707981565392,"id":"udrr6q89sq3531q","previousEventId":"y23f489c4oqy8ws","previousOperationId":"kqr5ox9bmcsxxdq"}
{"type":"operationEnd","doDiffs":false,"previousEventId":"5s11pqmhmdxgety","previousOperationId":"zbmcpr6zspi387e","operationId":"zbmcpr6zspi387e","timestamp":1707981565403,"id":"dx0xju4qngip61a"}
