{"type":"operationStart","subtype":"profile","data":{"_id":"vhfh2XiMTdLfyLGw","timestamp":"2024-02-15T07:49:33.251Z","state":"queued","mode":"standard","creationDate":"2024-02-15T07:49:33.254Z","modificationDate":"2024-02-15T07:49:33.254Z","shortid":"sxSFME6","$entitySet":"profiles"},"doDiffs":false,"timestamp":1707983373252,"id":"2li3hi2mhvl4q20","previousOperationId":null,"operationId":"wl4jpfrcp9rsnok"}
{"type":"log","level":"info","message":"Render request 5 queued for execution and waiting for available worker","previousOperationId":"wl4jpfrcp9rsnok","timestamp":1707983373253,"id":"99vtfnn5tbahr1v"}
{"type":"operationStart","subtype":"render","name":"invoice-main","previousOperationId":"wl4jpfrcp9rsnok","timestamp":1707983373264,"id":"ylbygocvv0g78d4","previousEventId":"2li3hi2mhvl4q20","operationId":"p6wnkgy5xbr3t26"}
{"type":"log","timestamp":1707983373264,"level":"info","message":"Starting rendering request 5","meta":{"rootId":"zhtxbs42muo2za9","id":"zhtxbs42muo2za9"},"id":"vtirx2l72sthn4p","previousOperationId":"p6wnkgy5xbr3t26"}
{"type":"log","timestamp":1707983373265,"level":"info","message":"Rendering template { name: invoice-main, recipe: chrome-pdf, engine: handlebars, preview: true }","meta":{"rootId":"zhtxbs42muo2za9","id":"zhtxbs42muo2za9"},"id":"i2an1zp1f9db103","previousOperationId":"p6wnkgy5xbr3t26"}
{"type":"log","timestamp":1707983373266,"level":"debug","message":"Inline data specified.","meta":{"rootId":"zhtxbs42muo2za9","id":"zhtxbs42muo2za9"},"id":"63xh422civzjk4u","previousOperationId":"p6wnkgy5xbr3t26"}
{"type":"log","timestamp":1707983373272,"level":"debug","message":"Base url not specified, skipping its injection.","meta":{"rootId":"zhtxbs42muo2za9","id":"zhtxbs42muo2za9"},"id":"un61h6yuj2vjud4","previousOperationId":"p6wnkgy5xbr3t26"}
{"type":"operationStart","subtype":"engine","name":"handlebars","timestamp":1707983373275,"id":"829d22awt7wi1wu","previousEventId":"ylbygocvv0g78d4","operationId":"qcd93eq1njj5bw9","previousOperationId":"p6wnkgy5xbr3t26"}
{"type":"log","timestamp":1707983373275,"level":"debug","message":"Rendering engine handlebars","meta":{"rootId":"zhtxbs42muo2za9","id":"zhtxbs42muo2za9"},"id":"kzsvb9yty19tf2f","previousOperationId":"qcd93eq1njj5bw9"}
{"type":"log","timestamp":1707983373374,"level":"debug","message":"(console:log) Calculating item undefined; you should see this message in debug run","meta":{"userLevel":true,"rootId":"zhtxbs42muo2za9","id":"zhtxbs42muo2za9"},"id":"q4cp7ci7oewrxnf","previousOperationId":"qcd93eq1njj5bw9"}
{"type":"operationEnd","operationId":"qcd93eq1njj5bw9","timestamp":1707983373375,"id":"1ije5xfqofy8p2q","previousEventId":"829d22awt7wi1wu","previousOperationId":"qcd93eq1njj5bw9"}
{"type":"operationStart","subtype":"recipe","name":"chrome-pdf","timestamp":1707983373376,"id":"vxcf8fkxssgd9d0","previousEventId":"1ije5xfqofy8p2q","operationId":"nz3fwkt8245wb9m","previousOperationId":"qcd93eq1njj5bw9"}
{"type":"log","timestamp":1707983373376,"level":"debug","message":"Executing recipe chrome-pdf","meta":{"rootId":"zhtxbs42muo2za9","id":"zhtxbs42muo2za9"},"id":"mg4vya2urvzcw40","previousOperationId":"nz3fwkt8245wb9m"}
{"type":"log","timestamp":1707983373624,"level":"debug","message":"Converting with chrome HeadlessChrome/117.0.5938.149 using chrome-pool strategy","meta":{"rootId":"zhtxbs42muo2za9","id":"zhtxbs42muo2za9"},"id":"pumwbnkpxgb82fo","previousOperationId":"nz3fwkt8245wb9m"}
{"type":"log","timestamp":1707983373792,"level":"debug","message":"Page request: GET (document) file:///C:/Users/USER/AppData/Local/Temp/jsreport/autocleanup/72fd037e-2537-4381-892b-b7d74d25c4b6-chrome-pdf.html","meta":{"rootId":"zhtxbs42muo2za9","id":"zhtxbs42muo2za9"},"id":"4z9xpu4t4nt3fq1","previousOperationId":"nz3fwkt8245wb9m"}
{"type":"log","timestamp":1707983373801,"level":"debug","message":"Page request finished: GET (document) 200 file:///C:/Users/USER/AppData/Local/Temp/jsreport/autocleanup/72fd037e-2537-4381-892b-b7d74d25c4b6-chrome-pdf.html","meta":{"rootId":"zhtxbs42muo2za9","id":"zhtxbs42muo2za9"},"id":"alc2tlj6klwov1j","previousOperationId":"nz3fwkt8245wb9m"}
{"type":"log","timestamp":1707983373820,"level":"debug","message":"Running chrome with params {\"printBackground\":true,\"marginTop\":\"1cm\",\"marginRight\":\"1cm\",\"marginBottom\":\"1cm\",\"marginLeft\":\"1cm\",\"timeout\":59866,\"margin\":{\"top\":\"1cm\",\"right\":\"1cm\",\"bottom\":\"1cm\",\"left\":\"1cm\"}}","meta":{"rootId":"zhtxbs42muo2za9","id":"zhtxbs42muo2za9"},"id":"0qd2vx9wpw2ytwk","previousOperationId":"nz3fwkt8245wb9m"}
{"type":"operationEnd","operationId":"nz3fwkt8245wb9m","timestamp":1707983373971,"id":"0tv38g9p70ypfeq","previousEventId":"vxcf8fkxssgd9d0","previousOperationId":"nz3fwkt8245wb9m"}
{"type":"log","timestamp":1707983373972,"level":"debug","message":"Skipping storing report.","meta":{"rootId":"zhtxbs42muo2za9","id":"zhtxbs42muo2za9"},"id":"xg8r751agr5o9si","previousOperationId":"nz3fwkt8245wb9m"}
{"type":"log","timestamp":1707983373973,"level":"info","message":"Rendering request 5 finished in 722 ms","meta":{"rootId":"zhtxbs42muo2za9","id":"zhtxbs42muo2za9"},"id":"9o4jz5nd2ecizny","previousOperationId":"nz3fwkt8245wb9m"}
{"type":"operationEnd","subtype":"render","operationId":"p6wnkgy5xbr3t26","timestamp":1707983373973,"id":"gcmlne5zl1k3y98","previousEventId":"0tv38g9p70ypfeq","previousOperationId":"nz3fwkt8245wb9m"}
{"type":"operationEnd","doDiffs":false,"previousEventId":"2li3hi2mhvl4q20","previousOperationId":"wl4jpfrcp9rsnok","operationId":"wl4jpfrcp9rsnok","timestamp":1707983373977,"id":"dl6s00zws2ul6pj"}
