{"type":"operationStart","subtype":"profile","data":{"_id":"mTr7BJOhtEbmfIMd","timestamp":"2024-02-13T09:59:44.581Z","state":"queued","mode":"standard","creationDate":"2024-02-13T09:59:44.583Z","modificationDate":"2024-02-13T09:59:44.583Z","shortid":"skXlyg3","$entitySet":"profiles"},"doDiffs":false,"timestamp":1707818384582,"id":"gwrs8i8zzu29cbt","previousOperationId":null,"operationId":"e4a9z0sarolf9qc"}
{"type":"log","level":"info","message":"Render request 4 queued for execution and waiting for available worker","previousOperationId":"e4a9z0sarolf9qc","timestamp":1707818384582,"id":"4zwtxhscfa7p3x6"}
{"type":"operationStart","subtype":"render","name":"orders-header","previousOperationId":"e4a9z0sarolf9qc","timestamp":1707818384595,"id":"i12tbua955vcg54","previousEventId":"gwrs8i8zzu29cbt","operationId":"vu3sviwf61cjbtk"}
{"type":"log","timestamp":1707818384595,"level":"info","message":"Starting rendering request 4","meta":{"rootId":"7vlj4d28ruzdad4","id":"7vlj4d28ruzdad4"},"id":"eho7od3bymypxda","previousOperationId":"vu3sviwf61cjbtk"}
{"type":"log","timestamp":1707818384596,"level":"info","message":"Rendering template { name: orders-header, recipe: chrome-pdf, engine: handlebars, preview: true }","meta":{"rootId":"7vlj4d28ruzdad4","id":"7vlj4d28ruzdad4"},"id":"7ebdf690s2psfy4","previousOperationId":"vu3sviwf61cjbtk"}
{"type":"log","timestamp":1707818384597,"level":"debug","message":"Data item not defined for this template.","meta":{"rootId":"7vlj4d28ruzdad4","id":"7vlj4d28ruzdad4"},"id":"ucbfsshqxzqxaxx","previousOperationId":"vu3sviwf61cjbtk"}
{"type":"log","timestamp":1707818384601,"level":"debug","message":"Base url not specified, skipping its injection.","meta":{"rootId":"7vlj4d28ruzdad4","id":"7vlj4d28ruzdad4"},"id":"o32ue9qwxjp1u7e","previousOperationId":"vu3sviwf61cjbtk"}
{"type":"operationStart","subtype":"engine","name":"handlebars","timestamp":1707818384602,"id":"4pj9jvi2okhkd7h","previousEventId":"i12tbua955vcg54","operationId":"6krvpd9qkbhdwts","previousOperationId":"vu3sviwf61cjbtk"}
{"type":"log","timestamp":1707818384602,"level":"debug","message":"Rendering engine handlebars","meta":{"rootId":"7vlj4d28ruzdad4","id":"7vlj4d28ruzdad4"},"id":"wcskn3yj0fvbe0a","previousOperationId":"6krvpd9qkbhdwts"}
{"type":"operationEnd","operationId":"6krvpd9qkbhdwts","timestamp":1707818384960,"id":"jq1ed89tt0gceud","previousEventId":"4pj9jvi2okhkd7h","previousOperationId":"6krvpd9qkbhdwts"}
{"type":"operationStart","subtype":"recipe","name":"chrome-pdf","timestamp":1707818384961,"id":"5myy5vi7fgb9tni","previousEventId":"jq1ed89tt0gceud","operationId":"huipoasb8zuw76c","previousOperationId":"6krvpd9qkbhdwts"}
{"type":"log","timestamp":1707818384962,"level":"debug","message":"Executing recipe chrome-pdf","meta":{"rootId":"7vlj4d28ruzdad4","id":"7vlj4d28ruzdad4"},"id":"69quacqe7zkfe3m","previousOperationId":"huipoasb8zuw76c"}
{"type":"log","timestamp":1707818384967,"level":"debug","message":"Converting with chrome HeadlessChrome/117.0.5938.149 using chrome-pool strategy","meta":{"rootId":"7vlj4d28ruzdad4","id":"7vlj4d28ruzdad4"},"id":"hxo8p9rmz7uf26z","previousOperationId":"huipoasb8zuw76c"}
{"type":"log","timestamp":1707818385102,"level":"debug","message":"Page request: GET (document) file:///C:/Users/USER/AppData/Local/Temp/jsreport/autocleanup/b2852265-b1e9-4a35-b2f4-0cc4b9d4470b-chrome-pdf.html","meta":{"rootId":"7vlj4d28ruzdad4","id":"7vlj4d28ruzdad4"},"id":"e8sqt2mxz1e6zg3","previousOperationId":"huipoasb8zuw76c"}
{"type":"log","timestamp":1707818385115,"level":"debug","message":"Page request: GET (stylesheet) https://cdnjs.cloudflare.com/ajax/libs/metro/4.1.5/css/metro.min.css","meta":{"rootId":"7vlj4d28ruzdad4","id":"7vlj4d28ruzdad4"},"id":"wchhnjmf632w8eo","previousOperationId":"huipoasb8zuw76c"}
{"type":"log","timestamp":1707818385116,"level":"debug","message":"Page request finished: GET (document) 200 file:///C:/Users/USER/AppData/Local/Temp/jsreport/autocleanup/b2852265-b1e9-4a35-b2f4-0cc4b9d4470b-chrome-pdf.html","meta":{"rootId":"7vlj4d28ruzdad4","id":"7vlj4d28ruzdad4"},"id":"jc9qosleacp568c","previousOperationId":"huipoasb8zuw76c"}
{"type":"log","timestamp":1707818385393,"level":"debug","message":"Page request finished: GET (stylesheet) 200 https://cdnjs.cloudflare.com/ajax/libs/metro/4.1.5/css/metro.min.css","meta":{"rootId":"7vlj4d28ruzdad4","id":"7vlj4d28ruzdad4"},"id":"x7ckde97u7jsu0u","previousOperationId":"huipoasb8zuw76c"}
{"type":"log","timestamp":1707818385401,"level":"debug","message":"Running chrome with params {\"printBackground\":true,\"marginTop\":\"1.5cm\",\"marginRight\":\"1.5cm\",\"marginLeft\":\"1.cm\",\"timeout\":59616,\"margin\":{\"top\":\"1.5cm\",\"right\":\"1.5cm\",\"left\":\"1.cm\"}}","meta":{"rootId":"7vlj4d28ruzdad4","id":"7vlj4d28ruzdad4"},"id":"qqdptfix85569tb","previousOperationId":"huipoasb8zuw76c"}
{"type":"operationEnd","operationId":"huipoasb8zuw76c","timestamp":1707818385429,"id":"eytch0twari4ggb","previousEventId":"5myy5vi7fgb9tni","previousOperationId":"huipoasb8zuw76c"}
{"type":"log","timestamp":1707818385429,"level":"debug","message":"Skipping storing report.","meta":{"rootId":"7vlj4d28ruzdad4","id":"7vlj4d28ruzdad4"},"id":"3oeq38h1v61so4s","previousOperationId":"huipoasb8zuw76c"}
{"type":"log","timestamp":1707818385429,"level":"info","message":"Rendering request 4 finished in 848 ms","meta":{"rootId":"7vlj4d28ruzdad4","id":"7vlj4d28ruzdad4"},"id":"ucogilyb0unwzv9","previousOperationId":"huipoasb8zuw76c"}
{"type":"operationEnd","subtype":"render","operationId":"vu3sviwf61cjbtk","timestamp":1707818385429,"id":"c2ih7othlrcg8vt","previousEventId":"eytch0twari4ggb","previousOperationId":"huipoasb8zuw76c"}
{"type":"operationEnd","doDiffs":false,"previousEventId":"gwrs8i8zzu29cbt","previousOperationId":"e4a9z0sarolf9qc","operationId":"e4a9z0sarolf9qc","timestamp":1707818385436,"id":"zbbsujkrnenojp7"}
