{"type":"operationStart","subtype":"profile","data":{"_id":"IZEWCCUAWkpcHZVB","timestamp":"2024-02-13T09:58:33.279Z","state":"queued","mode":"standard","creationDate":"2024-02-13T09:58:33.285Z","modificationDate":"2024-02-13T09:58:33.285Z","shortid":"BnWtFEn","$entitySet":"profiles"},"doDiffs":false,"timestamp":1707818313282,"id":"wng4xodrjsk1xw8","previousOperationId":null,"operationId":"t6x7904wwe1578r"}
{"type":"log","level":"info","message":"Render request 1 queued for execution and waiting for available worker","previousOperationId":"t6x7904wwe1578r","timestamp":1707818313283,"id":"ntlurayppm5jytb"}
{"type":"operationStart","subtype":"render","name":"orders-header","previousOperationId":"t6x7904wwe1578r","timestamp":1707818313339,"id":"i3gk85838tv68bv","previousEventId":"wng4xodrjsk1xw8","operationId":"95mhnlb135tb681"}
{"type":"log","timestamp":1707818313343,"level":"info","message":"Starting rendering request 1","meta":{"rootId":"fp7x03w26v7w89v","id":"fp7x03w26v7w89v"},"id":"7bza734r130p9xb","previousOperationId":"95mhnlb135tb681"}
{"type":"log","timestamp":1707818313345,"level":"info","message":"Rendering template { name: orders-header, recipe: chrome-pdf, engine: handlebars, preview: true }","meta":{"rootId":"fp7x03w26v7w89v","id":"fp7x03w26v7w89v"},"id":"ohynktv0hd3gl55","previousOperationId":"95mhnlb135tb681"}
{"type":"log","timestamp":1707818313352,"level":"debug","message":"Data item not defined for this template.","meta":{"rootId":"fp7x03w26v7w89v","id":"fp7x03w26v7w89v"},"id":"q50fq4vdm2tnbrq","previousOperationId":"95mhnlb135tb681"}
{"type":"log","timestamp":1707818313358,"level":"debug","message":"Base url not specified, skipping its injection.","meta":{"rootId":"fp7x03w26v7w89v","id":"fp7x03w26v7w89v"},"id":"o76r1sg83eo7qpx","previousOperationId":"95mhnlb135tb681"}
{"type":"operationStart","subtype":"engine","name":"handlebars","timestamp":1707818313361,"id":"2walyz4l13y4rzi","previousEventId":"i3gk85838tv68bv","operationId":"6a9z6enqam539bp","previousOperationId":"95mhnlb135tb681"}
{"type":"log","timestamp":1707818313362,"level":"debug","message":"Rendering engine handlebars","meta":{"rootId":"fp7x03w26v7w89v","id":"fp7x03w26v7w89v"},"id":"vpgoxyqat716lt1","previousOperationId":"6a9z6enqam539bp"}
{"type":"operationEnd","operationId":"6a9z6enqam539bp","timestamp":1707818318569,"id":"2ws6rkooejknteb","previousEventId":"2walyz4l13y4rzi","previousOperationId":"6a9z6enqam539bp"}
{"type":"operationStart","subtype":"recipe","name":"chrome-pdf","timestamp":1707818318570,"id":"wo0rcdbwevsfylw","previousEventId":"2ws6rkooejknteb","operationId":"0476boi3kzhvq8v","previousOperationId":"6a9z6enqam539bp"}
{"type":"log","timestamp":1707818318570,"level":"debug","message":"Executing recipe chrome-pdf","meta":{"rootId":"fp7x03w26v7w89v","id":"fp7x03w26v7w89v"},"id":"th73nynnxwxmua0","previousOperationId":"0476boi3kzhvq8v"}
{"type":"log","timestamp":1707818320081,"level":"debug","message":"Converting with chrome HeadlessChrome/117.0.5938.149 using chrome-pool strategy","meta":{"rootId":"fp7x03w26v7w89v","id":"fp7x03w26v7w89v"},"id":"h4txhxtodkjx37r","previousOperationId":"0476boi3kzhvq8v"}
{"type":"log","timestamp":1707818320988,"level":"debug","message":"Page request: GET (document) file:///C:/Users/USER/AppData/Local/Temp/jsreport/autocleanup/3288b935-1679-4698-bd0a-c26fc58530a1-chrome-pdf.html","meta":{"rootId":"fp7x03w26v7w89v","id":"fp7x03w26v7w89v"},"id":"erfeefe95g0lxte","previousOperationId":"0476boi3kzhvq8v"}
{"type":"log","timestamp":1707818321013,"level":"debug","message":"Page request: GET (stylesheet) https://cdnjs.cloudflare.com/ajax/libs/metro/4.1.5/css/metro.min.css","meta":{"rootId":"fp7x03w26v7w89v","id":"fp7x03w26v7w89v"},"id":"klwggsrk2o4r4db","previousOperationId":"0476boi3kzhvq8v"}
{"type":"log","timestamp":1707818321013,"level":"debug","message":"Page request finished: GET (document) 200 file:///C:/Users/USER/AppData/Local/Temp/jsreport/autocleanup/3288b935-1679-4698-bd0a-c26fc58530a1-chrome-pdf.html","meta":{"rootId":"fp7x03w26v7w89v","id":"fp7x03w26v7w89v"},"id":"8osr34w2wqsvst5","previousOperationId":"0476boi3kzhvq8v"}
{"type":"log","timestamp":1707818321399,"level":"debug","message":"Page request finished: GET (stylesheet) 200 https://cdnjs.cloudflare.com/ajax/libs/metro/4.1.5/css/metro.min.css","meta":{"rootId":"fp7x03w26v7w89v","id":"fp7x03w26v7w89v"},"id":"s38sj86nij55819","previousOperationId":"0476boi3kzhvq8v"}
{"type":"log","timestamp":1707818321404,"level":"debug","message":"Running chrome with params {\"printBackground\":true,\"marginTop\":\"1.5cm\",\"marginRight\":\"1.5cm\",\"marginLeft\":\"1.cm\",\"timeout\":54658,\"margin\":{\"top\":\"1.5cm\",\"right\":\"1.5cm\",\"left\":\"1.cm\"}}","meta":{"rootId":"fp7x03w26v7w89v","id":"fp7x03w26v7w89v"},"id":"f1y2epqcnc9u88k","previousOperationId":"0476boi3kzhvq8v"}
{"type":"operationEnd","operationId":"0476boi3kzhvq8v","timestamp":1707818321434,"id":"ravnluv88owejld","previousEventId":"wo0rcdbwevsfylw","previousOperationId":"0476boi3kzhvq8v"}
{"type":"log","timestamp":1707818321436,"level":"debug","message":"Skipping storing report.","meta":{"rootId":"fp7x03w26v7w89v","id":"fp7x03w26v7w89v"},"id":"b9fyu7fwh3kg3bw","previousOperationId":"0476boi3kzhvq8v"}
{"type":"log","timestamp":1707818321436,"level":"info","message":"Rendering request 1 finished in 8157 ms","meta":{"rootId":"fp7x03w26v7w89v","id":"fp7x03w26v7w89v"},"id":"80dw69ikbp2q7cp","previousOperationId":"0476boi3kzhvq8v"}
{"type":"operationEnd","subtype":"render","operationId":"95mhnlb135tb681","timestamp":1707818321436,"id":"cp3abhwxowfqdmf","previousEventId":"ravnluv88owejld","previousOperationId":"0476boi3kzhvq8v"}
{"type":"operationEnd","doDiffs":false,"previousEventId":"wng4xodrjsk1xw8","previousOperationId":"t6x7904wwe1578r","operationId":"t6x7904wwe1578r","timestamp":1707818321445,"id":"5exnrqphsx9w8vz"}
