{"type":"operationStart","subtype":"profile","data":{"_id":"DEzE15b0Yln4KxyJ","timestamp":"2024-02-13T11:54:54.434Z","state":"queued","mode":"standard","creationDate":"2024-02-13T11:54:54.437Z","modificationDate":"2024-02-13T11:54:54.437Z","shortid":"LA-uAv9","$entitySet":"profiles"},"doDiffs":false,"timestamp":1707825294436,"id":"au8eq4ifz0thoa4","previousOperationId":null,"operationId":"kasfnbecydovpbi"}
{"type":"log","level":"info","message":"Render request 6 queued for execution and waiting for available worker","previousOperationId":"kasfnbecydovpbi","timestamp":1707825294436,"id":"63wnkelwe3q6nyz"}
{"type":"operationStart","subtype":"render","name":"orders-header","previousOperationId":"kasfnbecydovpbi","timestamp":1707825294468,"id":"1ehh1vvt18s77re","previousEventId":"au8eq4ifz0thoa4","operationId":"46416yye613sktd"}
{"type":"log","timestamp":1707825294468,"level":"info","message":"Starting rendering request 6","meta":{"rootId":"o0sr5wzf2b367li","id":"o0sr5wzf2b367li"},"id":"qzzw9an9qs5eem7","previousOperationId":"46416yye613sktd"}
{"type":"log","timestamp":1707825294468,"level":"info","message":"Rendering template { name: orders-header, recipe: chrome-pdf, engine: handlebars, preview: true }","meta":{"rootId":"o0sr5wzf2b367li","id":"o0sr5wzf2b367li"},"id":"vm5smd1nfmgzkcd","previousOperationId":"46416yye613sktd"}
{"type":"log","timestamp":1707825294470,"level":"debug","message":"Data item not defined for this template.","meta":{"rootId":"o0sr5wzf2b367li","id":"o0sr5wzf2b367li"},"id":"p0h6bpsp05fismu","previousOperationId":"46416yye613sktd"}
{"type":"log","timestamp":1707825294473,"level":"debug","message":"Base url not specified, skipping its injection.","meta":{"rootId":"o0sr5wzf2b367li","id":"o0sr5wzf2b367li"},"id":"h7kafk4qk0ozaot","previousOperationId":"46416yye613sktd"}
{"type":"operationStart","subtype":"engine","name":"handlebars","timestamp":1707825294474,"id":"3768q522dihzkjd","previousEventId":"1ehh1vvt18s77re","operationId":"3pj3fxf5z33rzyc","previousOperationId":"46416yye613sktd"}
{"type":"log","timestamp":1707825294474,"level":"debug","message":"Rendering engine handlebars","meta":{"rootId":"o0sr5wzf2b367li","id":"o0sr5wzf2b367li"},"id":"bj4p3mvsem3aliy","previousOperationId":"3pj3fxf5z33rzyc"}
{"type":"operationEnd","operationId":"3pj3fxf5z33rzyc","timestamp":1707825296671,"id":"y092zgvrnpzw9l1","previousEventId":"3768q522dihzkjd","previousOperationId":"3pj3fxf5z33rzyc"}
{"type":"operationStart","subtype":"recipe","name":"chrome-pdf","timestamp":1707825296672,"id":"45exs69njserwb1","previousEventId":"y092zgvrnpzw9l1","operationId":"cnu4avr9iglnq3k","previousOperationId":"3pj3fxf5z33rzyc"}
{"type":"log","timestamp":1707825296672,"level":"debug","message":"Executing recipe chrome-pdf","meta":{"rootId":"o0sr5wzf2b367li","id":"o0sr5wzf2b367li"},"id":"ozn3sor91jfv7zw","previousOperationId":"cnu4avr9iglnq3k"}
{"type":"log","timestamp":1707825297712,"level":"debug","message":"Converting with chrome HeadlessChrome/117.0.5938.149 using chrome-pool strategy","meta":{"rootId":"o0sr5wzf2b367li","id":"o0sr5wzf2b367li"},"id":"vctzuj9kc9xb6ys","previousOperationId":"cnu4avr9iglnq3k"}
{"type":"log","timestamp":1707825298325,"level":"debug","message":"Page request: GET (document) file:///C:/Users/USER/AppData/Local/Temp/jsreport/autocleanup/a936c687-4e13-452a-80b3-1284e545eb87-chrome-pdf.html","meta":{"rootId":"o0sr5wzf2b367li","id":"o0sr5wzf2b367li"},"id":"mta9gsrmp36je5g","previousOperationId":"cnu4avr9iglnq3k"}
{"type":"log","timestamp":1707825298334,"level":"debug","message":"Page request: GET (stylesheet) https://cdnjs.cloudflare.com/ajax/libs/metro/4.1.5/css/metro.min.css","meta":{"rootId":"o0sr5wzf2b367li","id":"o0sr5wzf2b367li"},"id":"lrkrdl4vwl9o47x","previousOperationId":"cnu4avr9iglnq3k"}
{"type":"log","timestamp":1707825298334,"level":"debug","message":"Page request finished: GET (document) 200 file:///C:/Users/USER/AppData/Local/Temp/jsreport/autocleanup/a936c687-4e13-452a-80b3-1284e545eb87-chrome-pdf.html","meta":{"rootId":"o0sr5wzf2b367li","id":"o0sr5wzf2b367li"},"id":"2sp9jmmjrs57j2c","previousOperationId":"cnu4avr9iglnq3k"}
{"type":"log","timestamp":1707825298678,"level":"debug","message":"Page request finished: GET (stylesheet) 200 https://cdnjs.cloudflare.com/ajax/libs/metro/4.1.5/css/metro.min.css","meta":{"rootId":"o0sr5wzf2b367li","id":"o0sr5wzf2b367li"},"id":"0gdt9tmpwf8j7ub","previousOperationId":"cnu4avr9iglnq3k"}
{"type":"log","timestamp":1707825298684,"level":"debug","message":"Running chrome with params {\"printBackground\":true,\"marginTop\":\"1.5cm\",\"marginRight\":\"1.5cm\",\"marginLeft\":\"1.cm\",\"timeout\":57691,\"margin\":{\"top\":\"1.5cm\",\"right\":\"1.5cm\",\"left\":\"1.cm\"}}","meta":{"rootId":"o0sr5wzf2b367li","id":"o0sr5wzf2b367li"},"id":"do1g93cb21mpt5u","previousOperationId":"cnu4avr9iglnq3k"}
{"type":"operationEnd","operationId":"cnu4avr9iglnq3k","timestamp":1707825298714,"id":"5r0w1j3om1gxdjq","previousEventId":"45exs69njserwb1","previousOperationId":"cnu4avr9iglnq3k"}
{"type":"log","timestamp":1707825298715,"level":"debug","message":"Skipping storing report.","meta":{"rootId":"o0sr5wzf2b367li","id":"o0sr5wzf2b367li"},"id":"wtiqkd8jiug8us7","previousOperationId":"cnu4avr9iglnq3k"}
{"type":"log","timestamp":1707825298716,"level":"info","message":"Rendering request 6 finished in 4282 ms","meta":{"rootId":"o0sr5wzf2b367li","id":"o0sr5wzf2b367li"},"id":"8zvvl6hj0qj3ine","previousOperationId":"cnu4avr9iglnq3k"}
{"type":"operationEnd","subtype":"render","operationId":"46416yye613sktd","timestamp":1707825298716,"id":"iwwdo8ih1kc8w61","previousEventId":"5r0w1j3om1gxdjq","previousOperationId":"cnu4avr9iglnq3k"}
{"type":"operationEnd","doDiffs":false,"previousEventId":"au8eq4ifz0thoa4","previousOperationId":"kasfnbecydovpbi","operationId":"kasfnbecydovpbi","timestamp":1707825298726,"id":"k6uh15uhucyy6gj"}
