{"type":"operationStart","subtype":"profile","data":{"_id":"Y3zsmdmMWC9XFRnm","timestamp":"2024-02-13T12:12:30.088Z","state":"queued","mode":"standard","creationDate":"2024-02-13T12:12:30.089Z","modificationDate":"2024-02-13T12:12:30.089Z","shortid":"WdidJdH","$entitySet":"profiles"},"doDiffs":false,"timestamp":1707826350089,"id":"cz0pdn2jo3c7te5","previousOperationId":null,"operationId":"bqngdjng1smwrcj"}
{"type":"log","level":"info","message":"Render request 17 queued for execution and waiting for available worker","previousOperationId":"bqngdjng1smwrcj","timestamp":1707826350089,"id":"o9qpfha6h64f5ip"}
{"type":"operationStart","subtype":"render","name":"anonymous","previousOperationId":"bqngdjng1smwrcj","timestamp":1707826350100,"id":"ua3eglvkmpsx3qv","previousEventId":"cz0pdn2jo3c7te5","operationId":"f95xt15poeq04ls"}
{"type":"log","timestamp":1707826350101,"level":"info","message":"Starting rendering request 17","meta":{"rootId":"qza2hizd0i30fbj","id":"qza2hizd0i30fbj"},"id":"opy4egffjdt1p16","previousOperationId":"f95xt15poeq04ls"}
{"type":"log","timestamp":1707826350101,"level":"info","message":"Rendering template { name: books excel, recipe: chrome-pdf, engine: handlebars, preview: true }","meta":{"rootId":"qza2hizd0i30fbj","id":"qza2hizd0i30fbj"},"id":"ns4pidjh3muytkk","previousOperationId":"f95xt15poeq04ls"}
{"type":"log","timestamp":1707826350101,"level":"debug","message":"Data item not defined for this template.","meta":{"rootId":"qza2hizd0i30fbj","id":"qza2hizd0i30fbj"},"id":"wcrgzuy1t5qed0p","previousOperationId":"f95xt15poeq04ls"}
{"type":"log","timestamp":1707826350102,"level":"debug","message":"Base url not specified, skipping its injection.","meta":{"rootId":"qza2hizd0i30fbj","id":"qza2hizd0i30fbj"},"id":"wdbjcfh19w7svzm","previousOperationId":"f95xt15poeq04ls"}
{"type":"operationStart","subtype":"engine","name":"handlebars","timestamp":1707826350102,"id":"81na5k3dl5ktgh2","previousEventId":"ua3eglvkmpsx3qv","operationId":"74w61o9g98hpjku","previousOperationId":"f95xt15poeq04ls"}
{"type":"log","timestamp":1707826350102,"level":"debug","message":"Rendering engine handlebars","meta":{"rootId":"qza2hizd0i30fbj","id":"qza2hizd0i30fbj"},"id":"oluxqawedqmip0t","previousOperationId":"74w61o9g98hpjku"}
{"type":"operationEnd","operationId":"74w61o9g98hpjku","timestamp":1707826350119,"id":"lmjz63ujadzmiv3","previousEventId":"81na5k3dl5ktgh2","previousOperationId":"74w61o9g98hpjku"}
{"type":"operationStart","subtype":"recipe","name":"chrome-pdf","timestamp":1707826350120,"id":"rmtqivotl98hhsz","previousEventId":"lmjz63ujadzmiv3","operationId":"ojlq7gr2am9r8yd","previousOperationId":"74w61o9g98hpjku"}
{"type":"log","timestamp":1707826350120,"level":"debug","message":"Executing recipe chrome-pdf","meta":{"rootId":"qza2hizd0i30fbj","id":"qza2hizd0i30fbj"},"id":"s248vjgs3al9dmf","previousOperationId":"ojlq7gr2am9r8yd"}
{"type":"log","timestamp":1707826350123,"level":"debug","message":"Converting with chrome HeadlessChrome/117.0.5938.149 using chrome-pool strategy","meta":{"rootId":"qza2hizd0i30fbj","id":"qza2hizd0i30fbj"},"id":"13brl4a0g5z465q","previousOperationId":"ojlq7gr2am9r8yd"}
{"type":"log","timestamp":1707826350246,"level":"debug","message":"Page request: GET (document) file:///C:/Users/USER/AppData/Local/Temp/jsreport/autocleanup/aed194e5-e3f6-43a4-8c12-b871dde16541-chrome-pdf.html","meta":{"rootId":"qza2hizd0i30fbj","id":"qza2hizd0i30fbj"},"id":"bmup9f6t5y2kj5q","previousOperationId":"ojlq7gr2am9r8yd"}
{"type":"log","timestamp":1707826350255,"level":"debug","message":"Page request finished: GET (document) 200 file:///C:/Users/USER/AppData/Local/Temp/jsreport/autocleanup/aed194e5-e3f6-43a4-8c12-b871dde16541-chrome-pdf.html","meta":{"rootId":"qza2hizd0i30fbj","id":"qza2hizd0i30fbj"},"id":"y1mw0yq02wqdrd8","previousOperationId":"ojlq7gr2am9r8yd"}
{"type":"log","timestamp":1707826350256,"level":"debug","message":"Running chrome with params {\"printBackground\":true,\"timeout\":59966,\"margin\":{}}","meta":{"rootId":"qza2hizd0i30fbj","id":"qza2hizd0i30fbj"},"id":"qouas9vx5w2vt1p","previousOperationId":"ojlq7gr2am9r8yd"}
{"type":"operationEnd","operationId":"ojlq7gr2am9r8yd","timestamp":1707826350263,"id":"4jk79ciba425rnd","previousEventId":"rmtqivotl98hhsz","previousOperationId":"ojlq7gr2am9r8yd"}
{"type":"log","timestamp":1707826350263,"level":"debug","message":"Skipping storing report.","meta":{"rootId":"qza2hizd0i30fbj","id":"qza2hizd0i30fbj"},"id":"7d3sfnk79lgs6yd","previousOperationId":"ojlq7gr2am9r8yd"}
{"type":"log","timestamp":1707826350263,"level":"info","message":"Rendering request 17 finished in 175 ms","meta":{"rootId":"qza2hizd0i30fbj","id":"qza2hizd0i30fbj"},"id":"kzxj2q8su9nmbxd","previousOperationId":"ojlq7gr2am9r8yd"}
{"type":"operationEnd","subtype":"render","operationId":"f95xt15poeq04ls","timestamp":1707826350263,"id":"r54own2qnawq62g","previousEventId":"4jk79ciba425rnd","previousOperationId":"ojlq7gr2am9r8yd"}
{"type":"operationEnd","doDiffs":false,"previousEventId":"cz0pdn2jo3c7te5","previousOperationId":"bqngdjng1smwrcj","operationId":"bqngdjng1smwrcj","timestamp":1707826350270,"id":"wxykwpuo7au81wk"}
