{"type":"operationStart","subtype":"profile","data":{"_id":"haz7aX8VvmqPlTP6","timestamp":"2024-02-13T12:12:15.713Z","state":"queued","mode":"standard","creationDate":"2024-02-13T12:12:15.715Z","modificationDate":"2024-02-13T12:12:15.715Z","shortid":"SZ_ZpdR","$entitySet":"profiles"},"doDiffs":false,"timestamp":1707826335713,"id":"5dil7bgjncqulwa","previousOperationId":null,"operationId":"fe9rmwdkfyxevqi"}
{"type":"log","level":"info","message":"Render request 15 queued for execution and waiting for available worker","previousOperationId":"fe9rmwdkfyxevqi","timestamp":1707826335714,"id":"ysk6unlg0gykuap"}
{"type":"operationStart","subtype":"render","name":"anonymous","previousOperationId":"fe9rmwdkfyxevqi","timestamp":1707826335725,"id":"73x0fa7sern6i3g","previousEventId":"5dil7bgjncqulwa","operationId":"3bd76se8ybmmbzl"}
{"type":"log","timestamp":1707826335725,"level":"info","message":"Starting rendering request 15","meta":{"rootId":"tjl9mjlsiswuozb","id":"tjl9mjlsiswuozb"},"id":"l0wwkk1fq9rouax","previousOperationId":"3bd76se8ybmmbzl"}
{"type":"log","timestamp":1707826335725,"level":"info","message":"Rendering template { name: books excel, recipe: chrome-pdf, engine: handlebars, preview: true }","meta":{"rootId":"tjl9mjlsiswuozb","id":"tjl9mjlsiswuozb"},"id":"muk5z5re8i9mhd2","previousOperationId":"3bd76se8ybmmbzl"}
{"type":"log","timestamp":1707826335725,"level":"debug","message":"Data item not defined for this template.","meta":{"rootId":"tjl9mjlsiswuozb","id":"tjl9mjlsiswuozb"},"id":"ftmljq02n4b53wp","previousOperationId":"3bd76se8ybmmbzl"}
{"type":"log","timestamp":1707826335727,"level":"debug","message":"Base url not specified, skipping its injection.","meta":{"rootId":"tjl9mjlsiswuozb","id":"tjl9mjlsiswuozb"},"id":"6h11822whvtb0yx","previousOperationId":"3bd76se8ybmmbzl"}
{"type":"operationStart","subtype":"engine","name":"handlebars","timestamp":1707826335727,"id":"ng8ndpora3w644v","previousEventId":"73x0fa7sern6i3g","operationId":"zzae4xjtx9xopjb","previousOperationId":"3bd76se8ybmmbzl"}
{"type":"log","timestamp":1707826335727,"level":"debug","message":"Rendering engine handlebars","meta":{"rootId":"tjl9mjlsiswuozb","id":"tjl9mjlsiswuozb"},"id":"tacjzaa6ltrm6uq","previousOperationId":"zzae4xjtx9xopjb"}
{"type":"operationEnd","operationId":"zzae4xjtx9xopjb","timestamp":1707826335916,"id":"2ke9wf5bx6t7i5s","previousEventId":"ng8ndpora3w644v","previousOperationId":"zzae4xjtx9xopjb"}
{"type":"operationStart","subtype":"recipe","name":"chrome-pdf","timestamp":1707826335918,"id":"j8n0vvsox90yyzm","previousEventId":"2ke9wf5bx6t7i5s","operationId":"zvsz8hv1j7a7blf","previousOperationId":"zzae4xjtx9xopjb"}
{"type":"log","timestamp":1707826335918,"level":"debug","message":"Executing recipe chrome-pdf","meta":{"rootId":"tjl9mjlsiswuozb","id":"tjl9mjlsiswuozb"},"id":"acr9zk989jkj6zp","previousOperationId":"zvsz8hv1j7a7blf"}
{"type":"log","timestamp":1707826336136,"level":"debug","message":"Converting with chrome HeadlessChrome/117.0.5938.149 using chrome-pool strategy","meta":{"rootId":"tjl9mjlsiswuozb","id":"tjl9mjlsiswuozb"},"id":"zfl9dehnndwslce","previousOperationId":"zvsz8hv1j7a7blf"}
{"type":"log","timestamp":1707826336284,"level":"debug","message":"Page request: GET (document) file:///C:/Users/USER/AppData/Local/Temp/jsreport/autocleanup/bfcd5c07-7a0d-459f-a82c-b16fa6fe1dd9-chrome-pdf.html","meta":{"rootId":"tjl9mjlsiswuozb","id":"tjl9mjlsiswuozb"},"id":"z53h515h83x7x1y","previousOperationId":"zvsz8hv1j7a7blf"}
{"type":"log","timestamp":1707826336295,"level":"debug","message":"Page request finished: GET (document) 200 file:///C:/Users/USER/AppData/Local/Temp/jsreport/autocleanup/bfcd5c07-7a0d-459f-a82c-b16fa6fe1dd9-chrome-pdf.html","meta":{"rootId":"tjl9mjlsiswuozb","id":"tjl9mjlsiswuozb"},"id":"fndbzhqluvoqpj9","previousOperationId":"zvsz8hv1j7a7blf"}
{"type":"log","timestamp":1707826336297,"level":"debug","message":"Running chrome with params {\"printBackground\":true,\"timeout\":59781,\"margin\":{}}","meta":{"rootId":"tjl9mjlsiswuozb","id":"tjl9mjlsiswuozb"},"id":"2ks9lmolh3qp3uv","previousOperationId":"zvsz8hv1j7a7blf"}
{"type":"operationEnd","operationId":"zvsz8hv1j7a7blf","timestamp":1707826336314,"id":"3jn2g2c7f2yj90q","previousEventId":"j8n0vvsox90yyzm","previousOperationId":"zvsz8hv1j7a7blf"}
{"type":"log","timestamp":1707826336315,"level":"debug","message":"Skipping storing report.","meta":{"rootId":"tjl9mjlsiswuozb","id":"tjl9mjlsiswuozb"},"id":"blubupv819rqm2g","previousOperationId":"zvsz8hv1j7a7blf"}
{"type":"log","timestamp":1707826336315,"level":"info","message":"Rendering request 15 finished in 602 ms","meta":{"rootId":"tjl9mjlsiswuozb","id":"tjl9mjlsiswuozb"},"id":"nngtscurykgzu7j","previousOperationId":"zvsz8hv1j7a7blf"}
{"type":"operationEnd","subtype":"render","operationId":"3bd76se8ybmmbzl","timestamp":1707826336315,"id":"nonan35d5ydriqe","previousEventId":"3jn2g2c7f2yj90q","previousOperationId":"zvsz8hv1j7a7blf"}
{"type":"operationEnd","doDiffs":false,"previousEventId":"5dil7bgjncqulwa","previousOperationId":"fe9rmwdkfyxevqi","operationId":"fe9rmwdkfyxevqi","timestamp":1707826336324,"id":"orraz8apq18ap9b"}
